# Reading pref.tcl
# do run.do
# INFO: Simulation library presynth already exists
# Model Technology ModelSim Microsemi Pro vmap 2021.3 Lib Mapping Utility 2021.07 Jul 14 2021
# vmap presynth presynth 
# Modifying modelsim.ini
# Model Technology ModelSim Microsemi Pro vmap 2021.3 Lib Mapping Utility 2021.07 Jul 14 2021
# vmap PolarFire C:/Microsemi/Libero_SoC_v2022.1/Designer/lib/modelsimpro/precompiled/vlog/PolarFire 
# Modifying modelsim.ini
# INFO: Simulation library CORESPI_LIB already exists
# Model Technology ModelSim Microsemi Pro vmap 2021.3 Lib Mapping Utility 2021.07 Jul 14 2021
# vmap CORESPI_LIB CORESPI_LIB 
# Modifying modelsim.ini
# Model Technology ModelSim Microsemi Pro vlog 2021.3 Compiler 2021.07 Jul 14 2021
# Start time: 16:15:30 on Aug 19,2023
# vlog -reportprogress 300 -sv -work presynth C:/VHDL_temp/Digitizer/Digitizer_vhdl/Digitizer/component/work/COREFIFO_C10/COREFIFO_C10_0/rtl/vlog/core/corefifo_fwft.v 
# -- Compiling module COREFIFO_C10_COREFIFO_C10_0_corefifo_fwft
# 
# Top level modules:
# 	COREFIFO_C10_COREFIFO_C10_0_corefifo_fwft
# End time: 16:15:30 on Aug 19,2023, Elapsed time: 0:00:00
# Errors: 0, Warnings: 0
# Model Technology ModelSim Microsemi Pro vlog 2021.3 Compiler 2021.07 Jul 14 2021
# Start time: 16:15:30 on Aug 19,2023
# vlog -reportprogress 300 -sv -work presynth C:/VHDL_temp/Digitizer/Digitizer_vhdl/Digitizer/component/work/COREFIFO_C10/COREFIFO_C10_0/rtl/vlog/core/corefifo_sync_scntr.v 
# -- Compiling module COREFIFO_C10_COREFIFO_C10_0_corefifo_sync_scntr
# 
# Top level modules:
# 	COREFIFO_C10_COREFIFO_C10_0_corefifo_sync_scntr
# End time: 16:15:30 on Aug 19,2023, Elapsed time: 0:00:00
# Errors: 0, Warnings: 0
# Model Technology ModelSim Microsemi Pro vlog 2021.3 Compiler 2021.07 Jul 14 2021
# Start time: 16:15:30 on Aug 19,2023
# vlog -reportprogress 300 -sv -work presynth C:/VHDL_temp/Digitizer/Digitizer_vhdl/Digitizer/component/work/COREFIFO_C10/COREFIFO_C10_0/rtl/vlog/core/corefifo_sync.v 
# -- Compiling module COREFIFO_C10_COREFIFO_C10_0_corefifo_sync
# 
# Top level modules:
# 	COREFIFO_C10_COREFIFO_C10_0_corefifo_sync
# End time: 16:15:30 on Aug 19,2023, Elapsed time: 0:00:00
# Errors: 0, Warnings: 0
# Model Technology ModelSim Microsemi Pro vlog 2021.3 Compiler 2021.07 Jul 14 2021
# Start time: 16:15:30 on Aug 19,2023
# vlog -reportprogress 300 -sv -work presynth C:/VHDL_temp/Digitizer/Digitizer_vhdl/Digitizer/component/work/COREFIFO_C10/COREFIFO_C10_0/rtl/vlog/core/corefifo_NstagesSync.v 
# -- Compiling module COREFIFO_C10_COREFIFO_C10_0_corefifo_NstagesSync
# 
# Top level modules:
# 	COREFIFO_C10_COREFIFO_C10_0_corefifo_NstagesSync
# End time: 16:15:30 on Aug 19,2023, Elapsed time: 0:00:00
# Errors: 0, Warnings: 0
# Model Technology ModelSim Microsemi Pro vlog 2021.3 Compiler 2021.07 Jul 14 2021
# Start time: 16:15:31 on Aug 19,2023
# vlog -reportprogress 300 -sv -work presynth C:/VHDL_temp/Digitizer/Digitizer_vhdl/Digitizer/component/work/COREFIFO_C10/COREFIFO_C10_0/rtl/vlog/core/corefifo_grayToBinConv.v 
# -- Compiling module COREFIFO_C10_COREFIFO_C10_0_corefifo_grayToBinConv
# 
# Top level modules:
# 	COREFIFO_C10_COREFIFO_C10_0_corefifo_grayToBinConv
# End time: 16:15:31 on Aug 19,2023, Elapsed time: 0:00:00
# Errors: 0, Warnings: 0
# Model Technology ModelSim Microsemi Pro vlog 2021.3 Compiler 2021.07 Jul 14 2021
# Start time: 16:15:31 on Aug 19,2023
# vlog -reportprogress 300 -sv -work presynth C:/VHDL_temp/Digitizer/Digitizer_vhdl/Digitizer/component/work/COREFIFO_C10/COREFIFO_C10_0/rtl/vlog/core/corefifo_async.v 
# -- Compiling module COREFIFO_C10_COREFIFO_C10_0_corefifo_async
# 
# Top level modules:
# 	COREFIFO_C10_COREFIFO_C10_0_corefifo_async
# End time: 16:15:31 on Aug 19,2023, Elapsed time: 0:00:00
# Errors: 0, Warnings: 0
# Model Technology ModelSim Microsemi Pro vlog 2021.3 Compiler 2021.07 Jul 14 2021
# Start time: 16:15:31 on Aug 19,2023
# vlog -reportprogress 300 -sv -work presynth C:/VHDL_temp/Digitizer/Digitizer_vhdl/Digitizer/component/work/COREFIFO_C10/COREFIFO_C10_0/rtl/vlog/core/COREFIFO_C10_COREFIFO_C10_0_LSRAM_top.v 
# -- Compiling module COREFIFO_C10_COREFIFO_C10_0_LSRAM_top
# 
# Top level modules:
# 	COREFIFO_C10_COREFIFO_C10_0_LSRAM_top
# End time: 16:15:31 on Aug 19,2023, Elapsed time: 0:00:00
# Errors: 0, Warnings: 0
# Model Technology ModelSim Microsemi Pro vlog 2021.3 Compiler 2021.07 Jul 14 2021
# Start time: 16:15:31 on Aug 19,2023
# vlog -reportprogress 300 -sv -work presynth C:/VHDL_temp/Digitizer/Digitizer_vhdl/Digitizer/component/work/COREFIFO_C10/COREFIFO_C10_0/rtl/vlog/core/COREFIFO_C10_COREFIFO_C10_0_ram_wrapper.v 
# -- Compiling module COREFIFO_C10_COREFIFO_C10_0_ram_wrapper
# 
# Top level modules:
# 	COREFIFO_C10_COREFIFO_C10_0_ram_wrapper
# End time: 16:15:31 on Aug 19,2023, Elapsed time: 0:00:00
# Errors: 0, Warnings: 0
# Model Technology ModelSim Microsemi Pro vlog 2021.3 Compiler 2021.07 Jul 14 2021
# Start time: 16:15:31 on Aug 19,2023
# vlog -reportprogress 300 -sv -work presynth C:/VHDL_temp/Digitizer/Digitizer_vhdl/Digitizer/component/work/COREFIFO_C10/COREFIFO_C10_0/rtl/vlog/core/COREFIFO.v 
# -- Compiling module COREFIFO_C10_COREFIFO_C10_0_COREFIFO
# 
# Top level modules:
# 	COREFIFO_C10_COREFIFO_C10_0_COREFIFO
# End time: 16:15:31 on Aug 19,2023, Elapsed time: 0:00:00
# Errors: 0, Warnings: 0
# Model Technology ModelSim Microsemi Pro vlog 2021.3 Compiler 2021.07 Jul 14 2021
# Start time: 16:15:31 on Aug 19,2023
# vlog -reportprogress 300 -sv -work presynth C:/VHDL_temp/Digitizer/Digitizer_vhdl/Digitizer/component/work/COREFIFO_C10/COREFIFO_C10.v 
# -- Compiling module COREFIFO_C10
# 
# Top level modules:
# 	COREFIFO_C10
# End time: 16:15:31 on Aug 19,2023, Elapsed time: 0:00:00
# Errors: 0, Warnings: 0
# Model Technology ModelSim Microsemi Pro vcom 2021.3 Compiler 2021.07 Jul 14 2021
# Start time: 16:15:31 on Aug 19,2023
# vcom -reportprogress 300 -2008 -explicit -work presynth C:/VHDL_temp/Digitizer/Digitizer_vhdl/Digitizer/hdl/cmd_table.vhd 
# -- Loading package STANDARD
# -- Loading package TEXTIO
# -- Loading package std_logic_1164
# -- Compiling package cmd_table
# End time: 16:15:31 on Aug 19,2023, Elapsed time: 0:00:00
# Errors: 0, Warnings: 0
# Model Technology ModelSim Microsemi Pro vcom 2021.3 Compiler 2021.07 Jul 14 2021
# Start time: 16:15:31 on Aug 19,2023
# vcom -reportprogress 300 -2008 -explicit -work presynth C:/VHDL_temp/Digitizer/Digitizer_vhdl/Digitizer/hdl/Communication_Builder.vhd 
# -- Loading package STANDARD
# -- Loading package TEXTIO
# -- Loading package std_logic_1164
# -- Loading package NUMERIC_STD
# -- Loading package cmd_table
# -- Compiling entity Communication_Builder
# -- Compiling architecture rtl of Communication_Builder
# End time: 16:15:31 on Aug 19,2023, Elapsed time: 0:00:00
# Errors: 0, Warnings: 0
# Model Technology ModelSim Microsemi Pro vlog 2021.3 Compiler 2021.07 Jul 14 2021
# Start time: 16:15:31 on Aug 19,2023
# vlog -reportprogress 300 -sv -work presynth C:/VHDL_temp/Digitizer/Digitizer_vhdl/Digitizer/component/work/PF_DPSRAM_C7/PF_DPSRAM_C7_0/PF_DPSRAM_C7_PF_DPSRAM_C7_0_PF_DPSRAM.v 
# -- Compiling module PF_DPSRAM_C7_PF_DPSRAM_C7_0_PF_DPSRAM
# 
# Top level modules:
# 	PF_DPSRAM_C7_PF_DPSRAM_C7_0_PF_DPSRAM
# End time: 16:15:31 on Aug 19,2023, Elapsed time: 0:00:00
# Errors: 0, Warnings: 0
# Model Technology ModelSim Microsemi Pro vlog 2021.3 Compiler 2021.07 Jul 14 2021
# Start time: 16:15:31 on Aug 19,2023
# vlog -reportprogress 300 -sv -work presynth C:/VHDL_temp/Digitizer/Digitizer_vhdl/Digitizer/component/work/PF_DPSRAM_C7/PF_DPSRAM_C7.v 
# -- Compiling module PF_DPSRAM_C7
# 
# Top level modules:
# 	PF_DPSRAM_C7
# End time: 16:15:32 on Aug 19,2023, Elapsed time: 0:00:01
# Errors: 0, Warnings: 0
# Model Technology ModelSim Microsemi Pro vlog 2021.3 Compiler 2021.07 Jul 14 2021
# Start time: 16:15:32 on Aug 19,2023
# vlog -reportprogress 300 -sv -work presynth C:/VHDL_temp/Digitizer/Digitizer_vhdl/Digitizer/component/work/PF_DPSRAM_C8_Event_Status/PF_DPSRAM_C8_Event_Status_0/PF_DPSRAM_C8_Event_Status_PF_DPSRAM_C8_Event_Status_0_PF_DPSRAM.v 
# -- Compiling module PF_DPSRAM_C8_Event_Status_PF_DPSRAM_C8_Event_Status_0_PF_DPSRAM
# 
# Top level modules:
# 	PF_DPSRAM_C8_Event_Status_PF_DPSRAM_C8_Event_Status_0_PF_DPSRAM
# End time: 16:15:32 on Aug 19,2023, Elapsed time: 0:00:00
# Errors: 0, Warnings: 0
# Model Technology ModelSim Microsemi Pro vlog 2021.3 Compiler 2021.07 Jul 14 2021
# Start time: 16:15:32 on Aug 19,2023
# vlog -reportprogress 300 -sv -work presynth C:/VHDL_temp/Digitizer/Digitizer_vhdl/Digitizer/component/work/PF_DPSRAM_C8_Event_Status/PF_DPSRAM_C8_Event_Status.v 
# -- Compiling module PF_DPSRAM_C8_Event_Status
# 
# Top level modules:
# 	PF_DPSRAM_C8_Event_Status
# End time: 16:15:32 on Aug 19,2023, Elapsed time: 0:00:00
# Errors: 0, Warnings: 0
# Model Technology ModelSim Microsemi Pro vlog 2021.3 Compiler 2021.07 Jul 14 2021
# Start time: 16:15:32 on Aug 19,2023
# vlog -reportprogress 300 -sv -work presynth C:/VHDL_temp/Digitizer/Digitizer_vhdl/Digitizer/component/work/Event_Info_RAM_Block/Event_Info_RAM_Block.v 
# -- Compiling module Event_Info_RAM_Block
# 
# Top level modules:
# 	Event_Info_RAM_Block
# End time: 16:15:32 on Aug 19,2023, Elapsed time: 0:00:00
# Errors: 0, Warnings: 0
# Model Technology ModelSim Microsemi Pro vcom 2021.3 Compiler 2021.07 Jul 14 2021
# Start time: 16:15:32 on Aug 19,2023
# vcom -reportprogress 300 -2008 -explicit -work presynth C:/VHDL_temp/Digitizer/Digitizer_vhdl/Digitizer/hdl/FIFOs_Reader.vhd 
# -- Loading package STANDARD
# -- Loading package TEXTIO
# -- Loading package std_logic_1164
# -- Loading package NUMERIC_STD
# -- Compiling entity FIFOs_Reader
# -- Compiling architecture rtl of FIFOs_Reader
# End time: 16:15:32 on Aug 19,2023, Elapsed time: 0:00:00
# Errors: 0, Warnings: 0
# Model Technology ModelSim Microsemi Pro vlog 2021.3 Compiler 2021.07 Jul 14 2021
# Start time: 16:15:32 on Aug 19,2023
# vlog -reportprogress 300 -sv -work presynth C:/VHDL_temp/Digitizer/Digitizer_vhdl/Digitizer/component/work/COREFIFO_C4/COREFIFO_C4_0/rtl/vlog/core/corefifo_NstagesSync.v 
# -- Compiling module COREFIFO_C4_COREFIFO_C4_0_corefifo_NstagesSync
# 
# Top level modules:
# 	COREFIFO_C4_COREFIFO_C4_0_corefifo_NstagesSync
# End time: 16:15:32 on Aug 19,2023, Elapsed time: 0:00:00
# Errors: 0, Warnings: 0
# Model Technology ModelSim Microsemi Pro vlog 2021.3 Compiler 2021.07 Jul 14 2021
# Start time: 16:15:32 on Aug 19,2023
# vlog -reportprogress 300 -sv -work presynth C:/VHDL_temp/Digitizer/Digitizer_vhdl/Digitizer/component/work/COREFIFO_C4/COREFIFO_C4_0/rtl/vlog/core/corefifo_grayToBinConv.v 
# -- Compiling module COREFIFO_C4_COREFIFO_C4_0_corefifo_grayToBinConv
# 
# Top level modules:
# 	COREFIFO_C4_COREFIFO_C4_0_corefifo_grayToBinConv
# End time: 16:15:32 on Aug 19,2023, Elapsed time: 0:00:00
# Errors: 0, Warnings: 0
# Model Technology ModelSim Microsemi Pro vlog 2021.3 Compiler 2021.07 Jul 14 2021
# Start time: 16:15:32 on Aug 19,2023
# vlog -reportprogress 300 -sv -work presynth C:/VHDL_temp/Digitizer/Digitizer_vhdl/Digitizer/component/work/COREFIFO_C4/COREFIFO_C4_0/rtl/vlog/core/corefifo_async.v 
# -- Compiling module COREFIFO_C4_COREFIFO_C4_0_corefifo_async
# 
# Top level modules:
# 	COREFIFO_C4_COREFIFO_C4_0_corefifo_async
# End time: 16:15:32 on Aug 19,2023, Elapsed time: 0:00:00
# Errors: 0, Warnings: 0
# Model Technology ModelSim Microsemi Pro vlog 2021.3 Compiler 2021.07 Jul 14 2021
# Start time: 16:15:32 on Aug 19,2023
# vlog -reportprogress 300 -sv -work presynth C:/VHDL_temp/Digitizer/Digitizer_vhdl/Digitizer/component/work/COREFIFO_C4/COREFIFO_C4_0/rtl/vlog/core/corefifo_sync.v 
# -- Compiling module COREFIFO_C4_COREFIFO_C4_0_corefifo_sync
# 
# Top level modules:
# 	COREFIFO_C4_COREFIFO_C4_0_corefifo_sync
# End time: 16:15:32 on Aug 19,2023, Elapsed time: 0:00:00
# Errors: 0, Warnings: 0
# Model Technology ModelSim Microsemi Pro vlog 2021.3 Compiler 2021.07 Jul 14 2021
# Start time: 16:15:32 on Aug 19,2023
# vlog -reportprogress 300 -sv -work presynth C:/VHDL_temp/Digitizer/Digitizer_vhdl/Digitizer/component/work/COREFIFO_C4/COREFIFO_C4_0/rtl/vlog/core/corefifo_fwft.v 
# -- Compiling module COREFIFO_C4_COREFIFO_C4_0_corefifo_fwft
# 
# Top level modules:
# 	COREFIFO_C4_COREFIFO_C4_0_corefifo_fwft
# End time: 16:15:32 on Aug 19,2023, Elapsed time: 0:00:00
# Errors: 0, Warnings: 0
# Model Technology ModelSim Microsemi Pro vlog 2021.3 Compiler 2021.07 Jul 14 2021
# Start time: 16:15:33 on Aug 19,2023
# vlog -reportprogress 300 -sv -work presynth C:/VHDL_temp/Digitizer/Digitizer_vhdl/Digitizer/component/work/COREFIFO_C4/COREFIFO_C4_0/rtl/vlog/core/corefifo_sync_scntr.v 
# -- Compiling module COREFIFO_C4_COREFIFO_C4_0_corefifo_sync_scntr
# 
# Top level modules:
# 	COREFIFO_C4_COREFIFO_C4_0_corefifo_sync_scntr
# End time: 16:15:33 on Aug 19,2023, Elapsed time: 0:00:00
# Errors: 0, Warnings: 0
# Model Technology ModelSim Microsemi Pro vlog 2021.3 Compiler 2021.07 Jul 14 2021
# Start time: 16:15:33 on Aug 19,2023
# vlog -reportprogress 300 -sv -work presynth C:/VHDL_temp/Digitizer/Digitizer_vhdl/Digitizer/component/work/COREFIFO_C4/COREFIFO_C4_0/rtl/vlog/core/COREFIFO_C4_COREFIFO_C4_0_LSRAM_top.v 
# -- Compiling module COREFIFO_C4_COREFIFO_C4_0_LSRAM_top
# 
# Top level modules:
# 	COREFIFO_C4_COREFIFO_C4_0_LSRAM_top
# End time: 16:15:33 on Aug 19,2023, Elapsed time: 0:00:00
# Errors: 0, Warnings: 0
# Model Technology ModelSim Microsemi Pro vlog 2021.3 Compiler 2021.07 Jul 14 2021
# Start time: 16:15:33 on Aug 19,2023
# vlog -reportprogress 300 -sv -work presynth C:/VHDL_temp/Digitizer/Digitizer_vhdl/Digitizer/component/work/COREFIFO_C4/COREFIFO_C4_0/rtl/vlog/core/COREFIFO_C4_COREFIFO_C4_0_ram_wrapper.v 
# -- Compiling module COREFIFO_C4_COREFIFO_C4_0_ram_wrapper
# 
# Top level modules:
# 	COREFIFO_C4_COREFIFO_C4_0_ram_wrapper
# End time: 16:15:33 on Aug 19,2023, Elapsed time: 0:00:00
# Errors: 0, Warnings: 0
# Model Technology ModelSim Microsemi Pro vlog 2021.3 Compiler 2021.07 Jul 14 2021
# Start time: 16:15:33 on Aug 19,2023
# vlog -reportprogress 300 -sv -work presynth C:/VHDL_temp/Digitizer/Digitizer_vhdl/Digitizer/component/work/COREFIFO_C4/COREFIFO_C4_0/rtl/vlog/core/COREFIFO.v 
# -- Compiling module COREFIFO_C4_COREFIFO_C4_0_COREFIFO
# 
# Top level modules:
# 	COREFIFO_C4_COREFIFO_C4_0_COREFIFO
# End time: 16:15:33 on Aug 19,2023, Elapsed time: 0:00:00
# Errors: 0, Warnings: 0
# Model Technology ModelSim Microsemi Pro vlog 2021.3 Compiler 2021.07 Jul 14 2021
# Start time: 16:15:33 on Aug 19,2023
# vlog -reportprogress 300 -sv -work presynth C:/VHDL_temp/Digitizer/Digitizer_vhdl/Digitizer/component/work/COREFIFO_C4/COREFIFO_C4.v 
# -- Compiling module COREFIFO_C4
# 
# Top level modules:
# 	COREFIFO_C4
# End time: 16:15:33 on Aug 19,2023, Elapsed time: 0:00:00
# Errors: 0, Warnings: 0
# Model Technology ModelSim Microsemi Pro vcom 2021.3 Compiler 2021.07 Jul 14 2021
# Start time: 16:15:33 on Aug 19,2023
# vcom -reportprogress 300 -2008 -explicit -work presynth C:/VHDL_temp/Digitizer/Digitizer_vhdl/Digitizer/hdl/Trigger_Unit.vhd 
# -- Loading package STANDARD
# -- Loading package TEXTIO
# -- Loading package std_logic_1164
# -- Loading package NUMERIC_STD
# -- Compiling entity Trigger_Unit
# -- Compiling architecture rtl of Trigger_Unit
# End time: 16:15:33 on Aug 19,2023, Elapsed time: 0:00:00
# Errors: 0, Warnings: 0
# Model Technology ModelSim Microsemi Pro vlog 2021.3 Compiler 2021.07 Jul 14 2021
# Start time: 16:15:33 on Aug 19,2023
# vlog -reportprogress 300 -sv -work presynth C:/VHDL_temp/Digitizer/Digitizer_vhdl/Digitizer/component/work/Input_Data_Part/Input_Data_Part.v 
# -- Compiling module Input_Data_Part
# 
# Top level modules:
# 	Input_Data_Part
# End time: 16:15:33 on Aug 19,2023, Elapsed time: 0:00:00
# Errors: 0, Warnings: 0
# Model Technology ModelSim Microsemi Pro vlog 2021.3 Compiler 2021.07 Jul 14 2021
# Start time: 16:15:33 on Aug 19,2023
# vlog -reportprogress 300 -sv -work presynth C:/VHDL_temp/Digitizer/Digitizer_vhdl/Digitizer/component/work/PF_DPSRAM_C5/PF_DPSRAM_C5_0/PF_DPSRAM_C5_PF_DPSRAM_C5_0_PF_DPSRAM.v 
# -- Compiling module PF_DPSRAM_C5_PF_DPSRAM_C5_0_PF_DPSRAM
# 
# Top level modules:
# 	PF_DPSRAM_C5_PF_DPSRAM_C5_0_PF_DPSRAM
# End time: 16:15:33 on Aug 19,2023, Elapsed time: 0:00:00
# Errors: 0, Warnings: 0
# Model Technology ModelSim Microsemi Pro vlog 2021.3 Compiler 2021.07 Jul 14 2021
# Start time: 16:15:33 on Aug 19,2023
# vlog -reportprogress 300 -sv -work presynth C:/VHDL_temp/Digitizer/Digitizer_vhdl/Digitizer/component/work/PF_DPSRAM_C5/PF_DPSRAM_C5.v 
# -- Compiling module PF_DPSRAM_C5
# 
# Top level modules:
# 	PF_DPSRAM_C5
# End time: 16:15:34 on Aug 19,2023, Elapsed time: 0:00:01
# Errors: 0, Warnings: 0
# Model Technology ModelSim Microsemi Pro vcom 2021.3 Compiler 2021.07 Jul 14 2021
# Start time: 16:15:34 on Aug 19,2023
# vcom -reportprogress 300 -2008 -explicit -work presynth C:/VHDL_temp/Digitizer/Digitizer_vhdl/Digitizer/hdl/Sample_RAM_Block_Decoder.vhd 
# -- Loading package STANDARD
# -- Loading package TEXTIO
# -- Loading package std_logic_1164
# -- Loading package NUMERIC_STD
# -- Compiling entity Sample_RAM_Block_Decoder
# -- Compiling architecture rtl of Sample_RAM_Block_Decoder
# End time: 16:15:34 on Aug 19,2023, Elapsed time: 0:00:00
# Errors: 0, Warnings: 0
# Model Technology ModelSim Microsemi Pro vcom 2021.3 Compiler 2021.07 Jul 14 2021
# Start time: 16:15:34 on Aug 19,2023
# vcom -reportprogress 300 -2008 -explicit -work presynth C:/VHDL_temp/Digitizer/Digitizer_vhdl/Digitizer/hdl/Sample_RAM_Block_MUX.vhd 
# -- Loading package STANDARD
# -- Loading package TEXTIO
# -- Loading package std_logic_1164
# -- Loading package NUMERIC_STD
# -- Compiling entity Sample_RAM_Block_MUX
# -- Compiling architecture rtl of Sample_RAM_Block_MUX
# End time: 16:15:34 on Aug 19,2023, Elapsed time: 0:00:00
# Errors: 0, Warnings: 0
# Model Technology ModelSim Microsemi Pro vlog 2021.3 Compiler 2021.07 Jul 14 2021
# Start time: 16:15:34 on Aug 19,2023
# vlog -reportprogress 300 -sv -work presynth C:/VHDL_temp/Digitizer/Digitizer_vhdl/Digitizer/component/work/Sample_RAM_Block/Sample_RAM_Block.v 
# -- Compiling module Sample_RAM_Block
# 
# Top level modules:
# 	Sample_RAM_Block
# End time: 16:15:34 on Aug 19,2023, Elapsed time: 0:00:00
# Errors: 0, Warnings: 0
# Model Technology ModelSim Microsemi Pro vcom 2021.3 Compiler 2021.07 Jul 14 2021
# Start time: 16:15:34 on Aug 19,2023
# vcom -reportprogress 300 -2008 -explicit -work presynth C:/VHDL_temp/Digitizer/Digitizer_vhdl/Digitizer/hdl/Test_Generator.vhd 
# -- Loading package STANDARD
# -- Loading package TEXTIO
# -- Loading package std_logic_1164
# -- Loading package NUMERIC_STD
# -- Compiling entity Test_Generator
# -- Compiling architecture rtl of Test_Generator
# End time: 16:15:34 on Aug 19,2023, Elapsed time: 0:00:00
# Errors: 0, Warnings: 0
# Model Technology ModelSim Microsemi Pro vlog 2021.3 Compiler 2021.07 Jul 14 2021
# Start time: 16:15:34 on Aug 19,2023
# vlog -reportprogress 300 -sv -work presynth C:/VHDL_temp/Digitizer/Digitizer_vhdl/Digitizer/component/work/COREFIFO_C5/COREFIFO_C5_0/rtl/vlog/core/corefifo_NstagesSync.v 
# -- Compiling module COREFIFO_C5_COREFIFO_C5_0_corefifo_NstagesSync
# 
# Top level modules:
# 	COREFIFO_C5_COREFIFO_C5_0_corefifo_NstagesSync
# End time: 16:15:34 on Aug 19,2023, Elapsed time: 0:00:00
# Errors: 0, Warnings: 0
# Model Technology ModelSim Microsemi Pro vlog 2021.3 Compiler 2021.07 Jul 14 2021
# Start time: 16:15:34 on Aug 19,2023
# vlog -reportprogress 300 -sv -work presynth C:/VHDL_temp/Digitizer/Digitizer_vhdl/Digitizer/component/work/COREFIFO_C5/COREFIFO_C5_0/rtl/vlog/core/corefifo_grayToBinConv.v 
# -- Compiling module COREFIFO_C5_COREFIFO_C5_0_corefifo_grayToBinConv
# 
# Top level modules:
# 	COREFIFO_C5_COREFIFO_C5_0_corefifo_grayToBinConv
# End time: 16:15:34 on Aug 19,2023, Elapsed time: 0:00:00
# Errors: 0, Warnings: 0
# Model Technology ModelSim Microsemi Pro vlog 2021.3 Compiler 2021.07 Jul 14 2021
# Start time: 16:15:34 on Aug 19,2023
# vlog -reportprogress 300 -sv -work presynth C:/VHDL_temp/Digitizer/Digitizer_vhdl/Digitizer/component/work/COREFIFO_C5/COREFIFO_C5_0/rtl/vlog/core/corefifo_async.v 
# -- Compiling module COREFIFO_C5_COREFIFO_C5_0_corefifo_async
# 
# Top level modules:
# 	COREFIFO_C5_COREFIFO_C5_0_corefifo_async
# End time: 16:15:34 on Aug 19,2023, Elapsed time: 0:00:00
# Errors: 0, Warnings: 0
# Model Technology ModelSim Microsemi Pro vlog 2021.3 Compiler 2021.07 Jul 14 2021
# Start time: 16:15:34 on Aug 19,2023
# vlog -reportprogress 300 -sv -work presynth C:/VHDL_temp/Digitizer/Digitizer_vhdl/Digitizer/component/work/COREFIFO_C5/COREFIFO_C5_0/rtl/vlog/core/corefifo_sync.v 
# -- Compiling module COREFIFO_C5_COREFIFO_C5_0_corefifo_sync
# 
# Top level modules:
# 	COREFIFO_C5_COREFIFO_C5_0_corefifo_sync
# End time: 16:15:35 on Aug 19,2023, Elapsed time: 0:00:01
# Errors: 0, Warnings: 0
# Model Technology ModelSim Microsemi Pro vlog 2021.3 Compiler 2021.07 Jul 14 2021
# Start time: 16:15:35 on Aug 19,2023
# vlog -reportprogress 300 -sv -work presynth C:/VHDL_temp/Digitizer/Digitizer_vhdl/Digitizer/component/work/COREFIFO_C5/COREFIFO_C5_0/rtl/vlog/core/corefifo_fwft.v 
# -- Compiling module COREFIFO_C5_COREFIFO_C5_0_corefifo_fwft
# 
# Top level modules:
# 	COREFIFO_C5_COREFIFO_C5_0_corefifo_fwft
# End time: 16:15:35 on Aug 19,2023, Elapsed time: 0:00:00
# Errors: 0, Warnings: 0
# Model Technology ModelSim Microsemi Pro vlog 2021.3 Compiler 2021.07 Jul 14 2021
# Start time: 16:15:35 on Aug 19,2023
# vlog -reportprogress 300 -sv -work presynth C:/VHDL_temp/Digitizer/Digitizer_vhdl/Digitizer/component/work/COREFIFO_C5/COREFIFO_C5_0/rtl/vlog/core/corefifo_sync_scntr.v 
# -- Compiling module COREFIFO_C5_COREFIFO_C5_0_corefifo_sync_scntr
# 
# Top level modules:
# 	COREFIFO_C5_COREFIFO_C5_0_corefifo_sync_scntr
# End time: 16:15:35 on Aug 19,2023, Elapsed time: 0:00:00
# Errors: 0, Warnings: 0
# Model Technology ModelSim Microsemi Pro vlog 2021.3 Compiler 2021.07 Jul 14 2021
# Start time: 16:15:35 on Aug 19,2023
# vlog -reportprogress 300 -sv -work presynth C:/VHDL_temp/Digitizer/Digitizer_vhdl/Digitizer/component/work/COREFIFO_C5/COREFIFO_C5_0/rtl/vlog/core/COREFIFO_C5_COREFIFO_C5_0_LSRAM_top.v 
# -- Compiling module COREFIFO_C5_COREFIFO_C5_0_LSRAM_top
# 
# Top level modules:
# 	COREFIFO_C5_COREFIFO_C5_0_LSRAM_top
# End time: 16:15:35 on Aug 19,2023, Elapsed time: 0:00:00
# Errors: 0, Warnings: 0
# Model Technology ModelSim Microsemi Pro vlog 2021.3 Compiler 2021.07 Jul 14 2021
# Start time: 16:15:35 on Aug 19,2023
# vlog -reportprogress 300 -sv -work presynth C:/VHDL_temp/Digitizer/Digitizer_vhdl/Digitizer/component/work/COREFIFO_C5/COREFIFO_C5_0/rtl/vlog/core/COREFIFO_C5_COREFIFO_C5_0_ram_wrapper.v 
# -- Compiling module COREFIFO_C5_COREFIFO_C5_0_ram_wrapper
# 
# Top level modules:
# 	COREFIFO_C5_COREFIFO_C5_0_ram_wrapper
# End time: 16:15:35 on Aug 19,2023, Elapsed time: 0:00:00
# Errors: 0, Warnings: 0
# Model Technology ModelSim Microsemi Pro vlog 2021.3 Compiler 2021.07 Jul 14 2021
# Start time: 16:15:35 on Aug 19,2023
# vlog -reportprogress 300 -sv -work presynth C:/VHDL_temp/Digitizer/Digitizer_vhdl/Digitizer/component/work/COREFIFO_C5/COREFIFO_C5_0/rtl/vlog/core/COREFIFO.v 
# -- Compiling module COREFIFO_C5_COREFIFO_C5_0_COREFIFO
# 
# Top level modules:
# 	COREFIFO_C5_COREFIFO_C5_0_COREFIFO
# End time: 16:15:35 on Aug 19,2023, Elapsed time: 0:00:00
# Errors: 0, Warnings: 0
# Model Technology ModelSim Microsemi Pro vlog 2021.3 Compiler 2021.07 Jul 14 2021
# Start time: 16:15:35 on Aug 19,2023
# vlog -reportprogress 300 -sv -work presynth C:/VHDL_temp/Digitizer/Digitizer_vhdl/Digitizer/component/work/COREFIFO_C5/COREFIFO_C5.v 
# -- Compiling module COREFIFO_C5
# 
# Top level modules:
# 	COREFIFO_C5
# End time: 16:15:35 on Aug 19,2023, Elapsed time: 0:00:00
# Errors: 0, Warnings: 0
# Model Technology ModelSim Microsemi Pro vcom 2021.3 Compiler 2021.07 Jul 14 2021
# Start time: 16:15:35 on Aug 19,2023
# vcom -reportprogress 300 -2008 -explicit -work presynth C:/VHDL_temp/Digitizer/Digitizer_vhdl/Digitizer/hdl/cmd_table_trigger.vhd 
# -- Loading package STANDARD
# -- Loading package TEXTIO
# -- Loading package std_logic_1164
# -- Compiling package cmd_table_trigger
# End time: 16:15:35 on Aug 19,2023, Elapsed time: 0:00:00
# Errors: 0, Warnings: 0
# Model Technology ModelSim Microsemi Pro vcom 2021.3 Compiler 2021.07 Jul 14 2021
# Start time: 16:15:35 on Aug 19,2023
# vcom -reportprogress 300 -2008 -explicit -work presynth C:/VHDL_temp/Digitizer/Digitizer_vhdl/Digitizer/hdl/Trigger_Control.vhd 
# -- Loading package STANDARD
# -- Loading package TEXTIO
# -- Loading package std_logic_1164
# -- Loading package NUMERIC_STD
# -- Loading package cmd_table_trigger
# -- Compiling entity Trigger_Control
# -- Compiling architecture rtl of Trigger_Control
# End time: 16:15:35 on Aug 19,2023, Elapsed time: 0:00:00
# Errors: 0, Warnings: 0
# Model Technology ModelSim Microsemi Pro vcom 2021.3 Compiler 2021.07 Jul 14 2021
# Start time: 16:15:35 on Aug 19,2023
# vcom -reportprogress 300 -2008 -explicit -work presynth C:/VHDL_temp/Digitizer/Digitizer_vhdl/Digitizer/hdl/Trigger_Main.vhd 
# -- Loading package STANDARD
# -- Loading package TEXTIO
# -- Loading package std_logic_1164
# -- Loading package NUMERIC_STD
# -- Compiling entity Trigger_Main
# -- Compiling architecture rtl of Trigger_Main
# End time: 16:15:36 on Aug 19,2023, Elapsed time: 0:00:01
# Errors: 0, Warnings: 0
# Model Technology ModelSim Microsemi Pro vlog 2021.3 Compiler 2021.07 Jul 14 2021
# Start time: 16:15:36 on Aug 19,2023
# vlog -reportprogress 300 -sv -work presynth C:/VHDL_temp/Digitizer/Digitizer_vhdl/Digitizer/component/work/Trigger_Top_Part/Trigger_Top_Part.v 
# -- Compiling module Trigger_Top_Part
# 
# Top level modules:
# 	Trigger_Top_Part
# End time: 16:15:36 on Aug 19,2023, Elapsed time: 0:00:00
# Errors: 0, Warnings: 0
# Model Technology ModelSim Microsemi Pro vlog 2021.3 Compiler 2021.07 Jul 14 2021
# Start time: 16:15:36 on Aug 19,2023
# vlog -reportprogress 300 -sv -work presynth C:/VHDL_temp/Digitizer/Digitizer_vhdl/Digitizer/component/work/Data_Block/Data_Block.v 
# -- Compiling module Data_Block
# 
# Top level modules:
# 	Data_Block
# End time: 16:15:36 on Aug 19,2023, Elapsed time: 0:00:00
# Errors: 0, Warnings: 0
# Model Technology ModelSim Microsemi Pro vcom 2021.3 Compiler 2021.07 Jul 14 2021
# Start time: 16:15:36 on Aug 19,2023
# vcom -reportprogress 300 -2008 -explicit -work presynth C:/VHDL_temp/Digitizer/Digitizer_vhdl/Digitizer/stimulus/TB_DataBlockWithFifo.vhd 
# -- Loading package STANDARD
# -- Loading package TEXTIO
# -- Loading package std_logic_1164
# -- Loading package NUMERIC_STD
# -- Loading package std_logic_textio
# -- Compiling entity TB_DataBlockWithFifo
# -- Compiling architecture behavioral of TB_DataBlockWithFifo
# End time: 16:15:36 on Aug 19,2023, Elapsed time: 0:00:00
# Errors: 0, Warnings: 0
# vsim -L PolarFire -L presynth -L CORESPI_LIB -t 1ps -pli "C:/Microsemi/Libero_SoC_v2022.1/Designer/lib/modelsimpro/pli/pf_crypto_win_me_pli.dll" presynth.TB_DataBlockWithFifo -gSIM_PA5M300T=0 
# Start time: 16:15:36 on Aug 19,2023
# //  ModelSim Microsemi Pro 2021.3 Jul 14 2021
# //
# //  Copyright 1991-2021 Mentor Graphics Corporation
# //  All Rights Reserved.
# //
# //  ModelSim Microsemi Pro and its associated documentation contain trade
# //  secrets and commercial or financial information that are the property of
# //  Mentor Graphics Corporation and are privileged, confidential,
# //  and exempt from disclosure under the Freedom of Information Act,
# //  5 U.S.C. Section 552. Furthermore, this information
# //  is prohibited from disclosure under the Trade Secrets Act,
# //  18 U.S.C. Section 1905.
# //
# Loading std.standard
# Loading std.textio(body)
# Loading ieee.std_logic_1164(body)
# Loading ieee.numeric_std(body)
# Loading ieee.std_logic_textio(body)
# Loading presynth.tb_datablockwithfifo(behavioral)
# Loading sv_std.std
# Loading presynth.Data_Block
# Loading presynth.COREFIFO_C10
# Loading presynth.COREFIFO_C10_COREFIFO_C10_0_COREFIFO
# Loading presynth.Event_Info_RAM_Block
# Loading presynth.PF_DPSRAM_C7
# Loading presynth.PF_DPSRAM_C7_PF_DPSRAM_C7_0_PF_DPSRAM
# Loading PolarFire.RAM1K20
# Loading PolarFire.RAM1K20_IP
# Loading PolarFire.RAM_DLY
# Loading PolarFire.ECC_PIPELINE
# Loading PolarFire.GND
# Loading PolarFire.VCC
# Loading presynth.PF_DPSRAM_C8_Event_Status
# Loading presynth.PF_DPSRAM_C8_Event_Status_PF_DPSRAM_C8_Event_Status_0_PF_DPSRAM
# Loading presynth.Input_Data_Part
# Loading presynth.COREFIFO_C4
# Loading presynth.COREFIFO_C4_COREFIFO_C4_0_COREFIFO
# Loading presynth.Sample_RAM_Block
# Loading presynth.PF_DPSRAM_C5
# Loading presynth.PF_DPSRAM_C5_PF_DPSRAM_C5_0_PF_DPSRAM
# Loading PolarFire.OR4
# Loading PolarFire.CFG4
# Loading PolarFire.INV
# Loading presynth.Trigger_Top_Part
# Loading presynth.COREFIFO_C5
# Loading presynth.COREFIFO_C5_COREFIFO_C5_0_COREFIFO
# Loading presynth.COREFIFO_C10_COREFIFO_C10_0_corefifo_async
# Loading presynth.COREFIFO_C10_COREFIFO_C10_0_corefifo_NstagesSync
# Loading presynth.COREFIFO_C10_COREFIFO_C10_0_corefifo_grayToBinConv
# Loading presynth.COREFIFO_C10_COREFIFO_C10_0_ram_wrapper
# Loading presynth.COREFIFO_C10_COREFIFO_C10_0_LSRAM_top
# Loading PolarFire.SLE_Prim
# Loading presynth.COREFIFO_C4_COREFIFO_C4_0_corefifo_sync_scntr
# Loading presynth.COREFIFO_C4_COREFIFO_C4_0_corefifo_fwft
# Loading presynth.COREFIFO_C4_COREFIFO_C4_0_ram_wrapper
# Loading presynth.COREFIFO_C4_COREFIFO_C4_0_LSRAM_top
# Loading presynth.COREFIFO_C5_COREFIFO_C5_0_corefifo_sync_scntr
# Loading presynth.COREFIFO_C5_COREFIFO_C5_0_corefifo_fwft
# Loading presynth.COREFIFO_C5_COREFIFO_C5_0_ram_wrapper
# Loading presynth.COREFIFO_C5_COREFIFO_C5_0_LSRAM_top
# Loading presynth.cmd_table
# Loading presynth.communication_builder(rtl)
# Loading presynth.fifos_reader(rtl)
# Loading presynth.trigger_unit(rtl)
# Loading presynth.sample_ram_block_decoder(rtl)
# Loading presynth.sample_ram_block_mux(rtl)
# Loading presynth.test_generator(rtl)
# Loading presynth.cmd_table_trigger
# Loading presynth.trigger_control(rtl)
# Loading presynth.trigger_main(rtl)
# Loading PolarFire.UDP_MUX2
# Loading PolarFire.UDP_DFF
# Loading PolarFire.UDP_DL
# Loading C:/Microsemi/Libero_SoC_v2022.1/Designer/lib/modelsimpro/pli/pf_crypto_win_me_pli.dll
# ** Warning: (vsim-3040) Command line generic/parameter "SIM_PA5M300T" not found in design.
# ** Warning: (vsim-WLF-5000) WLF file currently in use: vsim.wlf
#           File in use by: Tomáš  Hostname: DESKTOP-TDPVUTD  ProcessID: 61208
#           Attempting to use alternate WLF file "./wlft3yhhzh".
# ** Warning: (vsim-WLF-5001) Could not open WLF file: vsim.wlf
#           Using alternate file: ./wlft3yhhzh
# ** Warning: NUMERIC_STD.TO_INTEGER: metavalue detected, returning 0
#    Time: 0 ps  Iteration: 0  Instance: /tb_datablockwithfifo/Data_Block_0/Trigger_Top_Part_0/Trigger_Main_0
# ** Warning: NUMERIC_STD.TO_INTEGER: metavalue detected, returning 0
#    Time: 0 ps  Iteration: 0  Instance: /tb_datablockwithfifo/Data_Block_0/Input_Data_Part_1/Trigger_Unit_3
# ** Warning: NUMERIC_STD.TO_INTEGER: metavalue detected, returning 0
#    Time: 0 ps  Iteration: 0  Instance: /tb_datablockwithfifo/Data_Block_0/Input_Data_Part_1/Trigger_Unit_2
# ** Warning: NUMERIC_STD.TO_INTEGER: metavalue detected, returning 0
#    Time: 0 ps  Iteration: 0  Instance: /tb_datablockwithfifo/Data_Block_0/Input_Data_Part_1/Trigger_Unit_1
# ** Warning: NUMERIC_STD.TO_INTEGER: metavalue detected, returning 0
#    Time: 0 ps  Iteration: 0  Instance: /tb_datablockwithfifo/Data_Block_0/Input_Data_Part_1/Trigger_Unit_0
# ** Warning: NUMERIC_STD.TO_INTEGER: metavalue detected, returning 0
#    Time: 0 ps  Iteration: 0  Instance: /tb_datablockwithfifo/Data_Block_0/Input_Data_Part_0/Trigger_Unit_3
# ** Warning: NUMERIC_STD.TO_INTEGER: metavalue detected, returning 0
#    Time: 0 ps  Iteration: 0  Instance: /tb_datablockwithfifo/Data_Block_0/Input_Data_Part_0/Trigger_Unit_2
# ** Warning: NUMERIC_STD.TO_INTEGER: metavalue detected, returning 0
#    Time: 0 ps  Iteration: 0  Instance: /tb_datablockwithfifo/Data_Block_0/Input_Data_Part_0/Trigger_Unit_1
# ** Warning: NUMERIC_STD.TO_INTEGER: metavalue detected, returning 0
#    Time: 0 ps  Iteration: 0  Instance: /tb_datablockwithfifo/Data_Block_0/Input_Data_Part_0/Trigger_Unit_0
run -all
#  ** Warning: Port A Write to and Port B Read from the same address at the same time. Read data from conflicting address is unknown
#  Time: 1085000.0ps! Instance: tb_datablockwithfifo.Data_Block_0.Event_Info_RAM_Block_0.PF_DPSRAM_C7_0_Event_Start_ADDR.PF_DPSRAM_C7_0.PF_DPSRAM_C7_PF_DPSRAM_C7_0_PF_DPSRAM_R0C0.u0 
#  ** Warning: Port A Write to and Port B Read from the same address at the same time. Read data from conflicting address is unknown
#  Time: 1085000.0ps! Instance: tb_datablockwithfifo.Data_Block_0.Event_Info_RAM_Block_0.PF_DPSRAM_C7_1_Event_Number.PF_DPSRAM_C7_0.PF_DPSRAM_C7_PF_DPSRAM_C7_0_PF_DPSRAM_R0C0.u0 
#  ** Warning: Port A Write to and Port B Read from the same address at the same time. Read data from conflicting address is unknown
#  Time: 1085000.0ps! Instance: tb_datablockwithfifo.Data_Block_0.Event_Info_RAM_Block_0.PF_DPSRAM_C8_Event_Status_0.PF_DPSRAM_C8_Event_Status_0.PF_DPSRAM_C8_Event_Status_PF_DPSRAM_C8_Event_Status_0_PF_DPSRAM_R0C0.u0 
#  ** Warning: Port A Write to and Port B Read from the same address at the same time. Read data from conflicting address is unknown
#  Time: 1095000.0ps! Instance: tb_datablockwithfifo.Data_Block_0.Sample_RAM_Block_0.PF_DPSRAM_C5_0.PF_DPSRAM_C5_0.PF_DPSRAM_C5_PF_DPSRAM_C5_0_PF_DPSRAM_R0C40.u0 
#  ** Warning: Port A Write to and Port B Read from the same address at the same time. Read data from conflicting address is unknown
#  Time: 1095000.0ps! Instance: tb_datablockwithfifo.Data_Block_0.Sample_RAM_Block_0.PF_DPSRAM_C5_0.PF_DPSRAM_C5_0.PF_DPSRAM_C5_PF_DPSRAM_C5_0_PF_DPSRAM_R0C48.u0 
#  ** Warning: Port A Write to and Port B Read from the same address at the same time. Read data from conflicting address is unknown
#  Time: 1095000.0ps! Instance: tb_datablockwithfifo.Data_Block_0.Sample_RAM_Block_0.PF_DPSRAM_C5_0.PF_DPSRAM_C5_0.PF_DPSRAM_C5_PF_DPSRAM_C5_0_PF_DPSRAM_R0C20.u0 
#  ** Warning: Port A Write to and Port B Read from the same address at the same time. Read data from conflicting address is unknown
#  Time: 1095000.0ps! Instance: tb_datablockwithfifo.Data_Block_0.Sample_RAM_Block_0.PF_DPSRAM_C5_0.PF_DPSRAM_C5_0.PF_DPSRAM_C5_PF_DPSRAM_C5_0_PF_DPSRAM_R0C28.u0 
#  ** Warning: Port A Write to and Port B Read from the same address at the same time. Read data from conflicting address is unknown
#  Time: 1095000.0ps! Instance: tb_datablockwithfifo.Data_Block_0.Sample_RAM_Block_0.PF_DPSRAM_C5_0.PF_DPSRAM_C5_0.PF_DPSRAM_C5_PF_DPSRAM_C5_0_PF_DPSRAM_R0C11.u0 
#  ** Warning: Port A Write to and Port B Read from the same address at the same time. Read data from conflicting address is unknown
#  Time: 1095000.0ps! Instance: tb_datablockwithfifo.Data_Block_0.Sample_RAM_Block_0.PF_DPSRAM_C5_0.PF_DPSRAM_C5_0.PF_DPSRAM_C5_PF_DPSRAM_C5_0_PF_DPSRAM_R0C47.u0 
#  ** Warning: Port A Write to and Port B Read from the same address at the same time. Read data from conflicting address is unknown
#  Time: 1095000.0ps! Instance: tb_datablockwithfifo.Data_Block_0.Sample_RAM_Block_0.PF_DPSRAM_C5_0.PF_DPSRAM_C5_0.PF_DPSRAM_C5_PF_DPSRAM_C5_0_PF_DPSRAM_R0C15.u0 
#  ** Warning: Port A Write to and Port B Read from the same address at the same time. Read data from conflicting address is unknown
#  Time: 1095000.0ps! Instance: tb_datablockwithfifo.Data_Block_0.Sample_RAM_Block_0.PF_DPSRAM_C5_0.PF_DPSRAM_C5_0.PF_DPSRAM_C5_PF_DPSRAM_C5_0_PF_DPSRAM_R0C16.u0 
#  ** Warning: Port A Write to and Port B Read from the same address at the same time. Read data from conflicting address is unknown
#  Time: 1095000.0ps! Instance: tb_datablockwithfifo.Data_Block_0.Sample_RAM_Block_0.PF_DPSRAM_C5_0.PF_DPSRAM_C5_0.PF_DPSRAM_C5_PF_DPSRAM_C5_0_PF_DPSRAM_R0C1.u0 
#  ** Warning: Port A Write to and Port B Read from the same address at the same time. Read data from conflicting address is unknown
#  Time: 1095000.0ps! Instance: tb_datablockwithfifo.Data_Block_0.Sample_RAM_Block_0.PF_DPSRAM_C5_0.PF_DPSRAM_C5_0.PF_DPSRAM_C5_PF_DPSRAM_C5_0_PF_DPSRAM_R0C12.u0 
#  ** Warning: Port A Write to and Port B Read from the same address at the same time. Read data from conflicting address is unknown
#  Time: 1095000.0ps! Instance: tb_datablockwithfifo.Data_Block_0.Sample_RAM_Block_0.PF_DPSRAM_C5_0.PF_DPSRAM_C5_0.PF_DPSRAM_C5_PF_DPSRAM_C5_0_PF_DPSRAM_R0C51.u0 
#  ** Warning: Port A Write to and Port B Read from the same address at the same time. Read data from conflicting address is unknown
#  Time: 1095000.0ps! Instance: tb_datablockwithfifo.Data_Block_0.Sample_RAM_Block_0.PF_DPSRAM_C5_0.PF_DPSRAM_C5_0.PF_DPSRAM_C5_PF_DPSRAM_C5_0_PF_DPSRAM_R0C55.u0 
#  ** Warning: Port A Write to and Port B Read from the same address at the same time. Read data from conflicting address is unknown
#  Time: 1095000.0ps! Instance: tb_datablockwithfifo.Data_Block_0.Sample_RAM_Block_0.PF_DPSRAM_C5_0.PF_DPSRAM_C5_0.PF_DPSRAM_C5_PF_DPSRAM_C5_0_PF_DPSRAM_R0C27.u0 
#  ** Warning: Port A Write to and Port B Read from the same address at the same time. Read data from conflicting address is unknown
#  Time: 1095000.0ps! Instance: tb_datablockwithfifo.Data_Block_0.Sample_RAM_Block_0.PF_DPSRAM_C5_0.PF_DPSRAM_C5_0.PF_DPSRAM_C5_PF_DPSRAM_C5_0_PF_DPSRAM_R0C56.u0 
#  ** Warning: Port A Write to and Port B Read from the same address at the same time. Read data from conflicting address is unknown
#  Time: 1095000.0ps! Instance: tb_datablockwithfifo.Data_Block_0.Sample_RAM_Block_0.PF_DPSRAM_C5_0.PF_DPSRAM_C5_0.PF_DPSRAM_C5_PF_DPSRAM_C5_0_PF_DPSRAM_R0C13.u0 
#  ** Warning: Port A Write to and Port B Read from the same address at the same time. Read data from conflicting address is unknown
#  Time: 1095000.0ps! Instance: tb_datablockwithfifo.Data_Block_0.Sample_RAM_Block_0.PF_DPSRAM_C5_0.PF_DPSRAM_C5_0.PF_DPSRAM_C5_PF_DPSRAM_C5_0_PF_DPSRAM_R0C5.u0 
#  ** Warning: Port A Write to and Port B Read from the same address at the same time. Read data from conflicting address is unknown
#  Time: 1095000.0ps! Instance: tb_datablockwithfifo.Data_Block_0.Sample_RAM_Block_0.PF_DPSRAM_C5_0.PF_DPSRAM_C5_0.PF_DPSRAM_C5_PF_DPSRAM_C5_0_PF_DPSRAM_R0C52.u0 
#  ** Warning: Port A Write to and Port B Read from the same address at the same time. Read data from conflicting address is unknown
#  Time: 1095000.0ps! Instance: tb_datablockwithfifo.Data_Block_0.Sample_RAM_Block_0.PF_DPSRAM_C5_0.PF_DPSRAM_C5_0.PF_DPSRAM_C5_PF_DPSRAM_C5_0_PF_DPSRAM_R0C53.u0 
#  ** Warning: Port A Write to and Port B Read from the same address at the same time. Read data from conflicting address is unknown
#  Time: 1095000.0ps! Instance: tb_datablockwithfifo.Data_Block_0.Sample_RAM_Block_0.PF_DPSRAM_C5_0.PF_DPSRAM_C5_0.PF_DPSRAM_C5_PF_DPSRAM_C5_0_PF_DPSRAM_R0C34.u0 
#  ** Warning: Port A Write to and Port B Read from the same address at the same time. Read data from conflicting address is unknown
#  Time: 1095000.0ps! Instance: tb_datablockwithfifo.Data_Block_0.Sample_RAM_Block_0.PF_DPSRAM_C5_0.PF_DPSRAM_C5_0.PF_DPSRAM_C5_PF_DPSRAM_C5_0_PF_DPSRAM_R0C10.u0 
#  ** Warning: Port A Write to and Port B Read from the same address at the same time. Read data from conflicting address is unknown
#  Time: 1095000.0ps! Instance: tb_datablockwithfifo.Data_Block_0.Sample_RAM_Block_0.PF_DPSRAM_C5_0.PF_DPSRAM_C5_0.PF_DPSRAM_C5_PF_DPSRAM_C5_0_PF_DPSRAM_R0C18.u0 
#  ** Warning: Port A Write to and Port B Read from the same address at the same time. Read data from conflicting address is unknown
#  Time: 1095000.0ps! Instance: tb_datablockwithfifo.Data_Block_0.Sample_RAM_Block_0.PF_DPSRAM_C5_0.PF_DPSRAM_C5_0.PF_DPSRAM_C5_PF_DPSRAM_C5_0_PF_DPSRAM_R0C0.u0 
#  ** Warning: Port A Write to and Port B Read from the same address at the same time. Read data from conflicting address is unknown
#  Time: 1095000.0ps! Instance: tb_datablockwithfifo.Data_Block_0.Sample_RAM_Block_0.PF_DPSRAM_C5_0.PF_DPSRAM_C5_0.PF_DPSRAM_C5_PF_DPSRAM_C5_0_PF_DPSRAM_R0C39.u0 
#  ** Warning: Port A Write to and Port B Read from the same address at the same time. Read data from conflicting address is unknown
#  Time: 1095000.0ps! Instance: tb_datablockwithfifo.Data_Block_0.Sample_RAM_Block_0.PF_DPSRAM_C5_0.PF_DPSRAM_C5_0.PF_DPSRAM_C5_PF_DPSRAM_C5_0_PF_DPSRAM_R0C50.u0 
#  ** Warning: Port A Write to and Port B Read from the same address at the same time. Read data from conflicting address is unknown
#  Time: 1095000.0ps! Instance: tb_datablockwithfifo.Data_Block_0.Sample_RAM_Block_0.PF_DPSRAM_C5_0.PF_DPSRAM_C5_0.PF_DPSRAM_C5_PF_DPSRAM_C5_0_PF_DPSRAM_R0C58.u0 
#  ** Warning: Port A Write to and Port B Read from the same address at the same time. Read data from conflicting address is unknown
#  Time: 1095000.0ps! Instance: tb_datablockwithfifo.Data_Block_0.Sample_RAM_Block_0.PF_DPSRAM_C5_0.PF_DPSRAM_C5_0.PF_DPSRAM_C5_PF_DPSRAM_C5_0_PF_DPSRAM_R0C17.u0 
#  ** Warning: Port A Write to and Port B Read from the same address at the same time. Read data from conflicting address is unknown
#  Time: 1095000.0ps! Instance: tb_datablockwithfifo.Data_Block_0.Sample_RAM_Block_0.PF_DPSRAM_C5_0.PF_DPSRAM_C5_0.PF_DPSRAM_C5_PF_DPSRAM_C5_0_PF_DPSRAM_R0C44.u0 
#  ** Warning: Port A Write to and Port B Read from the same address at the same time. Read data from conflicting address is unknown
#  Time: 1095000.0ps! Instance: tb_datablockwithfifo.Data_Block_0.Sample_RAM_Block_0.PF_DPSRAM_C5_0.PF_DPSRAM_C5_0.PF_DPSRAM_C5_PF_DPSRAM_C5_0_PF_DPSRAM_R0C57.u0 
#  ** Warning: Port A Write to and Port B Read from the same address at the same time. Read data from conflicting address is unknown
#  Time: 1095000.0ps! Instance: tb_datablockwithfifo.Data_Block_0.Sample_RAM_Block_0.PF_DPSRAM_C5_0.PF_DPSRAM_C5_0.PF_DPSRAM_C5_PF_DPSRAM_C5_0_PF_DPSRAM_R0C24.u0 
#  ** Warning: Port A Write to and Port B Read from the same address at the same time. Read data from conflicting address is unknown
#  Time: 1095000.0ps! Instance: tb_datablockwithfifo.Data_Block_0.Sample_RAM_Block_0.PF_DPSRAM_C5_0.PF_DPSRAM_C5_0.PF_DPSRAM_C5_PF_DPSRAM_C5_0_PF_DPSRAM_R0C9.u0 
#  ** Warning: Port A Write to and Port B Read from the same address at the same time. Read data from conflicting address is unknown
#  Time: 1095000.0ps! Instance: tb_datablockwithfifo.Data_Block_0.Sample_RAM_Block_0.PF_DPSRAM_C5_0.PF_DPSRAM_C5_0.PF_DPSRAM_C5_PF_DPSRAM_C5_0_PF_DPSRAM_R0C49.u0 
#  ** Warning: Port A Write to and Port B Read from the same address at the same time. Read data from conflicting address is unknown
#  Time: 1095000.0ps! Instance: tb_datablockwithfifo.Data_Block_0.Sample_RAM_Block_0.PF_DPSRAM_C5_0.PF_DPSRAM_C5_0.PF_DPSRAM_C5_PF_DPSRAM_C5_0_PF_DPSRAM_R0C29.u0 
#  ** Warning: Port A Write to and Port B Read from the same address at the same time. Read data from conflicting address is unknown
#  Time: 1095000.0ps! Instance: tb_datablockwithfifo.Data_Block_0.Sample_RAM_Block_0.PF_DPSRAM_C5_0.PF_DPSRAM_C5_0.PF_DPSRAM_C5_PF_DPSRAM_C5_0_PF_DPSRAM_R0C31.u0 
#  ** Warning: Port A Write to and Port B Read from the same address at the same time. Read data from conflicting address is unknown
#  Time: 1095000.0ps! Instance: tb_datablockwithfifo.Data_Block_0.Sample_RAM_Block_0.PF_DPSRAM_C5_0.PF_DPSRAM_C5_0.PF_DPSRAM_C5_PF_DPSRAM_C5_0_PF_DPSRAM_R0C7.u0 
#  ** Warning: Port A Write to and Port B Read from the same address at the same time. Read data from conflicting address is unknown
#  Time: 1095000.0ps! Instance: tb_datablockwithfifo.Data_Block_0.Sample_RAM_Block_0.PF_DPSRAM_C5_0.PF_DPSRAM_C5_0.PF_DPSRAM_C5_PF_DPSRAM_C5_0_PF_DPSRAM_R0C35.u0 
#  ** Warning: Port A Write to and Port B Read from the same address at the same time. Read data from conflicting address is unknown
#  Time: 1095000.0ps! Instance: tb_datablockwithfifo.Data_Block_0.Sample_RAM_Block_0.PF_DPSRAM_C5_0.PF_DPSRAM_C5_0.PF_DPSRAM_C5_PF_DPSRAM_C5_0_PF_DPSRAM_R0C36.u0 
#  ** Warning: Port A Write to and Port B Read from the same address at the same time. Read data from conflicting address is unknown
#  Time: 1095000.0ps! Instance: tb_datablockwithfifo.Data_Block_0.Sample_RAM_Block_0.PF_DPSRAM_C5_0.PF_DPSRAM_C5_0.PF_DPSRAM_C5_PF_DPSRAM_C5_0_PF_DPSRAM_R0C3.u0 
#  ** Warning: Port A Write to and Port B Read from the same address at the same time. Read data from conflicting address is unknown
#  Time: 1095000.0ps! Instance: tb_datablockwithfifo.Data_Block_0.Sample_RAM_Block_0.PF_DPSRAM_C5_0.PF_DPSRAM_C5_0.PF_DPSRAM_C5_PF_DPSRAM_C5_0_PF_DPSRAM_R0C32.u0 
#  ** Warning: Port A Write to and Port B Read from the same address at the same time. Read data from conflicting address is unknown
#  Time: 1095000.0ps! Instance: tb_datablockwithfifo.Data_Block_0.Sample_RAM_Block_0.PF_DPSRAM_C5_0.PF_DPSRAM_C5_0.PF_DPSRAM_C5_PF_DPSRAM_C5_0_PF_DPSRAM_R0C61.u0 
#  ** Warning: Port A Write to and Port B Read from the same address at the same time. Read data from conflicting address is unknown
#  Time: 1095000.0ps! Instance: tb_datablockwithfifo.Data_Block_0.Sample_RAM_Block_0.PF_DPSRAM_C5_0.PF_DPSRAM_C5_0.PF_DPSRAM_C5_PF_DPSRAM_C5_0_PF_DPSRAM_R0C33.u0 
#  ** Warning: Port A Write to and Port B Read from the same address at the same time. Read data from conflicting address is unknown
#  Time: 1095000.0ps! Instance: tb_datablockwithfifo.Data_Block_0.Sample_RAM_Block_0.PF_DPSRAM_C5_0.PF_DPSRAM_C5_0.PF_DPSRAM_C5_PF_DPSRAM_C5_0_PF_DPSRAM_R0C6.u0 
#  ** Warning: Port A Write to and Port B Read from the same address at the same time. Read data from conflicting address is unknown
#  Time: 1095000.0ps! Instance: tb_datablockwithfifo.Data_Block_0.Sample_RAM_Block_0.PF_DPSRAM_C5_0.PF_DPSRAM_C5_0.PF_DPSRAM_C5_PF_DPSRAM_C5_0_PF_DPSRAM_R0C62.u0 
#  ** Warning: Port A Write to and Port B Read from the same address at the same time. Read data from conflicting address is unknown
#  Time: 1095000.0ps! Instance: tb_datablockwithfifo.Data_Block_0.Sample_RAM_Block_0.PF_DPSRAM_C5_0.PF_DPSRAM_C5_0.PF_DPSRAM_C5_PF_DPSRAM_C5_0_PF_DPSRAM_R0C14.u0 
#  ** Warning: Port A Write to and Port B Read from the same address at the same time. Read data from conflicting address is unknown
#  Time: 1095000.0ps! Instance: tb_datablockwithfifo.Data_Block_0.Sample_RAM_Block_0.PF_DPSRAM_C5_0.PF_DPSRAM_C5_0.PF_DPSRAM_C5_PF_DPSRAM_C5_0_PF_DPSRAM_R0C41.u0 
#  ** Warning: Port A Write to and Port B Read from the same address at the same time. Read data from conflicting address is unknown
#  Time: 1095000.0ps! Instance: tb_datablockwithfifo.Data_Block_0.Sample_RAM_Block_0.PF_DPSRAM_C5_0.PF_DPSRAM_C5_0.PF_DPSRAM_C5_PF_DPSRAM_C5_0_PF_DPSRAM_R0C63.u0 
#  ** Warning: Port A Write to and Port B Read from the same address at the same time. Read data from conflicting address is unknown
#  Time: 1095000.0ps! Instance: tb_datablockwithfifo.Data_Block_0.Sample_RAM_Block_0.PF_DPSRAM_C5_0.PF_DPSRAM_C5_0.PF_DPSRAM_C5_PF_DPSRAM_C5_0_PF_DPSRAM_R0C54.u0 
#  ** Warning: Port A Write to and Port B Read from the same address at the same time. Read data from conflicting address is unknown
#  Time: 1095000.0ps! Instance: tb_datablockwithfifo.Data_Block_0.Sample_RAM_Block_0.PF_DPSRAM_C5_0.PF_DPSRAM_C5_0.PF_DPSRAM_C5_PF_DPSRAM_C5_0_PF_DPSRAM_R0C45.u0 
#  ** Warning: Port A Write to and Port B Read from the same address at the same time. Read data from conflicting address is unknown
#  Time: 1095000.0ps! Instance: tb_datablockwithfifo.Data_Block_0.Sample_RAM_Block_0.PF_DPSRAM_C5_0.PF_DPSRAM_C5_0.PF_DPSRAM_C5_PF_DPSRAM_C5_0_PF_DPSRAM_R0C46.u0 
#  ** Warning: Port A Write to and Port B Read from the same address at the same time. Read data from conflicting address is unknown
#  Time: 1095000.0ps! Instance: tb_datablockwithfifo.Data_Block_0.Sample_RAM_Block_0.PF_DPSRAM_C5_0.PF_DPSRAM_C5_0.PF_DPSRAM_C5_PF_DPSRAM_C5_0_PF_DPSRAM_R0C8.u0 
#  ** Warning: Port A Write to and Port B Read from the same address at the same time. Read data from conflicting address is unknown
#  Time: 1095000.0ps! Instance: tb_datablockwithfifo.Data_Block_0.Sample_RAM_Block_0.PF_DPSRAM_C5_0.PF_DPSRAM_C5_0.PF_DPSRAM_C5_PF_DPSRAM_C5_0_PF_DPSRAM_R0C19.u0 
#  ** Warning: Port A Write to and Port B Read from the same address at the same time. Read data from conflicting address is unknown
#  Time: 1095000.0ps! Instance: tb_datablockwithfifo.Data_Block_0.Sample_RAM_Block_0.PF_DPSRAM_C5_0.PF_DPSRAM_C5_0.PF_DPSRAM_C5_PF_DPSRAM_C5_0_PF_DPSRAM_R0C30.u0 
#  ** Warning: Port A Write to and Port B Read from the same address at the same time. Read data from conflicting address is unknown
#  Time: 1095000.0ps! Instance: tb_datablockwithfifo.Data_Block_0.Sample_RAM_Block_0.PF_DPSRAM_C5_0.PF_DPSRAM_C5_0.PF_DPSRAM_C5_PF_DPSRAM_C5_0_PF_DPSRAM_R0C4.u0 
#  ** Warning: Port A Write to and Port B Read from the same address at the same time. Read data from conflicting address is unknown
#  Time: 1095000.0ps! Instance: tb_datablockwithfifo.Data_Block_0.Sample_RAM_Block_0.PF_DPSRAM_C5_0.PF_DPSRAM_C5_0.PF_DPSRAM_C5_PF_DPSRAM_C5_0_PF_DPSRAM_R0C38.u0 
#  ** Warning: Port A Write to and Port B Read from the same address at the same time. Read data from conflicting address is unknown
#  Time: 1095000.0ps! Instance: tb_datablockwithfifo.Data_Block_0.Sample_RAM_Block_0.PF_DPSRAM_C5_0.PF_DPSRAM_C5_0.PF_DPSRAM_C5_PF_DPSRAM_C5_0_PF_DPSRAM_R0C42.u0 
#  ** Warning: Port A Write to and Port B Read from the same address at the same time. Read data from conflicting address is unknown
#  Time: 1095000.0ps! Instance: tb_datablockwithfifo.Data_Block_0.Sample_RAM_Block_0.PF_DPSRAM_C5_0.PF_DPSRAM_C5_0.PF_DPSRAM_C5_PF_DPSRAM_C5_0_PF_DPSRAM_R0C21.u0 
#  ** Warning: Port A Write to and Port B Read from the same address at the same time. Read data from conflicting address is unknown
#  Time: 1095000.0ps! Instance: tb_datablockwithfifo.Data_Block_0.Sample_RAM_Block_0.PF_DPSRAM_C5_0.PF_DPSRAM_C5_0.PF_DPSRAM_C5_PF_DPSRAM_C5_0_PF_DPSRAM_R0C25.u0 
#  ** Warning: Port A Write to and Port B Read from the same address at the same time. Read data from conflicting address is unknown
#  Time: 1095000.0ps! Instance: tb_datablockwithfifo.Data_Block_0.Sample_RAM_Block_0.PF_DPSRAM_C5_0.PF_DPSRAM_C5_0.PF_DPSRAM_C5_PF_DPSRAM_C5_0_PF_DPSRAM_R0C26.u0 
#  ** Warning: Port A Write to and Port B Read from the same address at the same time. Read data from conflicting address is unknown
#  Time: 1095000.0ps! Instance: tb_datablockwithfifo.Data_Block_0.Sample_RAM_Block_0.PF_DPSRAM_C5_0.PF_DPSRAM_C5_0.PF_DPSRAM_C5_PF_DPSRAM_C5_0_PF_DPSRAM_R0C43.u0 
#  ** Warning: Port A Write to and Port B Read from the same address at the same time. Read data from conflicting address is unknown
#  Time: 1095000.0ps! Instance: tb_datablockwithfifo.Data_Block_0.Sample_RAM_Block_0.PF_DPSRAM_C5_0.PF_DPSRAM_C5_0.PF_DPSRAM_C5_PF_DPSRAM_C5_0_PF_DPSRAM_R0C59.u0 
#  ** Warning: Port A Write to and Port B Read from the same address at the same time. Read data from conflicting address is unknown
#  Time: 1095000.0ps! Instance: tb_datablockwithfifo.Data_Block_0.Sample_RAM_Block_0.PF_DPSRAM_C5_0.PF_DPSRAM_C5_0.PF_DPSRAM_C5_PF_DPSRAM_C5_0_PF_DPSRAM_R0C60.u0 
#  ** Warning: Port A Write to and Port B Read from the same address at the same time. Read data from conflicting address is unknown
#  Time: 1095000.0ps! Instance: tb_datablockwithfifo.Data_Block_0.Sample_RAM_Block_0.PF_DPSRAM_C5_0.PF_DPSRAM_C5_0.PF_DPSRAM_C5_PF_DPSRAM_C5_0_PF_DPSRAM_R0C2.u0 
#  ** Warning: Port A Write to and Port B Read from the same address at the same time. Read data from conflicting address is unknown
#  Time: 1095000.0ps! Instance: tb_datablockwithfifo.Data_Block_0.Sample_RAM_Block_0.PF_DPSRAM_C5_0.PF_DPSRAM_C5_0.PF_DPSRAM_C5_PF_DPSRAM_C5_0_PF_DPSRAM_R0C22.u0 
#  ** Warning: Port A Write to and Port B Read from the same address at the same time. Read data from conflicting address is unknown
#  Time: 1095000.0ps! Instance: tb_datablockwithfifo.Data_Block_0.Sample_RAM_Block_0.PF_DPSRAM_C5_0.PF_DPSRAM_C5_0.PF_DPSRAM_C5_PF_DPSRAM_C5_0_PF_DPSRAM_R0C37.u0 
#  ** Warning: Port A Write to and Port B Read from the same address at the same time. Read data from conflicting address is unknown
#  Time: 1095000.0ps! Instance: tb_datablockwithfifo.Data_Block_0.Sample_RAM_Block_0.PF_DPSRAM_C5_0.PF_DPSRAM_C5_0.PF_DPSRAM_C5_PF_DPSRAM_C5_0_PF_DPSRAM_R0C23.u0 
# time:             3165000 --> FAIL: Reading when FIFO is Empty
# time:             3165000 --> FAIL: Reading when FIFO is Empty
# time:             3165000 --> FAIL: Reading when FIFO is Empty
# time:             3165000 --> FAIL: Reading when FIFO is Empty
#  ** Warning: Port A Write to and Port B Read from the same address at the same time. Read data from conflicting address is unknown
#  Time: 3165000.0ps! Instance: tb_datablockwithfifo.Data_Block_0.Event_Info_RAM_Block_0.PF_DPSRAM_C7_2_Event_Size.PF_DPSRAM_C7_0.PF_DPSRAM_C7_PF_DPSRAM_C7_0_PF_DPSRAM_R0C0.u0 
#  ** Warning: Port A Write to and Port B Read from the same address at the same time. Read data from conflicting address is unknown
#  Time: 3165000.0ps! Instance: tb_datablockwithfifo.Data_Block_0.Event_Info_RAM_Block_0.PF_DPSRAM_C8_Event_Status_0.PF_DPSRAM_C8_Event_Status_0.PF_DPSRAM_C8_Event_Status_PF_DPSRAM_C8_Event_Status_0_PF_DPSRAM_R0C0.u0 
# time:             3345000 --> FAIL: Reading when FIFO is Empty
# time:             3405000 --> FAIL: Reading when FIFO is Empty
# time:             3465000 --> FAIL: Reading when FIFO is Empty
# time:             3525000 --> FAIL: Reading when FIFO is Empty
# time:             3585000 --> FAIL: Reading when FIFO is Empty
# time:             3665000 --> FAIL: Reading when FIFO is Empty
# time:             3725000 --> FAIL: Reading when FIFO is Empty
# time:             3785000 --> FAIL: Reading when FIFO is Empty
# time:             3845000 --> FAIL: Reading when FIFO is Empty
# time:             3905000 --> FAIL: Reading when FIFO is Empty
# time:             3985000 --> FAIL: Reading when FIFO is Empty
# time:             4045000 --> FAIL: Reading when FIFO is Empty
# time:             4105000 --> FAIL: Reading when FIFO is Empty
# time:             4165000 --> FAIL: Reading when FIFO is Empty
# time:             4225000 --> FAIL: Reading when FIFO is Empty
# time:             4305000 --> FAIL: Reading when FIFO is Empty
# time:             4365000 --> FAIL: Reading when FIFO is Empty
# time:             4425000 --> FAIL: Reading when FIFO is Empty
# time:             4485000 --> FAIL: Reading when FIFO is Empty
# time:             4545000 --> FAIL: Reading when FIFO is Empty
# time:             4625000 --> FAIL: Reading when FIFO is Empty
# time:             4685000 --> FAIL: Reading when FIFO is Empty
# time:             4745000 --> FAIL: Reading when FIFO is Empty
# time:             4805000 --> FAIL: Reading when FIFO is Empty
# time:             4865000 --> FAIL: Reading when FIFO is Empty
# time:             4945000 --> FAIL: Reading when FIFO is Empty
# time:             5005000 --> FAIL: Reading when FIFO is Empty
# time:             5065000 --> FAIL: Reading when FIFO is Empty
# time:             5125000 --> FAIL: Reading when FIFO is Empty
# time:             5185000 --> FAIL: Reading when FIFO is Empty
# time:             5265000 --> FAIL: Reading when FIFO is Empty
# time:             5325000 --> FAIL: Reading when FIFO is Empty
# time:             5385000 --> FAIL: Reading when FIFO is Empty
# time:             5445000 --> FAIL: Reading when FIFO is Empty
# time:             5505000 --> FAIL: Reading when FIFO is Empty
# time:             5585000 --> FAIL: Reading when FIFO is Empty
# time:             5645000 --> FAIL: Reading when FIFO is Empty
# time:             5705000 --> FAIL: Reading when FIFO is Empty
# time:             5765000 --> FAIL: Reading when FIFO is Empty
# time:             5825000 --> FAIL: Reading when FIFO is Empty
# time:             5905000 --> FAIL: Reading when FIFO is Empty
# time:             5965000 --> FAIL: Reading when FIFO is Empty
# time:             6025000 --> FAIL: Reading when FIFO is Empty
# time:             6085000 --> FAIL: Reading when FIFO is Empty
# time:             6145000 --> FAIL: Reading when FIFO is Empty
# time:             6225000 --> FAIL: Reading when FIFO is Empty
# time:             6285000 --> FAIL: Reading when FIFO is Empty
# time:             6345000 --> FAIL: Reading when FIFO is Empty
# time:             6405000 --> FAIL: Reading when FIFO is Empty
# time:             6465000 --> FAIL: Reading when FIFO is Empty
# time:             6545000 --> FAIL: Reading when FIFO is Empty
# time:             6605000 --> FAIL: Reading when FIFO is Empty
# time:             6665000 --> FAIL: Reading when FIFO is Empty
# time:             6725000 --> FAIL: Reading when FIFO is Empty
# time:             6785000 --> FAIL: Reading when FIFO is Empty
# time:             6865000 --> FAIL: Reading when FIFO is Empty
# time:             6925000 --> FAIL: Reading when FIFO is Empty
# time:             6985000 --> FAIL: Reading when FIFO is Empty
# time:             7045000 --> FAIL: Reading when FIFO is Empty
# time:             7105000 --> FAIL: Reading when FIFO is Empty
# time:             7185000 --> FAIL: Reading when FIFO is Empty
# time:             7245000 --> FAIL: Reading when FIFO is Empty
# time:             7305000 --> FAIL: Reading when FIFO is Empty
# time:             7365000 --> FAIL: Reading when FIFO is Empty
# time:             7425000 --> FAIL: Reading when FIFO is Empty
# time:             7505000 --> FAIL: Reading when FIFO is Empty
# time:             7565000 --> FAIL: Reading when FIFO is Empty
# time:             7625000 --> FAIL: Reading when FIFO is Empty
# time:             7705000 --> FAIL: Reading when FIFO is Empty
# time:             8285000 --> FAIL: Reading when FIFO is Empty
# time:             8285000 --> FAIL: Reading when FIFO is Empty
# time:             8285000 --> FAIL: Reading when FIFO is Empty
# time:             8285000 --> FAIL: Reading when FIFO is Empty
#  ** Warning: Port A Write to and Port B Read from the same address at the same time. Read data from conflicting address is unknown
#  Time: 8285000.0ps! Instance: tb_datablockwithfifo.Data_Block_0.Event_Info_RAM_Block_0.PF_DPSRAM_C7_2_Event_Size.PF_DPSRAM_C7_0.PF_DPSRAM_C7_PF_DPSRAM_C7_0_PF_DPSRAM_R0C0.u0 
#  ** Warning: Port A Write to and Port B Read from the same address at the same time. Read data from conflicting address is unknown
#  Time: 8285000.0ps! Instance: tb_datablockwithfifo.Data_Block_0.Event_Info_RAM_Block_0.PF_DPSRAM_C8_Event_Status_0.PF_DPSRAM_C8_Event_Status_0.PF_DPSRAM_C8_Event_Status_PF_DPSRAM_C8_Event_Status_0_PF_DPSRAM_R0C0.u0 
# time:             8465000 --> FAIL: Reading when FIFO is Empty
# time:             8525000 --> FAIL: Reading when FIFO is Empty
# time:             8585000 --> FAIL: Reading when FIFO is Empty
# time:             8645000 --> FAIL: Reading when FIFO is Empty
# time:             8705000 --> FAIL: Reading when FIFO is Empty
# time:             8785000 --> FAIL: Reading when FIFO is Empty
# time:             8845000 --> FAIL: Reading when FIFO is Empty
# time:             8905000 --> FAIL: Reading when FIFO is Empty
# time:             8965000 --> FAIL: Reading when FIFO is Empty
# time:             9025000 --> FAIL: Reading when FIFO is Empty
# time:             9105000 --> FAIL: Reading when FIFO is Empty
# time:             9165000 --> FAIL: Reading when FIFO is Empty
# time:             9225000 --> FAIL: Reading when FIFO is Empty
# time:             9285000 --> FAIL: Reading when FIFO is Empty
# time:             9345000 --> FAIL: Reading when FIFO is Empty
# time:             9425000 --> FAIL: Reading when FIFO is Empty
# time:             9485000 --> FAIL: Reading when FIFO is Empty
# time:             9545000 --> FAIL: Reading when FIFO is Empty
# time:             9605000 --> FAIL: Reading when FIFO is Empty
# time:             9665000 --> FAIL: Reading when FIFO is Empty
# time:             9745000 --> FAIL: Reading when FIFO is Empty
# time:             9805000 --> FAIL: Reading when FIFO is Empty
# time:             9865000 --> FAIL: Reading when FIFO is Empty
# time:             9925000 --> FAIL: Reading when FIFO is Empty
# time:             9985000 --> FAIL: Reading when FIFO is Empty
# time:            10065000 --> FAIL: Reading when FIFO is Empty
# time:            10125000 --> FAIL: Reading when FIFO is Empty
# time:            10185000 --> FAIL: Reading when FIFO is Empty
# time:            10245000 --> FAIL: Reading when FIFO is Empty
# time:            10305000 --> FAIL: Reading when FIFO is Empty
# time:            10385000 --> FAIL: Reading when FIFO is Empty
# time:            10445000 --> FAIL: Reading when FIFO is Empty
# time:            10505000 --> FAIL: Reading when FIFO is Empty
# time:            10565000 --> FAIL: Reading when FIFO is Empty
# time:            10625000 --> FAIL: Reading when FIFO is Empty
# time:            10705000 --> FAIL: Reading when FIFO is Empty
# time:            10765000 --> FAIL: Reading when FIFO is Empty
# time:            10825000 --> FAIL: Reading when FIFO is Empty
# time:            10885000 --> FAIL: Reading when FIFO is Empty
# time:            10945000 --> FAIL: Reading when FIFO is Empty
# time:            11025000 --> FAIL: Reading when FIFO is Empty
# time:            11085000 --> FAIL: Reading when FIFO is Empty
# time:            11145000 --> FAIL: Reading when FIFO is Empty
# time:            11205000 --> FAIL: Reading when FIFO is Empty
# time:            11265000 --> FAIL: Reading when FIFO is Empty
# time:            11345000 --> FAIL: Reading when FIFO is Empty
# time:            11405000 --> FAIL: Reading when FIFO is Empty
# time:            11465000 --> FAIL: Reading when FIFO is Empty
# time:            11525000 --> FAIL: Reading when FIFO is Empty
# time:            11585000 --> FAIL: Reading when FIFO is Empty
# time:            11665000 --> FAIL: Reading when FIFO is Empty
# time:            11725000 --> FAIL: Reading when FIFO is Empty
# time:            11785000 --> FAIL: Reading when FIFO is Empty
# time:            11845000 --> FAIL: Reading when FIFO is Empty
# time:            11905000 --> FAIL: Reading when FIFO is Empty
# time:            11985000 --> FAIL: Reading when FIFO is Empty
# time:            12045000 --> FAIL: Reading when FIFO is Empty
# time:            12105000 --> FAIL: Reading when FIFO is Empty
# time:            12165000 --> FAIL: Reading when FIFO is Empty
# time:            12225000 --> FAIL: Reading when FIFO is Empty
# time:            12305000 --> FAIL: Reading when FIFO is Empty
# time:            12365000 --> FAIL: Reading when FIFO is Empty
# time:            12425000 --> FAIL: Reading when FIFO is Empty
# time:            12485000 --> FAIL: Reading when FIFO is Empty
# time:            12545000 --> FAIL: Reading when FIFO is Empty
# time:            12625000 --> FAIL: Reading when FIFO is Empty
# time:            12685000 --> FAIL: Reading when FIFO is Empty
# time:            12745000 --> FAIL: Reading when FIFO is Empty
# time:            12825000 --> FAIL: Reading when FIFO is Empty
# time:            13405000 --> FAIL: Reading when FIFO is Empty
# time:            13405000 --> FAIL: Reading when FIFO is Empty
# time:            13405000 --> FAIL: Reading when FIFO is Empty
# time:            13405000 --> FAIL: Reading when FIFO is Empty
#  ** Warning: Port A Write to and Port B Read from the same address at the same time. Read data from conflicting address is unknown
#  Time: 13405000.0ps! Instance: tb_datablockwithfifo.Data_Block_0.Event_Info_RAM_Block_0.PF_DPSRAM_C7_2_Event_Size.PF_DPSRAM_C7_0.PF_DPSRAM_C7_PF_DPSRAM_C7_0_PF_DPSRAM_R0C0.u0 
#  ** Warning: Port A Write to and Port B Read from the same address at the same time. Read data from conflicting address is unknown
#  Time: 13405000.0ps! Instance: tb_datablockwithfifo.Data_Block_0.Event_Info_RAM_Block_0.PF_DPSRAM_C8_Event_Status_0.PF_DPSRAM_C8_Event_Status_0.PF_DPSRAM_C8_Event_Status_PF_DPSRAM_C8_Event_Status_0_PF_DPSRAM_R0C0.u0 
# time:            13585000 --> FAIL: Reading when FIFO is Empty
# time:            13645000 --> FAIL: Reading when FIFO is Empty
# time:            13705000 --> FAIL: Reading when FIFO is Empty
# time:            13765000 --> FAIL: Reading when FIFO is Empty
# time:            13825000 --> FAIL: Reading when FIFO is Empty
# time:            13905000 --> FAIL: Reading when FIFO is Empty
# time:            13965000 --> FAIL: Reading when FIFO is Empty
# time:            14025000 --> FAIL: Reading when FIFO is Empty
# time:            14085000 --> FAIL: Reading when FIFO is Empty
# time:            14145000 --> FAIL: Reading when FIFO is Empty
# time:            14225000 --> FAIL: Reading when FIFO is Empty
# time:            14285000 --> FAIL: Reading when FIFO is Empty
# time:            14345000 --> FAIL: Reading when FIFO is Empty
# time:            14405000 --> FAIL: Reading when FIFO is Empty
# time:            14465000 --> FAIL: Reading when FIFO is Empty
# time:            14545000 --> FAIL: Reading when FIFO is Empty
# time:            14605000 --> FAIL: Reading when FIFO is Empty
# time:            14665000 --> FAIL: Reading when FIFO is Empty
# time:            14725000 --> FAIL: Reading when FIFO is Empty
# time:            14785000 --> FAIL: Reading when FIFO is Empty
# time:            14865000 --> FAIL: Reading when FIFO is Empty
# time:            14925000 --> FAIL: Reading when FIFO is Empty
# time:            14985000 --> FAIL: Reading when FIFO is Empty
# time:            15045000 --> FAIL: Reading when FIFO is Empty
# time:            15105000 --> FAIL: Reading when FIFO is Empty
# time:            15185000 --> FAIL: Reading when FIFO is Empty
# time:            15245000 --> FAIL: Reading when FIFO is Empty
# time:            15305000 --> FAIL: Reading when FIFO is Empty
# time:            15365000 --> FAIL: Reading when FIFO is Empty
# time:            15425000 --> FAIL: Reading when FIFO is Empty
# time:            15505000 --> FAIL: Reading when FIFO is Empty
# time:            15565000 --> FAIL: Reading when FIFO is Empty
# time:            15625000 --> FAIL: Reading when FIFO is Empty
# time:            15685000 --> FAIL: Reading when FIFO is Empty
# time:            15745000 --> FAIL: Reading when FIFO is Empty
# time:            15825000 --> FAIL: Reading when FIFO is Empty
# time:            15885000 --> FAIL: Reading when FIFO is Empty
# time:            15945000 --> FAIL: Reading when FIFO is Empty
# time:            16005000 --> FAIL: Reading when FIFO is Empty
# time:            16065000 --> FAIL: Reading when FIFO is Empty
# time:            16145000 --> FAIL: Reading when FIFO is Empty
# time:            16205000 --> FAIL: Reading when FIFO is Empty
# time:            16265000 --> FAIL: Reading when FIFO is Empty
# time:            16325000 --> FAIL: Reading when FIFO is Empty
# time:            16385000 --> FAIL: Reading when FIFO is Empty
# time:            16465000 --> FAIL: Reading when FIFO is Empty
# time:            16525000 --> FAIL: Reading when FIFO is Empty
# time:            16585000 --> FAIL: Reading when FIFO is Empty
# time:            16645000 --> FAIL: Reading when FIFO is Empty
# time:            16705000 --> FAIL: Reading when FIFO is Empty
# time:            16785000 --> FAIL: Reading when FIFO is Empty
# time:            16845000 --> FAIL: Reading when FIFO is Empty
# time:            16905000 --> FAIL: Reading when FIFO is Empty
# time:            16965000 --> FAIL: Reading when FIFO is Empty
# time:            17025000 --> FAIL: Reading when FIFO is Empty
# time:            17105000 --> FAIL: Reading when FIFO is Empty
# time:            17165000 --> FAIL: Reading when FIFO is Empty
# time:            17225000 --> FAIL: Reading when FIFO is Empty
# time:            17285000 --> FAIL: Reading when FIFO is Empty
# time:            17345000 --> FAIL: Reading when FIFO is Empty
# time:            17425000 --> FAIL: Reading when FIFO is Empty
# time:            17485000 --> FAIL: Reading when FIFO is Empty
# time:            17545000 --> FAIL: Reading when FIFO is Empty
# time:            17605000 --> FAIL: Reading when FIFO is Empty
# time:            17665000 --> FAIL: Reading when FIFO is Empty
# time:            17745000 --> FAIL: Reading when FIFO is Empty
# time:            17805000 --> FAIL: Reading when FIFO is Empty
# time:            17865000 --> FAIL: Reading when FIFO is Empty
# time:            17945000 --> FAIL: Reading when FIFO is Empty
#  ** Warning: Port A Write to and Port B Read from the same address at the same time. Read data from conflicting address is unknown
#  Time: 19555000.0ps! Instance: tb_datablockwithfifo.Data_Block_0.Event_Info_RAM_Block_0.PF_DPSRAM_C7_0_Event_Start_ADDR.PF_DPSRAM_C7_0.PF_DPSRAM_C7_PF_DPSRAM_C7_0_PF_DPSRAM_R0C0.u0 
#  ** Warning: Port A Write to and Port B Read from the same address at the same time. Read data from conflicting address is unknown
#  Time: 19555000.0ps! Instance: tb_datablockwithfifo.Data_Block_0.Event_Info_RAM_Block_0.PF_DPSRAM_C7_1_Event_Number.PF_DPSRAM_C7_0.PF_DPSRAM_C7_PF_DPSRAM_C7_0_PF_DPSRAM_R0C0.u0 
#  ** Warning: Port A Write to and Port B Read from the same address at the same time. Read data from conflicting address is unknown
#  Time: 19555000.0ps! Instance: tb_datablockwithfifo.Data_Block_0.Event_Info_RAM_Block_0.PF_DPSRAM_C8_Event_Status_0.PF_DPSRAM_C8_Event_Status_0.PF_DPSRAM_C8_Event_Status_PF_DPSRAM_C8_Event_Status_0_PF_DPSRAM_R0C0.u0 
# time:            20855000 --> FAIL: Reading when FIFO is Empty
# time:            20855000 --> FAIL: Reading when FIFO is Empty
# time:            20855000 --> FAIL: Reading when FIFO is Empty
# time:            20855000 --> FAIL: Reading when FIFO is Empty
#  ** Warning: Port A Write to and Port B Read from the same address at the same time. Read data from conflicting address is unknown
#  Time: 20855000.0ps! Instance: tb_datablockwithfifo.Data_Block_0.Event_Info_RAM_Block_0.PF_DPSRAM_C7_2_Event_Size.PF_DPSRAM_C7_0.PF_DPSRAM_C7_PF_DPSRAM_C7_0_PF_DPSRAM_R0C0.u0 
#  ** Warning: Port A Write to and Port B Read from the same address at the same time. Read data from conflicting address is unknown
#  Time: 20855000.0ps! Instance: tb_datablockwithfifo.Data_Block_0.Event_Info_RAM_Block_0.PF_DPSRAM_C8_Event_Status_0.PF_DPSRAM_C8_Event_Status_0.PF_DPSRAM_C8_Event_Status_PF_DPSRAM_C8_Event_Status_0_PF_DPSRAM_R0C0.u0 
# time:            21035000 --> FAIL: Reading when FIFO is Empty
# time:            21095000 --> FAIL: Reading when FIFO is Empty
# time:            21155000 --> FAIL: Reading when FIFO is Empty
# time:            21215000 --> FAIL: Reading when FIFO is Empty
# time:            21275000 --> FAIL: Reading when FIFO is Empty
# time:            21355000 --> FAIL: Reading when FIFO is Empty
# time:            21415000 --> FAIL: Reading when FIFO is Empty
# time:            21475000 --> FAIL: Reading when FIFO is Empty
# time:            21535000 --> FAIL: Reading when FIFO is Empty
# time:            21595000 --> FAIL: Reading when FIFO is Empty
# time:            21675000 --> FAIL: Reading when FIFO is Empty
# time:            21735000 --> FAIL: Reading when FIFO is Empty
# time:            21795000 --> FAIL: Reading when FIFO is Empty
# time:            21855000 --> FAIL: Reading when FIFO is Empty
# time:            21915000 --> FAIL: Reading when FIFO is Empty
# time:            21995000 --> FAIL: Reading when FIFO is Empty
# time:            22055000 --> FAIL: Reading when FIFO is Empty
# time:            22115000 --> FAIL: Reading when FIFO is Empty
# time:            22175000 --> FAIL: Reading when FIFO is Empty
# time:            22235000 --> FAIL: Reading when FIFO is Empty
# time:            22315000 --> FAIL: Reading when FIFO is Empty
# time:            22375000 --> FAIL: Reading when FIFO is Empty
# time:            22435000 --> FAIL: Reading when FIFO is Empty
# time:            22495000 --> FAIL: Reading when FIFO is Empty
# time:            22555000 --> FAIL: Reading when FIFO is Empty
# time:            22635000 --> FAIL: Reading when FIFO is Empty
# time:            22695000 --> FAIL: Reading when FIFO is Empty
# time:            22755000 --> FAIL: Reading when FIFO is Empty
# time:            22815000 --> FAIL: Reading when FIFO is Empty
# time:            22875000 --> FAIL: Reading when FIFO is Empty
# time:            22955000 --> FAIL: Reading when FIFO is Empty
# time:            23015000 --> FAIL: Reading when FIFO is Empty
# time:            23075000 --> FAIL: Reading when FIFO is Empty
# time:            23135000 --> FAIL: Reading when FIFO is Empty
# time:            23195000 --> FAIL: Reading when FIFO is Empty
# time:            23275000 --> FAIL: Reading when FIFO is Empty
# time:            23335000 --> FAIL: Reading when FIFO is Empty
# time:            23395000 --> FAIL: Reading when FIFO is Empty
# time:            23455000 --> FAIL: Reading when FIFO is Empty
# time:            23515000 --> FAIL: Reading when FIFO is Empty
# time:            23595000 --> FAIL: Reading when FIFO is Empty
# time:            23655000 --> FAIL: Reading when FIFO is Empty
# time:            23735000 --> FAIL: Reading when FIFO is Empty
#  ** Warning: Port A Write to and Port B Read from the same address at the same time. Read data from conflicting address is unknown
#  Time: 24675000.0ps! Instance: tb_datablockwithfifo.Data_Block_0.Event_Info_RAM_Block_0.PF_DPSRAM_C7_0_Event_Start_ADDR.PF_DPSRAM_C7_0.PF_DPSRAM_C7_PF_DPSRAM_C7_0_PF_DPSRAM_R0C0.u0 
#  ** Warning: Port A Write to and Port B Read from the same address at the same time. Read data from conflicting address is unknown
#  Time: 24675000.0ps! Instance: tb_datablockwithfifo.Data_Block_0.Event_Info_RAM_Block_0.PF_DPSRAM_C7_1_Event_Number.PF_DPSRAM_C7_0.PF_DPSRAM_C7_PF_DPSRAM_C7_0_PF_DPSRAM_R0C0.u0 
#  ** Warning: Port A Write to and Port B Read from the same address at the same time. Read data from conflicting address is unknown
#  Time: 24675000.0ps! Instance: tb_datablockwithfifo.Data_Block_0.Event_Info_RAM_Block_0.PF_DPSRAM_C8_Event_Status_0.PF_DPSRAM_C8_Event_Status_0.PF_DPSRAM_C8_Event_Status_PF_DPSRAM_C8_Event_Status_0_PF_DPSRAM_R0C0.u0 
# Break key hit
# Break in Module RAM1K20_IP at $MODEL_TECH/../../Designer/lib/modelsim/precompiled/vlog/src/polarfire.v line 9442
# Error opening C:/VHDL_temp/Digitizer/Digitizer_vhdl/Digitizer/designer/lib/modelsim/precompiled/vlog/src/polarfire.v
# Path name 'C:/VHDL_temp/Digitizer/Digitizer_vhdl/Digitizer/designer/lib/modelsim/precompiled/vlog/src/polarfire.v' doesn't exist.
# End time: 16:20:24 on Aug 19,2023, Elapsed time: 0:04:48
# Errors: 0, Warnings: 12
