# Reading pref.tcl
# do run.do
# INFO: Simulation library presynth already exists
# Model Technology ModelSim Microsemi Pro vmap 2021.3 Lib Mapping Utility 2021.07 Jul 14 2021
# vmap presynth presynth 
# Modifying modelsim.ini
# Model Technology ModelSim Microsemi Pro vmap 2021.3 Lib Mapping Utility 2021.07 Jul 14 2021
# vmap PolarFire C:/Microsemi/Libero_SoC_v2022.1/Designer/lib/modelsimpro/precompiled/vlog/PolarFire 
# Modifying modelsim.ini
# INFO: Simulation library CORESPI_LIB already exists
# Model Technology ModelSim Microsemi Pro vmap 2021.3 Lib Mapping Utility 2021.07 Jul 14 2021
# vmap CORESPI_LIB CORESPI_LIB 
# Modifying modelsim.ini
# Model Technology ModelSim Microsemi Pro vcom 2021.3 Compiler 2021.07 Jul 14 2021
# Start time: 20:49:32 on Apr 20,2024
# vcom -reportprogress 300 -2008 -explicit -work presynth C:/VHDL_temp/Digitizer/Digitizer_vhdl/Digitizer/hdl/Communication_TX_Arbiter2.vhd 
# -- Loading package STANDARD
# -- Loading package TEXTIO
# -- Loading package std_logic_1164
# -- Loading package NUMERIC_STD
# -- Compiling entity Communication_TX_Arbiter2
# -- Compiling architecture rtl of Communication_TX_Arbiter2
# End time: 20:49:32 on Apr 20,2024, Elapsed time: 0:00:00
# Errors: 0, Warnings: 0
# Model Technology ModelSim Microsemi Pro vcom 2021.3 Compiler 2021.07 Jul 14 2021
# Start time: 20:49:32 on Apr 20,2024
# vcom -reportprogress 300 -2008 -explicit -work presynth C:/VHDL_temp/Digitizer/Digitizer_vhdl/Digitizer/hdl/cmd_table.vhd 
# -- Loading package STANDARD
# -- Loading package TEXTIO
# -- Loading package std_logic_1164
# -- Compiling package cmd_table
# End time: 20:49:33 on Apr 20,2024, Elapsed time: 0:00:01
# Errors: 0, Warnings: 0
# Model Technology ModelSim Microsemi Pro vcom 2021.3 Compiler 2021.07 Jul 14 2021
# Start time: 20:49:33 on Apr 20,2024
# vcom -reportprogress 300 -2008 -explicit -work presynth C:/VHDL_temp/Digitizer/Digitizer_vhdl/Digitizer/hdl/cmd_table_trigger.vhd 
# -- Loading package STANDARD
# -- Loading package TEXTIO
# -- Loading package std_logic_1164
# -- Compiling package cmd_table_trigger
# End time: 20:49:33 on Apr 20,2024, Elapsed time: 0:00:00
# Errors: 0, Warnings: 0
# Model Technology ModelSim Microsemi Pro vlog 2021.3 Compiler 2021.07 Jul 14 2021
# Start time: 20:49:33 on Apr 20,2024
# vlog -reportprogress 300 -sv -work presynth C:/VHDL_temp/Digitizer/Digitizer_vhdl/Digitizer/component/work/COREFIFO_C10/COREFIFO_C10_0/rtl/vlog/core/corefifo_fwft.v 
# -- Compiling module COREFIFO_C10_COREFIFO_C10_0_corefifo_fwft
# 
# Top level modules:
# 	COREFIFO_C10_COREFIFO_C10_0_corefifo_fwft
# End time: 20:49:33 on Apr 20,2024, Elapsed time: 0:00:00
# Errors: 0, Warnings: 0
# Model Technology ModelSim Microsemi Pro vlog 2021.3 Compiler 2021.07 Jul 14 2021
# Start time: 20:49:33 on Apr 20,2024
# vlog -reportprogress 300 -sv -work presynth C:/VHDL_temp/Digitizer/Digitizer_vhdl/Digitizer/component/work/COREFIFO_C10/COREFIFO_C10_0/rtl/vlog/core/corefifo_sync_scntr.v 
# -- Compiling module COREFIFO_C10_COREFIFO_C10_0_corefifo_sync_scntr
# 
# Top level modules:
# 	COREFIFO_C10_COREFIFO_C10_0_corefifo_sync_scntr
# End time: 20:49:33 on Apr 20,2024, Elapsed time: 0:00:00
# Errors: 0, Warnings: 0
# Model Technology ModelSim Microsemi Pro vlog 2021.3 Compiler 2021.07 Jul 14 2021
# Start time: 20:49:33 on Apr 20,2024
# vlog -reportprogress 300 -sv -work presynth C:/VHDL_temp/Digitizer/Digitizer_vhdl/Digitizer/component/work/COREFIFO_C10/COREFIFO_C10_0/rtl/vlog/core/corefifo_sync.v 
# -- Compiling module COREFIFO_C10_COREFIFO_C10_0_corefifo_sync
# 
# Top level modules:
# 	COREFIFO_C10_COREFIFO_C10_0_corefifo_sync
# End time: 20:49:33 on Apr 20,2024, Elapsed time: 0:00:00
# Errors: 0, Warnings: 0
# Model Technology ModelSim Microsemi Pro vlog 2021.3 Compiler 2021.07 Jul 14 2021
# Start time: 20:49:33 on Apr 20,2024
# vlog -reportprogress 300 -sv -work presynth C:/VHDL_temp/Digitizer/Digitizer_vhdl/Digitizer/component/work/COREFIFO_C10/COREFIFO_C10_0/rtl/vlog/core/corefifo_NstagesSync.v 
# -- Compiling module COREFIFO_C10_COREFIFO_C10_0_corefifo_NstagesSync
# 
# Top level modules:
# 	COREFIFO_C10_COREFIFO_C10_0_corefifo_NstagesSync
# End time: 20:49:33 on Apr 20,2024, Elapsed time: 0:00:00
# Errors: 0, Warnings: 0
# Model Technology ModelSim Microsemi Pro vlog 2021.3 Compiler 2021.07 Jul 14 2021
# Start time: 20:49:33 on Apr 20,2024
# vlog -reportprogress 300 -sv -work presynth C:/VHDL_temp/Digitizer/Digitizer_vhdl/Digitizer/component/work/COREFIFO_C10/COREFIFO_C10_0/rtl/vlog/core/corefifo_grayToBinConv.v 
# -- Compiling module COREFIFO_C10_COREFIFO_C10_0_corefifo_grayToBinConv
# 
# Top level modules:
# 	COREFIFO_C10_COREFIFO_C10_0_corefifo_grayToBinConv
# End time: 20:49:33 on Apr 20,2024, Elapsed time: 0:00:00
# Errors: 0, Warnings: 0
# Model Technology ModelSim Microsemi Pro vlog 2021.3 Compiler 2021.07 Jul 14 2021
# Start time: 20:49:34 on Apr 20,2024
# vlog -reportprogress 300 -sv -work presynth C:/VHDL_temp/Digitizer/Digitizer_vhdl/Digitizer/component/work/COREFIFO_C10/COREFIFO_C10_0/rtl/vlog/core/corefifo_async.v 
# -- Compiling module COREFIFO_C10_COREFIFO_C10_0_corefifo_async
# 
# Top level modules:
# 	COREFIFO_C10_COREFIFO_C10_0_corefifo_async
# End time: 20:49:34 on Apr 20,2024, Elapsed time: 0:00:00
# Errors: 0, Warnings: 0
# Model Technology ModelSim Microsemi Pro vlog 2021.3 Compiler 2021.07 Jul 14 2021
# Start time: 20:49:34 on Apr 20,2024
# vlog -reportprogress 300 -sv -work presynth C:/VHDL_temp/Digitizer/Digitizer_vhdl/Digitizer/component/work/COREFIFO_C10/COREFIFO_C10_0/rtl/vlog/core/COREFIFO_C10_COREFIFO_C10_0_LSRAM_top.v 
# -- Compiling module COREFIFO_C10_COREFIFO_C10_0_LSRAM_top
# 
# Top level modules:
# 	COREFIFO_C10_COREFIFO_C10_0_LSRAM_top
# End time: 20:49:34 on Apr 20,2024, Elapsed time: 0:00:00
# Errors: 0, Warnings: 0
# Model Technology ModelSim Microsemi Pro vlog 2021.3 Compiler 2021.07 Jul 14 2021
# Start time: 20:49:34 on Apr 20,2024
# vlog -reportprogress 300 -sv -work presynth C:/VHDL_temp/Digitizer/Digitizer_vhdl/Digitizer/component/work/COREFIFO_C10/COREFIFO_C10_0/rtl/vlog/core/COREFIFO_C10_COREFIFO_C10_0_ram_wrapper.v 
# -- Compiling module COREFIFO_C10_COREFIFO_C10_0_ram_wrapper
# 
# Top level modules:
# 	COREFIFO_C10_COREFIFO_C10_0_ram_wrapper
# End time: 20:49:34 on Apr 20,2024, Elapsed time: 0:00:00
# Errors: 0, Warnings: 0
# Model Technology ModelSim Microsemi Pro vlog 2021.3 Compiler 2021.07 Jul 14 2021
# Start time: 20:49:34 on Apr 20,2024
# vlog -reportprogress 300 -sv -work presynth C:/VHDL_temp/Digitizer/Digitizer_vhdl/Digitizer/component/work/COREFIFO_C10/COREFIFO_C10_0/rtl/vlog/core/COREFIFO.v 
# -- Compiling module COREFIFO_C10_COREFIFO_C10_0_COREFIFO
# 
# Top level modules:
# 	COREFIFO_C10_COREFIFO_C10_0_COREFIFO
# End time: 20:49:34 on Apr 20,2024, Elapsed time: 0:00:00
# Errors: 0, Warnings: 0
# Model Technology ModelSim Microsemi Pro vlog 2021.3 Compiler 2021.07 Jul 14 2021
# Start time: 20:49:34 on Apr 20,2024
# vlog -reportprogress 300 -sv -work presynth C:/VHDL_temp/Digitizer/Digitizer_vhdl/Digitizer/component/work/COREFIFO_C10/COREFIFO_C10.v 
# -- Compiling module COREFIFO_C10
# 
# Top level modules:
# 	COREFIFO_C10
# End time: 20:49:34 on Apr 20,2024, Elapsed time: 0:00:00
# Errors: 0, Warnings: 0
# Model Technology ModelSim Microsemi Pro vcom 2021.3 Compiler 2021.07 Jul 14 2021
# Start time: 20:49:34 on Apr 20,2024
# vcom -reportprogress 300 -2008 -explicit -work presynth C:/VHDL_temp/Digitizer/Digitizer_vhdl/Digitizer/hdl/Communication_Builder.vhd 
# -- Loading package STANDARD
# -- Loading package TEXTIO
# -- Loading package std_logic_1164
# -- Loading package NUMERIC_STD
# -- Loading package cmd_table
# -- Compiling entity Communication_Builder
# -- Compiling architecture rtl of Communication_Builder
# End time: 20:49:34 on Apr 20,2024, Elapsed time: 0:00:00
# Errors: 0, Warnings: 0
# Model Technology ModelSim Microsemi Pro vcom 2021.3 Compiler 2021.07 Jul 14 2021
# Start time: 20:49:35 on Apr 20,2024
# vcom -reportprogress 300 -2008 -explicit -work presynth C:/VHDL_temp/Digitizer/Digitizer_vhdl/Digitizer/hdl/DataRamManage.vhd 
# -- Loading package STANDARD
# -- Loading package TEXTIO
# -- Loading package std_logic_1164
# -- Loading package NUMERIC_STD
# -- Compiling entity DataRamManage
# -- Compiling architecture arch of DataRamManage
# End time: 20:49:35 on Apr 20,2024, Elapsed time: 0:00:00
# Errors: 0, Warnings: 0
# Model Technology ModelSim Microsemi Pro vlog 2021.3 Compiler 2021.07 Jul 14 2021
# Start time: 20:49:35 on Apr 20,2024
# vlog -reportprogress 300 -sv -work presynth C:/VHDL_temp/Digitizer/Digitizer_vhdl/Digitizer/component/work/PF_DPSRAM_C7/PF_DPSRAM_C7_0/PF_DPSRAM_C7_PF_DPSRAM_C7_0_PF_DPSRAM.v 
# -- Compiling module PF_DPSRAM_C7_PF_DPSRAM_C7_0_PF_DPSRAM
# 
# Top level modules:
# 	PF_DPSRAM_C7_PF_DPSRAM_C7_0_PF_DPSRAM
# End time: 20:49:35 on Apr 20,2024, Elapsed time: 0:00:00
# Errors: 0, Warnings: 0
# Model Technology ModelSim Microsemi Pro vlog 2021.3 Compiler 2021.07 Jul 14 2021
# Start time: 20:49:35 on Apr 20,2024
# vlog -reportprogress 300 -sv -work presynth C:/VHDL_temp/Digitizer/Digitizer_vhdl/Digitizer/component/work/PF_DPSRAM_C7/PF_DPSRAM_C7.v 
# -- Compiling module PF_DPSRAM_C7
# 
# Top level modules:
# 	PF_DPSRAM_C7
# End time: 20:49:35 on Apr 20,2024, Elapsed time: 0:00:00
# Errors: 0, Warnings: 0
# Model Technology ModelSim Microsemi Pro vlog 2021.3 Compiler 2021.07 Jul 14 2021
# Start time: 20:49:35 on Apr 20,2024
# vlog -reportprogress 300 -sv -work presynth C:/VHDL_temp/Digitizer/Digitizer_vhdl/Digitizer/component/work/PF_DPSRAM_C8_Event_Status/PF_DPSRAM_C8_Event_Status_0/PF_DPSRAM_C8_Event_Status_PF_DPSRAM_C8_Event_Status_0_PF_DPSRAM.v 
# -- Compiling module PF_DPSRAM_C8_Event_Status_PF_DPSRAM_C8_Event_Status_0_PF_DPSRAM
# 
# Top level modules:
# 	PF_DPSRAM_C8_Event_Status_PF_DPSRAM_C8_Event_Status_0_PF_DPSRAM
# End time: 20:49:35 on Apr 20,2024, Elapsed time: 0:00:00
# Errors: 0, Warnings: 0
# Model Technology ModelSim Microsemi Pro vlog 2021.3 Compiler 2021.07 Jul 14 2021
# Start time: 20:49:35 on Apr 20,2024
# vlog -reportprogress 300 -sv -work presynth C:/VHDL_temp/Digitizer/Digitizer_vhdl/Digitizer/component/work/PF_DPSRAM_C8_Event_Status/PF_DPSRAM_C8_Event_Status.v 
# -- Compiling module PF_DPSRAM_C8_Event_Status
# 
# Top level modules:
# 	PF_DPSRAM_C8_Event_Status
# End time: 20:49:35 on Apr 20,2024, Elapsed time: 0:00:00
# Errors: 0, Warnings: 0
# Model Technology ModelSim Microsemi Pro vlog 2021.3 Compiler 2021.07 Jul 14 2021
# Start time: 20:49:35 on Apr 20,2024
# vlog -reportprogress 300 -sv -work presynth C:/VHDL_temp/Digitizer/Digitizer_vhdl/Digitizer/component/work/Event_Info_RAM_Block/Event_Info_RAM_Block.v 
# -- Compiling module Event_Info_RAM_Block
# 
# Top level modules:
# 	Event_Info_RAM_Block
# End time: 20:49:35 on Apr 20,2024, Elapsed time: 0:00:00
# Errors: 0, Warnings: 0
# Model Technology ModelSim Microsemi Pro vcom 2021.3 Compiler 2021.07 Jul 14 2021
# Start time: 20:49:35 on Apr 20,2024
# vcom -reportprogress 300 -2008 -explicit -work presynth C:/VHDL_temp/Digitizer/Digitizer_vhdl/Digitizer/hdl/FIFOs_Reader.vhd 
# -- Loading package STANDARD
# -- Loading package TEXTIO
# -- Loading package std_logic_1164
# -- Loading package NUMERIC_STD
# -- Compiling entity FIFOs_Reader
# -- Compiling architecture rtl of FIFOs_Reader
# End time: 20:49:36 on Apr 20,2024, Elapsed time: 0:00:01
# Errors: 0, Warnings: 0
# Model Technology ModelSim Microsemi Pro vlog 2021.3 Compiler 2021.07 Jul 14 2021
# Start time: 20:49:36 on Apr 20,2024
# vlog -reportprogress 300 -sv -work presynth C:/VHDL_temp/Digitizer/Digitizer_vhdl/Digitizer/component/work/COREFIFO_C4/COREFIFO_C4_0/rtl/vlog/core/corefifo_NstagesSync.v 
# -- Compiling module COREFIFO_C4_COREFIFO_C4_0_corefifo_NstagesSync
# 
# Top level modules:
# 	COREFIFO_C4_COREFIFO_C4_0_corefifo_NstagesSync
# End time: 20:49:36 on Apr 20,2024, Elapsed time: 0:00:00
# Errors: 0, Warnings: 0
# Model Technology ModelSim Microsemi Pro vlog 2021.3 Compiler 2021.07 Jul 14 2021
# Start time: 20:49:36 on Apr 20,2024
# vlog -reportprogress 300 -sv -work presynth C:/VHDL_temp/Digitizer/Digitizer_vhdl/Digitizer/component/work/COREFIFO_C4/COREFIFO_C4_0/rtl/vlog/core/corefifo_grayToBinConv.v 
# -- Compiling module COREFIFO_C4_COREFIFO_C4_0_corefifo_grayToBinConv
# 
# Top level modules:
# 	COREFIFO_C4_COREFIFO_C4_0_corefifo_grayToBinConv
# End time: 20:49:36 on Apr 20,2024, Elapsed time: 0:00:00
# Errors: 0, Warnings: 0
# Model Technology ModelSim Microsemi Pro vlog 2021.3 Compiler 2021.07 Jul 14 2021
# Start time: 20:49:36 on Apr 20,2024
# vlog -reportprogress 300 -sv -work presynth C:/VHDL_temp/Digitizer/Digitizer_vhdl/Digitizer/component/work/COREFIFO_C4/COREFIFO_C4_0/rtl/vlog/core/corefifo_async.v 
# -- Compiling module COREFIFO_C4_COREFIFO_C4_0_corefifo_async
# 
# Top level modules:
# 	COREFIFO_C4_COREFIFO_C4_0_corefifo_async
# End time: 20:49:36 on Apr 20,2024, Elapsed time: 0:00:00
# Errors: 0, Warnings: 0
# Model Technology ModelSim Microsemi Pro vlog 2021.3 Compiler 2021.07 Jul 14 2021
# Start time: 20:49:36 on Apr 20,2024
# vlog -reportprogress 300 -sv -work presynth C:/VHDL_temp/Digitizer/Digitizer_vhdl/Digitizer/component/work/COREFIFO_C4/COREFIFO_C4_0/rtl/vlog/core/corefifo_sync.v 
# -- Compiling module COREFIFO_C4_COREFIFO_C4_0_corefifo_sync
# 
# Top level modules:
# 	COREFIFO_C4_COREFIFO_C4_0_corefifo_sync
# End time: 20:49:36 on Apr 20,2024, Elapsed time: 0:00:00
# Errors: 0, Warnings: 0
# Model Technology ModelSim Microsemi Pro vlog 2021.3 Compiler 2021.07 Jul 14 2021
# Start time: 20:49:36 on Apr 20,2024
# vlog -reportprogress 300 -sv -work presynth C:/VHDL_temp/Digitizer/Digitizer_vhdl/Digitizer/component/work/COREFIFO_C4/COREFIFO_C4_0/rtl/vlog/core/corefifo_fwft.v 
# -- Compiling module COREFIFO_C4_COREFIFO_C4_0_corefifo_fwft
# 
# Top level modules:
# 	COREFIFO_C4_COREFIFO_C4_0_corefifo_fwft
# End time: 20:49:37 on Apr 20,2024, Elapsed time: 0:00:01
# Errors: 0, Warnings: 0
# Model Technology ModelSim Microsemi Pro vlog 2021.3 Compiler 2021.07 Jul 14 2021
# Start time: 20:49:37 on Apr 20,2024
# vlog -reportprogress 300 -sv -work presynth C:/VHDL_temp/Digitizer/Digitizer_vhdl/Digitizer/component/work/COREFIFO_C4/COREFIFO_C4_0/rtl/vlog/core/corefifo_sync_scntr.v 
# -- Compiling module COREFIFO_C4_COREFIFO_C4_0_corefifo_sync_scntr
# 
# Top level modules:
# 	COREFIFO_C4_COREFIFO_C4_0_corefifo_sync_scntr
# End time: 20:49:37 on Apr 20,2024, Elapsed time: 0:00:00
# Errors: 0, Warnings: 0
# Model Technology ModelSim Microsemi Pro vlog 2021.3 Compiler 2021.07 Jul 14 2021
# Start time: 20:49:37 on Apr 20,2024
# vlog -reportprogress 300 -sv -work presynth C:/VHDL_temp/Digitizer/Digitizer_vhdl/Digitizer/component/work/COREFIFO_C4/COREFIFO_C4_0/rtl/vlog/core/COREFIFO_C4_COREFIFO_C4_0_LSRAM_top.v 
# -- Compiling module COREFIFO_C4_COREFIFO_C4_0_LSRAM_top
# 
# Top level modules:
# 	COREFIFO_C4_COREFIFO_C4_0_LSRAM_top
# End time: 20:49:37 on Apr 20,2024, Elapsed time: 0:00:00
# Errors: 0, Warnings: 0
# Model Technology ModelSim Microsemi Pro vlog 2021.3 Compiler 2021.07 Jul 14 2021
# Start time: 20:49:37 on Apr 20,2024
# vlog -reportprogress 300 -sv -work presynth C:/VHDL_temp/Digitizer/Digitizer_vhdl/Digitizer/component/work/COREFIFO_C4/COREFIFO_C4_0/rtl/vlog/core/COREFIFO_C4_COREFIFO_C4_0_ram_wrapper.v 
# -- Compiling module COREFIFO_C4_COREFIFO_C4_0_ram_wrapper
# 
# Top level modules:
# 	COREFIFO_C4_COREFIFO_C4_0_ram_wrapper
# End time: 20:49:37 on Apr 20,2024, Elapsed time: 0:00:00
# Errors: 0, Warnings: 0
# Model Technology ModelSim Microsemi Pro vlog 2021.3 Compiler 2021.07 Jul 14 2021
# Start time: 20:49:37 on Apr 20,2024
# vlog -reportprogress 300 -sv -work presynth C:/VHDL_temp/Digitizer/Digitizer_vhdl/Digitizer/component/work/COREFIFO_C4/COREFIFO_C4_0/rtl/vlog/core/COREFIFO.v 
# -- Compiling module COREFIFO_C4_COREFIFO_C4_0_COREFIFO
# 
# Top level modules:
# 	COREFIFO_C4_COREFIFO_C4_0_COREFIFO
# End time: 20:49:37 on Apr 20,2024, Elapsed time: 0:00:00
# Errors: 0, Warnings: 0
# Model Technology ModelSim Microsemi Pro vlog 2021.3 Compiler 2021.07 Jul 14 2021
# Start time: 20:49:37 on Apr 20,2024
# vlog -reportprogress 300 -sv -work presynth C:/VHDL_temp/Digitizer/Digitizer_vhdl/Digitizer/component/work/COREFIFO_C4/COREFIFO_C4.v 
# -- Compiling module COREFIFO_C4
# 
# Top level modules:
# 	COREFIFO_C4
# End time: 20:49:38 on Apr 20,2024, Elapsed time: 0:00:01
# Errors: 0, Warnings: 0
# Model Technology ModelSim Microsemi Pro vcom 2021.3 Compiler 2021.07 Jul 14 2021
# Start time: 20:49:38 on Apr 20,2024
# vcom -reportprogress 300 -2008 -explicit -work presynth C:/VHDL_temp/Digitizer/Digitizer_vhdl/Digitizer/hdl/Trigger_Unit.vhd 
# -- Loading package STANDARD
# -- Loading package TEXTIO
# -- Loading package std_logic_1164
# -- Loading package NUMERIC_STD
# -- Compiling entity Trigger_Unit
# -- Compiling architecture rtl of Trigger_Unit
# End time: 20:49:38 on Apr 20,2024, Elapsed time: 0:00:00
# Errors: 0, Warnings: 0
# Model Technology ModelSim Microsemi Pro vlog 2021.3 Compiler 2021.07 Jul 14 2021
# Start time: 20:49:38 on Apr 20,2024
# vlog -reportprogress 300 -sv -work presynth C:/VHDL_temp/Digitizer/Digitizer_vhdl/Digitizer/component/work/Input_Data_Part/Input_Data_Part.v 
# -- Compiling module Input_Data_Part
# 
# Top level modules:
# 	Input_Data_Part
# End time: 20:49:38 on Apr 20,2024, Elapsed time: 0:00:00
# Errors: 0, Warnings: 0
# Model Technology ModelSim Microsemi Pro vlog 2021.3 Compiler 2021.07 Jul 14 2021
# Start time: 20:49:38 on Apr 20,2024
# vlog -reportprogress 300 -sv -work presynth C:/VHDL_temp/Digitizer/Digitizer_vhdl/Digitizer/component/work/PF_DPSRAM_C5/PF_DPSRAM_C5_0/PF_DPSRAM_C5_PF_DPSRAM_C5_0_PF_DPSRAM.v 
# -- Compiling module PF_DPSRAM_C5_PF_DPSRAM_C5_0_PF_DPSRAM
# 
# Top level modules:
# 	PF_DPSRAM_C5_PF_DPSRAM_C5_0_PF_DPSRAM
# End time: 20:49:38 on Apr 20,2024, Elapsed time: 0:00:00
# Errors: 0, Warnings: 0
# Model Technology ModelSim Microsemi Pro vlog 2021.3 Compiler 2021.07 Jul 14 2021
# Start time: 20:49:38 on Apr 20,2024
# vlog -reportprogress 300 -sv -work presynth C:/VHDL_temp/Digitizer/Digitizer_vhdl/Digitizer/component/work/PF_DPSRAM_C5/PF_DPSRAM_C5.v 
# -- Compiling module PF_DPSRAM_C5
# 
# Top level modules:
# 	PF_DPSRAM_C5
# End time: 20:49:39 on Apr 20,2024, Elapsed time: 0:00:01
# Errors: 0, Warnings: 0
# Model Technology ModelSim Microsemi Pro vcom 2021.3 Compiler 2021.07 Jul 14 2021
# Start time: 20:49:39 on Apr 20,2024
# vcom -reportprogress 300 -2008 -explicit -work presynth C:/VHDL_temp/Digitizer/Digitizer_vhdl/Digitizer/hdl/Sample_RAM_Block_Decoder.vhd 
# -- Loading package STANDARD
# -- Loading package TEXTIO
# -- Loading package std_logic_1164
# -- Loading package NUMERIC_STD
# -- Compiling entity Sample_RAM_Block_Decoder
# -- Compiling architecture rtl of Sample_RAM_Block_Decoder
# End time: 20:49:39 on Apr 20,2024, Elapsed time: 0:00:00
# Errors: 0, Warnings: 0
# Model Technology ModelSim Microsemi Pro vcom 2021.3 Compiler 2021.07 Jul 14 2021
# Start time: 20:49:39 on Apr 20,2024
# vcom -reportprogress 300 -2008 -explicit -work presynth C:/VHDL_temp/Digitizer/Digitizer_vhdl/Digitizer/hdl/Sample_RAM_Block_MUX.vhd 
# -- Loading package STANDARD
# -- Loading package TEXTIO
# -- Loading package std_logic_1164
# -- Loading package NUMERIC_STD
# -- Compiling entity Sample_RAM_Block_MUX
# -- Compiling architecture rtl of Sample_RAM_Block_MUX
# End time: 20:49:39 on Apr 20,2024, Elapsed time: 0:00:00
# Errors: 0, Warnings: 0
# Model Technology ModelSim Microsemi Pro vlog 2021.3 Compiler 2021.07 Jul 14 2021
# Start time: 20:49:39 on Apr 20,2024
# vlog -reportprogress 300 -sv -work presynth C:/VHDL_temp/Digitizer/Digitizer_vhdl/Digitizer/component/work/Sample_RAM_Block/Sample_RAM_Block.v 
# -- Compiling module Sample_RAM_Block
# 
# Top level modules:
# 	Sample_RAM_Block
# End time: 20:49:39 on Apr 20,2024, Elapsed time: 0:00:00
# Errors: 0, Warnings: 0
# Model Technology ModelSim Microsemi Pro vlog 2021.3 Compiler 2021.07 Jul 14 2021
# Start time: 20:49:39 on Apr 20,2024
# vlog -reportprogress 300 -sv -work presynth C:/VHDL_temp/Digitizer/Digitizer_vhdl/Digitizer/component/work/COREFIFO_C5/COREFIFO_C5_0/rtl/vlog/core/corefifo_NstagesSync.v 
# -- Compiling module COREFIFO_C5_COREFIFO_C5_0_corefifo_NstagesSync
# 
# Top level modules:
# 	COREFIFO_C5_COREFIFO_C5_0_corefifo_NstagesSync
# End time: 20:49:39 on Apr 20,2024, Elapsed time: 0:00:00
# Errors: 0, Warnings: 0
# Model Technology ModelSim Microsemi Pro vlog 2021.3 Compiler 2021.07 Jul 14 2021
# Start time: 20:49:39 on Apr 20,2024
# vlog -reportprogress 300 -sv -work presynth C:/VHDL_temp/Digitizer/Digitizer_vhdl/Digitizer/component/work/COREFIFO_C5/COREFIFO_C5_0/rtl/vlog/core/corefifo_grayToBinConv.v 
# -- Compiling module COREFIFO_C5_COREFIFO_C5_0_corefifo_grayToBinConv
# 
# Top level modules:
# 	COREFIFO_C5_COREFIFO_C5_0_corefifo_grayToBinConv
# End time: 20:49:39 on Apr 20,2024, Elapsed time: 0:00:00
# Errors: 0, Warnings: 0
# Model Technology ModelSim Microsemi Pro vlog 2021.3 Compiler 2021.07 Jul 14 2021
# Start time: 20:49:39 on Apr 20,2024
# vlog -reportprogress 300 -sv -work presynth C:/VHDL_temp/Digitizer/Digitizer_vhdl/Digitizer/component/work/COREFIFO_C5/COREFIFO_C5_0/rtl/vlog/core/corefifo_async.v 
# -- Compiling module COREFIFO_C5_COREFIFO_C5_0_corefifo_async
# 
# Top level modules:
# 	COREFIFO_C5_COREFIFO_C5_0_corefifo_async
# End time: 20:49:40 on Apr 20,2024, Elapsed time: 0:00:01
# Errors: 0, Warnings: 0
# Model Technology ModelSim Microsemi Pro vlog 2021.3 Compiler 2021.07 Jul 14 2021
# Start time: 20:49:40 on Apr 20,2024
# vlog -reportprogress 300 -sv -work presynth C:/VHDL_temp/Digitizer/Digitizer_vhdl/Digitizer/component/work/COREFIFO_C5/COREFIFO_C5_0/rtl/vlog/core/corefifo_sync.v 
# -- Compiling module COREFIFO_C5_COREFIFO_C5_0_corefifo_sync
# 
# Top level modules:
# 	COREFIFO_C5_COREFIFO_C5_0_corefifo_sync
# End time: 20:49:40 on Apr 20,2024, Elapsed time: 0:00:00
# Errors: 0, Warnings: 0
# Model Technology ModelSim Microsemi Pro vlog 2021.3 Compiler 2021.07 Jul 14 2021
# Start time: 20:49:40 on Apr 20,2024
# vlog -reportprogress 300 -sv -work presynth C:/VHDL_temp/Digitizer/Digitizer_vhdl/Digitizer/component/work/COREFIFO_C5/COREFIFO_C5_0/rtl/vlog/core/corefifo_fwft.v 
# -- Compiling module COREFIFO_C5_COREFIFO_C5_0_corefifo_fwft
# 
# Top level modules:
# 	COREFIFO_C5_COREFIFO_C5_0_corefifo_fwft
# End time: 20:49:40 on Apr 20,2024, Elapsed time: 0:00:00
# Errors: 0, Warnings: 0
# Model Technology ModelSim Microsemi Pro vlog 2021.3 Compiler 2021.07 Jul 14 2021
# Start time: 20:49:40 on Apr 20,2024
# vlog -reportprogress 300 -sv -work presynth C:/VHDL_temp/Digitizer/Digitizer_vhdl/Digitizer/component/work/COREFIFO_C5/COREFIFO_C5_0/rtl/vlog/core/corefifo_sync_scntr.v 
# -- Compiling module COREFIFO_C5_COREFIFO_C5_0_corefifo_sync_scntr
# 
# Top level modules:
# 	COREFIFO_C5_COREFIFO_C5_0_corefifo_sync_scntr
# End time: 20:49:40 on Apr 20,2024, Elapsed time: 0:00:00
# Errors: 0, Warnings: 0
# Model Technology ModelSim Microsemi Pro vlog 2021.3 Compiler 2021.07 Jul 14 2021
# Start time: 20:49:40 on Apr 20,2024
# vlog -reportprogress 300 -sv -work presynth C:/VHDL_temp/Digitizer/Digitizer_vhdl/Digitizer/component/work/COREFIFO_C5/COREFIFO_C5_0/rtl/vlog/core/COREFIFO_C5_COREFIFO_C5_0_LSRAM_top.v 
# -- Compiling module COREFIFO_C5_COREFIFO_C5_0_LSRAM_top
# 
# Top level modules:
# 	COREFIFO_C5_COREFIFO_C5_0_LSRAM_top
# End time: 20:49:40 on Apr 20,2024, Elapsed time: 0:00:00
# Errors: 0, Warnings: 0
# Model Technology ModelSim Microsemi Pro vlog 2021.3 Compiler 2021.07 Jul 14 2021
# Start time: 20:49:40 on Apr 20,2024
# vlog -reportprogress 300 -sv -work presynth C:/VHDL_temp/Digitizer/Digitizer_vhdl/Digitizer/component/work/COREFIFO_C5/COREFIFO_C5_0/rtl/vlog/core/COREFIFO_C5_COREFIFO_C5_0_ram_wrapper.v 
# -- Compiling module COREFIFO_C5_COREFIFO_C5_0_ram_wrapper
# 
# Top level modules:
# 	COREFIFO_C5_COREFIFO_C5_0_ram_wrapper
# End time: 20:49:40 on Apr 20,2024, Elapsed time: 0:00:00
# Errors: 0, Warnings: 0
# Model Technology ModelSim Microsemi Pro vlog 2021.3 Compiler 2021.07 Jul 14 2021
# Start time: 20:49:40 on Apr 20,2024
# vlog -reportprogress 300 -sv -work presynth C:/VHDL_temp/Digitizer/Digitizer_vhdl/Digitizer/component/work/COREFIFO_C5/COREFIFO_C5_0/rtl/vlog/core/COREFIFO.v 
# -- Compiling module COREFIFO_C5_COREFIFO_C5_0_COREFIFO
# 
# Top level modules:
# 	COREFIFO_C5_COREFIFO_C5_0_COREFIFO
# End time: 20:49:41 on Apr 20,2024, Elapsed time: 0:00:01
# Errors: 0, Warnings: 0
# Model Technology ModelSim Microsemi Pro vlog 2021.3 Compiler 2021.07 Jul 14 2021
# Start time: 20:49:41 on Apr 20,2024
# vlog -reportprogress 300 -sv -work presynth C:/VHDL_temp/Digitizer/Digitizer_vhdl/Digitizer/component/work/COREFIFO_C5/COREFIFO_C5.v 
# -- Compiling module COREFIFO_C5
# 
# Top level modules:
# 	COREFIFO_C5
# End time: 20:49:41 on Apr 20,2024, Elapsed time: 0:00:00
# Errors: 0, Warnings: 0
# Model Technology ModelSim Microsemi Pro vcom 2021.3 Compiler 2021.07 Jul 14 2021
# Start time: 20:49:41 on Apr 20,2024
# vcom -reportprogress 300 -2008 -explicit -work presynth C:/VHDL_temp/Digitizer/Digitizer_vhdl/Digitizer/hdl/Trigger_Control.vhd 
# -- Loading package STANDARD
# -- Loading package TEXTIO
# -- Loading package std_logic_1164
# -- Loading package NUMERIC_STD
# -- Loading package cmd_table_trigger
# -- Compiling entity Trigger_Control
# -- Compiling architecture rtl of Trigger_Control
# End time: 20:49:41 on Apr 20,2024, Elapsed time: 0:00:00
# Errors: 0, Warnings: 0
# Model Technology ModelSim Microsemi Pro vcom 2021.3 Compiler 2021.07 Jul 14 2021
# Start time: 20:49:41 on Apr 20,2024
# vcom -reportprogress 300 -2008 -explicit -work presynth C:/VHDL_temp/Digitizer/Digitizer_vhdl/Digitizer/hdl/Trigger_Main.vhd 
# -- Loading package STANDARD
# -- Loading package TEXTIO
# -- Loading package std_logic_1164
# -- Loading package NUMERIC_STD
# -- Compiling entity Trigger_Main
# -- Compiling architecture rtl of Trigger_Main
# End time: 20:49:41 on Apr 20,2024, Elapsed time: 0:00:00
# Errors: 0, Warnings: 0
# Model Technology ModelSim Microsemi Pro vcom 2021.3 Compiler 2021.07 Jul 14 2021
# Start time: 20:49:41 on Apr 20,2024
# vcom -reportprogress 300 -2008 -explicit -work presynth C:/VHDL_temp/Digitizer/Digitizer_vhdl/Digitizer/hdl/EventFifoFreeLogic.vhd 
# -- Loading package STANDARD
# -- Loading package TEXTIO
# -- Loading package std_logic_1164
# -- Loading package NUMERIC_STD
# -- Compiling entity EventFifoFreeLogic
# -- Compiling architecture arch of EventFifoFreeLogic
# End time: 20:49:41 on Apr 20,2024, Elapsed time: 0:00:00
# Errors: 0, Warnings: 0
# Model Technology ModelSim Microsemi Pro vlog 2021.3 Compiler 2021.07 Jul 14 2021
# Start time: 20:49:41 on Apr 20,2024
# vlog -reportprogress 300 -sv -work presynth C:/VHDL_temp/Digitizer/Digitizer_vhdl/Digitizer/component/work/Trigger_Top_Part/Trigger_Top_Part.v 
# -- Compiling module Trigger_Top_Part
# 
# Top level modules:
# 	Trigger_Top_Part
# End time: 20:49:41 on Apr 20,2024, Elapsed time: 0:00:00
# Errors: 0, Warnings: 0
# Model Technology ModelSim Microsemi Pro vlog 2021.3 Compiler 2021.07 Jul 14 2021
# Start time: 20:49:41 on Apr 20,2024
# vlog -reportprogress 300 -sv -work presynth C:/VHDL_temp/Digitizer/Digitizer_vhdl/Digitizer/component/work/Data_Block/Data_Block.v 
# -- Compiling module Data_Block
# 
# Top level modules:
# 	Data_Block
# End time: 20:49:42 on Apr 20,2024, Elapsed time: 0:00:01
# Errors: 0, Warnings: 0
# Model Technology ModelSim Microsemi Pro vcom 2021.3 Compiler 2021.07 Jul 14 2021
# Start time: 20:49:42 on Apr 20,2024
# vcom -reportprogress 300 -2008 -explicit -work presynth C:/VHDL_temp/Digitizer/Digitizer_vhdl/Digitizer/hdl/Test_Generator_for_Lanes.vhd 
# -- Loading package STANDARD
# -- Loading package TEXTIO
# -- Loading package std_logic_1164
# -- Loading package NUMERIC_STD
# -- Compiling entity Test_Generator_for_Lanes
# -- Compiling architecture rtl of Test_Generator_for_Lanes
# End time: 20:49:42 on Apr 20,2024, Elapsed time: 0:00:00
# Errors: 0, Warnings: 0
# Model Technology ModelSim Microsemi Pro vcom 2021.3 Compiler 2021.07 Jul 14 2021
# Start time: 20:49:42 on Apr 20,2024
# vcom -reportprogress 300 -2008 -explicit -work presynth C:/VHDL_temp/Digitizer/Digitizer_vhdl/Digitizer/stimulus/TB_Data_Block.vhd 
# -- Loading package STANDARD
# -- Loading package TEXTIO
# -- Loading package std_logic_1164
# -- Loading package NUMERIC_STD
# -- Loading package std_logic_textio
# -- Loading package cmd_table_trigger
# -- Compiling entity TB_Data_Block
# -- Compiling architecture behavioral of TB_Data_Block
# End time: 20:49:42 on Apr 20,2024, Elapsed time: 0:00:00
# Errors: 0, Warnings: 0
# vsim -L PolarFire -L presynth -L CORESPI_LIB -t 1ps -pli "C:/Microsemi/Libero_SoC_v2022.1/Designer/lib/modelsimpro/pli/pf_crypto_win_me_pli.dll" presynth.TB_Data_Block -gSIM_PA5M300T=0 
# Start time: 20:49:42 on Apr 20,2024
# //  ModelSim Microsemi Pro 2021.3 Jul 14 2021
# //
# //  Copyright 1991-2021 Mentor Graphics Corporation
# //  All Rights Reserved.
# //
# //  ModelSim Microsemi Pro and its associated documentation contain trade
# //  secrets and commercial or financial information that are the property of
# //  Mentor Graphics Corporation and are privileged, confidential,
# //  and exempt from disclosure under the Freedom of Information Act,
# //  5 U.S.C. Section 552. Furthermore, this information
# //  is prohibited from disclosure under the Trade Secrets Act,
# //  18 U.S.C. Section 1905.
# //
# Loading std.standard
# Loading std.textio(body)
# Loading ieee.std_logic_1164(body)
# Loading ieee.numeric_std(body)
# Loading ieee.std_logic_textio(body)
# Loading presynth.cmd_table_trigger
# Loading presynth.tb_data_block(behavioral)
# Loading sv_std.std
# Loading presynth.Data_Block
# Loading presynth.COREFIFO_C10
# Loading presynth.COREFIFO_C10_COREFIFO_C10_0_COREFIFO
# Loading presynth.Event_Info_RAM_Block
# Loading presynth.PF_DPSRAM_C7
# Loading presynth.PF_DPSRAM_C7_PF_DPSRAM_C7_0_PF_DPSRAM
# Loading PolarFire.RAM1K20
# Loading PolarFire.RAM1K20_IP
# Loading PolarFire.RAM_DLY
# Loading PolarFire.ECC_PIPELINE
# Loading PolarFire.GND
# Loading PolarFire.VCC
# Loading presynth.PF_DPSRAM_C8_Event_Status
# Loading presynth.PF_DPSRAM_C8_Event_Status_PF_DPSRAM_C8_Event_Status_0_PF_DPSRAM
# Loading presynth.Input_Data_Part
# Loading presynth.COREFIFO_C4
# Loading presynth.COREFIFO_C4_COREFIFO_C4_0_COREFIFO
# Loading presynth.Sample_RAM_Block
# Loading presynth.PF_DPSRAM_C5
# Loading presynth.PF_DPSRAM_C5_PF_DPSRAM_C5_0_PF_DPSRAM
# Loading PolarFire.OR4
# Loading PolarFire.CFG4
# Loading PolarFire.INV
# Loading presynth.Trigger_Top_Part
# Loading presynth.COREFIFO_C5
# Loading presynth.COREFIFO_C5_COREFIFO_C5_0_COREFIFO
# Loading presynth.COREFIFO_C10_COREFIFO_C10_0_corefifo_async
# Loading presynth.COREFIFO_C10_COREFIFO_C10_0_corefifo_NstagesSync
# Loading presynth.COREFIFO_C10_COREFIFO_C10_0_corefifo_grayToBinConv
# Loading presynth.COREFIFO_C10_COREFIFO_C10_0_ram_wrapper
# Loading presynth.COREFIFO_C10_COREFIFO_C10_0_LSRAM_top
# Loading PolarFire.SLE_Prim
# Loading presynth.COREFIFO_C4_COREFIFO_C4_0_corefifo_sync_scntr
# Loading presynth.COREFIFO_C4_COREFIFO_C4_0_corefifo_fwft
# Loading presynth.COREFIFO_C4_COREFIFO_C4_0_ram_wrapper
# Loading presynth.COREFIFO_C4_COREFIFO_C4_0_LSRAM_top
# Loading presynth.COREFIFO_C5_COREFIFO_C5_0_corefifo_sync_scntr
# Loading presynth.COREFIFO_C5_COREFIFO_C5_0_corefifo_fwft
# Loading presynth.COREFIFO_C5_COREFIFO_C5_0_ram_wrapper
# Loading presynth.COREFIFO_C5_COREFIFO_C5_0_LSRAM_top
# Loading presynth.cmd_table
# Loading presynth.communication_builder(rtl)
# Loading presynth.datarammanage(arch)
# Loading presynth.fifos_reader(rtl)
# Loading presynth.trigger_unit(rtl)
# Loading presynth.sample_ram_block_decoder(rtl)
# Loading presynth.sample_ram_block_mux(rtl)
# Loading presynth.eventfifofreelogic(arch)
# Loading presynth.trigger_control(rtl)
# Loading presynth.trigger_main(rtl)
# Loading presynth.communication_tx_arbiter2(rtl)
# Loading presynth.test_generator_for_lanes(rtl)
# Loading PolarFire.UDP_MUX2
# Loading PolarFire.UDP_DFF
# Loading PolarFire.UDP_DL
# Loading C:/Microsemi/Libero_SoC_v2022.1/Designer/lib/modelsimpro/pli/pf_crypto_win_me_pli.dll
# ** Warning: (vsim-3040) Command line generic/parameter "SIM_PA5M300T" not found in design.
# ** Warning: (vsim-WLF-5000) WLF file currently in use: vsim.wlf
#           File in use by: Tomáš  Hostname: DESKTOP-TDPVUTD  ProcessID: 61208
#           Attempting to use alternate WLF file "./wlfte7ar94".
# ** Warning: (vsim-WLF-5001) Could not open WLF file: vsim.wlf
#           Using alternate file: ./wlfte7ar94
# ** Warning: NUMERIC_STD.TO_INTEGER: metavalue detected, returning 0
#    Time: 0 ps  Iteration: 0  Instance: /tb_data_block/Data_Block_0/Input_Data_Part_1/Trigger_Unit_3
# ** Warning: NUMERIC_STD.TO_INTEGER: metavalue detected, returning 0
#    Time: 0 ps  Iteration: 0  Instance: /tb_data_block/Data_Block_0/Input_Data_Part_1/Trigger_Unit_2
# ** Warning: NUMERIC_STD.TO_INTEGER: metavalue detected, returning 0
#    Time: 0 ps  Iteration: 0  Instance: /tb_data_block/Data_Block_0/Input_Data_Part_1/Trigger_Unit_1
# ** Warning: NUMERIC_STD.TO_INTEGER: metavalue detected, returning 0
#    Time: 0 ps  Iteration: 0  Instance: /tb_data_block/Data_Block_0/Input_Data_Part_1/Trigger_Unit_0
# ** Warning: NUMERIC_STD.TO_INTEGER: metavalue detected, returning 0
#    Time: 0 ps  Iteration: 0  Instance: /tb_data_block/Data_Block_0/Input_Data_Part_0/Trigger_Unit_3
# ** Warning: NUMERIC_STD.TO_INTEGER: metavalue detected, returning 0
#    Time: 0 ps  Iteration: 0  Instance: /tb_data_block/Data_Block_0/Input_Data_Part_0/Trigger_Unit_2
# ** Warning: NUMERIC_STD.TO_INTEGER: metavalue detected, returning 0
#    Time: 0 ps  Iteration: 0  Instance: /tb_data_block/Data_Block_0/Input_Data_Part_0/Trigger_Unit_1
# ** Warning: NUMERIC_STD.TO_INTEGER: metavalue detected, returning 0
#    Time: 0 ps  Iteration: 0  Instance: /tb_data_block/Data_Block_0/Input_Data_Part_0/Trigger_Unit_0
do C:/VHDL_temp/Digitizer/Digitizer_vhdl/Digitizer/simulation/wave10.do
run -all
#  ** Warning: Port A Write to and Port B Read from the same address at the same time. Read data from conflicting address is unknown
#  Time: 4545000.0ps! Instance: tb_data_block.Data_Block_0.Event_Info_RAM_Block_0.PF_DPSRAM_C7_0_Event_Start_ADDR.PF_DPSRAM_C7_0.PF_DPSRAM_C7_PF_DPSRAM_C7_0_PF_DPSRAM_R0C0.u0 
#  ** Warning: Port A Write to and Port B Read from the same address at the same time. Read data from conflicting address is unknown
#  Time: 4545000.0ps! Instance: tb_data_block.Data_Block_0.Event_Info_RAM_Block_0.PF_DPSRAM_C7_1_Event_Number.PF_DPSRAM_C7_0.PF_DPSRAM_C7_PF_DPSRAM_C7_0_PF_DPSRAM_R0C0.u0 
#  ** Warning: Port A Write to and Port B Read from the same address at the same time. Read data from conflicting address is unknown
#  Time: 4545000.0ps! Instance: tb_data_block.Data_Block_0.Event_Info_RAM_Block_0.PF_DPSRAM_C8_Event_Status_0.PF_DPSRAM_C8_Event_Status_0.PF_DPSRAM_C8_Event_Status_PF_DPSRAM_C8_Event_Status_0_PF_DPSRAM_R0C0.u0 
#  ** Warning: Port A Write to and Port B Read from the same address at the same time. Read data from conflicting address is unknown
#  Time: 4555000.0ps! Instance: tb_data_block.Data_Block_0.Sample_RAM_Block_0.PF_DPSRAM_C5_0.PF_DPSRAM_C5_0.PF_DPSRAM_C5_PF_DPSRAM_C5_0_PF_DPSRAM_R0C40.u0 
#  ** Warning: Port A Write to and Port B Read from the same address at the same time. Read data from conflicting address is unknown
#  Time: 4555000.0ps! Instance: tb_data_block.Data_Block_0.Sample_RAM_Block_0.PF_DPSRAM_C5_0.PF_DPSRAM_C5_0.PF_DPSRAM_C5_PF_DPSRAM_C5_0_PF_DPSRAM_R0C48.u0 
#  ** Warning: Port A Write to and Port B Read from the same address at the same time. Read data from conflicting address is unknown
#  Time: 4555000.0ps! Instance: tb_data_block.Data_Block_0.Sample_RAM_Block_0.PF_DPSRAM_C5_0.PF_DPSRAM_C5_0.PF_DPSRAM_C5_PF_DPSRAM_C5_0_PF_DPSRAM_R0C20.u0 
#  ** Warning: Port A Write to and Port B Read from the same address at the same time. Read data from conflicting address is unknown
#  Time: 4555000.0ps! Instance: tb_data_block.Data_Block_0.Sample_RAM_Block_0.PF_DPSRAM_C5_0.PF_DPSRAM_C5_0.PF_DPSRAM_C5_PF_DPSRAM_C5_0_PF_DPSRAM_R0C28.u0 
#  ** Warning: Port A Write to and Port B Read from the same address at the same time. Read data from conflicting address is unknown
#  Time: 4555000.0ps! Instance: tb_data_block.Data_Block_0.Sample_RAM_Block_0.PF_DPSRAM_C5_0.PF_DPSRAM_C5_0.PF_DPSRAM_C5_PF_DPSRAM_C5_0_PF_DPSRAM_R0C11.u0 
#  ** Warning: Port A Write to and Port B Read from the same address at the same time. Read data from conflicting address is unknown
#  Time: 4555000.0ps! Instance: tb_data_block.Data_Block_0.Sample_RAM_Block_0.PF_DPSRAM_C5_0.PF_DPSRAM_C5_0.PF_DPSRAM_C5_PF_DPSRAM_C5_0_PF_DPSRAM_R0C47.u0 
#  ** Warning: Port A Write to and Port B Read from the same address at the same time. Read data from conflicting address is unknown
#  Time: 4555000.0ps! Instance: tb_data_block.Data_Block_0.Sample_RAM_Block_0.PF_DPSRAM_C5_0.PF_DPSRAM_C5_0.PF_DPSRAM_C5_PF_DPSRAM_C5_0_PF_DPSRAM_R0C15.u0 
#  ** Warning: Port A Write to and Port B Read from the same address at the same time. Read data from conflicting address is unknown
#  Time: 4555000.0ps! Instance: tb_data_block.Data_Block_0.Sample_RAM_Block_0.PF_DPSRAM_C5_0.PF_DPSRAM_C5_0.PF_DPSRAM_C5_PF_DPSRAM_C5_0_PF_DPSRAM_R0C16.u0 
#  ** Warning: Port A Write to and Port B Read from the same address at the same time. Read data from conflicting address is unknown
#  Time: 4555000.0ps! Instance: tb_data_block.Data_Block_0.Sample_RAM_Block_0.PF_DPSRAM_C5_0.PF_DPSRAM_C5_0.PF_DPSRAM_C5_PF_DPSRAM_C5_0_PF_DPSRAM_R0C1.u0 
#  ** Warning: Port A Write to and Port B Read from the same address at the same time. Read data from conflicting address is unknown
#  Time: 4555000.0ps! Instance: tb_data_block.Data_Block_0.Sample_RAM_Block_0.PF_DPSRAM_C5_0.PF_DPSRAM_C5_0.PF_DPSRAM_C5_PF_DPSRAM_C5_0_PF_DPSRAM_R0C12.u0 
#  ** Warning: Port A Write to and Port B Read from the same address at the same time. Read data from conflicting address is unknown
#  Time: 4555000.0ps! Instance: tb_data_block.Data_Block_0.Sample_RAM_Block_0.PF_DPSRAM_C5_0.PF_DPSRAM_C5_0.PF_DPSRAM_C5_PF_DPSRAM_C5_0_PF_DPSRAM_R0C51.u0 
#  ** Warning: Port A Write to and Port B Read from the same address at the same time. Read data from conflicting address is unknown
#  Time: 4555000.0ps! Instance: tb_data_block.Data_Block_0.Sample_RAM_Block_0.PF_DPSRAM_C5_0.PF_DPSRAM_C5_0.PF_DPSRAM_C5_PF_DPSRAM_C5_0_PF_DPSRAM_R0C55.u0 
#  ** Warning: Port A Write to and Port B Read from the same address at the same time. Read data from conflicting address is unknown
#  Time: 4555000.0ps! Instance: tb_data_block.Data_Block_0.Sample_RAM_Block_0.PF_DPSRAM_C5_0.PF_DPSRAM_C5_0.PF_DPSRAM_C5_PF_DPSRAM_C5_0_PF_DPSRAM_R0C27.u0 
#  ** Warning: Port A Write to and Port B Read from the same address at the same time. Read data from conflicting address is unknown
#  Time: 4555000.0ps! Instance: tb_data_block.Data_Block_0.Sample_RAM_Block_0.PF_DPSRAM_C5_0.PF_DPSRAM_C5_0.PF_DPSRAM_C5_PF_DPSRAM_C5_0_PF_DPSRAM_R0C56.u0 
#  ** Warning: Port A Write to and Port B Read from the same address at the same time. Read data from conflicting address is unknown
#  Time: 4555000.0ps! Instance: tb_data_block.Data_Block_0.Sample_RAM_Block_0.PF_DPSRAM_C5_0.PF_DPSRAM_C5_0.PF_DPSRAM_C5_PF_DPSRAM_C5_0_PF_DPSRAM_R0C13.u0 
#  ** Warning: Port A Write to and Port B Read from the same address at the same time. Read data from conflicting address is unknown
#  Time: 4555000.0ps! Instance: tb_data_block.Data_Block_0.Sample_RAM_Block_0.PF_DPSRAM_C5_0.PF_DPSRAM_C5_0.PF_DPSRAM_C5_PF_DPSRAM_C5_0_PF_DPSRAM_R0C5.u0 
#  ** Warning: Port A Write to and Port B Read from the same address at the same time. Read data from conflicting address is unknown
#  Time: 4555000.0ps! Instance: tb_data_block.Data_Block_0.Sample_RAM_Block_0.PF_DPSRAM_C5_0.PF_DPSRAM_C5_0.PF_DPSRAM_C5_PF_DPSRAM_C5_0_PF_DPSRAM_R0C52.u0 
#  ** Warning: Port A Write to and Port B Read from the same address at the same time. Read data from conflicting address is unknown
#  Time: 4555000.0ps! Instance: tb_data_block.Data_Block_0.Sample_RAM_Block_0.PF_DPSRAM_C5_0.PF_DPSRAM_C5_0.PF_DPSRAM_C5_PF_DPSRAM_C5_0_PF_DPSRAM_R0C53.u0 
#  ** Warning: Port A Write to and Port B Read from the same address at the same time. Read data from conflicting address is unknown
#  Time: 4555000.0ps! Instance: tb_data_block.Data_Block_0.Sample_RAM_Block_0.PF_DPSRAM_C5_0.PF_DPSRAM_C5_0.PF_DPSRAM_C5_PF_DPSRAM_C5_0_PF_DPSRAM_R0C34.u0 
#  ** Warning: Port A Write to and Port B Read from the same address at the same time. Read data from conflicting address is unknown
#  Time: 4555000.0ps! Instance: tb_data_block.Data_Block_0.Sample_RAM_Block_0.PF_DPSRAM_C5_0.PF_DPSRAM_C5_0.PF_DPSRAM_C5_PF_DPSRAM_C5_0_PF_DPSRAM_R0C10.u0 
#  ** Warning: Port A Write to and Port B Read from the same address at the same time. Read data from conflicting address is unknown
#  Time: 4555000.0ps! Instance: tb_data_block.Data_Block_0.Sample_RAM_Block_0.PF_DPSRAM_C5_0.PF_DPSRAM_C5_0.PF_DPSRAM_C5_PF_DPSRAM_C5_0_PF_DPSRAM_R0C18.u0 
#  ** Warning: Port A Write to and Port B Read from the same address at the same time. Read data from conflicting address is unknown
#  Time: 4555000.0ps! Instance: tb_data_block.Data_Block_0.Sample_RAM_Block_0.PF_DPSRAM_C5_0.PF_DPSRAM_C5_0.PF_DPSRAM_C5_PF_DPSRAM_C5_0_PF_DPSRAM_R0C0.u0 
#  ** Warning: Port A Write to and Port B Read from the same address at the same time. Read data from conflicting address is unknown
#  Time: 4555000.0ps! Instance: tb_data_block.Data_Block_0.Sample_RAM_Block_0.PF_DPSRAM_C5_0.PF_DPSRAM_C5_0.PF_DPSRAM_C5_PF_DPSRAM_C5_0_PF_DPSRAM_R0C39.u0 
#  ** Warning: Port A Write to and Port B Read from the same address at the same time. Read data from conflicting address is unknown
#  Time: 4555000.0ps! Instance: tb_data_block.Data_Block_0.Sample_RAM_Block_0.PF_DPSRAM_C5_0.PF_DPSRAM_C5_0.PF_DPSRAM_C5_PF_DPSRAM_C5_0_PF_DPSRAM_R0C50.u0 
#  ** Warning: Port A Write to and Port B Read from the same address at the same time. Read data from conflicting address is unknown
#  Time: 4555000.0ps! Instance: tb_data_block.Data_Block_0.Sample_RAM_Block_0.PF_DPSRAM_C5_0.PF_DPSRAM_C5_0.PF_DPSRAM_C5_PF_DPSRAM_C5_0_PF_DPSRAM_R0C58.u0 
#  ** Warning: Port A Write to and Port B Read from the same address at the same time. Read data from conflicting address is unknown
#  Time: 4555000.0ps! Instance: tb_data_block.Data_Block_0.Sample_RAM_Block_0.PF_DPSRAM_C5_0.PF_DPSRAM_C5_0.PF_DPSRAM_C5_PF_DPSRAM_C5_0_PF_DPSRAM_R0C17.u0 
#  ** Warning: Port A Write to and Port B Read from the same address at the same time. Read data from conflicting address is unknown
#  Time: 4555000.0ps! Instance: tb_data_block.Data_Block_0.Sample_RAM_Block_0.PF_DPSRAM_C5_0.PF_DPSRAM_C5_0.PF_DPSRAM_C5_PF_DPSRAM_C5_0_PF_DPSRAM_R0C44.u0 
#  ** Warning: Port A Write to and Port B Read from the same address at the same time. Read data from conflicting address is unknown
#  Time: 4555000.0ps! Instance: tb_data_block.Data_Block_0.Sample_RAM_Block_0.PF_DPSRAM_C5_0.PF_DPSRAM_C5_0.PF_DPSRAM_C5_PF_DPSRAM_C5_0_PF_DPSRAM_R0C57.u0 
#  ** Warning: Port A Write to and Port B Read from the same address at the same time. Read data from conflicting address is unknown
#  Time: 4555000.0ps! Instance: tb_data_block.Data_Block_0.Sample_RAM_Block_0.PF_DPSRAM_C5_0.PF_DPSRAM_C5_0.PF_DPSRAM_C5_PF_DPSRAM_C5_0_PF_DPSRAM_R0C24.u0 
#  ** Warning: Port A Write to and Port B Read from the same address at the same time. Read data from conflicting address is unknown
#  Time: 4555000.0ps! Instance: tb_data_block.Data_Block_0.Sample_RAM_Block_0.PF_DPSRAM_C5_0.PF_DPSRAM_C5_0.PF_DPSRAM_C5_PF_DPSRAM_C5_0_PF_DPSRAM_R0C9.u0 
#  ** Warning: Port A Write to and Port B Read from the same address at the same time. Read data from conflicting address is unknown
#  Time: 4555000.0ps! Instance: tb_data_block.Data_Block_0.Sample_RAM_Block_0.PF_DPSRAM_C5_0.PF_DPSRAM_C5_0.PF_DPSRAM_C5_PF_DPSRAM_C5_0_PF_DPSRAM_R0C49.u0 
#  ** Warning: Port A Write to and Port B Read from the same address at the same time. Read data from conflicting address is unknown
#  Time: 4555000.0ps! Instance: tb_data_block.Data_Block_0.Sample_RAM_Block_0.PF_DPSRAM_C5_0.PF_DPSRAM_C5_0.PF_DPSRAM_C5_PF_DPSRAM_C5_0_PF_DPSRAM_R0C29.u0 
#  ** Warning: Port A Write to and Port B Read from the same address at the same time. Read data from conflicting address is unknown
#  Time: 4555000.0ps! Instance: tb_data_block.Data_Block_0.Sample_RAM_Block_0.PF_DPSRAM_C5_0.PF_DPSRAM_C5_0.PF_DPSRAM_C5_PF_DPSRAM_C5_0_PF_DPSRAM_R0C31.u0 
#  ** Warning: Port A Write to and Port B Read from the same address at the same time. Read data from conflicting address is unknown
#  Time: 4555000.0ps! Instance: tb_data_block.Data_Block_0.Sample_RAM_Block_0.PF_DPSRAM_C5_0.PF_DPSRAM_C5_0.PF_DPSRAM_C5_PF_DPSRAM_C5_0_PF_DPSRAM_R0C7.u0 
#  ** Warning: Port A Write to and Port B Read from the same address at the same time. Read data from conflicting address is unknown
#  Time: 4555000.0ps! Instance: tb_data_block.Data_Block_0.Sample_RAM_Block_0.PF_DPSRAM_C5_0.PF_DPSRAM_C5_0.PF_DPSRAM_C5_PF_DPSRAM_C5_0_PF_DPSRAM_R0C35.u0 
#  ** Warning: Port A Write to and Port B Read from the same address at the same time. Read data from conflicting address is unknown
#  Time: 4555000.0ps! Instance: tb_data_block.Data_Block_0.Sample_RAM_Block_0.PF_DPSRAM_C5_0.PF_DPSRAM_C5_0.PF_DPSRAM_C5_PF_DPSRAM_C5_0_PF_DPSRAM_R0C36.u0 
#  ** Warning: Port A Write to and Port B Read from the same address at the same time. Read data from conflicting address is unknown
#  Time: 4555000.0ps! Instance: tb_data_block.Data_Block_0.Sample_RAM_Block_0.PF_DPSRAM_C5_0.PF_DPSRAM_C5_0.PF_DPSRAM_C5_PF_DPSRAM_C5_0_PF_DPSRAM_R0C3.u0 
#  ** Warning: Port A Write to and Port B Read from the same address at the same time. Read data from conflicting address is unknown
#  Time: 4555000.0ps! Instance: tb_data_block.Data_Block_0.Sample_RAM_Block_0.PF_DPSRAM_C5_0.PF_DPSRAM_C5_0.PF_DPSRAM_C5_PF_DPSRAM_C5_0_PF_DPSRAM_R0C32.u0 
#  ** Warning: Port A Write to and Port B Read from the same address at the same time. Read data from conflicting address is unknown
#  Time: 4555000.0ps! Instance: tb_data_block.Data_Block_0.Sample_RAM_Block_0.PF_DPSRAM_C5_0.PF_DPSRAM_C5_0.PF_DPSRAM_C5_PF_DPSRAM_C5_0_PF_DPSRAM_R0C61.u0 
#  ** Warning: Port A Write to and Port B Read from the same address at the same time. Read data from conflicting address is unknown
#  Time: 4555000.0ps! Instance: tb_data_block.Data_Block_0.Sample_RAM_Block_0.PF_DPSRAM_C5_0.PF_DPSRAM_C5_0.PF_DPSRAM_C5_PF_DPSRAM_C5_0_PF_DPSRAM_R0C33.u0 
#  ** Warning: Port A Write to and Port B Read from the same address at the same time. Read data from conflicting address is unknown
#  Time: 4555000.0ps! Instance: tb_data_block.Data_Block_0.Sample_RAM_Block_0.PF_DPSRAM_C5_0.PF_DPSRAM_C5_0.PF_DPSRAM_C5_PF_DPSRAM_C5_0_PF_DPSRAM_R0C6.u0 
#  ** Warning: Port A Write to and Port B Read from the same address at the same time. Read data from conflicting address is unknown
#  Time: 4555000.0ps! Instance: tb_data_block.Data_Block_0.Sample_RAM_Block_0.PF_DPSRAM_C5_0.PF_DPSRAM_C5_0.PF_DPSRAM_C5_PF_DPSRAM_C5_0_PF_DPSRAM_R0C62.u0 
#  ** Warning: Port A Write to and Port B Read from the same address at the same time. Read data from conflicting address is unknown
#  Time: 4555000.0ps! Instance: tb_data_block.Data_Block_0.Sample_RAM_Block_0.PF_DPSRAM_C5_0.PF_DPSRAM_C5_0.PF_DPSRAM_C5_PF_DPSRAM_C5_0_PF_DPSRAM_R0C14.u0 
#  ** Warning: Port A Write to and Port B Read from the same address at the same time. Read data from conflicting address is unknown
#  Time: 4555000.0ps! Instance: tb_data_block.Data_Block_0.Sample_RAM_Block_0.PF_DPSRAM_C5_0.PF_DPSRAM_C5_0.PF_DPSRAM_C5_PF_DPSRAM_C5_0_PF_DPSRAM_R0C41.u0 
#  ** Warning: Port A Write to and Port B Read from the same address at the same time. Read data from conflicting address is unknown
#  Time: 4555000.0ps! Instance: tb_data_block.Data_Block_0.Sample_RAM_Block_0.PF_DPSRAM_C5_0.PF_DPSRAM_C5_0.PF_DPSRAM_C5_PF_DPSRAM_C5_0_PF_DPSRAM_R0C63.u0 
#  ** Warning: Port A Write to and Port B Read from the same address at the same time. Read data from conflicting address is unknown
#  Time: 4555000.0ps! Instance: tb_data_block.Data_Block_0.Sample_RAM_Block_0.PF_DPSRAM_C5_0.PF_DPSRAM_C5_0.PF_DPSRAM_C5_PF_DPSRAM_C5_0_PF_DPSRAM_R0C54.u0 
#  ** Warning: Port A Write to and Port B Read from the same address at the same time. Read data from conflicting address is unknown
#  Time: 4555000.0ps! Instance: tb_data_block.Data_Block_0.Sample_RAM_Block_0.PF_DPSRAM_C5_0.PF_DPSRAM_C5_0.PF_DPSRAM_C5_PF_DPSRAM_C5_0_PF_DPSRAM_R0C45.u0 
#  ** Warning: Port A Write to and Port B Read from the same address at the same time. Read data from conflicting address is unknown
#  Time: 4555000.0ps! Instance: tb_data_block.Data_Block_0.Sample_RAM_Block_0.PF_DPSRAM_C5_0.PF_DPSRAM_C5_0.PF_DPSRAM_C5_PF_DPSRAM_C5_0_PF_DPSRAM_R0C46.u0 
#  ** Warning: Port A Write to and Port B Read from the same address at the same time. Read data from conflicting address is unknown
#  Time: 4555000.0ps! Instance: tb_data_block.Data_Block_0.Sample_RAM_Block_0.PF_DPSRAM_C5_0.PF_DPSRAM_C5_0.PF_DPSRAM_C5_PF_DPSRAM_C5_0_PF_DPSRAM_R0C8.u0 
#  ** Warning: Port A Write to and Port B Read from the same address at the same time. Read data from conflicting address is unknown
#  Time: 4555000.0ps! Instance: tb_data_block.Data_Block_0.Sample_RAM_Block_0.PF_DPSRAM_C5_0.PF_DPSRAM_C5_0.PF_DPSRAM_C5_PF_DPSRAM_C5_0_PF_DPSRAM_R0C19.u0 
#  ** Warning: Port A Write to and Port B Read from the same address at the same time. Read data from conflicting address is unknown
#  Time: 4555000.0ps! Instance: tb_data_block.Data_Block_0.Sample_RAM_Block_0.PF_DPSRAM_C5_0.PF_DPSRAM_C5_0.PF_DPSRAM_C5_PF_DPSRAM_C5_0_PF_DPSRAM_R0C30.u0 
#  ** Warning: Port A Write to and Port B Read from the same address at the same time. Read data from conflicting address is unknown
#  Time: 4555000.0ps! Instance: tb_data_block.Data_Block_0.Sample_RAM_Block_0.PF_DPSRAM_C5_0.PF_DPSRAM_C5_0.PF_DPSRAM_C5_PF_DPSRAM_C5_0_PF_DPSRAM_R0C4.u0 
#  ** Warning: Port A Write to and Port B Read from the same address at the same time. Read data from conflicting address is unknown
#  Time: 4555000.0ps! Instance: tb_data_block.Data_Block_0.Sample_RAM_Block_0.PF_DPSRAM_C5_0.PF_DPSRAM_C5_0.PF_DPSRAM_C5_PF_DPSRAM_C5_0_PF_DPSRAM_R0C38.u0 
#  ** Warning: Port A Write to and Port B Read from the same address at the same time. Read data from conflicting address is unknown
#  Time: 4555000.0ps! Instance: tb_data_block.Data_Block_0.Sample_RAM_Block_0.PF_DPSRAM_C5_0.PF_DPSRAM_C5_0.PF_DPSRAM_C5_PF_DPSRAM_C5_0_PF_DPSRAM_R0C42.u0 
#  ** Warning: Port A Write to and Port B Read from the same address at the same time. Read data from conflicting address is unknown
#  Time: 4555000.0ps! Instance: tb_data_block.Data_Block_0.Sample_RAM_Block_0.PF_DPSRAM_C5_0.PF_DPSRAM_C5_0.PF_DPSRAM_C5_PF_DPSRAM_C5_0_PF_DPSRAM_R0C21.u0 
#  ** Warning: Port A Write to and Port B Read from the same address at the same time. Read data from conflicting address is unknown
#  Time: 4555000.0ps! Instance: tb_data_block.Data_Block_0.Sample_RAM_Block_0.PF_DPSRAM_C5_0.PF_DPSRAM_C5_0.PF_DPSRAM_C5_PF_DPSRAM_C5_0_PF_DPSRAM_R0C25.u0 
#  ** Warning: Port A Write to and Port B Read from the same address at the same time. Read data from conflicting address is unknown
#  Time: 4555000.0ps! Instance: tb_data_block.Data_Block_0.Sample_RAM_Block_0.PF_DPSRAM_C5_0.PF_DPSRAM_C5_0.PF_DPSRAM_C5_PF_DPSRAM_C5_0_PF_DPSRAM_R0C26.u0 
#  ** Warning: Port A Write to and Port B Read from the same address at the same time. Read data from conflicting address is unknown
#  Time: 4555000.0ps! Instance: tb_data_block.Data_Block_0.Sample_RAM_Block_0.PF_DPSRAM_C5_0.PF_DPSRAM_C5_0.PF_DPSRAM_C5_PF_DPSRAM_C5_0_PF_DPSRAM_R0C43.u0 
#  ** Warning: Port A Write to and Port B Read from the same address at the same time. Read data from conflicting address is unknown
#  Time: 4555000.0ps! Instance: tb_data_block.Data_Block_0.Sample_RAM_Block_0.PF_DPSRAM_C5_0.PF_DPSRAM_C5_0.PF_DPSRAM_C5_PF_DPSRAM_C5_0_PF_DPSRAM_R0C59.u0 
#  ** Warning: Port A Write to and Port B Read from the same address at the same time. Read data from conflicting address is unknown
#  Time: 4555000.0ps! Instance: tb_data_block.Data_Block_0.Sample_RAM_Block_0.PF_DPSRAM_C5_0.PF_DPSRAM_C5_0.PF_DPSRAM_C5_PF_DPSRAM_C5_0_PF_DPSRAM_R0C60.u0 
#  ** Warning: Port A Write to and Port B Read from the same address at the same time. Read data from conflicting address is unknown
#  Time: 4555000.0ps! Instance: tb_data_block.Data_Block_0.Sample_RAM_Block_0.PF_DPSRAM_C5_0.PF_DPSRAM_C5_0.PF_DPSRAM_C5_PF_DPSRAM_C5_0_PF_DPSRAM_R0C2.u0 
#  ** Warning: Port A Write to and Port B Read from the same address at the same time. Read data from conflicting address is unknown
#  Time: 4555000.0ps! Instance: tb_data_block.Data_Block_0.Sample_RAM_Block_0.PF_DPSRAM_C5_0.PF_DPSRAM_C5_0.PF_DPSRAM_C5_PF_DPSRAM_C5_0_PF_DPSRAM_R0C22.u0 
#  ** Warning: Port A Write to and Port B Read from the same address at the same time. Read data from conflicting address is unknown
#  Time: 4555000.0ps! Instance: tb_data_block.Data_Block_0.Sample_RAM_Block_0.PF_DPSRAM_C5_0.PF_DPSRAM_C5_0.PF_DPSRAM_C5_PF_DPSRAM_C5_0_PF_DPSRAM_R0C37.u0 
#  ** Warning: Port A Write to and Port B Read from the same address at the same time. Read data from conflicting address is unknown
#  Time: 4555000.0ps! Instance: tb_data_block.Data_Block_0.Sample_RAM_Block_0.PF_DPSRAM_C5_0.PF_DPSRAM_C5_0.PF_DPSRAM_C5_PF_DPSRAM_C5_0_PF_DPSRAM_R0C23.u0 
#  ** Warning: Port A Write to and Port B Read from the same address at the same time. Read data from conflicting address is unknown
#  Time: 304555000.0ps! Instance: tb_data_block.Data_Block_0.Event_Info_RAM_Block_0.PF_DPSRAM_C7_2_Event_Size.PF_DPSRAM_C7_0.PF_DPSRAM_C7_PF_DPSRAM_C7_0_PF_DPSRAM_R0C0.u0 
#  ** Warning: Port A Write to and Port B Read from the same address at the same time. Read data from conflicting address is unknown
#  Time: 304555000.0ps! Instance: tb_data_block.Data_Block_0.Event_Info_RAM_Block_0.PF_DPSRAM_C8_Event_Status_0.PF_DPSRAM_C8_Event_Status_0.PF_DPSRAM_C8_Event_Status_PF_DPSRAM_C8_Event_Status_0_PF_DPSRAM_R0C0.u0 
# time:           304735000 --> FAIL: Reading when FIFO is Empty
# time:           304795000 --> FAIL: Reading when FIFO is Empty
# time:           304855000 --> FAIL: Reading when FIFO is Empty
# time:           304915000 --> FAIL: Reading when FIFO is Empty
# time:           304975000 --> FAIL: Reading when FIFO is Empty
# time:           305055000 --> FAIL: Reading when FIFO is Empty
# time:           305115000 --> FAIL: Reading when FIFO is Empty
# time:           305175000 --> FAIL: Reading when FIFO is Empty
# time:           305235000 --> FAIL: Reading when FIFO is Empty
# time:           305295000 --> FAIL: Reading when FIFO is Empty
# time:           305375000 --> FAIL: Reading when FIFO is Empty
# time:           305435000 --> FAIL: Reading when FIFO is Empty
# time:           305495000 --> FAIL: Reading when FIFO is Empty
# time:           305555000 --> FAIL: Reading when FIFO is Empty
# time:           305615000 --> FAIL: Reading when FIFO is Empty
# time:           305695000 --> FAIL: Reading when FIFO is Empty
# time:           305755000 --> FAIL: Reading when FIFO is Empty
# time:           305815000 --> FAIL: Reading when FIFO is Empty
# time:           305875000 --> FAIL: Reading when FIFO is Empty
# time:           305935000 --> FAIL: Reading when FIFO is Empty
# time:           306015000 --> FAIL: Reading when FIFO is Empty
# time:           306075000 --> FAIL: Reading when FIFO is Empty
# time:           306135000 --> FAIL: Reading when FIFO is Empty
# time:           306195000 --> FAIL: Reading when FIFO is Empty
# time:           306255000 --> FAIL: Reading when FIFO is Empty
# time:           306335000 --> FAIL: Reading when FIFO is Empty
# time:           306395000 --> FAIL: Reading when FIFO is Empty
# time:           306455000 --> FAIL: Reading when FIFO is Empty
# time:           306515000 --> FAIL: Reading when FIFO is Empty
# time:           306575000 --> FAIL: Reading when FIFO is Empty
# time:           306655000 --> FAIL: Reading when FIFO is Empty
# time:           306715000 --> FAIL: Reading when FIFO is Empty
# time:           306775000 --> FAIL: Reading when FIFO is Empty
# time:           306835000 --> FAIL: Reading when FIFO is Empty
# time:           306895000 --> FAIL: Reading when FIFO is Empty
# time:           306975000 --> FAIL: Reading when FIFO is Empty
# time:           307035000 --> FAIL: Reading when FIFO is Empty
# time:           307095000 --> FAIL: Reading when FIFO is Empty
# time:           307155000 --> FAIL: Reading when FIFO is Empty
# time:           307215000 --> FAIL: Reading when FIFO is Empty
# time:           307295000 --> FAIL: Reading when FIFO is Empty
# time:           307355000 --> FAIL: Reading when FIFO is Empty
# time:           307415000 --> FAIL: Reading when FIFO is Empty
# time:           307475000 --> FAIL: Reading when FIFO is Empty
# time:           307535000 --> FAIL: Reading when FIFO is Empty
# time:           307615000 --> FAIL: Reading when FIFO is Empty
# time:           307675000 --> FAIL: Reading when FIFO is Empty
# time:           307735000 --> FAIL: Reading when FIFO is Empty
# time:           307795000 --> FAIL: Reading when FIFO is Empty
# time:           307855000 --> FAIL: Reading when FIFO is Empty
# time:           307935000 --> FAIL: Reading when FIFO is Empty
# time:           307995000 --> FAIL: Reading when FIFO is Empty
# time:           308055000 --> FAIL: Reading when FIFO is Empty
# time:           308115000 --> FAIL: Reading when FIFO is Empty
# time:           308175000 --> FAIL: Reading when FIFO is Empty
# time:           308255000 --> FAIL: Reading when FIFO is Empty
# time:           308315000 --> FAIL: Reading when FIFO is Empty
# time:           308375000 --> FAIL: Reading when FIFO is Empty
# time:           308435000 --> FAIL: Reading when FIFO is Empty
# time:           308495000 --> FAIL: Reading when FIFO is Empty
# time:           308575000 --> FAIL: Reading when FIFO is Empty
# time:           308635000 --> FAIL: Reading when FIFO is Empty
# time:           308695000 --> FAIL: Reading when FIFO is Empty
# time:           308755000 --> FAIL: Reading when FIFO is Empty
# time:           308815000 --> FAIL: Reading when FIFO is Empty
# time:           308895000 --> FAIL: Reading when FIFO is Empty
# time:           308955000 --> FAIL: Reading when FIFO is Empty
# time:           309015000 --> FAIL: Reading when FIFO is Empty
# time:           309075000 --> FAIL: Reading when FIFO is Empty
# time:           309135000 --> FAIL: Reading when FIFO is Empty
# time:           309215000 --> FAIL: Reading when FIFO is Empty
# time:           309275000 --> FAIL: Reading when FIFO is Empty
# time:           309335000 --> FAIL: Reading when FIFO is Empty
# time:           309395000 --> FAIL: Reading when FIFO is Empty
# time:           309455000 --> FAIL: Reading when FIFO is Empty
# time:           309535000 --> FAIL: Reading when FIFO is Empty
# time:           309595000 --> FAIL: Reading when FIFO is Empty
# time:           309655000 --> FAIL: Reading when FIFO is Empty
# time:           309715000 --> FAIL: Reading when FIFO is Empty
# time:           309775000 --> FAIL: Reading when FIFO is Empty
# time:           309855000 --> FAIL: Reading when FIFO is Empty
# time:           309915000 --> FAIL: Reading when FIFO is Empty
# time:           309975000 --> FAIL: Reading when FIFO is Empty
# time:           310035000 --> FAIL: Reading when FIFO is Empty
# time:           310095000 --> FAIL: Reading when FIFO is Empty
# time:           310175000 --> FAIL: Reading when FIFO is Empty
# time:           310235000 --> FAIL: Reading when FIFO is Empty
# time:           310295000 --> FAIL: Reading when FIFO is Empty
# time:           310355000 --> FAIL: Reading when FIFO is Empty
# time:           310415000 --> FAIL: Reading when FIFO is Empty
# time:           310495000 --> FAIL: Reading when FIFO is Empty
# time:           310555000 --> FAIL: Reading when FIFO is Empty
# time:           310615000 --> FAIL: Reading when FIFO is Empty
# time:           310675000 --> FAIL: Reading when FIFO is Empty
# time:           310735000 --> FAIL: Reading when FIFO is Empty
# time:           310815000 --> FAIL: Reading when FIFO is Empty
# time:           310875000 --> FAIL: Reading when FIFO is Empty
# time:           310935000 --> FAIL: Reading when FIFO is Empty
# time:           310995000 --> FAIL: Reading when FIFO is Empty
# time:           311055000 --> FAIL: Reading when FIFO is Empty
# time:           311135000 --> FAIL: Reading when FIFO is Empty
# time:           311195000 --> FAIL: Reading when FIFO is Empty
# time:           311255000 --> FAIL: Reading when FIFO is Empty
# time:           311315000 --> FAIL: Reading when FIFO is Empty
# time:           311375000 --> FAIL: Reading when FIFO is Empty
# time:           311455000 --> FAIL: Reading when FIFO is Empty
# time:           311515000 --> FAIL: Reading when FIFO is Empty
# time:           311575000 --> FAIL: Reading when FIFO is Empty
# time:           311635000 --> FAIL: Reading when FIFO is Empty
# time:           311695000 --> FAIL: Reading when FIFO is Empty
# time:           311775000 --> FAIL: Reading when FIFO is Empty
# time:           311835000 --> FAIL: Reading when FIFO is Empty
# time:           311895000 --> FAIL: Reading when FIFO is Empty
# time:           311955000 --> FAIL: Reading when FIFO is Empty
# time:           312015000 --> FAIL: Reading when FIFO is Empty
# time:           312095000 --> FAIL: Reading when FIFO is Empty
# time:           312155000 --> FAIL: Reading when FIFO is Empty
# time:           312215000 --> FAIL: Reading when FIFO is Empty
# time:           312275000 --> FAIL: Reading when FIFO is Empty
# time:           312335000 --> FAIL: Reading when FIFO is Empty
# time:           312415000 --> FAIL: Reading when FIFO is Empty
# time:           312475000 --> FAIL: Reading when FIFO is Empty
# time:           312535000 --> FAIL: Reading when FIFO is Empty
# time:           312595000 --> FAIL: Reading when FIFO is Empty
# time:           312655000 --> FAIL: Reading when FIFO is Empty
# time:           312735000 --> FAIL: Reading when FIFO is Empty
# time:           312795000 --> FAIL: Reading when FIFO is Empty
# time:           312855000 --> FAIL: Reading when FIFO is Empty
# time:           312915000 --> FAIL: Reading when FIFO is Empty
# time:           312975000 --> FAIL: Reading when FIFO is Empty
# time:           313055000 --> FAIL: Reading when FIFO is Empty
# time:           313115000 --> FAIL: Reading when FIFO is Empty
# time:           313175000 --> FAIL: Reading when FIFO is Empty
# time:           313235000 --> FAIL: Reading when FIFO is Empty
# time:           313295000 --> FAIL: Reading when FIFO is Empty
# time:           313375000 --> FAIL: Reading when FIFO is Empty
# time:           313435000 --> FAIL: Reading when FIFO is Empty
# time:           313495000 --> FAIL: Reading when FIFO is Empty
# time:           313555000 --> FAIL: Reading when FIFO is Empty
# time:           313615000 --> FAIL: Reading when FIFO is Empty
# time:           313695000 --> FAIL: Reading when FIFO is Empty
# time:           313755000 --> FAIL: Reading when FIFO is Empty
# time:           313815000 --> FAIL: Reading when FIFO is Empty
# time:           313875000 --> FAIL: Reading when FIFO is Empty
# time:           313935000 --> FAIL: Reading when FIFO is Empty
# time:           314015000 --> FAIL: Reading when FIFO is Empty
# time:           314075000 --> FAIL: Reading when FIFO is Empty
# time:           314135000 --> FAIL: Reading when FIFO is Empty
# time:           314195000 --> FAIL: Reading when FIFO is Empty
# time:           314255000 --> FAIL: Reading when FIFO is Empty
# time:           314335000 --> FAIL: Reading when FIFO is Empty
# time:           314395000 --> FAIL: Reading when FIFO is Empty
# time:           314455000 --> FAIL: Reading when FIFO is Empty
# time:           314515000 --> FAIL: Reading when FIFO is Empty
# time:           314575000 --> FAIL: Reading when FIFO is Empty
# time:           314655000 --> FAIL: Reading when FIFO is Empty
# time:           314715000 --> FAIL: Reading when FIFO is Empty
# time:           314775000 --> FAIL: Reading when FIFO is Empty
# time:           314835000 --> FAIL: Reading when FIFO is Empty
# time:           314895000 --> FAIL: Reading when FIFO is Empty
# time:           314975000 --> FAIL: Reading when FIFO is Empty
# time:           315035000 --> FAIL: Reading when FIFO is Empty
# time:           315095000 --> FAIL: Reading when FIFO is Empty
# time:           315155000 --> FAIL: Reading when FIFO is Empty
# time:           315215000 --> FAIL: Reading when FIFO is Empty
# time:           315295000 --> FAIL: Reading when FIFO is Empty
# time:           315355000 --> FAIL: Reading when FIFO is Empty
# time:           315415000 --> FAIL: Reading when FIFO is Empty
# time:           315475000 --> FAIL: Reading when FIFO is Empty
# time:           315535000 --> FAIL: Reading when FIFO is Empty
# time:           315615000 --> FAIL: Reading when FIFO is Empty
# time:           315675000 --> FAIL: Reading when FIFO is Empty
# time:           315735000 --> FAIL: Reading when FIFO is Empty
# time:           315795000 --> FAIL: Reading when FIFO is Empty
# time:           315855000 --> FAIL: Reading when FIFO is Empty
# time:           315935000 --> FAIL: Reading when FIFO is Empty
# time:           315995000 --> FAIL: Reading when FIFO is Empty
# time:           316055000 --> FAIL: Reading when FIFO is Empty
# time:           316115000 --> FAIL: Reading when FIFO is Empty
# time:           316175000 --> FAIL: Reading when FIFO is Empty
# time:           316255000 --> FAIL: Reading when FIFO is Empty
# time:           316315000 --> FAIL: Reading when FIFO is Empty
# time:           316375000 --> FAIL: Reading when FIFO is Empty
# time:           316435000 --> FAIL: Reading when FIFO is Empty
# time:           316495000 --> FAIL: Reading when FIFO is Empty
# time:           316575000 --> FAIL: Reading when FIFO is Empty
# time:           316635000 --> FAIL: Reading when FIFO is Empty
# time:           316695000 --> FAIL: Reading when FIFO is Empty
# time:           316755000 --> FAIL: Reading when FIFO is Empty
# time:           316815000 --> FAIL: Reading when FIFO is Empty
# time:           316895000 --> FAIL: Reading when FIFO is Empty
# time:           316955000 --> FAIL: Reading when FIFO is Empty
# time:           317015000 --> FAIL: Reading when FIFO is Empty
# time:           317075000 --> FAIL: Reading when FIFO is Empty
# time:           317135000 --> FAIL: Reading when FIFO is Empty
# time:           317215000 --> FAIL: Reading when FIFO is Empty
# time:           317275000 --> FAIL: Reading when FIFO is Empty
# time:           317335000 --> FAIL: Reading when FIFO is Empty
# time:           317395000 --> FAIL: Reading when FIFO is Empty
# time:           317455000 --> FAIL: Reading when FIFO is Empty
# time:           317535000 --> FAIL: Reading when FIFO is Empty
# time:           317595000 --> FAIL: Reading when FIFO is Empty
# time:           317655000 --> FAIL: Reading when FIFO is Empty
# time:           317715000 --> FAIL: Reading when FIFO is Empty
# time:           317775000 --> FAIL: Reading when FIFO is Empty
# time:           317855000 --> FAIL: Reading when FIFO is Empty
# time:           317915000 --> FAIL: Reading when FIFO is Empty
# time:           317975000 --> FAIL: Reading when FIFO is Empty
# time:           318035000 --> FAIL: Reading when FIFO is Empty
# time:           318095000 --> FAIL: Reading when FIFO is Empty
# time:           318175000 --> FAIL: Reading when FIFO is Empty
# time:           318235000 --> FAIL: Reading when FIFO is Empty
# time:           318295000 --> FAIL: Reading when FIFO is Empty
# time:           318355000 --> FAIL: Reading when FIFO is Empty
# time:           318415000 --> FAIL: Reading when FIFO is Empty
# time:           318495000 --> FAIL: Reading when FIFO is Empty
# time:           318555000 --> FAIL: Reading when FIFO is Empty
# time:           318615000 --> FAIL: Reading when FIFO is Empty
# time:           318675000 --> FAIL: Reading when FIFO is Empty
# time:           318735000 --> FAIL: Reading when FIFO is Empty
# time:           318815000 --> FAIL: Reading when FIFO is Empty
# time:           318875000 --> FAIL: Reading when FIFO is Empty
# time:           318935000 --> FAIL: Reading when FIFO is Empty
# time:           318995000 --> FAIL: Reading when FIFO is Empty
# time:           319055000 --> FAIL: Reading when FIFO is Empty
# time:           319135000 --> FAIL: Reading when FIFO is Empty
# time:           319195000 --> FAIL: Reading when FIFO is Empty
# time:           319255000 --> FAIL: Reading when FIFO is Empty
# time:           319315000 --> FAIL: Reading when FIFO is Empty
# time:           319375000 --> FAIL: Reading when FIFO is Empty
# time:           319455000 --> FAIL: Reading when FIFO is Empty
# time:           319515000 --> FAIL: Reading when FIFO is Empty
# time:           319575000 --> FAIL: Reading when FIFO is Empty
# time:           319635000 --> FAIL: Reading when FIFO is Empty
# time:           319695000 --> FAIL: Reading when FIFO is Empty
# time:           319775000 --> FAIL: Reading when FIFO is Empty
# time:           319835000 --> FAIL: Reading when FIFO is Empty
# time:           319895000 --> FAIL: Reading when FIFO is Empty
# time:           319955000 --> FAIL: Reading when FIFO is Empty
# time:           320015000 --> FAIL: Reading when FIFO is Empty
# time:           320095000 --> FAIL: Reading when FIFO is Empty
# time:           320155000 --> FAIL: Reading when FIFO is Empty
# time:           320215000 --> FAIL: Reading when FIFO is Empty
# time:           320275000 --> FAIL: Reading when FIFO is Empty
# time:           320335000 --> FAIL: Reading when FIFO is Empty
# time:           320415000 --> FAIL: Reading when FIFO is Empty
# time:           320475000 --> FAIL: Reading when FIFO is Empty
# time:           320535000 --> FAIL: Reading when FIFO is Empty
# time:           320595000 --> FAIL: Reading when FIFO is Empty
# time:           320655000 --> FAIL: Reading when FIFO is Empty
# time:           320735000 --> FAIL: Reading when FIFO is Empty
# time:           320795000 --> FAIL: Reading when FIFO is Empty
# time:           320855000 --> FAIL: Reading when FIFO is Empty
# time:           320915000 --> FAIL: Reading when FIFO is Empty
# time:           320975000 --> FAIL: Reading when FIFO is Empty
# time:           321055000 --> FAIL: Reading when FIFO is Empty
# time:           321115000 --> FAIL: Reading when FIFO is Empty
# time:           321175000 --> FAIL: Reading when FIFO is Empty
# time:           321235000 --> FAIL: Reading when FIFO is Empty
# time:           321295000 --> FAIL: Reading when FIFO is Empty
# time:           321375000 --> FAIL: Reading when FIFO is Empty
# time:           321435000 --> FAIL: Reading when FIFO is Empty
# time:           321495000 --> FAIL: Reading when FIFO is Empty
# time:           321555000 --> FAIL: Reading when FIFO is Empty
# time:           321615000 --> FAIL: Reading when FIFO is Empty
# time:           321695000 --> FAIL: Reading when FIFO is Empty
# time:           321755000 --> FAIL: Reading when FIFO is Empty
# time:           321815000 --> FAIL: Reading when FIFO is Empty
# time:           321875000 --> FAIL: Reading when FIFO is Empty
# time:           321935000 --> FAIL: Reading when FIFO is Empty
# time:           322015000 --> FAIL: Reading when FIFO is Empty
# time:           322075000 --> FAIL: Reading when FIFO is Empty
# time:           322135000 --> FAIL: Reading when FIFO is Empty
# time:           322195000 --> FAIL: Reading when FIFO is Empty
# time:           322255000 --> FAIL: Reading when FIFO is Empty
# time:           322335000 --> FAIL: Reading when FIFO is Empty
# time:           322395000 --> FAIL: Reading when FIFO is Empty
# time:           322455000 --> FAIL: Reading when FIFO is Empty
# time:           322515000 --> FAIL: Reading when FIFO is Empty
# time:           322575000 --> FAIL: Reading when FIFO is Empty
# time:           322655000 --> FAIL: Reading when FIFO is Empty
# time:           322715000 --> FAIL: Reading when FIFO is Empty
# time:           322775000 --> FAIL: Reading when FIFO is Empty
# time:           322835000 --> FAIL: Reading when FIFO is Empty
# time:           322895000 --> FAIL: Reading when FIFO is Empty
# time:           322975000 --> FAIL: Reading when FIFO is Empty
# time:           323035000 --> FAIL: Reading when FIFO is Empty
# time:           323095000 --> FAIL: Reading when FIFO is Empty
# time:           323155000 --> FAIL: Reading when FIFO is Empty
# time:           323215000 --> FAIL: Reading when FIFO is Empty
# time:           323295000 --> FAIL: Reading when FIFO is Empty
# time:           323355000 --> FAIL: Reading when FIFO is Empty
# time:           323415000 --> FAIL: Reading when FIFO is Empty
# time:           323475000 --> FAIL: Reading when FIFO is Empty
# time:           323535000 --> FAIL: Reading when FIFO is Empty
# time:           323615000 --> FAIL: Reading when FIFO is Empty
# time:           323675000 --> FAIL: Reading when FIFO is Empty
# time:           323735000 --> FAIL: Reading when FIFO is Empty
# time:           323795000 --> FAIL: Reading when FIFO is Empty
# time:           323855000 --> FAIL: Reading when FIFO is Empty
# time:           323935000 --> FAIL: Reading when FIFO is Empty
# time:           323995000 --> FAIL: Reading when FIFO is Empty
# time:           324055000 --> FAIL: Reading when FIFO is Empty
# time:           324115000 --> FAIL: Reading when FIFO is Empty
# time:           324175000 --> FAIL: Reading when FIFO is Empty
# time:           324255000 --> FAIL: Reading when FIFO is Empty
# time:           324315000 --> FAIL: Reading when FIFO is Empty
# time:           324375000 --> FAIL: Reading when FIFO is Empty
# time:           324435000 --> FAIL: Reading when FIFO is Empty
# time:           324495000 --> FAIL: Reading when FIFO is Empty
# time:           324575000 --> FAIL: Reading when FIFO is Empty
# time:           324635000 --> FAIL: Reading when FIFO is Empty
# time:           324695000 --> FAIL: Reading when FIFO is Empty
# time:           324755000 --> FAIL: Reading when FIFO is Empty
# time:           324815000 --> FAIL: Reading when FIFO is Empty
# time:           324895000 --> FAIL: Reading when FIFO is Empty
# time:           324955000 --> FAIL: Reading when FIFO is Empty
# time:           325015000 --> FAIL: Reading when FIFO is Empty
# time:           325075000 --> FAIL: Reading when FIFO is Empty
# time:           325135000 --> FAIL: Reading when FIFO is Empty
# time:           325215000 --> FAIL: Reading when FIFO is Empty
# time:           325275000 --> FAIL: Reading when FIFO is Empty
# time:           325335000 --> FAIL: Reading when FIFO is Empty
# time:           325395000 --> FAIL: Reading when FIFO is Empty
# time:           325455000 --> FAIL: Reading when FIFO is Empty
# time:           325535000 --> FAIL: Reading when FIFO is Empty
# time:           325595000 --> FAIL: Reading when FIFO is Empty
# time:           325655000 --> FAIL: Reading when FIFO is Empty
# time:           325715000 --> FAIL: Reading when FIFO is Empty
# time:           325775000 --> FAIL: Reading when FIFO is Empty
# time:           325855000 --> FAIL: Reading when FIFO is Empty
# time:           325915000 --> FAIL: Reading when FIFO is Empty
# time:           325975000 --> FAIL: Reading when FIFO is Empty
# time:           326035000 --> FAIL: Reading when FIFO is Empty
# time:           326095000 --> FAIL: Reading when FIFO is Empty
# time:           326175000 --> FAIL: Reading when FIFO is Empty
# time:           326235000 --> FAIL: Reading when FIFO is Empty
# time:           326295000 --> FAIL: Reading when FIFO is Empty
# time:           326355000 --> FAIL: Reading when FIFO is Empty
# time:           326415000 --> FAIL: Reading when FIFO is Empty
# time:           326495000 --> FAIL: Reading when FIFO is Empty
# time:           326555000 --> FAIL: Reading when FIFO is Empty
# time:           326615000 --> FAIL: Reading when FIFO is Empty
# time:           326675000 --> FAIL: Reading when FIFO is Empty
# time:           326735000 --> FAIL: Reading when FIFO is Empty
# time:           326815000 --> FAIL: Reading when FIFO is Empty
# time:           326875000 --> FAIL: Reading when FIFO is Empty
# time:           326935000 --> FAIL: Reading when FIFO is Empty
# time:           326995000 --> FAIL: Reading when FIFO is Empty
# time:           327055000 --> FAIL: Reading when FIFO is Empty
# time:           327135000 --> FAIL: Reading when FIFO is Empty
# time:           327195000 --> FAIL: Reading when FIFO is Empty
# time:           327255000 --> FAIL: Reading when FIFO is Empty
# time:           327315000 --> FAIL: Reading when FIFO is Empty
# time:           327375000 --> FAIL: Reading when FIFO is Empty
# time:           327455000 --> FAIL: Reading when FIFO is Empty
# time:           327515000 --> FAIL: Reading when FIFO is Empty
# time:           327575000 --> FAIL: Reading when FIFO is Empty
# time:           327635000 --> FAIL: Reading when FIFO is Empty
# time:           327695000 --> FAIL: Reading when FIFO is Empty
# time:           327775000 --> FAIL: Reading when FIFO is Empty
# time:           327835000 --> FAIL: Reading when FIFO is Empty
# time:           327895000 --> FAIL: Reading when FIFO is Empty
# time:           327955000 --> FAIL: Reading when FIFO is Empty
# time:           328015000 --> FAIL: Reading when FIFO is Empty
# time:           328095000 --> FAIL: Reading when FIFO is Empty
# time:           328155000 --> FAIL: Reading when FIFO is Empty
# time:           328215000 --> FAIL: Reading when FIFO is Empty
# time:           328275000 --> FAIL: Reading when FIFO is Empty
# time:           328335000 --> FAIL: Reading when FIFO is Empty
# time:           328415000 --> FAIL: Reading when FIFO is Empty
# time:           328475000 --> FAIL: Reading when FIFO is Empty
# time:           328535000 --> FAIL: Reading when FIFO is Empty
# time:           328595000 --> FAIL: Reading when FIFO is Empty
# time:           328655000 --> FAIL: Reading when FIFO is Empty
# time:           328735000 --> FAIL: Reading when FIFO is Empty
# time:           328795000 --> FAIL: Reading when FIFO is Empty
# time:           328855000 --> FAIL: Reading when FIFO is Empty
# time:           328915000 --> FAIL: Reading when FIFO is Empty
# time:           328975000 --> FAIL: Reading when FIFO is Empty
# time:           329055000 --> FAIL: Reading when FIFO is Empty
# time:           329115000 --> FAIL: Reading when FIFO is Empty
# time:           329175000 --> FAIL: Reading when FIFO is Empty
# time:           329235000 --> FAIL: Reading when FIFO is Empty
# time:           329295000 --> FAIL: Reading when FIFO is Empty
# time:           329375000 --> FAIL: Reading when FIFO is Empty
# time:           329435000 --> FAIL: Reading when FIFO is Empty
# time:           329495000 --> FAIL: Reading when FIFO is Empty
# time:           329555000 --> FAIL: Reading when FIFO is Empty
# time:           329615000 --> FAIL: Reading when FIFO is Empty
# time:           329695000 --> FAIL: Reading when FIFO is Empty
# time:           329755000 --> FAIL: Reading when FIFO is Empty
# time:           329815000 --> FAIL: Reading when FIFO is Empty
# time:           329875000 --> FAIL: Reading when FIFO is Empty
# time:           329935000 --> FAIL: Reading when FIFO is Empty
# time:           330015000 --> FAIL: Reading when FIFO is Empty
# time:           330075000 --> FAIL: Reading when FIFO is Empty
# time:           330135000 --> FAIL: Reading when FIFO is Empty
# time:           330195000 --> FAIL: Reading when FIFO is Empty
# time:           330255000 --> FAIL: Reading when FIFO is Empty
# time:           330335000 --> FAIL: Reading when FIFO is Empty
# time:           330395000 --> FAIL: Reading when FIFO is Empty
# time:           330455000 --> FAIL: Reading when FIFO is Empty
# time:           330515000 --> FAIL: Reading when FIFO is Empty
# time:           330575000 --> FAIL: Reading when FIFO is Empty
# time:           330655000 --> FAIL: Reading when FIFO is Empty
# time:           330715000 --> FAIL: Reading when FIFO is Empty
# time:           330775000 --> FAIL: Reading when FIFO is Empty
# time:           330835000 --> FAIL: Reading when FIFO is Empty
# time:           330895000 --> FAIL: Reading when FIFO is Empty
# time:           330975000 --> FAIL: Reading when FIFO is Empty
# time:           331035000 --> FAIL: Reading when FIFO is Empty
# time:           331095000 --> FAIL: Reading when FIFO is Empty
# time:           331155000 --> FAIL: Reading when FIFO is Empty
# time:           331215000 --> FAIL: Reading when FIFO is Empty
# time:           331295000 --> FAIL: Reading when FIFO is Empty
# time:           331355000 --> FAIL: Reading when FIFO is Empty
