# Reading pref.tcl
# do run.do
# INFO: Simulation library presynth already exists
# Model Technology ModelSim Microsemi Pro vmap 2021.3 Lib Mapping Utility 2021.07 Jul 14 2021
# vmap presynth presynth 
# Modifying modelsim.ini
# Model Technology ModelSim Microsemi Pro vmap 2021.3 Lib Mapping Utility 2021.07 Jul 14 2021
# vmap PolarFire C:/Microsemi/Libero_SoC_v2022.1/Designer/lib/modelsimpro/precompiled/vlog/PolarFire 
# Modifying modelsim.ini
# INFO: Simulation library CORESPI_LIB already exists
# Model Technology ModelSim Microsemi Pro vmap 2021.3 Lib Mapping Utility 2021.07 Jul 14 2021
# vmap CORESPI_LIB CORESPI_LIB 
# Modifying modelsim.ini
# Model Technology ModelSim Microsemi Pro vcom 2021.3 Compiler 2021.07 Jul 14 2021
# Start time: 19:47:30 on Dec 22,2023
# vcom -reportprogress 300 -2008 -explicit -work presynth C:/VHDL_temp/Digitizer/Digitizer_vhdl/Digitizer/hdl/Alignment_Fifo.vhd 
# -- Loading package STANDARD
# -- Loading package TEXTIO
# -- Loading package std_logic_1164
# -- Loading package NUMERIC_STD
# -- Compiling entity Alignment_Fifo
# -- Compiling architecture rtl of Alignment_Fifo
# End time: 19:47:31 on Dec 22,2023, Elapsed time: 0:00:01
# Errors: 0, Warnings: 0
# Model Technology ModelSim Microsemi Pro vcom 2021.3 Compiler 2021.07 Jul 14 2021
# Start time: 19:47:31 on Dec 22,2023
# vcom -reportprogress 300 -2008 -explicit -work presynth C:/VHDL_temp/Digitizer/Digitizer_vhdl/Digitizer/hdl/LaneOutExtender.vhd 
# -- Loading package STANDARD
# -- Loading package TEXTIO
# -- Loading package std_logic_1164
# -- Loading package NUMERIC_STD
# -- Compiling entity LaneOutExtender
# -- Compiling architecture rtl of LaneOutExtender
# End time: 19:47:32 on Dec 22,2023, Elapsed time: 0:00:01
# Errors: 0, Warnings: 0
# Model Technology ModelSim Microsemi Pro vcom 2021.3 Compiler 2021.07 Jul 14 2021
# Start time: 19:47:32 on Dec 22,2023
# vcom -reportprogress 300 -2008 -explicit -work presynth C:/VHDL_temp/Digitizer/Digitizer_vhdl/Digitizer/hdl/RxLaneControl.vhd 
# -- Loading package STANDARD
# -- Loading package TEXTIO
# -- Loading package std_logic_1164
# -- Loading package NUMERIC_STD
# -- Compiling entity RxLaneControl
# -- Compiling architecture rtl of RxLaneControl
# End time: 19:47:32 on Dec 22,2023, Elapsed time: 0:00:00
# Errors: 0, Warnings: 0
# Model Technology ModelSim Microsemi Pro vcom 2021.3 Compiler 2021.07 Jul 14 2021
# Start time: 19:47:32 on Dec 22,2023
# vcom -reportprogress 300 -2008 -explicit -work presynth C:/VHDL_temp/Digitizer/Digitizer_vhdl/Digitizer/hdl/RxMainLinkController.vhd 
# -- Loading package STANDARD
# -- Loading package TEXTIO
# -- Loading package std_logic_1164
# -- Loading package NUMERIC_STD
# -- Compiling entity RxMainLinkController
# -- Compiling architecture rtl of RxMainLinkController
# End time: 19:47:33 on Dec 22,2023, Elapsed time: 0:00:01
# Errors: 0, Warnings: 0
# Model Technology ModelSim Microsemi Pro vcom 2021.3 Compiler 2021.07 Jul 14 2021
# Start time: 19:47:33 on Dec 22,2023
# vcom -reportprogress 300 -2008 -explicit -work presynth C:/VHDL_temp/Digitizer/Digitizer_vhdl/Digitizer/hdl/Test_Generator_for_Lanes.vhd 
# -- Loading package STANDARD
# -- Loading package TEXTIO
# -- Loading package std_logic_1164
# -- Loading package NUMERIC_STD
# -- Compiling entity Test_Generator_for_Lanes
# -- Compiling architecture rtl of Test_Generator_for_Lanes
# End time: 19:47:33 on Dec 22,2023, Elapsed time: 0:00:00
# Errors: 0, Warnings: 0
# Model Technology ModelSim Microsemi Pro vcom 2021.3 Compiler 2021.07 Jul 14 2021
# Start time: 19:47:33 on Dec 22,2023
# vcom -reportprogress 300 -2008 -explicit -work presynth C:/VHDL_temp/Digitizer/Digitizer_vhdl/Digitizer/hdl/TxLaneControl.vhd 
# -- Loading package STANDARD
# -- Loading package TEXTIO
# -- Loading package std_logic_1164
# -- Loading package NUMERIC_STD
# -- Compiling entity TxLaneControl
# -- Compiling architecture rtl of TxLaneControl
# End time: 19:47:34 on Dec 22,2023, Elapsed time: 0:00:01
# Errors: 0, Warnings: 0
# Model Technology ModelSim Microsemi Pro vcom 2021.3 Compiler 2021.07 Jul 14 2021
# Start time: 19:47:34 on Dec 22,2023
# vcom -reportprogress 300 -2008 -explicit -work presynth C:/VHDL_temp/Digitizer/Digitizer_vhdl/Digitizer/hdl/TxMainLinkController.vhd 
# -- Loading package STANDARD
# -- Loading package TEXTIO
# -- Loading package std_logic_1164
# -- Loading package NUMERIC_STD
# -- Compiling entity TxMainLinkController
# -- Compiling architecture rtl of TxMainLinkController
# End time: 19:47:34 on Dec 22,2023, Elapsed time: 0:00:00
# Errors: 0, Warnings: 0
# Model Technology ModelSim Microsemi Pro vlog 2021.3 Compiler 2021.07 Jul 14 2021
# Start time: 19:47:34 on Dec 22,2023
# vlog -reportprogress 300 -sv -work presynth C:/VHDL_temp/Digitizer/Digitizer_vhdl/Digitizer/component/work/DataSource_Transcievers/DataSource_Transcievers.v 
# -- Compiling module DataSource_Transcievers
# 
# Top level modules:
# 	DataSource_Transcievers
# End time: 19:47:35 on Dec 22,2023, Elapsed time: 0:00:01
# Errors: 0, Warnings: 0
# Model Technology ModelSim Microsemi Pro vcom 2021.3 Compiler 2021.07 Jul 14 2021
# Start time: 19:47:35 on Dec 22,2023
# vcom -reportprogress 300 -2008 -explicit -work presynth C:/VHDL_temp/Digitizer/Digitizer_vhdl/Digitizer/hdl/cmd_table.vhd 
# -- Loading package STANDARD
# -- Loading package TEXTIO
# -- Loading package std_logic_1164
# -- Compiling package cmd_table
# End time: 19:47:35 on Dec 22,2023, Elapsed time: 0:00:00
# Errors: 0, Warnings: 0
# Model Technology ModelSim Microsemi Pro vcom 2021.3 Compiler 2021.07 Jul 14 2021
# Start time: 19:47:36 on Dec 22,2023
# vcom -reportprogress 300 -2008 -explicit -work presynth C:/VHDL_temp/Digitizer/Digitizer_vhdl/Digitizer/hdl/cmd_table_trigger.vhd 
# -- Loading package STANDARD
# -- Loading package TEXTIO
# -- Loading package std_logic_1164
# -- Compiling package cmd_table_trigger
# End time: 19:47:36 on Dec 22,2023, Elapsed time: 0:00:00
# Errors: 0, Warnings: 0
# Model Technology ModelSim Microsemi Pro vcom 2021.3 Compiler 2021.07 Jul 14 2021
# Start time: 19:47:36 on Dec 22,2023
# vcom -reportprogress 300 -2008 -explicit -work presynth C:/VHDL_temp/Digitizer/Digitizer_vhdl/Digitizer/stimulus/TB_DataSource_Transciever.vhd 
# -- Loading package STANDARD
# -- Loading package TEXTIO
# -- Loading package std_logic_1164
# -- Compiling entity TB_DataSource_Transciever
# -- Compiling architecture behavioral of TB_DataSource_Transciever
# End time: 19:47:37 on Dec 22,2023, Elapsed time: 0:00:01
# Errors: 0, Warnings: 0
# vsim -L PolarFire -L presynth -L CORESPI_LIB -t 1ps -pli "C:/Microsemi/Libero_SoC_v2022.1/Designer/lib/modelsimpro/pli/pf_crypto_win_me_pli.dll" presynth.TB_DataSource_Transciever -gSIM_PA5M300T=0 
# Start time: 19:47:37 on Dec 22,2023
# //  ModelSim Microsemi Pro 2021.3 Jul 14 2021
# //
# //  Copyright 1991-2021 Mentor Graphics Corporation
# //  All Rights Reserved.
# //
# //  ModelSim Microsemi Pro and its associated documentation contain trade
# //  secrets and commercial or financial information that are the property of
# //  Mentor Graphics Corporation and are privileged, confidential,
# //  and exempt from disclosure under the Freedom of Information Act,
# //  5 U.S.C. Section 552. Furthermore, this information
# //  is prohibited from disclosure under the Trade Secrets Act,
# //  18 U.S.C. Section 1905.
# //
# Loading std.standard
# Loading std.textio(body)
# Loading ieee.std_logic_1164(body)
# Loading presynth.tb_datasource_transciever(behavioral)
# Loading sv_std.std
# Loading presynth.DataSource_Transcievers
# Loading PolarFire.AND2
# Loading PolarFire.CFG2
# Loading ieee.numeric_std(body)
# Loading presynth.alignment_fifo(rtl)
# Loading presynth.laneoutextender(rtl)
# Loading presynth.rxlanecontrol(rtl)
# Loading presynth.rxmainlinkcontroller(rtl)
# Loading presynth.test_generator_for_lanes(rtl)
# Loading presynth.txlanecontrol(rtl)
# Loading presynth.txmainlinkcontroller(rtl)
# Loading PolarFire.UDP_MUX2
# Loading C:/Microsemi/Libero_SoC_v2022.1/Designer/lib/modelsimpro/pli/pf_crypto_win_me_pli.dll
# ** Warning: (vsim-3040) Command line generic/parameter "SIM_PA5M300T" not found in design.
# ** Warning: (vsim-WLF-5000) WLF file currently in use: vsim.wlf
#           File in use by: Tomáš  Hostname: DESKTOP-TDPVUTD  ProcessID: 61208
#           Attempting to use alternate WLF file "./wlftete7vz".
# ** Warning: (vsim-WLF-5001) Could not open WLF file: vsim.wlf
#           Using alternate file: ./wlftete7vz
run -all
# Break key hit
# Break in ForLoop data_out_assing_D at C:/VHDL_temp/Digitizer/Digitizer_vhdl/Digitizer/hdl/RxLaneControl.vhd line 341
add wave -position end  sim:/tb_datasource_transciever/DataSource_Transcievers_0/TxLaneControl_0_Output_Data_0
add wave -position end  sim:/tb_datasource_transciever/DataSource_Transcievers_0/TxLaneControl_0_Output_Data_1
add wave -position end  sim:/tb_datasource_transciever/DataSource_Transcievers_0/TxLaneControl_0_Output_Data_2
add wave -position end  sim:/tb_datasource_transciever/DataSource_Transcievers_0/TxLaneControl_0_Output_Data_3
add wave -position end  sim:/tb_datasource_transciever/DataSource_Transcievers_0/TxLaneControl_0_0_Output_Data_0
add wave -position end  sim:/tb_datasource_transciever/DataSource_Transcievers_0/TxLaneControl_0_0_Output_Data_1
add wave -position end  sim:/tb_datasource_transciever/DataSource_Transcievers_0/TxLaneControl_0_0_Output_Data_2
add wave -position end  sim:/tb_datasource_transciever/DataSource_Transcievers_0/TxLaneControl_0_0_Output_Data_3
restart -f
# ** Note: (vsim-12125) Error and warning message counts have been reset to '0' because of 'restart'.
# Loading C:/Microsemi/Libero_SoC_v2022.1/Designer/lib/modelsimpro/pli/pf_crypto_win_me_pli.dll
# ** Warning: (vsim-3040) Command line generic/parameter "SIM_PA5M300T" not found in design.
run -all
# Break key hit
# Simulation stop requested.
add wave -position end  sim:/tb_datasource_transciever/DataSource_Transcievers_0/RxMainLinkController_0_Alignment_Fifo_Read
add wave -position end  sim:/tb_datasource_transciever/DataSource_Transcievers_0/RxMainLinkController_0_SYNCINB
restart -f
# ** Note: (vsim-12125) Error and warning message counts have been reset to '0' because of 'restart'.
# Loading C:/Microsemi/Libero_SoC_v2022.1/Designer/lib/modelsimpro/pli/pf_crypto_win_me_pli.dll
# ** Warning: (vsim-3040) Command line generic/parameter "SIM_PA5M300T" not found in design.
run -all
# Break key hit
# Break in Process line__70 at C:/VHDL_temp/Digitizer/Digitizer_vhdl/Digitizer/hdl/RxMainLinkController.vhd line 70
