# Reading pref.tcl
# do run.do
# INFO: Simulation library presynth already exists
# Model Technology ModelSim Microsemi Pro vmap 2021.3 Lib Mapping Utility 2021.07 Jul 14 2021
# vmap presynth presynth 
# Modifying modelsim.ini
# Model Technology ModelSim Microsemi Pro vmap 2021.3 Lib Mapping Utility 2021.07 Jul 14 2021
# vmap PolarFire C:/Microsemi/Libero_SoC_v2022.1/Designer/lib/modelsimpro/precompiled/vlog/PolarFire 
# Modifying modelsim.ini
# INFO: Simulation library CORESPI_LIB already exists
# Model Technology ModelSim Microsemi Pro vmap 2021.3 Lib Mapping Utility 2021.07 Jul 14 2021
# vmap CORESPI_LIB CORESPI_LIB 
# Modifying modelsim.ini
# Model Technology ModelSim Microsemi Pro vlog 2021.3 Compiler 2021.07 Jul 14 2021
# Start time: 10:32:59 on Aug 30,2023
# vlog -reportprogress 300 "+incdir+C:/VHDL_temp/Digitizer/Digitizer_vhdl/Digitizer/component/Actel/DirectCore/CORELANEMSTR/2.1.100/rtl/vlog/core" -sv -work presynth C:/VHDL_temp/Digitizer/Digitizer_vhdl/Digitizer/component/work/CORERESET_PF_C2/CORERESET_PF_C2_0/core/corereset_pf.v 
# -- Compiling module CORERESET_PF_C2_CORERESET_PF_C2_0_CORERESET_PF
# 
# Top level modules:
# 	CORERESET_PF_C2_CORERESET_PF_C2_0_CORERESET_PF
# End time: 10:32:59 on Aug 30,2023, Elapsed time: 0:00:00
# Errors: 0, Warnings: 0
# Model Technology ModelSim Microsemi Pro vlog 2021.3 Compiler 2021.07 Jul 14 2021
# Start time: 10:32:59 on Aug 30,2023
# vlog -reportprogress 300 "+incdir+C:/VHDL_temp/Digitizer/Digitizer_vhdl/Digitizer/component/Actel/DirectCore/CORELANEMSTR/2.1.100/rtl/vlog/core" -sv -work presynth C:/VHDL_temp/Digitizer/Digitizer_vhdl/Digitizer/component/work/CORERESET_PF_C2/CORERESET_PF_C2.v 
# -- Compiling module CORERESET_PF_C2
# 
# Top level modules:
# 	CORERESET_PF_C2
# End time: 10:32:59 on Aug 30,2023, Elapsed time: 0:00:00
# Errors: 0, Warnings: 0
# Model Technology ModelSim Microsemi Pro vlog 2021.3 Compiler 2021.07 Jul 14 2021
# Start time: 10:32:59 on Aug 30,2023
# vlog -reportprogress 300 "+incdir+C:/VHDL_temp/Digitizer/Digitizer_vhdl/Digitizer/component/Actel/DirectCore/CORELANEMSTR/2.1.100/rtl/vlog/core" -sv -work presynth C:/VHDL_temp/Digitizer/Digitizer_vhdl/Digitizer/component/work/PF_CCC_C2/PF_CCC_C2_0/PF_CCC_C2_PF_CCC_C2_0_PF_CCC.v 
# -- Compiling module PF_CCC_C2_PF_CCC_C2_0_PF_CCC
# 
# Top level modules:
# 	PF_CCC_C2_PF_CCC_C2_0_PF_CCC
# End time: 10:32:59 on Aug 30,2023, Elapsed time: 0:00:00
# Errors: 0, Warnings: 0
# Model Technology ModelSim Microsemi Pro vlog 2021.3 Compiler 2021.07 Jul 14 2021
# Start time: 10:32:59 on Aug 30,2023
# vlog -reportprogress 300 "+incdir+C:/VHDL_temp/Digitizer/Digitizer_vhdl/Digitizer/component/Actel/DirectCore/CORELANEMSTR/2.1.100/rtl/vlog/core" -sv -work presynth C:/VHDL_temp/Digitizer/Digitizer_vhdl/Digitizer/component/work/PF_CCC_C2/PF_CCC_C2.v 
# -- Compiling module PF_CCC_C2
# 
# Top level modules:
# 	PF_CCC_C2
# End time: 10:32:59 on Aug 30,2023, Elapsed time: 0:00:00
# Errors: 0, Warnings: 0
# Model Technology ModelSim Microsemi Pro vlog 2021.3 Compiler 2021.07 Jul 14 2021
# Start time: 10:32:59 on Aug 30,2023
# vlog -reportprogress 300 "+incdir+C:/VHDL_temp/Digitizer/Digitizer_vhdl/Digitizer/component/Actel/DirectCore/CORELANEMSTR/2.1.100/rtl/vlog/core" -sv -work presynth C:/VHDL_temp/Digitizer/Digitizer_vhdl/Digitizer/component/work/PF_CLK_DIV_C0/PF_CLK_DIV_C0_0/PF_CLK_DIV_C0_PF_CLK_DIV_C0_0_PF_CLK_DIV.v 
# -- Compiling module PF_CLK_DIV_C0_PF_CLK_DIV_C0_0_PF_CLK_DIV
# 
# Top level modules:
# 	PF_CLK_DIV_C0_PF_CLK_DIV_C0_0_PF_CLK_DIV
# End time: 10:32:59 on Aug 30,2023, Elapsed time: 0:00:00
# Errors: 0, Warnings: 0
# Model Technology ModelSim Microsemi Pro vlog 2021.3 Compiler 2021.07 Jul 14 2021
# Start time: 10:32:59 on Aug 30,2023
# vlog -reportprogress 300 "+incdir+C:/VHDL_temp/Digitizer/Digitizer_vhdl/Digitizer/component/Actel/DirectCore/CORELANEMSTR/2.1.100/rtl/vlog/core" -sv -work presynth C:/VHDL_temp/Digitizer/Digitizer_vhdl/Digitizer/component/work/PF_CLK_DIV_C0/PF_CLK_DIV_C0.v 
# -- Compiling module PF_CLK_DIV_C0
# 
# Top level modules:
# 	PF_CLK_DIV_C0
# End time: 10:32:59 on Aug 30,2023, Elapsed time: 0:00:00
# Errors: 0, Warnings: 0
# Model Technology ModelSim Microsemi Pro vlog 2021.3 Compiler 2021.07 Jul 14 2021
# Start time: 10:32:59 on Aug 30,2023
# vlog -reportprogress 300 "+incdir+C:/VHDL_temp/Digitizer/Digitizer_vhdl/Digitizer/component/Actel/DirectCore/CORELANEMSTR/2.1.100/rtl/vlog/core" -sv -work presynth C:/VHDL_temp/Digitizer/Digitizer_vhdl/Digitizer/component/work/PF_INIT_MONITOR_C1/PF_INIT_MONITOR_C1_0/PF_INIT_MONITOR_C1_PF_INIT_MONITOR_C1_0_PF_INIT_MONITOR.v 
# -- Compiling module PF_INIT_MONITOR_C1_PF_INIT_MONITOR_C1_0_PF_INIT_MONITOR
# 
# Top level modules:
# 	PF_INIT_MONITOR_C1_PF_INIT_MONITOR_C1_0_PF_INIT_MONITOR
# End time: 10:32:59 on Aug 30,2023, Elapsed time: 0:00:00
# Errors: 0, Warnings: 0
# Model Technology ModelSim Microsemi Pro vlog 2021.3 Compiler 2021.07 Jul 14 2021
# Start time: 10:33:00 on Aug 30,2023
# vlog -reportprogress 300 "+incdir+C:/VHDL_temp/Digitizer/Digitizer_vhdl/Digitizer/component/Actel/DirectCore/CORELANEMSTR/2.1.100/rtl/vlog/core" -sv -work presynth C:/VHDL_temp/Digitizer/Digitizer_vhdl/Digitizer/component/work/PF_INIT_MONITOR_C1/PF_INIT_MONITOR_C1.v 
# -- Compiling module PF_INIT_MONITOR_C1
# 
# Top level modules:
# 	PF_INIT_MONITOR_C1
# End time: 10:33:00 on Aug 30,2023, Elapsed time: 0:00:00
# Errors: 0, Warnings: 0
# Model Technology ModelSim Microsemi Pro vlog 2021.3 Compiler 2021.07 Jul 14 2021
# Start time: 10:33:00 on Aug 30,2023
# vlog -reportprogress 300 "+incdir+C:/VHDL_temp/Digitizer/Digitizer_vhdl/Digitizer/component/Actel/DirectCore/CORELANEMSTR/2.1.100/rtl/vlog/core" -sv -work presynth C:/VHDL_temp/Digitizer/Digitizer_vhdl/Digitizer/component/work/PF_OSC_C0/PF_OSC_C0_0/PF_OSC_C0_PF_OSC_C0_0_PF_OSC.v 
# -- Compiling module PF_OSC_C0_PF_OSC_C0_0_PF_OSC
# 
# Top level modules:
# 	PF_OSC_C0_PF_OSC_C0_0_PF_OSC
# End time: 10:33:00 on Aug 30,2023, Elapsed time: 0:00:00
# Errors: 0, Warnings: 0
# Model Technology ModelSim Microsemi Pro vlog 2021.3 Compiler 2021.07 Jul 14 2021
# Start time: 10:33:00 on Aug 30,2023
# vlog -reportprogress 300 "+incdir+C:/VHDL_temp/Digitizer/Digitizer_vhdl/Digitizer/component/Actel/DirectCore/CORELANEMSTR/2.1.100/rtl/vlog/core" -sv -work presynth C:/VHDL_temp/Digitizer/Digitizer_vhdl/Digitizer/component/work/PF_OSC_C0/PF_OSC_C0.v 
# -- Compiling module PF_OSC_C0
# 
# Top level modules:
# 	PF_OSC_C0
# End time: 10:33:00 on Aug 30,2023, Elapsed time: 0:00:00
# Errors: 0, Warnings: 0
# Model Technology ModelSim Microsemi Pro vlog 2021.3 Compiler 2021.07 Jul 14 2021
# Start time: 10:33:00 on Aug 30,2023
# vlog -reportprogress 300 "+incdir+C:/VHDL_temp/Digitizer/Digitizer_vhdl/Digitizer/component/Actel/DirectCore/CORELANEMSTR/2.1.100/rtl/vlog/core" -sv -work presynth C:/VHDL_temp/Digitizer/Digitizer_vhdl/Digitizer/component/work/PF_TX_PLL_C0/PF_TX_PLL_C0_0/PF_TX_PLL_C0_PF_TX_PLL_C0_0_PF_TX_PLL.v 
# -- Compiling module PF_TX_PLL_C0_PF_TX_PLL_C0_0_PF_TX_PLL
# 
# Top level modules:
# 	PF_TX_PLL_C0_PF_TX_PLL_C0_0_PF_TX_PLL
# End time: 10:33:00 on Aug 30,2023, Elapsed time: 0:00:00
# Errors: 0, Warnings: 0
# Model Technology ModelSim Microsemi Pro vlog 2021.3 Compiler 2021.07 Jul 14 2021
# Start time: 10:33:00 on Aug 30,2023
# vlog -reportprogress 300 "+incdir+C:/VHDL_temp/Digitizer/Digitizer_vhdl/Digitizer/component/Actel/DirectCore/CORELANEMSTR/2.1.100/rtl/vlog/core" -sv -work presynth C:/VHDL_temp/Digitizer/Digitizer_vhdl/Digitizer/component/work/PF_TX_PLL_C0/PF_TX_PLL_C0.v 
# -- Compiling module PF_TX_PLL_C0
# 
# Top level modules:
# 	PF_TX_PLL_C0
# End time: 10:33:00 on Aug 30,2023, Elapsed time: 0:00:00
# Errors: 0, Warnings: 0
# Model Technology ModelSim Microsemi Pro vlog 2021.3 Compiler 2021.07 Jul 14 2021
# Start time: 10:33:00 on Aug 30,2023
# vlog -reportprogress 300 "+incdir+C:/VHDL_temp/Digitizer/Digitizer_vhdl/Digitizer/component/Actel/DirectCore/CORELANEMSTR/2.1.100/rtl/vlog/core" -sv -work presynth C:/VHDL_temp/Digitizer/Digitizer_vhdl/Digitizer/component/Actel/DirectCore/CORELCKMGT/2.0.100/rtl/vlog/core/CORELCKMGT.v 
# -- Compiling module CORELCKMGT
# 
# Top level modules:
# 	CORELCKMGT
# End time: 10:33:00 on Aug 30,2023, Elapsed time: 0:00:00
# Errors: 0, Warnings: 0
# Model Technology ModelSim Microsemi Pro vlog 2021.3 Compiler 2021.07 Jul 14 2021
# Start time: 10:33:00 on Aug 30,2023
# vlog -reportprogress 300 "+incdir+C:/VHDL_temp/Digitizer/Digitizer_vhdl/Digitizer/component/Actel/DirectCore/CORELANEMSTR/2.1.100/rtl/vlog/core" -sv -work presynth C:/VHDL_temp/Digitizer/Digitizer_vhdl/Digitizer/component/Actel/DirectCore/CORERFD/2.1.100/rtl/vlog/core/CORERFDgrycnt.v 
# -- Compiling module CORERFDgrycnt
# 
# Top level modules:
# 	CORERFDgrycnt
# End time: 10:33:00 on Aug 30,2023, Elapsed time: 0:00:00
# Errors: 0, Warnings: 0
# Model Technology ModelSim Microsemi Pro vlog 2021.3 Compiler 2021.07 Jul 14 2021
# Start time: 10:33:00 on Aug 30,2023
# vlog -reportprogress 300 "+incdir+C:/VHDL_temp/Digitizer/Digitizer_vhdl/Digitizer/component/Actel/DirectCore/CORELANEMSTR/2.1.100/rtl/vlog/core" -sv -work presynth C:/VHDL_temp/Digitizer/Digitizer_vhdl/Digitizer/component/Actel/DirectCore/CORERFD/2.1.100/rtl/vlog/core/CORERFDbincnt.v 
# -- Compiling module CORERFDbincnt
# 
# Top level modules:
# 	CORERFDbincnt
# End time: 10:33:00 on Aug 30,2023, Elapsed time: 0:00:00
# Errors: 0, Warnings: 0
# Model Technology ModelSim Microsemi Pro vlog 2021.3 Compiler 2021.07 Jul 14 2021
# Start time: 10:33:00 on Aug 30,2023
# vlog -reportprogress 300 "+incdir+C:/VHDL_temp/Digitizer/Digitizer_vhdl/Digitizer/component/Actel/DirectCore/CORELANEMSTR/2.1.100/rtl/vlog/core" -sv -work presynth C:/VHDL_temp/Digitizer/Digitizer_vhdl/Digitizer/component/Actel/DirectCore/CORERFD/2.1.100/rtl/vlog/core/CORERFDsmplcnt.v 
# -- Compiling module CORERFDsmplcnt
# 
# Top level modules:
# 	CORERFDsmplcnt
# End time: 10:33:00 on Aug 30,2023, Elapsed time: 0:00:00
# Errors: 0, Warnings: 0
# Model Technology ModelSim Microsemi Pro vlog 2021.3 Compiler 2021.07 Jul 14 2021
# Start time: 10:33:00 on Aug 30,2023
# vlog -reportprogress 300 "+incdir+C:/VHDL_temp/Digitizer/Digitizer_vhdl/Digitizer/component/Actel/DirectCore/CORELANEMSTR/2.1.100/rtl/vlog/core" -sv -work presynth C:/VHDL_temp/Digitizer/Digitizer_vhdl/Digitizer/component/Actel/DirectCore/CORERFD/2.1.100/rtl/vlog/core/CORERFDfrqerrarb.v 
# -- Compiling module CORERFDfrqerrarb
# 
# Top level modules:
# 	CORERFDfrqerrarb
# End time: 10:33:00 on Aug 30,2023, Elapsed time: 0:00:00
# Errors: 0, Warnings: 0
# Model Technology ModelSim Microsemi Pro vlog 2021.3 Compiler 2021.07 Jul 14 2021
# Start time: 10:33:00 on Aug 30,2023
# vlog -reportprogress 300 "+incdir+C:/VHDL_temp/Digitizer/Digitizer_vhdl/Digitizer/component/Actel/DirectCore/CORELANEMSTR/2.1.100/rtl/vlog/core" -sv -work presynth C:/VHDL_temp/Digitizer/Digitizer_vhdl/Digitizer/component/Actel/DirectCore/CORERFD/2.1.100/rtl/vlog/core/CORERFDplsgen.v 
# -- Compiling module CORERFDplsgen
# 
# Top level modules:
# 	CORERFDplsgen
# End time: 10:33:00 on Aug 30,2023, Elapsed time: 0:00:00
# Errors: 0, Warnings: 0
# Model Technology ModelSim Microsemi Pro vlog 2021.3 Compiler 2021.07 Jul 14 2021
# Start time: 10:33:00 on Aug 30,2023
# vlog -reportprogress 300 "+incdir+C:/VHDL_temp/Digitizer/Digitizer_vhdl/Digitizer/component/Actel/DirectCore/CORELANEMSTR/2.1.100/rtl/vlog/core" -sv -work presynth C:/VHDL_temp/Digitizer/Digitizer_vhdl/Digitizer/component/Actel/DirectCore/CORERFD/2.1.100/rtl/vlog/core/CORERFDshcnt.v 
# -- Compiling module CORERFDshcnt
# 
# Top level modules:
# 	CORERFDshcnt
# End time: 10:33:01 on Aug 30,2023, Elapsed time: 0:00:01
# Errors: 0, Warnings: 0
# Model Technology ModelSim Microsemi Pro vlog 2021.3 Compiler 2021.07 Jul 14 2021
# Start time: 10:33:01 on Aug 30,2023
# vlog -reportprogress 300 "+incdir+C:/VHDL_temp/Digitizer/Digitizer_vhdl/Digitizer/component/Actel/DirectCore/CORELANEMSTR/2.1.100/rtl/vlog/core" -sv -work presynth C:/VHDL_temp/Digitizer/Digitizer_vhdl/Digitizer/component/Actel/DirectCore/CORERFD/2.1.100/rtl/vlog/core/CORERFDsyncen.v 
# -- Compiling module CORERFDsyncen
# 
# Top level modules:
# 	CORERFDsyncen
# End time: 10:33:01 on Aug 30,2023, Elapsed time: 0:00:00
# Errors: 0, Warnings: 0
# Model Technology ModelSim Microsemi Pro vlog 2021.3 Compiler 2021.07 Jul 14 2021
# Start time: 10:33:01 on Aug 30,2023
# vlog -reportprogress 300 "+incdir+C:/VHDL_temp/Digitizer/Digitizer_vhdl/Digitizer/component/Actel/DirectCore/CORELANEMSTR/2.1.100/rtl/vlog/core" -sv -work presynth C:/VHDL_temp/Digitizer/Digitizer_vhdl/Digitizer/component/Actel/DirectCore/CORERFD/2.1.100/rtl/vlog/core/CORERFDsync.v 
# -- Compiling module CORERFDsync
# 
# Top level modules:
# 	CORERFDsync
# End time: 10:33:01 on Aug 30,2023, Elapsed time: 0:00:00
# Errors: 0, Warnings: 0
# Model Technology ModelSim Microsemi Pro vlog 2021.3 Compiler 2021.07 Jul 14 2021
# Start time: 10:33:01 on Aug 30,2023
# vlog -reportprogress 300 "+incdir+C:/VHDL_temp/Digitizer/Digitizer_vhdl/Digitizer/component/Actel/DirectCore/CORELANEMSTR/2.1.100/rtl/vlog/core" -sv -work presynth C:/VHDL_temp/Digitizer/Digitizer_vhdl/Digitizer/component/Actel/DirectCore/CORERFD/2.1.100/rtl/vlog/core/CORERFDsicr.v 
# -- Compiling module CORERFDsicr
# 
# Top level modules:
# 	CORERFDsicr
# End time: 10:33:01 on Aug 30,2023, Elapsed time: 0:00:00
# Errors: 0, Warnings: 0
# Model Technology ModelSim Microsemi Pro vlog 2021.3 Compiler 2021.07 Jul 14 2021
# Start time: 10:33:01 on Aug 30,2023
# vlog -reportprogress 300 "+incdir+C:/VHDL_temp/Digitizer/Digitizer_vhdl/Digitizer/component/Actel/DirectCore/CORELANEMSTR/2.1.100/rtl/vlog/core" -sv -work presynth C:/VHDL_temp/Digitizer/Digitizer_vhdl/Digitizer/component/Actel/DirectCore/CORERFD/2.1.100/rtl/vlog/core/CORERFD.v 
# -- Compiling module CORERFD
# 
# Top level modules:
# 	CORERFD
# End time: 10:33:01 on Aug 30,2023, Elapsed time: 0:00:00
# Errors: 0, Warnings: 0
# Model Technology ModelSim Microsemi Pro vlog 2021.3 Compiler 2021.07 Jul 14 2021
# Start time: 10:33:01 on Aug 30,2023
# vlog -reportprogress 300 "+incdir+C:/VHDL_temp/Digitizer/Digitizer_vhdl/Digitizer/component/Actel/DirectCore/CORELANEMSTR/2.1.100/rtl/vlog/core" -sv -work presynth C:/VHDL_temp/Digitizer/Digitizer_vhdl/Digitizer/component/Actel/SgCore/PF_XCVR_APBLINK_V/1.1.104/hdl/PF_XCVR_APBLINK_V.v 
# -- Compiling module PF_XCVR_APBLINK_V
# 
# Top level modules:
# 	PF_XCVR_APBLINK_V
# End time: 10:33:01 on Aug 30,2023, Elapsed time: 0:00:00
# Errors: 0, Warnings: 0
# Model Technology ModelSim Microsemi Pro vlog 2021.3 Compiler 2021.07 Jul 14 2021
# Start time: 10:33:01 on Aug 30,2023
# vlog -reportprogress 300 "+incdir+C:/VHDL_temp/Digitizer/Digitizer_vhdl/Digitizer/component/Actel/DirectCore/CORELANEMSTR/2.1.100/rtl/vlog/core" -sv -work presynth C:/VHDL_temp/Digitizer/Digitizer_vhdl/Digitizer/component/Actel/DirectCore/CORELANEMSTR/2.1.100/rtl/vlog/core/CORELANEMSTRmode0.v 
# -- Compiling module CORELANEMSTRmode0
# 
# Top level modules:
# 	CORELANEMSTRmode0
# End time: 10:33:01 on Aug 30,2023, Elapsed time: 0:00:00
# Errors: 0, Warnings: 0
# Model Technology ModelSim Microsemi Pro vlog 2021.3 Compiler 2021.07 Jul 14 2021
# Start time: 10:33:01 on Aug 30,2023
# vlog -reportprogress 300 "+incdir+C:/VHDL_temp/Digitizer/Digitizer_vhdl/Digitizer/component/Actel/DirectCore/CORELANEMSTR/2.1.100/rtl/vlog/core" -sv -work presynth C:/VHDL_temp/Digitizer/Digitizer_vhdl/Digitizer/component/Actel/DirectCore/CORELANEMSTR/2.1.100/rtl/vlog/core/CORELANEMSTRmode1.v 
# -- Compiling module CORELANEMSTRmode1
# 
# Top level modules:
# 	CORELANEMSTRmode1
# End time: 10:33:01 on Aug 30,2023, Elapsed time: 0:00:00
# Errors: 0, Warnings: 0
# Model Technology ModelSim Microsemi Pro vlog 2021.3 Compiler 2021.07 Jul 14 2021
# Start time: 10:33:01 on Aug 30,2023
# vlog -reportprogress 300 "+incdir+C:/VHDL_temp/Digitizer/Digitizer_vhdl/Digitizer/component/Actel/DirectCore/CORELANEMSTR/2.1.100/rtl/vlog/core" -sv -work presynth C:/VHDL_temp/Digitizer/Digitizer_vhdl/Digitizer/component/Actel/DirectCore/CORELANEMSTR/2.1.100/rtl/vlog/core/CORELANEMSTRmode2.v 
# -- Compiling module CORELANEMSTRmode2
# 
# Top level modules:
# 	CORELANEMSTRmode2
# End time: 10:33:01 on Aug 30,2023, Elapsed time: 0:00:00
# Errors: 0, Warnings: 0
# Model Technology ModelSim Microsemi Pro vlog 2021.3 Compiler 2021.07 Jul 14 2021
# Start time: 10:33:01 on Aug 30,2023
# vlog -reportprogress 300 "+incdir+C:/VHDL_temp/Digitizer/Digitizer_vhdl/Digitizer/component/Actel/DirectCore/CORELANEMSTR/2.1.100/rtl/vlog/core" -sv -work presynth C:/VHDL_temp/Digitizer/Digitizer_vhdl/Digitizer/component/Actel/DirectCore/CORELANEMSTR/2.1.100/rtl/vlog/core/CORELANEMSTR.v 
# -- Compiling module CORELANEMSTR
# 
# Top level modules:
# 	CORELANEMSTR
# End time: 10:33:01 on Aug 30,2023, Elapsed time: 0:00:00
# Errors: 0, Warnings: 0
# Model Technology ModelSim Microsemi Pro vlog 2021.3 Compiler 2021.07 Jul 14 2021
# Start time: 10:33:01 on Aug 30,2023
# vlog -reportprogress 300 "+incdir+C:/VHDL_temp/Digitizer/Digitizer_vhdl/Digitizer/component/Actel/DirectCore/CORELANEMSTR/2.1.100/rtl/vlog/core" -sv -work presynth C:/VHDL_temp/Digitizer/Digitizer_vhdl/Digitizer/component/work/PF_XCVR_ERM_C5/I_XCVR/PF_XCVR_ERM_C5_I_XCVR_PF_XCVR_sim.v 
# -- Compiling module PF_XCVR_ERM_C5_I_XCVR_PF_XCVR
# 
# Top level modules:
# 	PF_XCVR_ERM_C5_I_XCVR_PF_XCVR
# End time: 10:33:02 on Aug 30,2023, Elapsed time: 0:00:01
# Errors: 0, Warnings: 0
# Model Technology ModelSim Microsemi Pro vlog 2021.3 Compiler 2021.07 Jul 14 2021
# Start time: 10:33:02 on Aug 30,2023
# vlog -reportprogress 300 "+incdir+C:/VHDL_temp/Digitizer/Digitizer_vhdl/Digitizer/component/Actel/DirectCore/CORELANEMSTR/2.1.100/rtl/vlog/core" -sv -work presynth C:/VHDL_temp/Digitizer/Digitizer_vhdl/Digitizer/component/work/PF_XCVR_ERM_C5/PF_XCVR_ERM_C5.v 
# -- Compiling module PF_XCVR_ERM_C5
# 
# Top level modules:
# 	PF_XCVR_ERM_C5
# End time: 10:33:02 on Aug 30,2023, Elapsed time: 0:00:00
# Errors: 0, Warnings: 0
# Model Technology ModelSim Microsemi Pro vcom 2021.3 Compiler 2021.07 Jul 14 2021
# Start time: 10:33:02 on Aug 30,2023
# vcom -reportprogress 300 -2008 -explicit -work presynth C:/VHDL_temp/Digitizer/Digitizer_vhdl/Digitizer/hdl/SYNCinb_Handler.vhd 
# -- Loading package STANDARD
# -- Loading package TEXTIO
# -- Loading package std_logic_1164
# -- Loading package NUMERIC_STD
# -- Compiling entity SYNCinb_Handler
# -- Compiling architecture rtl of SYNCinb_Handler
# End time: 10:33:02 on Aug 30,2023, Elapsed time: 0:00:00
# Errors: 0, Warnings: 0
# Model Technology ModelSim Microsemi Pro vcom 2021.3 Compiler 2021.07 Jul 14 2021
# Start time: 10:33:02 on Aug 30,2023
# vcom -reportprogress 300 -2008 -explicit -work presynth C:/VHDL_temp/Digitizer/Digitizer_vhdl/Digitizer/hdl/Test_Generator_XCVR.vhd 
# -- Loading package STANDARD
# -- Loading package TEXTIO
# -- Loading package std_logic_1164
# -- Loading package NUMERIC_STD
# -- Compiling entity Test_Generator_XCVR
# -- Compiling architecture rtl of Test_Generator_XCVR
# End time: 10:33:02 on Aug 30,2023, Elapsed time: 0:00:00
# Errors: 0, Warnings: 0
# Model Technology ModelSim Microsemi Pro vlog 2021.3 Compiler 2021.07 Jul 14 2021
# Start time: 10:33:02 on Aug 30,2023
# vlog -reportprogress 300 "+incdir+C:/VHDL_temp/Digitizer/Digitizer_vhdl/Digitizer/component/Actel/DirectCore/CORELANEMSTR/2.1.100/rtl/vlog/core" -sv -work presynth C:/VHDL_temp/Digitizer/Digitizer_vhdl/Digitizer/component/work/Transceiver/Transceiver.v 
# -- Compiling module Transceiver
# 
# Top level modules:
# 	Transceiver
# End time: 10:33:02 on Aug 30,2023, Elapsed time: 0:00:00
# Errors: 0, Warnings: 0
# Model Technology ModelSim Microsemi Pro vcom 2021.3 Compiler 2021.07 Jul 14 2021
# Start time: 10:33:02 on Aug 30,2023
# vcom -reportprogress 300 -2008 -explicit -work presynth C:/VHDL_temp/Digitizer/Digitizer_vhdl/Digitizer/hdl/cmd_table.vhd 
# -- Loading package STANDARD
# -- Loading package TEXTIO
# -- Loading package std_logic_1164
# -- Compiling package cmd_table
# End time: 10:33:02 on Aug 30,2023, Elapsed time: 0:00:00
# Errors: 0, Warnings: 0
# Model Technology ModelSim Microsemi Pro vcom 2021.3 Compiler 2021.07 Jul 14 2021
# Start time: 10:33:02 on Aug 30,2023
# vcom -reportprogress 300 -2008 -explicit -work presynth C:/VHDL_temp/Digitizer/Digitizer_vhdl/Digitizer/hdl/cmd_table_trigger.vhd 
# -- Loading package STANDARD
# -- Loading package TEXTIO
# -- Loading package std_logic_1164
# -- Compiling package cmd_table_trigger
# End time: 10:33:02 on Aug 30,2023, Elapsed time: 0:00:00
# Errors: 0, Warnings: 0
# Model Technology ModelSim Microsemi Pro vcom 2021.3 Compiler 2021.07 Jul 14 2021
# Start time: 10:33:02 on Aug 30,2023
# vcom -reportprogress 300 -2008 -explicit -work presynth C:/VHDL_temp/Digitizer/Digitizer_vhdl/Digitizer/stimulus/TB_Transceiver_4.vhd 
# -- Loading package STANDARD
# -- Loading package TEXTIO
# -- Loading package std_logic_1164
# -- Compiling entity TB_Transceiver_4
# -- Compiling architecture behavioral of TB_Transceiver_4
# End time: 10:33:02 on Aug 30,2023, Elapsed time: 0:00:00
# Errors: 0, Warnings: 0
# vsim -L PolarFire -L presynth -L CORESPI_LIB -t 1ps -pli "C:/Microsemi/Libero_SoC_v2022.1/Designer/lib/modelsimpro/pli/pf_crypto_win_me_pli.dll" presynth.TB_Transceiver_4 -gSIM_PA5M300T=0 
# Start time: 10:33:02 on Aug 30,2023
# //  ModelSim Microsemi Pro 2021.3 Jul 14 2021
# //
# //  Copyright 1991-2021 Mentor Graphics Corporation
# //  All Rights Reserved.
# //
# //  ModelSim Microsemi Pro and its associated documentation contain trade
# //  secrets and commercial or financial information that are the property of
# //  Mentor Graphics Corporation and are privileged, confidential,
# //  and exempt from disclosure under the Freedom of Information Act,
# //  5 U.S.C. Section 552. Furthermore, this information
# //  is prohibited from disclosure under the Trade Secrets Act,
# //  18 U.S.C. Section 1905.
# //
# Loading std.standard
# Loading std.textio(body)
# Loading ieee.std_logic_1164(body)
# Loading presynth.tb_transceiver_4(behavioral)
# Loading sv_std.std
# Loading presynth.Transceiver
# Loading PolarFire.AND2
# Loading PolarFire.CFG2
# Loading presynth.CORERESET_PF_C2
# Loading presynth.CORERESET_PF_C2_CORERESET_PF_C2_0_CORERESET_PF
# Loading presynth.PF_CCC_C2
# Loading presynth.PF_CCC_C2_PF_CCC_C2_0_PF_CCC
# Loading PolarFire.CLKINT
# Loading PolarFire.PLL
# Loading PolarFire.PLL_DELAY
# Loading PolarFire.PLL_DELAY_IP
# Loading PolarFire.DLL_DELAY_BLOCK
# Loading PolarFire.PLL_IP
# Loading PolarFire.PLL_DRI_REGISTERS
# Loading PolarFire.pll_lp_vco
# Loading PolarFire.CCC_RF_DIV
# Loading PolarFire.Freq_Divider
# Loading PolarFire.Even_Divider
# Loading PolarFire.Odd_Divider
# Loading PolarFire.CCC_FB_DIV
# Loading PolarFire.frac_divider
# Loading PolarFire.freq_multiplier
# Loading PolarFire.CCC_PLL
# Loading PolarFire.ABISCB82
# Loading PolarFire.ABI_PLL_FRONT
# Loading PolarFire.refstop
# Loading PolarFire.Divide_2
# Loading PolarFire.ABI_PHASE
# Loading PolarFire.PLL_PHASE_SELECT
# Loading PolarFire.PF_PLLUM28HLPMFFRAC_postdiv_pd_sync
# Loading PolarFire.PF_PLLUM28HLPMFFRAC_divsw8
# Loading PolarFire.PF_PLLUM28HLPMFFRAC_tff_st1x_loadb
# Loading PolarFire.PF_PLLUM28HLPMFFRAC_cmosdiv_2to127
# Loading PolarFire.PF_PLLUM28HLPMFFRAC_ffbrx1cstm
# Loading PolarFire.PF_PLLUM28HLPMFFRAC_latchx1cstmb
# Loading PolarFire.PF_PLLUM28HLPMFFRAC_ffqbibrbx1cstm
# Loading PolarFire.CCC_POST_DIV
# Loading PolarFire.CCC_POSTDIVEN_SYNC
# Loading PolarFire.div2
# Loading PolarFire.CCC_8X1_MUX
# Loading PolarFire.CCC_2X1_MUX
# Loading PolarFire.VCC
# Loading PolarFire.GND
# Loading presynth.PF_CLK_DIV_C0
# Loading presynth.PF_CLK_DIV_C0_PF_CLK_DIV_C0_0_PF_CLK_DIV
# Loading PolarFire.ICB_CLKDIV
# Loading PolarFire.ICB_CLKDIVDELAY
# Loading PolarFire.clk_div_3p5
# Loading PolarFire.clk_div_5
# Loading presynth.PF_INIT_MONITOR_C1
# Loading presynth.PF_INIT_MONITOR_C1_PF_INIT_MONITOR_C1_0_PF_INIT_MONITOR
# Loading presynth.PF_OSC_C0
# Loading presynth.PF_OSC_C0_PF_OSC_C0_0_PF_OSC
# Loading PolarFire.OSC_RC160MHZ
# Loading PolarFire.OSC_GENERIC
# Loading presynth.PF_TX_PLL_C0
# Loading presynth.PF_TX_PLL_C0_PF_TX_PLL_C0_0_PF_TX_PLL
# Loading PolarFire.TX_PLL
# Loading presynth.PF_XCVR_ERM_C5
# Loading PolarFire.OR2
# Loading presynth.PF_XCVR_ERM_C5_I_XCVR_PF_XCVR
# Loading PolarFire.RCLKINT
# Loading PolarFire.XCVR_8B10B
# Loading presynth.PF_XCVR_APBLINK_V
# Loading PolarFire.XCVR_APB_LINK_V2
# Loading PolarFire.ARBITER_MICROCHIP_TMP_V2_0
# Loading PolarFire.APB_LINK_INST_v2
# Loading PolarFire.XCVR_APB_LINK
# Loading PolarFire.apbtoscbapblink
# Loading PolarFire.CORELNKARBMUX_v2
# Loading PolarFire.CORELNKMSTR_v2
# Loading PolarFire.comb_adder_v2
# Loading PolarFire.XOR3_soft
# Loading PolarFire.MAJ3_soft
# Loading PolarFire.AND2_soft
# Loading PolarFire.XOR2_soft
# Loading presynth.CORELANEMSTR
# Loading presynth.CORELCKMGT
# Loading PolarFire.CORELNKTMR_V
# Loading presynth.CORERFD
# Loading presynth.CORERFDsicr
# Loading presynth.CORERFDsync
# Loading presynth.CORERFDplsgen
# Loading presynth.CORERFDgrycnt
# Loading presynth.CORERFDsyncen
# Loading presynth.CORERFDsmplcnt
# Loading presynth.CORERFDbincnt
# Loading presynth.CORERFDshcnt
# Loading presynth.CORERFDfrqerrarb
# Loading PolarFire.DFN1
# Loading PolarFire.SLE
# Loading PolarFire.SLE_Prim
# Loading PolarFire.SLE_DEBUG
# Loading ieee.numeric_std(body)
# Loading presynth.syncinb_handler(rtl)
# Loading presynth.test_generator_xcvr(rtl)
# Loading PolarFire.UDP_MUX2
# Loading PolarFire.UDP_GBLAT_T
# Loading PolarFire.UDP_DFF
# Loading PolarFire.UDP_DL
# Loading C:/Microsemi/Libero_SoC_v2022.1/Designer/lib/modelsimpro/pli/pf_crypto_win_me_pli.dll
# ** Warning: (vsim-WLF-5000) WLF file currently in use: vsim.wlf
#           File in use by: Tomáš  Hostname: DESKTOP-TDPVUTD  ProcessID: 61208
#           Attempting to use alternate WLF file "./wlft4qa7yk".
# ** Warning: (vsim-WLF-5001) Could not open WLF file: vsim.wlf
#           Using alternate file: ./wlft4qa7yk
# WARNING tb_transceiver_4.Transceiver_0.PF_INIT_MONITOR_C1_0.PF_INIT_MONITOR_C1_0.I_INIT: USRAM_INIT_DONE assertion delay should be larger than the SRAM_INIT_DONE assertion delay by at least 3ns
# WARNING tb_transceiver_4.Transceiver_0.PF_INIT_MONITOR_C1_0.PF_INIT_MONITOR_C1_0.I_INIT: DEVICE_INIT_DONE assertion delay should be larger than the USRAM_INIT_DONE assertion delay by at least 3ns
# ** Warning: (vsim-3466) [DECAY] - Charge on node '/tb_transceiver_4/Transceiver_0/PF_XCVR_ERM_C5_0_0/I_XCVR/LANE0/genblk2/u_g5_pcspma/<protected>/<protected>' has decayed.
#    Time: 100255 ps  Iteration: 0  Instance: /tb_transceiver_4 File: $MODEL_TECH/../../Designer/lib/modelsim/precompiled/vlog/src/polarfire.v Line: 79
# ** Warning: (vsim-3466) [DECAY] - Charge on node '/tb_transceiver_4/Transceiver_0/PF_XCVR_ERM_C5_0_0/I_XCVR/LANE0/genblk2/u_g5_pcspma/<protected>/<protected>' has decayed.
#    Time: 100255 ps  Iteration: 0  Instance: /tb_transceiver_4 File: $MODEL_TECH/../../Designer/lib/modelsim/precompiled/vlog/src/polarfire.v Line: 79
# ** Warning: (vsim-3466) [DECAY] - Charge on node '/tb_transceiver_4/Transceiver_0/PF_XCVR_ERM_C5_0_0/I_XCVR/LANE1/genblk2/u_g5_pcspma/<protected>/<protected>' has decayed.
#    Time: 100255 ps  Iteration: 0  Instance: /tb_transceiver_4 File: $MODEL_TECH/../../Designer/lib/modelsim/precompiled/vlog/src/polarfire.v Line: 79
# ** Warning: (vsim-3466) [DECAY] - Charge on node '/tb_transceiver_4/Transceiver_0/PF_XCVR_ERM_C5_0_0/I_XCVR/LANE1/genblk2/u_g5_pcspma/<protected>/<protected>' has decayed.
#    Time: 100255 ps  Iteration: 0  Instance: /tb_transceiver_4 File: $MODEL_TECH/../../Designer/lib/modelsim/precompiled/vlog/src/polarfire.v Line: 79
# ** Warning: (vsim-3466) [DECAY] - Charge on node '/tb_transceiver_4/Transceiver_0/PF_XCVR_ERM_C5_0/I_XCVR/LANE0/genblk2/u_g5_pcspma/<protected>/<protected>' has decayed.
#    Time: 100255 ps  Iteration: 0  Instance: /tb_transceiver_4 File: $MODEL_TECH/../../Designer/lib/modelsim/precompiled/vlog/src/polarfire.v Line: 79
# ** Warning: (vsim-3466) [DECAY] - Charge on node '/tb_transceiver_4/Transceiver_0/PF_XCVR_ERM_C5_0/I_XCVR/LANE0/genblk2/u_g5_pcspma/<protected>/<protected>' has decayed.
#    Time: 100255 ps  Iteration: 0  Instance: /tb_transceiver_4 File: $MODEL_TECH/../../Designer/lib/modelsim/precompiled/vlog/src/polarfire.v Line: 79
# ** Warning: (vsim-3466) [DECAY] - Charge on node '/tb_transceiver_4/Transceiver_0/PF_XCVR_ERM_C5_0/I_XCVR/LANE1/genblk2/u_g5_pcspma/<protected>/<protected>' has decayed.
#    Time: 100255 ps  Iteration: 0  Instance: /tb_transceiver_4 File: $MODEL_TECH/../../Designer/lib/modelsim/precompiled/vlog/src/polarfire.v Line: 79
# ** Warning: (vsim-3466) [DECAY] - Charge on node '/tb_transceiver_4/Transceiver_0/PF_XCVR_ERM_C5_0/I_XCVR/LANE1/genblk2/u_g5_pcspma/<protected>/<protected>' has decayed.
#    Time: 100255 ps  Iteration: 0  Instance: /tb_transceiver_4 File: $MODEL_TECH/../../Designer/lib/modelsim/precompiled/vlog/src/polarfire.v Line: 79
# ** Warning: (vsim-3466) [DECAY] - Charge on node '/tb_transceiver_4/Transceiver_0/PF_XCVR_ERM_C5_0_0/I_XCVR/LANE0/genblk2/u_g5_pcspma/<protected>/<protected>' has decayed.
#    Time: 514055 ps  Iteration: 0  Instance: /tb_transceiver_4 File: $MODEL_TECH/../../Designer/lib/modelsim/precompiled/vlog/src/polarfire.v Line: 79
# ** Warning: (vsim-3466) [DECAY] - Charge on node '/tb_transceiver_4/Transceiver_0/PF_XCVR_ERM_C5_0_0/I_XCVR/LANE0/genblk2/u_g5_pcspma/<protected>/<protected>' has decayed.
#    Time: 514055 ps  Iteration: 0  Instance: /tb_transceiver_4 File: $MODEL_TECH/../../Designer/lib/modelsim/precompiled/vlog/src/polarfire.v Line: 79
# ** Warning: (vsim-3466) [DECAY] - Charge on node '/tb_transceiver_4/Transceiver_0/PF_XCVR_ERM_C5_0_0/I_XCVR/LANE1/genblk2/u_g5_pcspma/<protected>/<protected>' has decayed.
#    Time: 514055 ps  Iteration: 0  Instance: /tb_transceiver_4 File: $MODEL_TECH/../../Designer/lib/modelsim/precompiled/vlog/src/polarfire.v Line: 79
# ** Warning: (vsim-3466) [DECAY] - Charge on node '/tb_transceiver_4/Transceiver_0/PF_XCVR_ERM_C5_0_0/I_XCVR/LANE1/genblk2/u_g5_pcspma/<protected>/<protected>' has decayed.
#    Time: 514055 ps  Iteration: 0  Instance: /tb_transceiver_4 File: $MODEL_TECH/../../Designer/lib/modelsim/precompiled/vlog/src/polarfire.v Line: 79
# ** Warning: (vsim-3466) [DECAY] - Charge on node '/tb_transceiver_4/Transceiver_0/PF_XCVR_ERM_C5_0/I_XCVR/LANE0/genblk2/u_g5_pcspma/<protected>/<protected>' has decayed.
#    Time: 514055 ps  Iteration: 0  Instance: /tb_transceiver_4 File: $MODEL_TECH/../../Designer/lib/modelsim/precompiled/vlog/src/polarfire.v Line: 79
# ** Warning: (vsim-3466) [DECAY] - Charge on node '/tb_transceiver_4/Transceiver_0/PF_XCVR_ERM_C5_0/I_XCVR/LANE0/genblk2/u_g5_pcspma/<protected>/<protected>' has decayed.
#    Time: 514055 ps  Iteration: 0  Instance: /tb_transceiver_4 File: $MODEL_TECH/../../Designer/lib/modelsim/precompiled/vlog/src/polarfire.v Line: 79
# ** Warning: (vsim-3466) [DECAY] - Charge on node '/tb_transceiver_4/Transceiver_0/PF_XCVR_ERM_C5_0/I_XCVR/LANE1/genblk2/u_g5_pcspma/<protected>/<protected>' has decayed.
#    Time: 514055 ps  Iteration: 0  Instance: /tb_transceiver_4 File: $MODEL_TECH/../../Designer/lib/modelsim/precompiled/vlog/src/polarfire.v Line: 79
# ** Warning: (vsim-3466) [DECAY] - Charge on node '/tb_transceiver_4/Transceiver_0/PF_XCVR_ERM_C5_0/I_XCVR/LANE1/genblk2/u_g5_pcspma/<protected>/<protected>' has decayed.
#    Time: 514055 ps  Iteration: 0  Instance: /tb_transceiver_4 File: $MODEL_TECH/../../Designer/lib/modelsim/precompiled/vlog/src/polarfire.v Line: 79
run -all
# Break key hit
# Simulation stop requested.
# End time: 11:03:55 on Aug 30,2023, Elapsed time: 0:30:53
# Errors: 0, Warnings: 18
