----------------------------------------------------------------
-Pin Report - Date: Sun May 21 19:51:29 2023 Pinchecksum: NOT-AVAILABLE
-Product: Designer
-Release: v2022.1
-Version: 2022.1.0.10
-Design Name: Top
-Family: PolarFire
-Die: MPF300TS_ES
-Package: FCG1152
-----------------------------------------------------------------

Port      |Pin |Fixed |Function       |Bank     |I/O Std   |Direction    |Used I/O Reg       |User I/O Lock Down |Clamp Diode   |Resistor Pull   |Schmitt Trigger |Vcm Input Range    |On Die Termination |Odt Value (Ohm) |Input Delay |Slew              |Output Drive (mA) |Impedance (ohm)  |Output Load (pF)         |Source Termination (Ohm) |Output Delay |
----------|----|------|---------------|---------|----------|-------------|-------------------|-------------------|--------------|----------------|----------------|-------------------|-------------------|----------------|------------|------------------|------------------|-----------------|-------------------------|-------------------------|-------------|
ADC_sdio   A7   No     GPIO16PB2       Bank2     LVCMOS18   Inout         None                No                  ON             Up               OFF              ---                 OFF                 120              OFF          OFF                8                  ---               5                         ---                       OFF           
DBGport_0  AA3  Yes    GPIO190PB4      Bank4     LVCMOS33   Output        None                No                  ON             None             ---              ---                 ---                 ---              ---          OFF                8                  ---               5                         ---                       OFF           
DBGport_1  AB5  Yes    GPIO182PB4      Bank4     LVCMOS33   Output        None                No                  ON             None             ---              ---                 ---                 ---              ---          OFF                8                  ---               5                         ---                       OFF           
DBGport_2  AA5  Yes    GPIO191NB4      Bank4     LVCMOS33   Output        None                No                  ON             None             ---              ---                 ---                 ---              ---          OFF                8                  ---               5                         ---                       OFF           
DBGport_3  W4   Yes    GPIO193PB4/DQS  Bank4     LVCMOS33   Output        None                No                  ON             None             ---              ---                 ---                 ---              ---          OFF                8                  ---               5                         ---                       OFF           
DBGport_4  AA4  Yes    GPIO191PB4      Bank4     LVCMOS33   Output        None                No                  ON             None             ---              ---                 ---                 ---              ---          OFF                8                  ---               5                         ---                       OFF           
DBGport_5  AB6  Yes    GPIO179NB4      Bank4     LVCMOS33   Output        None                No                  ON             None             ---              ---                 ---                 ---              ---          OFF                8                  ---               5                         ---                       OFF           
DBGport_6  V3   Yes    GPIO208PB4      Bank4     LVCMOS33   Output        None                No                  ON             None             ---              ---                 ---                 ---              ---          OFF                8                  ---               5                         ---                       OFF           
DBGport_7  V4   Yes    GPIO208NB4      Bank4     LVCMOS33   Output        None                No                  ON             None             ---              ---                 ---                 ---              ---          OFF                8                  ---               5                         ---                       OFF           
LED_1      U11  Yes    GPIO206NB4      Bank4     LVCMOS33   Output        None                No                  ON             None             ---              ---                 ---                 ---              ---          OFF                8                  ---               5                         ---                       OFF           
LED_2      T5   Yes    GPIO217PB4/DQS  Bank4     LVCMOS33   Output        None                No                  ON             None             ---              ---                 ---                 ---              ---          OFF                8                  ---               5                         ---                       OFF           
LED_3      W8   Yes    GPIO199PB4/DQS  Bank4     LVCMOS33   Output        None                No                  ON             None             ---              ---                 ---                 ---              ---          OFF                8                  ---               5                         ---                       OFF           
LED_4      W9   Yes    GPIO201NB4      Bank4     LVCMOS33   Output        None                No                  ON             None             ---              ---                 ---                 ---              ---          OFF                8                  ---               5                         ---                       OFF           
RX_0       U7   Yes    GPIO218NB4      Bank4     LVCMOS33   Input         None                No                  ON             Up               OFF              ---                 ---                 ---              OFF          ---                ---                ---               ---                       ---                       ---           
RX_1       AA9  Yes    GPIO189NB4      Bank4     LVCMOS33   Input         None                No                  ON             Up               OFF              ---                 ---                 ---              OFF          ---                ---                ---               ---                       ---                       ---           
TX_0       V9   Yes    GPIO201PB4      Bank4     LVCMOS33   Output        None                No                  ON             None             ---              ---                 ---                 ---              ---          OFF                8                  ---               5                         ---                       OFF           
TX_1       W5   Yes    GPIO195PB4      Bank4     LVCMOS33   Output        None                No                  ON             None             ---              ---                 ---                 ---              ---          OFF                8                  ---               5                         ---                       OFF           
