********************************************************************
I/O Bank Report - Date: Fri May 10 15:03:34 2024
Product: Designer
Release: v2022.1
Version: 2022.1.0.10
Design Name: Top
Family: PolarFire
Die: MPF300TS_ES
Package: FCG1152
********************************************************************


I/O Function:

    Type                                  | w/o register  | w/ register  | w/ DDR register
    --------------------------------------|---------------|--------------|----------------
    Input I/O                             | 19            | 0            | 0
    Output I/O                            | 49            | 0            | 0
    Bidirectional I/O                     | 36            | 0            | 0
    Differential Input I/O Pairs          | 2             | 0            | 0
    Differential Output I/O Pairs         | 4             | 0            | 0

I/O Technology:

                                    |   Voltages    |             I/Os              
    --------------------------------|-------|-------|-------|--------|--------------
    I/O Standard(s)                 | Vddi  | Vref  | Input | Output | Bidirectional
    --------------------------------|-------|-------|-------|--------|--------------
    LVCMOS18                        | 1.80v | N/A   | 0     | 3      | 0            
    LVCMOS33                        | 3.30v | N/A   | 19    | 46     | 36           
    LVDS33                          | 3.30v | N/A   | 4     | 8      | 0            

I/O Bank Resource Usage:

          |   Voltages    | Single I/Os  | Diff I/O Pairs |        Vref I/Os        |  Type   
          |-------|-------|------|-------|-------|--------|------|-------|----------|---------
          | Vddi  | Vref  | Used | Total | Used  | Total  | Used | Total | Vref Pins|         
    ------|-------|-------|------|-------|-------|--------|------|-------|----------|---------
    Bank0 | 1.35v | N/A   | 0    | 72    | 0     | 36     | N/A  | N/A   | N/A      | HSIO    
    Bank1 | 1.80v | N/A   | 3    | 60    | 0     | 30     | N/A  | N/A   | N/A      | HSIO    
    Bank2 | 3.30v | N/A   | 54   | 96    | 5     | 48     | N/A  | N/A   | N/A      | GPIO    
    Bank3 | 1.80v | N/A   | 0    | 0     | 0     | 0      | N/A  | N/A   | N/A      | JTAG    
    Bank4 | 3.30v | N/A   | 17   | 92    | 0     | 46     | N/A  | N/A   | N/A      | GPIO    
    Bank5 | 3.30v | N/A   | 30   | 48    | 1     | 24     | N/A  | N/A   | N/A      | GPIO    
    Bank6 | 1.35v | N/A   | 0    | 72    | 0     | 36     | N/A  | N/A   | N/A      | HSIO    
    Bank7 | 1.35v | N/A   | 0    | 72    | 0     | 36     | N/A  | N/A   | N/A      | HSIO    

I/O Voltage Usage:

       Voltages    |     I/Os     
    -------|-------|------|-------
     Vddi  | Vref  | Used | Total 
    -------|-------|------|-------
     1.35v | N/A   | 0    | 216   
     1.80v | N/A   | 3    | 60    
     3.30v | N/A   | 113  | 236   

