
Copyright (C) 1994-2021 Synopsys, Inc.
This Synopsys software and all associated documentation are proprietary to Synopsys, Inc.
and may only be used pursuant to the terms and conditions of a written license agreement
with Synopsys, Inc. All other use, reproduction, modification, or distribution of the
Synopsys software or the associated documentation is strictly prohibited.
Tool: Synplify Pro (R)
Build: S-2021.09M
Install: C:\Microsemi\Libero_SoC_v2022.1\SynplifyPro
OS: Windows 6.2

Hostname: DESKTOP-TDPVUTD

Implementation : synthesis
Synopsys HDL compiler and linker, Version comp202109synp1, Build 219R, Built Feb 23 2022 09:27:03, @

Modified Files: 8
FID:  path (prevtimestamp, timestamp)
186      C:\VHDL_temp\Digitizer\Digitizer_vhdl\Digitizer\component\polarfire_syn_comps.v (2023-08-04 14:38:20, 2023-08-05 22:15:47)
246      C:\VHDL_temp\Digitizer\Digitizer_vhdl\Digitizer\component\work\Controler\Controler.v (2023-08-03 21:41:55, 2023-08-05 22:13:43)
263      C:\VHDL_temp\Digitizer\Digitizer_vhdl\Digitizer\component\work\Top\Top.v (2023-08-02 15:53:00, 2023-08-05 22:15:01)
267      C:\VHDL_temp\Digitizer\Digitizer_vhdl\Digitizer\hdl\Answer_Encoder.vhd (2023-08-02 15:32:54, 2023-08-05 22:06:46)
268      C:\VHDL_temp\Digitizer\Digitizer_vhdl\Digitizer\hdl\Command_Decoder.vhd (2023-08-02 15:23:13, 2023-08-05 22:03:27)
325      C:\VHDL_temp\Digitizer\Digitizer_vhdl\Digitizer\hdl\Reset_Controler.vhd (N/A, 2023-08-05 19:59:44)
278      C:\VHDL_temp\Digitizer\Digitizer_vhdl\Digitizer\hdl\System_Controler.vhd (2023-04-09 19:58:52, N/A)
285      C:\VHDL_temp\Digitizer\Digitizer_vhdl\Digitizer\hdl\cmd_table.vhd (2023-08-02 15:22:07, 2023-08-05 22:02:26)

*******************************************************************
Modules that may have changed as a result of file changes: 209
MID:  lib.cell.view
0        work.APBM.verilog may have changed because the following files changed:
                        C:\VHDL_temp\Digitizer\Digitizer_vhdl\Digitizer\component\polarfire_syn_comps.v (2023-08-04 14:38:20, 2023-08-05 22:15:47) <-- (module definition)
                        C:\VHDL_temp\Digitizer\Digitizer_vhdl\Digitizer\component\work\Top\Top.v (2023-08-02 15:53:00, 2023-08-05 22:15:01) <-- (may instantiate this module)
1        work.APBS.verilog may have changed because the following files changed:
                        C:\VHDL_temp\Digitizer\Digitizer_vhdl\Digitizer\component\polarfire_syn_comps.v (2023-08-04 14:38:20, 2023-08-05 22:15:47) <-- (module definition)
                        C:\VHDL_temp\Digitizer\Digitizer_vhdl\Digitizer\component\work\Top\Top.v (2023-08-02 15:53:00, 2023-08-05 22:15:01) <-- (may instantiate this module)
2        work.BANKCTRLM.verilog may have changed because the following files changed:
                        C:\VHDL_temp\Digitizer\Digitizer_vhdl\Digitizer\component\polarfire_syn_comps.v (2023-08-04 14:38:20, 2023-08-05 22:15:47) <-- (module definition)
                        C:\VHDL_temp\Digitizer\Digitizer_vhdl\Digitizer\component\work\Top\Top.v (2023-08-02 15:53:00, 2023-08-05 22:15:01) <-- (may instantiate this module)
3        work.BANKCTRL_GPIO.verilog may have changed because the following files changed:
                        C:\VHDL_temp\Digitizer\Digitizer_vhdl\Digitizer\component\polarfire_syn_comps.v (2023-08-04 14:38:20, 2023-08-05 22:15:47) <-- (module definition)
                        C:\VHDL_temp\Digitizer\Digitizer_vhdl\Digitizer\component\work\Top\Top.v (2023-08-02 15:53:00, 2023-08-05 22:15:01) <-- (may instantiate this module)
4        work.BANKCTRL_HSIO.verilog may have changed because the following files changed:
                        C:\VHDL_temp\Digitizer\Digitizer_vhdl\Digitizer\component\polarfire_syn_comps.v (2023-08-04 14:38:20, 2023-08-05 22:15:47) <-- (module definition)
                        C:\VHDL_temp\Digitizer\Digitizer_vhdl\Digitizer\component\work\Top\Top.v (2023-08-02 15:53:00, 2023-08-05 22:15:01) <-- (may instantiate this module)
5        work.BANKEN.verilog may have changed because the following files changed:
                        C:\VHDL_temp\Digitizer\Digitizer_vhdl\Digitizer\component\polarfire_syn_comps.v (2023-08-04 14:38:20, 2023-08-05 22:15:47) <-- (module definition)
                        C:\VHDL_temp\Digitizer\Digitizer_vhdl\Digitizer\component\work\Top\Top.v (2023-08-02 15:53:00, 2023-08-05 22:15:01) <-- (may instantiate this module)
6        work.CLKBUF_DIFF.verilog may have changed because the following files changed:
                        C:\VHDL_temp\Digitizer\Digitizer_vhdl\Digitizer\component\polarfire_syn_comps.v (2023-08-04 14:38:20, 2023-08-05 22:15:47) <-- (module definition)
                        C:\VHDL_temp\Digitizer\Digitizer_vhdl\Digitizer\component\work\Top\Top.v (2023-08-02 15:53:00, 2023-08-05 22:15:01) <-- (may instantiate this module)
7        work.CLKBUF_DIFF_ODT.verilog may have changed because the following files changed:
                        C:\VHDL_temp\Digitizer\Digitizer_vhdl\Digitizer\component\polarfire_syn_comps.v (2023-08-04 14:38:20, 2023-08-05 22:15:47) <-- (module definition)
                        C:\VHDL_temp\Digitizer\Digitizer_vhdl\Digitizer\component\work\Top\Top.v (2023-08-02 15:53:00, 2023-08-05 22:15:01) <-- (may instantiate this module)
8        work.COREFIFO_C0.verilog may have changed because the following files changed:
                        C:\VHDL_temp\Digitizer\Digitizer_vhdl\Digitizer\component\work\Top\Top.v (2023-08-02 15:53:00, 2023-08-05 22:15:01) <-- (may instantiate this module)
9        work.COREFIFO_C0_COREFIFO_C0_0_COREFIFO.verilog may have changed because the following files changed:
                        C:\VHDL_temp\Digitizer\Digitizer_vhdl\Digitizer\component\work\Top\Top.v (2023-08-02 15:53:00, 2023-08-05 22:15:01) <-- (may instantiate this module)
10       work.COREFIFO_C0_COREFIFO_C0_0_LSRAM_top.verilog may have changed because the following files changed:
                        C:\VHDL_temp\Digitizer\Digitizer_vhdl\Digitizer\component\work\Top\Top.v (2023-08-02 15:53:00, 2023-08-05 22:15:01) <-- (may instantiate this module)
11       work.COREFIFO_C0_COREFIFO_C0_0_corefifo_NstagesSync.verilog may have changed because the following files changed:
                        C:\VHDL_temp\Digitizer\Digitizer_vhdl\Digitizer\component\work\Top\Top.v (2023-08-02 15:53:00, 2023-08-05 22:15:01) <-- (may instantiate this module)
12       work.COREFIFO_C0_COREFIFO_C0_0_corefifo_async.verilog may have changed because the following files changed:
                        C:\VHDL_temp\Digitizer\Digitizer_vhdl\Digitizer\component\work\Top\Top.v (2023-08-02 15:53:00, 2023-08-05 22:15:01) <-- (may instantiate this module)
13       work.COREFIFO_C0_COREFIFO_C0_0_corefifo_fwft.verilog may have changed because the following files changed:
                        C:\VHDL_temp\Digitizer\Digitizer_vhdl\Digitizer\component\work\Top\Top.v (2023-08-02 15:53:00, 2023-08-05 22:15:01) <-- (may instantiate this module)
14       work.COREFIFO_C0_COREFIFO_C0_0_corefifo_grayToBinConv.verilog may have changed because the following files changed:
                        C:\VHDL_temp\Digitizer\Digitizer_vhdl\Digitizer\component\work\Top\Top.v (2023-08-02 15:53:00, 2023-08-05 22:15:01) <-- (may instantiate this module)
15       work.COREFIFO_C0_COREFIFO_C0_0_corefifo_sync.verilog may have changed because the following files changed:
                        C:\VHDL_temp\Digitizer\Digitizer_vhdl\Digitizer\component\work\Top\Top.v (2023-08-02 15:53:00, 2023-08-05 22:15:01) <-- (may instantiate this module)
16       work.COREFIFO_C0_COREFIFO_C0_0_corefifo_sync_scntr.verilog may have changed because the following files changed:
                        C:\VHDL_temp\Digitizer\Digitizer_vhdl\Digitizer\component\work\Top\Top.v (2023-08-02 15:53:00, 2023-08-05 22:15:01) <-- (may instantiate this module)
17       work.COREFIFO_C0_COREFIFO_C0_0_ram_wrapper.verilog may have changed because the following files changed:
                        C:\VHDL_temp\Digitizer\Digitizer_vhdl\Digitizer\component\work\Top\Top.v (2023-08-02 15:53:00, 2023-08-05 22:15:01) <-- (may instantiate this module)
108      work.COREFIFO_C1.verilog may have changed because the following files changed:
                        C:\VHDL_temp\Digitizer\Digitizer_vhdl\Digitizer\component\work\Controler\Controler.v (2023-08-03 21:41:55, 2023-08-05 22:13:43) <-- (may instantiate this module)
                        C:\VHDL_temp\Digitizer\Digitizer_vhdl\Digitizer\component\work\Top\Top.v (2023-08-02 15:53:00, 2023-08-05 22:15:01) <-- (may instantiate this module)
109      work.COREFIFO_C1_COREFIFO_C1_0_COREFIFO.verilog may have changed because the following files changed:
                        C:\VHDL_temp\Digitizer\Digitizer_vhdl\Digitizer\component\work\Controler\Controler.v (2023-08-03 21:41:55, 2023-08-05 22:13:43) <-- (may instantiate this module)
                        C:\VHDL_temp\Digitizer\Digitizer_vhdl\Digitizer\component\work\Top\Top.v (2023-08-02 15:53:00, 2023-08-05 22:15:01) <-- (may instantiate this module)
110      work.COREFIFO_C1_COREFIFO_C1_0_LSRAM_top.verilog may have changed because the following files changed:
                        C:\VHDL_temp\Digitizer\Digitizer_vhdl\Digitizer\component\work\Controler\Controler.v (2023-08-03 21:41:55, 2023-08-05 22:13:43) <-- (may instantiate this module)
                        C:\VHDL_temp\Digitizer\Digitizer_vhdl\Digitizer\component\work\Top\Top.v (2023-08-02 15:53:00, 2023-08-05 22:15:01) <-- (may instantiate this module)
111      work.COREFIFO_C1_COREFIFO_C1_0_corefifo_NstagesSync.verilog may have changed because the following files changed:
                        C:\VHDL_temp\Digitizer\Digitizer_vhdl\Digitizer\component\work\Controler\Controler.v (2023-08-03 21:41:55, 2023-08-05 22:13:43) <-- (may instantiate this module)
                        C:\VHDL_temp\Digitizer\Digitizer_vhdl\Digitizer\component\work\Top\Top.v (2023-08-02 15:53:00, 2023-08-05 22:15:01) <-- (may instantiate this module)
112      work.COREFIFO_C1_COREFIFO_C1_0_corefifo_async.verilog may have changed because the following files changed:
                        C:\VHDL_temp\Digitizer\Digitizer_vhdl\Digitizer\component\work\Controler\Controler.v (2023-08-03 21:41:55, 2023-08-05 22:13:43) <-- (may instantiate this module)
                        C:\VHDL_temp\Digitizer\Digitizer_vhdl\Digitizer\component\work\Top\Top.v (2023-08-02 15:53:00, 2023-08-05 22:15:01) <-- (may instantiate this module)
113      work.COREFIFO_C1_COREFIFO_C1_0_corefifo_fwft.verilog may have changed because the following files changed:
                        C:\VHDL_temp\Digitizer\Digitizer_vhdl\Digitizer\component\work\Controler\Controler.v (2023-08-03 21:41:55, 2023-08-05 22:13:43) <-- (may instantiate this module)
                        C:\VHDL_temp\Digitizer\Digitizer_vhdl\Digitizer\component\work\Top\Top.v (2023-08-02 15:53:00, 2023-08-05 22:15:01) <-- (may instantiate this module)
114      work.COREFIFO_C1_COREFIFO_C1_0_corefifo_grayToBinConv.verilog may have changed because the following files changed:
                        C:\VHDL_temp\Digitizer\Digitizer_vhdl\Digitizer\component\work\Controler\Controler.v (2023-08-03 21:41:55, 2023-08-05 22:13:43) <-- (may instantiate this module)
                        C:\VHDL_temp\Digitizer\Digitizer_vhdl\Digitizer\component\work\Top\Top.v (2023-08-02 15:53:00, 2023-08-05 22:15:01) <-- (may instantiate this module)
115      work.COREFIFO_C1_COREFIFO_C1_0_corefifo_sync.verilog may have changed because the following files changed:
                        C:\VHDL_temp\Digitizer\Digitizer_vhdl\Digitizer\component\work\Controler\Controler.v (2023-08-03 21:41:55, 2023-08-05 22:13:43) <-- (may instantiate this module)
                        C:\VHDL_temp\Digitizer\Digitizer_vhdl\Digitizer\component\work\Top\Top.v (2023-08-02 15:53:00, 2023-08-05 22:15:01) <-- (may instantiate this module)
116      work.COREFIFO_C1_COREFIFO_C1_0_corefifo_sync_scntr.verilog may have changed because the following files changed:
                        C:\VHDL_temp\Digitizer\Digitizer_vhdl\Digitizer\component\work\Controler\Controler.v (2023-08-03 21:41:55, 2023-08-05 22:13:43) <-- (may instantiate this module)
                        C:\VHDL_temp\Digitizer\Digitizer_vhdl\Digitizer\component\work\Top\Top.v (2023-08-02 15:53:00, 2023-08-05 22:15:01) <-- (may instantiate this module)
117      work.COREFIFO_C1_COREFIFO_C1_0_ram_wrapper.verilog may have changed because the following files changed:
                        C:\VHDL_temp\Digitizer\Digitizer_vhdl\Digitizer\component\work\Controler\Controler.v (2023-08-03 21:41:55, 2023-08-05 22:13:43) <-- (may instantiate this module)
                        C:\VHDL_temp\Digitizer\Digitizer_vhdl\Digitizer\component\work\Top\Top.v (2023-08-02 15:53:00, 2023-08-05 22:15:01) <-- (may instantiate this module)
124      work.COREFIFO_C3.verilog may have changed because the following files changed:
                        C:\VHDL_temp\Digitizer\Digitizer_vhdl\Digitizer\component\work\Controler\Controler.v (2023-08-03 21:41:55, 2023-08-05 22:13:43) <-- (may instantiate this module)
                        C:\VHDL_temp\Digitizer\Digitizer_vhdl\Digitizer\component\work\Top\Top.v (2023-08-02 15:53:00, 2023-08-05 22:15:01) <-- (may instantiate this module)
125      work.COREFIFO_C3_COREFIFO_C3_0_COREFIFO.verilog may have changed because the following files changed:
                        C:\VHDL_temp\Digitizer\Digitizer_vhdl\Digitizer\component\work\Controler\Controler.v (2023-08-03 21:41:55, 2023-08-05 22:13:43) <-- (may instantiate this module)
                        C:\VHDL_temp\Digitizer\Digitizer_vhdl\Digitizer\component\work\Top\Top.v (2023-08-02 15:53:00, 2023-08-05 22:15:01) <-- (may instantiate this module)
126      work.COREFIFO_C3_COREFIFO_C3_0_LSRAM_top.verilog may have changed because the following files changed:
                        C:\VHDL_temp\Digitizer\Digitizer_vhdl\Digitizer\component\work\Controler\Controler.v (2023-08-03 21:41:55, 2023-08-05 22:13:43) <-- (may instantiate this module)
                        C:\VHDL_temp\Digitizer\Digitizer_vhdl\Digitizer\component\work\Top\Top.v (2023-08-02 15:53:00, 2023-08-05 22:15:01) <-- (may instantiate this module)
127      work.COREFIFO_C3_COREFIFO_C3_0_corefifo_NstagesSync.verilog may have changed because the following files changed:
                        C:\VHDL_temp\Digitizer\Digitizer_vhdl\Digitizer\component\work\Controler\Controler.v (2023-08-03 21:41:55, 2023-08-05 22:13:43) <-- (may instantiate this module)
                        C:\VHDL_temp\Digitizer\Digitizer_vhdl\Digitizer\component\work\Top\Top.v (2023-08-02 15:53:00, 2023-08-05 22:15:01) <-- (may instantiate this module)
128      work.COREFIFO_C3_COREFIFO_C3_0_corefifo_async.verilog may have changed because the following files changed:
                        C:\VHDL_temp\Digitizer\Digitizer_vhdl\Digitizer\component\work\Controler\Controler.v (2023-08-03 21:41:55, 2023-08-05 22:13:43) <-- (may instantiate this module)
                        C:\VHDL_temp\Digitizer\Digitizer_vhdl\Digitizer\component\work\Top\Top.v (2023-08-02 15:53:00, 2023-08-05 22:15:01) <-- (may instantiate this module)
129      work.COREFIFO_C3_COREFIFO_C3_0_corefifo_fwft.verilog may have changed because the following files changed:
                        C:\VHDL_temp\Digitizer\Digitizer_vhdl\Digitizer\component\work\Controler\Controler.v (2023-08-03 21:41:55, 2023-08-05 22:13:43) <-- (may instantiate this module)
                        C:\VHDL_temp\Digitizer\Digitizer_vhdl\Digitizer\component\work\Top\Top.v (2023-08-02 15:53:00, 2023-08-05 22:15:01) <-- (may instantiate this module)
130      work.COREFIFO_C3_COREFIFO_C3_0_corefifo_grayToBinConv.verilog may have changed because the following files changed:
                        C:\VHDL_temp\Digitizer\Digitizer_vhdl\Digitizer\component\work\Controler\Controler.v (2023-08-03 21:41:55, 2023-08-05 22:13:43) <-- (may instantiate this module)
                        C:\VHDL_temp\Digitizer\Digitizer_vhdl\Digitizer\component\work\Top\Top.v (2023-08-02 15:53:00, 2023-08-05 22:15:01) <-- (may instantiate this module)
131      work.COREFIFO_C3_COREFIFO_C3_0_corefifo_sync.verilog may have changed because the following files changed:
                        C:\VHDL_temp\Digitizer\Digitizer_vhdl\Digitizer\component\work\Controler\Controler.v (2023-08-03 21:41:55, 2023-08-05 22:13:43) <-- (may instantiate this module)
                        C:\VHDL_temp\Digitizer\Digitizer_vhdl\Digitizer\component\work\Top\Top.v (2023-08-02 15:53:00, 2023-08-05 22:15:01) <-- (may instantiate this module)
132      work.COREFIFO_C3_COREFIFO_C3_0_corefifo_sync_scntr.verilog may have changed because the following files changed:
                        C:\VHDL_temp\Digitizer\Digitizer_vhdl\Digitizer\component\work\Controler\Controler.v (2023-08-03 21:41:55, 2023-08-05 22:13:43) <-- (may instantiate this module)
                        C:\VHDL_temp\Digitizer\Digitizer_vhdl\Digitizer\component\work\Top\Top.v (2023-08-02 15:53:00, 2023-08-05 22:15:01) <-- (may instantiate this module)
133      work.COREFIFO_C3_COREFIFO_C3_0_ram_wrapper.verilog may have changed because the following files changed:
                        C:\VHDL_temp\Digitizer\Digitizer_vhdl\Digitizer\component\work\Controler\Controler.v (2023-08-03 21:41:55, 2023-08-05 22:13:43) <-- (may instantiate this module)
                        C:\VHDL_temp\Digitizer\Digitizer_vhdl\Digitizer\component\work\Top\Top.v (2023-08-02 15:53:00, 2023-08-05 22:15:01) <-- (may instantiate this module)
160      work.COREFIFO_C4.verilog may have changed because the following files changed:
                        C:\VHDL_temp\Digitizer\Digitizer_vhdl\Digitizer\component\work\Top\Top.v (2023-08-02 15:53:00, 2023-08-05 22:15:01) <-- (may instantiate this module)
161      work.COREFIFO_C4_COREFIFO_C4_0_COREFIFO.verilog may have changed because the following files changed:
                        C:\VHDL_temp\Digitizer\Digitizer_vhdl\Digitizer\component\work\Top\Top.v (2023-08-02 15:53:00, 2023-08-05 22:15:01) <-- (may instantiate this module)
162      work.COREFIFO_C4_COREFIFO_C4_0_LSRAM_top.verilog may have changed because the following files changed:
                        C:\VHDL_temp\Digitizer\Digitizer_vhdl\Digitizer\component\work\Top\Top.v (2023-08-02 15:53:00, 2023-08-05 22:15:01) <-- (may instantiate this module)
163      work.COREFIFO_C4_COREFIFO_C4_0_corefifo_NstagesSync.verilog may have changed because the following files changed:
                        C:\VHDL_temp\Digitizer\Digitizer_vhdl\Digitizer\component\work\Top\Top.v (2023-08-02 15:53:00, 2023-08-05 22:15:01) <-- (may instantiate this module)
164      work.COREFIFO_C4_COREFIFO_C4_0_corefifo_async.verilog may have changed because the following files changed:
                        C:\VHDL_temp\Digitizer\Digitizer_vhdl\Digitizer\component\work\Top\Top.v (2023-08-02 15:53:00, 2023-08-05 22:15:01) <-- (may instantiate this module)
165      work.COREFIFO_C4_COREFIFO_C4_0_corefifo_fwft.verilog may have changed because the following files changed:
                        C:\VHDL_temp\Digitizer\Digitizer_vhdl\Digitizer\component\work\Top\Top.v (2023-08-02 15:53:00, 2023-08-05 22:15:01) <-- (may instantiate this module)
166      work.COREFIFO_C4_COREFIFO_C4_0_corefifo_grayToBinConv.verilog may have changed because the following files changed:
                        C:\VHDL_temp\Digitizer\Digitizer_vhdl\Digitizer\component\work\Top\Top.v (2023-08-02 15:53:00, 2023-08-05 22:15:01) <-- (may instantiate this module)
167      work.COREFIFO_C4_COREFIFO_C4_0_corefifo_sync.verilog may have changed because the following files changed:
                        C:\VHDL_temp\Digitizer\Digitizer_vhdl\Digitizer\component\work\Top\Top.v (2023-08-02 15:53:00, 2023-08-05 22:15:01) <-- (may instantiate this module)
168      work.COREFIFO_C4_COREFIFO_C4_0_corefifo_sync_scntr.verilog may have changed because the following files changed:
                        C:\VHDL_temp\Digitizer\Digitizer_vhdl\Digitizer\component\work\Top\Top.v (2023-08-02 15:53:00, 2023-08-05 22:15:01) <-- (may instantiate this module)
169      work.COREFIFO_C4_COREFIFO_C4_0_ram_wrapper.verilog may have changed because the following files changed:
                        C:\VHDL_temp\Digitizer\Digitizer_vhdl\Digitizer\component\work\Top\Top.v (2023-08-02 15:53:00, 2023-08-05 22:15:01) <-- (may instantiate this module)
170      work.COREFIFO_C5.verilog may have changed because the following files changed:
                        C:\VHDL_temp\Digitizer\Digitizer_vhdl\Digitizer\component\work\Top\Top.v (2023-08-02 15:53:00, 2023-08-05 22:15:01) <-- (may instantiate this module)
171      work.COREFIFO_C5_COREFIFO_C5_0_COREFIFO.verilog may have changed because the following files changed:
                        C:\VHDL_temp\Digitizer\Digitizer_vhdl\Digitizer\component\work\Top\Top.v (2023-08-02 15:53:00, 2023-08-05 22:15:01) <-- (may instantiate this module)
172      work.COREFIFO_C5_COREFIFO_C5_0_LSRAM_top.verilog may have changed because the following files changed:
                        C:\VHDL_temp\Digitizer\Digitizer_vhdl\Digitizer\component\work\Top\Top.v (2023-08-02 15:53:00, 2023-08-05 22:15:01) <-- (may instantiate this module)
173      work.COREFIFO_C5_COREFIFO_C5_0_corefifo_NstagesSync.verilog may have changed because the following files changed:
                        C:\VHDL_temp\Digitizer\Digitizer_vhdl\Digitizer\component\work\Top\Top.v (2023-08-02 15:53:00, 2023-08-05 22:15:01) <-- (may instantiate this module)
174      work.COREFIFO_C5_COREFIFO_C5_0_corefifo_async.verilog may have changed because the following files changed:
                        C:\VHDL_temp\Digitizer\Digitizer_vhdl\Digitizer\component\work\Top\Top.v (2023-08-02 15:53:00, 2023-08-05 22:15:01) <-- (may instantiate this module)
175      work.COREFIFO_C5_COREFIFO_C5_0_corefifo_fwft.verilog may have changed because the following files changed:
                        C:\VHDL_temp\Digitizer\Digitizer_vhdl\Digitizer\component\work\Top\Top.v (2023-08-02 15:53:00, 2023-08-05 22:15:01) <-- (may instantiate this module)
176      work.COREFIFO_C5_COREFIFO_C5_0_corefifo_grayToBinConv.verilog may have changed because the following files changed:
                        C:\VHDL_temp\Digitizer\Digitizer_vhdl\Digitizer\component\work\Top\Top.v (2023-08-02 15:53:00, 2023-08-05 22:15:01) <-- (may instantiate this module)
177      work.COREFIFO_C5_COREFIFO_C5_0_corefifo_sync.verilog may have changed because the following files changed:
                        C:\VHDL_temp\Digitizer\Digitizer_vhdl\Digitizer\component\work\Top\Top.v (2023-08-02 15:53:00, 2023-08-05 22:15:01) <-- (may instantiate this module)
178      work.COREFIFO_C5_COREFIFO_C5_0_corefifo_sync_scntr.verilog may have changed because the following files changed:
                        C:\VHDL_temp\Digitizer\Digitizer_vhdl\Digitizer\component\work\Top\Top.v (2023-08-02 15:53:00, 2023-08-05 22:15:01) <-- (may instantiate this module)
179      work.COREFIFO_C5_COREFIFO_C5_0_ram_wrapper.verilog may have changed because the following files changed:
                        C:\VHDL_temp\Digitizer\Digitizer_vhdl\Digitizer\component\work\Top\Top.v (2023-08-02 15:53:00, 2023-08-05 22:15:01) <-- (may instantiate this module)
211      work.COREFIFO_C6.verilog may have changed because the following files changed:
                        C:\VHDL_temp\Digitizer\Digitizer_vhdl\Digitizer\component\work\Top\Top.v (2023-08-02 15:53:00, 2023-08-05 22:15:01) <-- (may instantiate this module)
212      work.COREFIFO_C6_COREFIFO_C6_0_COREFIFO.verilog may have changed because the following files changed:
                        C:\VHDL_temp\Digitizer\Digitizer_vhdl\Digitizer\component\work\Top\Top.v (2023-08-02 15:53:00, 2023-08-05 22:15:01) <-- (may instantiate this module)
213      work.COREFIFO_C6_COREFIFO_C6_0_LSRAM_top.verilog may have changed because the following files changed:
                        C:\VHDL_temp\Digitizer\Digitizer_vhdl\Digitizer\component\work\Top\Top.v (2023-08-02 15:53:00, 2023-08-05 22:15:01) <-- (may instantiate this module)
214      work.COREFIFO_C6_COREFIFO_C6_0_corefifo_NstagesSync.verilog may have changed because the following files changed:
                        C:\VHDL_temp\Digitizer\Digitizer_vhdl\Digitizer\component\work\Top\Top.v (2023-08-02 15:53:00, 2023-08-05 22:15:01) <-- (may instantiate this module)
215      work.COREFIFO_C6_COREFIFO_C6_0_corefifo_async.verilog may have changed because the following files changed:
                        C:\VHDL_temp\Digitizer\Digitizer_vhdl\Digitizer\component\work\Top\Top.v (2023-08-02 15:53:00, 2023-08-05 22:15:01) <-- (may instantiate this module)
216      work.COREFIFO_C6_COREFIFO_C6_0_corefifo_fwft.verilog may have changed because the following files changed:
                        C:\VHDL_temp\Digitizer\Digitizer_vhdl\Digitizer\component\work\Top\Top.v (2023-08-02 15:53:00, 2023-08-05 22:15:01) <-- (may instantiate this module)
217      work.COREFIFO_C6_COREFIFO_C6_0_corefifo_grayToBinConv.verilog may have changed because the following files changed:
                        C:\VHDL_temp\Digitizer\Digitizer_vhdl\Digitizer\component\work\Top\Top.v (2023-08-02 15:53:00, 2023-08-05 22:15:01) <-- (may instantiate this module)
218      work.COREFIFO_C6_COREFIFO_C6_0_corefifo_sync.verilog may have changed because the following files changed:
                        C:\VHDL_temp\Digitizer\Digitizer_vhdl\Digitizer\component\work\Top\Top.v (2023-08-02 15:53:00, 2023-08-05 22:15:01) <-- (may instantiate this module)
219      work.COREFIFO_C6_COREFIFO_C6_0_corefifo_sync_scntr.verilog may have changed because the following files changed:
                        C:\VHDL_temp\Digitizer\Digitizer_vhdl\Digitizer\component\work\Top\Top.v (2023-08-02 15:53:00, 2023-08-05 22:15:01) <-- (may instantiate this module)
220      work.COREFIFO_C6_COREFIFO_C6_0_ram_wrapper.verilog may have changed because the following files changed:
                        C:\VHDL_temp\Digitizer\Digitizer_vhdl\Digitizer\component\work\Top\Top.v (2023-08-02 15:53:00, 2023-08-05 22:15:01) <-- (may instantiate this module)
226      work.COREFIFO_C7.verilog may have changed because the following files changed:
                        C:\VHDL_temp\Digitizer\Digitizer_vhdl\Digitizer\component\work\Top\Top.v (2023-08-02 15:53:00, 2023-08-05 22:15:01) <-- (may instantiate this module)
227      work.COREFIFO_C7_COREFIFO_C7_0_COREFIFO.verilog may have changed because the following files changed:
                        C:\VHDL_temp\Digitizer\Digitizer_vhdl\Digitizer\component\work\Top\Top.v (2023-08-02 15:53:00, 2023-08-05 22:15:01) <-- (may instantiate this module)
228      work.COREFIFO_C7_COREFIFO_C7_0_LSRAM_top.verilog may have changed because the following files changed:
                        C:\VHDL_temp\Digitizer\Digitizer_vhdl\Digitizer\component\work\Top\Top.v (2023-08-02 15:53:00, 2023-08-05 22:15:01) <-- (may instantiate this module)
229      work.COREFIFO_C7_COREFIFO_C7_0_corefifo_NstagesSync.verilog may have changed because the following files changed:
                        C:\VHDL_temp\Digitizer\Digitizer_vhdl\Digitizer\component\work\Top\Top.v (2023-08-02 15:53:00, 2023-08-05 22:15:01) <-- (may instantiate this module)
230      work.COREFIFO_C7_COREFIFO_C7_0_corefifo_async.verilog may have changed because the following files changed:
                        C:\VHDL_temp\Digitizer\Digitizer_vhdl\Digitizer\component\work\Top\Top.v (2023-08-02 15:53:00, 2023-08-05 22:15:01) <-- (may instantiate this module)
231      work.COREFIFO_C7_COREFIFO_C7_0_corefifo_fwft.verilog may have changed because the following files changed:
                        C:\VHDL_temp\Digitizer\Digitizer_vhdl\Digitizer\component\work\Top\Top.v (2023-08-02 15:53:00, 2023-08-05 22:15:01) <-- (may instantiate this module)
232      work.COREFIFO_C7_COREFIFO_C7_0_corefifo_grayToBinConv.verilog may have changed because the following files changed:
                        C:\VHDL_temp\Digitizer\Digitizer_vhdl\Digitizer\component\work\Top\Top.v (2023-08-02 15:53:00, 2023-08-05 22:15:01) <-- (may instantiate this module)
233      work.COREFIFO_C7_COREFIFO_C7_0_corefifo_sync.verilog may have changed because the following files changed:
                        C:\VHDL_temp\Digitizer\Digitizer_vhdl\Digitizer\component\work\Top\Top.v (2023-08-02 15:53:00, 2023-08-05 22:15:01) <-- (may instantiate this module)
234      work.COREFIFO_C7_COREFIFO_C7_0_corefifo_sync_scntr.verilog may have changed because the following files changed:
                        C:\VHDL_temp\Digitizer\Digitizer_vhdl\Digitizer\component\work\Top\Top.v (2023-08-02 15:53:00, 2023-08-05 22:15:01) <-- (may instantiate this module)
235      work.COREFIFO_C7_COREFIFO_C7_0_ram_wrapper.verilog may have changed because the following files changed:
                        C:\VHDL_temp\Digitizer\Digitizer_vhdl\Digitizer\component\work\Top\Top.v (2023-08-02 15:53:00, 2023-08-05 22:15:01) <-- (may instantiate this module)
236      work.COREFIFO_C8.verilog may have changed because the following files changed:
                        C:\VHDL_temp\Digitizer\Digitizer_vhdl\Digitizer\component\work\Top\Top.v (2023-08-02 15:53:00, 2023-08-05 22:15:01) <-- (may instantiate this module)
237      work.COREFIFO_C8_COREFIFO_C8_0_COREFIFO.verilog may have changed because the following files changed:
                        C:\VHDL_temp\Digitizer\Digitizer_vhdl\Digitizer\component\work\Top\Top.v (2023-08-02 15:53:00, 2023-08-05 22:15:01) <-- (may instantiate this module)
238      work.COREFIFO_C8_COREFIFO_C8_0_LSRAM_top.verilog may have changed because the following files changed:
                        C:\VHDL_temp\Digitizer\Digitizer_vhdl\Digitizer\component\work\Top\Top.v (2023-08-02 15:53:00, 2023-08-05 22:15:01) <-- (may instantiate this module)
239      work.COREFIFO_C8_COREFIFO_C8_0_corefifo_NstagesSync.verilog may have changed because the following files changed:
                        C:\VHDL_temp\Digitizer\Digitizer_vhdl\Digitizer\component\work\Top\Top.v (2023-08-02 15:53:00, 2023-08-05 22:15:01) <-- (may instantiate this module)
240      work.COREFIFO_C8_COREFIFO_C8_0_corefifo_async.verilog may have changed because the following files changed:
                        C:\VHDL_temp\Digitizer\Digitizer_vhdl\Digitizer\component\work\Top\Top.v (2023-08-02 15:53:00, 2023-08-05 22:15:01) <-- (may instantiate this module)
241      work.COREFIFO_C8_COREFIFO_C8_0_corefifo_fwft.verilog may have changed because the following files changed:
                        C:\VHDL_temp\Digitizer\Digitizer_vhdl\Digitizer\component\work\Top\Top.v (2023-08-02 15:53:00, 2023-08-05 22:15:01) <-- (may instantiate this module)
242      work.COREFIFO_C8_COREFIFO_C8_0_corefifo_grayToBinConv.verilog may have changed because the following files changed:
                        C:\VHDL_temp\Digitizer\Digitizer_vhdl\Digitizer\component\work\Top\Top.v (2023-08-02 15:53:00, 2023-08-05 22:15:01) <-- (may instantiate this module)
243      work.COREFIFO_C8_COREFIFO_C8_0_corefifo_sync.verilog may have changed because the following files changed:
                        C:\VHDL_temp\Digitizer\Digitizer_vhdl\Digitizer\component\work\Top\Top.v (2023-08-02 15:53:00, 2023-08-05 22:15:01) <-- (may instantiate this module)
244      work.COREFIFO_C8_COREFIFO_C8_0_corefifo_sync_scntr.verilog may have changed because the following files changed:
                        C:\VHDL_temp\Digitizer\Digitizer_vhdl\Digitizer\component\work\Top\Top.v (2023-08-02 15:53:00, 2023-08-05 22:15:01) <-- (may instantiate this module)
245      work.COREFIFO_C8_COREFIFO_C8_0_ram_wrapper.verilog may have changed because the following files changed:
                        C:\VHDL_temp\Digitizer\Digitizer_vhdl\Digitizer\component\work\Top\Top.v (2023-08-02 15:53:00, 2023-08-05 22:15:01) <-- (may instantiate this module)
18       work.CORELNKTMR_V.verilog may have changed because the following files changed:
                        C:\VHDL_temp\Digitizer\Digitizer_vhdl\Digitizer\component\polarfire_syn_comps.v (2023-08-04 14:38:20, 2023-08-05 22:15:47) <-- (module definition)
                        C:\VHDL_temp\Digitizer\Digitizer_vhdl\Digitizer\component\work\Top\Top.v (2023-08-02 15:53:00, 2023-08-05 22:15:01) <-- (may instantiate this module)
19       work.CORERESET_PF_C0.verilog may have changed because the following files changed:
                        C:\VHDL_temp\Digitizer\Digitizer_vhdl\Digitizer\component\work\Top\Top.v (2023-08-02 15:53:00, 2023-08-05 22:15:01) <-- (may instantiate this module)
20       work.CORERESET_PF_C0_CORERESET_PF_C0_0_CORERESET_PF.verilog may have changed because the following files changed:
                        C:\VHDL_temp\Digitizer\Digitizer_vhdl\Digitizer\component\work\Top\Top.v (2023-08-02 15:53:00, 2023-08-05 22:15:01) <-- (may instantiate this module)
21       work.COREUART_C0.verilog may have changed because the following files changed:
                        C:\VHDL_temp\Digitizer\Digitizer_vhdl\Digitizer\component\work\Top\Top.v (2023-08-02 15:53:00, 2023-08-05 22:15:01) <-- (may instantiate this module)
22       work.COREUART_C0_COREUART_C0_0_COREUART.verilog may have changed because the following files changed:
                        C:\VHDL_temp\Digitizer\Digitizer_vhdl\Digitizer\component\work\Top\Top.v (2023-08-02 15:53:00, 2023-08-05 22:15:01) <-- (may instantiate this module)
23       work.COREUART_C0_COREUART_C0_0_Clock_gen.verilog may have changed because the following files changed:
                        C:\VHDL_temp\Digitizer\Digitizer_vhdl\Digitizer\component\work\Top\Top.v (2023-08-02 15:53:00, 2023-08-05 22:15:01) <-- (may instantiate this module)
24       work.COREUART_C0_COREUART_C0_0_Rx_async.verilog may have changed because the following files changed:
                        C:\VHDL_temp\Digitizer\Digitizer_vhdl\Digitizer\component\work\Top\Top.v (2023-08-02 15:53:00, 2023-08-05 22:15:01) <-- (may instantiate this module)
25       work.COREUART_C0_COREUART_C0_0_Tx_async.verilog may have changed because the following files changed:
                        C:\VHDL_temp\Digitizer\Digitizer_vhdl\Digitizer\component\work\Top\Top.v (2023-08-02 15:53:00, 2023-08-05 22:15:01) <-- (may instantiate this module)
26       work.COREUART_C0_COREUART_C0_0_fifo_256x8.verilog may have changed because the following files changed:
                        C:\VHDL_temp\Digitizer\Digitizer_vhdl\Digitizer\component\work\Top\Top.v (2023-08-02 15:53:00, 2023-08-05 22:15:01) <-- (may instantiate this module)
27       work.COREUART_C0_COREUART_C0_0_fifo_ctrl_256.verilog may have changed because the following files changed:
                        C:\VHDL_temp\Digitizer\Digitizer_vhdl\Digitizer\component\work\Top\Top.v (2023-08-02 15:53:00, 2023-08-05 22:15:01) <-- (may instantiate this module)
28       work.COREUART_C0_COREUART_C0_0_ram16x8.verilog may have changed because the following files changed:
                        C:\VHDL_temp\Digitizer\Digitizer_vhdl\Digitizer\component\work\Top\Top.v (2023-08-02 15:53:00, 2023-08-05 22:15:01) <-- (may instantiate this module)
29       work.CRN_COMMON.verilog may have changed because the following files changed:
                        C:\VHDL_temp\Digitizer\Digitizer_vhdl\Digitizer\component\polarfire_syn_comps.v (2023-08-04 14:38:20, 2023-08-05 22:15:47) <-- (module definition)
                        C:\VHDL_temp\Digitizer\Digitizer_vhdl\Digitizer\component\work\Top\Top.v (2023-08-02 15:53:00, 2023-08-05 22:15:01) <-- (may instantiate this module)
30       work.CRN_INT.verilog may have changed because the following files changed:
                        C:\VHDL_temp\Digitizer\Digitizer_vhdl\Digitizer\component\polarfire_syn_comps.v (2023-08-04 14:38:20, 2023-08-05 22:15:47) <-- (module definition)
                        C:\VHDL_temp\Digitizer\Digitizer_vhdl\Digitizer\component\work\Top\Top.v (2023-08-02 15:53:00, 2023-08-05 22:15:01) <-- (may instantiate this module)
31       work.CRYPTO.verilog may have changed because the following files changed:
                        C:\VHDL_temp\Digitizer\Digitizer_vhdl\Digitizer\component\polarfire_syn_comps.v (2023-08-04 14:38:20, 2023-08-05 22:15:47) <-- (module definition)
                        C:\VHDL_temp\Digitizer\Digitizer_vhdl\Digitizer\component\work\Top\Top.v (2023-08-02 15:53:00, 2023-08-05 22:15:01) <-- (may instantiate this module)
32       work.CRYPTO_SOC.verilog may have changed because the following files changed:
                        C:\VHDL_temp\Digitizer\Digitizer_vhdl\Digitizer\component\polarfire_syn_comps.v (2023-08-04 14:38:20, 2023-08-05 22:15:47) <-- (module definition)
                        C:\VHDL_temp\Digitizer\Digitizer_vhdl\Digitizer\component\work\Top\Top.v (2023-08-02 15:53:00, 2023-08-05 22:15:01) <-- (may instantiate this module)
33       work.Clock_Reset.verilog may have changed because the following files changed:
                        C:\VHDL_temp\Digitizer\Digitizer_vhdl\Digitizer\component\work\Top\Top.v (2023-08-02 15:53:00, 2023-08-05 22:15:01) <-- (may instantiate this module)
138      work.Controler.verilog may have changed because the following files changed:
                        C:\VHDL_temp\Digitizer\Digitizer_vhdl\Digitizer\component\work\Controler\Controler.v (2023-08-03 21:41:55, 2023-08-05 22:13:43) <-- (module definition)
                        C:\VHDL_temp\Digitizer\Digitizer_vhdl\Digitizer\component\work\Top\Top.v (2023-08-02 15:53:00, 2023-08-05 22:15:01) <-- (may instantiate this module)
34       work.DEBUG.verilog may have changed because the following files changed:
                        C:\VHDL_temp\Digitizer\Digitizer_vhdl\Digitizer\component\polarfire_syn_comps.v (2023-08-04 14:38:20, 2023-08-05 22:15:47) <-- (module definition)
                        C:\VHDL_temp\Digitizer\Digitizer_vhdl\Digitizer\component\work\Top\Top.v (2023-08-02 15:53:00, 2023-08-05 22:15:01) <-- (may instantiate this module)
35       work.DLL.verilog may have changed because the following files changed:
                        C:\VHDL_temp\Digitizer\Digitizer_vhdl\Digitizer\component\polarfire_syn_comps.v (2023-08-04 14:38:20, 2023-08-05 22:15:47) <-- (module definition)
                        C:\VHDL_temp\Digitizer\Digitizer_vhdl\Digitizer\component\work\Top\Top.v (2023-08-02 15:53:00, 2023-08-05 22:15:01) <-- (may instantiate this module)
36       work.DRI.verilog may have changed because the following files changed:
                        C:\VHDL_temp\Digitizer\Digitizer_vhdl\Digitizer\component\polarfire_syn_comps.v (2023-08-04 14:38:20, 2023-08-05 22:15:47) <-- (module definition)
                        C:\VHDL_temp\Digitizer\Digitizer_vhdl\Digitizer\component\work\Top\Top.v (2023-08-02 15:53:00, 2023-08-05 22:15:01) <-- (may instantiate this module)
180      work.Data_Block.verilog may have changed because the following files changed:
                        C:\VHDL_temp\Digitizer\Digitizer_vhdl\Digitizer\component\work\Top\Top.v (2023-08-02 15:53:00, 2023-08-05 22:15:01) <-- (may instantiate this module)
37       work.ENFORCE.verilog may have changed because the following files changed:
                        C:\VHDL_temp\Digitizer\Digitizer_vhdl\Digitizer\component\polarfire_syn_comps.v (2023-08-04 14:38:20, 2023-08-05 22:15:47) <-- (module definition)
                        C:\VHDL_temp\Digitizer\Digitizer_vhdl\Digitizer\component\work\Top\Top.v (2023-08-02 15:53:00, 2023-08-05 22:15:01) <-- (may instantiate this module)
193      work.Event_Info_RAM_Block.verilog may have changed because the following files changed:
                        C:\VHDL_temp\Digitizer\Digitizer_vhdl\Digitizer\component\work\Top\Top.v (2023-08-02 15:53:00, 2023-08-05 22:15:01) <-- (may instantiate this module)
38       work.GLITCHDETECT.verilog may have changed because the following files changed:
                        C:\VHDL_temp\Digitizer\Digitizer_vhdl\Digitizer\component\polarfire_syn_comps.v (2023-08-04 14:38:20, 2023-08-05 22:15:47) <-- (module definition)
                        C:\VHDL_temp\Digitizer\Digitizer_vhdl\Digitizer\component\work\Top\Top.v (2023-08-02 15:53:00, 2023-08-05 22:15:01) <-- (may instantiate this module)
39       work.GPSS_COMMON.verilog may have changed because the following files changed:
                        C:\VHDL_temp\Digitizer\Digitizer_vhdl\Digitizer\component\polarfire_syn_comps.v (2023-08-04 14:38:20, 2023-08-05 22:15:47) <-- (module definition)
                        C:\VHDL_temp\Digitizer\Digitizer_vhdl\Digitizer\component\work\Top\Top.v (2023-08-02 15:53:00, 2023-08-05 22:15:01) <-- (may instantiate this module)
40       work.HS_IO_CLK.verilog may have changed because the following files changed:
                        C:\VHDL_temp\Digitizer\Digitizer_vhdl\Digitizer\component\polarfire_syn_comps.v (2023-08-04 14:38:20, 2023-08-05 22:15:47) <-- (module definition)
                        C:\VHDL_temp\Digitizer\Digitizer_vhdl\Digitizer\component\work\Top\Top.v (2023-08-02 15:53:00, 2023-08-05 22:15:01) <-- (may instantiate this module)
41       work.ICB_BANKCLK.verilog may have changed because the following files changed:
                        C:\VHDL_temp\Digitizer\Digitizer_vhdl\Digitizer\component\polarfire_syn_comps.v (2023-08-04 14:38:20, 2023-08-05 22:15:47) <-- (module definition)
                        C:\VHDL_temp\Digitizer\Digitizer_vhdl\Digitizer\component\work\Top\Top.v (2023-08-02 15:53:00, 2023-08-05 22:15:01) <-- (may instantiate this module)
42       work.ICB_CLKDIV.verilog may have changed because the following files changed:
                        C:\VHDL_temp\Digitizer\Digitizer_vhdl\Digitizer\component\polarfire_syn_comps.v (2023-08-04 14:38:20, 2023-08-05 22:15:47) <-- (module definition)
                        C:\VHDL_temp\Digitizer\Digitizer_vhdl\Digitizer\component\work\Top\Top.v (2023-08-02 15:53:00, 2023-08-05 22:15:01) <-- (may instantiate this module)
43       work.ICB_CLKDIVDELAY.verilog may have changed because the following files changed:
                        C:\VHDL_temp\Digitizer\Digitizer_vhdl\Digitizer\component\polarfire_syn_comps.v (2023-08-04 14:38:20, 2023-08-05 22:15:47) <-- (module definition)
                        C:\VHDL_temp\Digitizer\Digitizer_vhdl\Digitizer\component\work\Top\Top.v (2023-08-02 15:53:00, 2023-08-05 22:15:01) <-- (may instantiate this module)
44       work.ICB_CLKINT.verilog may have changed because the following files changed:
                        C:\VHDL_temp\Digitizer\Digitizer_vhdl\Digitizer\component\polarfire_syn_comps.v (2023-08-04 14:38:20, 2023-08-05 22:15:47) <-- (module definition)
                        C:\VHDL_temp\Digitizer\Digitizer_vhdl\Digitizer\component\work\Top\Top.v (2023-08-02 15:53:00, 2023-08-05 22:15:01) <-- (may instantiate this module)
45       work.ICB_CLKSTOP.verilog may have changed because the following files changed:
                        C:\VHDL_temp\Digitizer\Digitizer_vhdl\Digitizer\component\polarfire_syn_comps.v (2023-08-04 14:38:20, 2023-08-05 22:15:47) <-- (module definition)
                        C:\VHDL_temp\Digitizer\Digitizer_vhdl\Digitizer\component\work\Top\Top.v (2023-08-02 15:53:00, 2023-08-05 22:15:01) <-- (may instantiate this module)
46       work.ICB_CLKSTOP_EN.verilog may have changed because the following files changed:
                        C:\VHDL_temp\Digitizer\Digitizer_vhdl\Digitizer\component\polarfire_syn_comps.v (2023-08-04 14:38:20, 2023-08-05 22:15:47) <-- (module definition)
                        C:\VHDL_temp\Digitizer\Digitizer_vhdl\Digitizer\component\work\Top\Top.v (2023-08-02 15:53:00, 2023-08-05 22:15:01) <-- (may instantiate this module)
47       work.ICB_INT.verilog may have changed because the following files changed:
                        C:\VHDL_temp\Digitizer\Digitizer_vhdl\Digitizer\component\polarfire_syn_comps.v (2023-08-04 14:38:20, 2023-08-05 22:15:47) <-- (module definition)
                        C:\VHDL_temp\Digitizer\Digitizer_vhdl\Digitizer\component\work\Top\Top.v (2023-08-02 15:53:00, 2023-08-05 22:15:01) <-- (may instantiate this module)
48       work.ICB_MUXING.verilog may have changed because the following files changed:
                        C:\VHDL_temp\Digitizer\Digitizer_vhdl\Digitizer\component\polarfire_syn_comps.v (2023-08-04 14:38:20, 2023-08-05 22:15:47) <-- (module definition)
                        C:\VHDL_temp\Digitizer\Digitizer_vhdl\Digitizer\component\work\Top\Top.v (2023-08-02 15:53:00, 2023-08-05 22:15:01) <-- (may instantiate this module)
49       work.ICB_NGMUX.verilog may have changed because the following files changed:
                        C:\VHDL_temp\Digitizer\Digitizer_vhdl\Digitizer\component\polarfire_syn_comps.v (2023-08-04 14:38:20, 2023-08-05 22:15:47) <-- (module definition)
                        C:\VHDL_temp\Digitizer\Digitizer_vhdl\Digitizer\component\work\Top\Top.v (2023-08-02 15:53:00, 2023-08-05 22:15:01) <-- (may instantiate this module)
50       work.INIT.verilog may have changed because the following files changed:
                        C:\VHDL_temp\Digitizer\Digitizer_vhdl\Digitizer\component\polarfire_syn_comps.v (2023-08-04 14:38:20, 2023-08-05 22:15:47) <-- (module definition)
                        C:\VHDL_temp\Digitizer\Digitizer_vhdl\Digitizer\component\work\Top\Top.v (2023-08-02 15:53:00, 2023-08-05 22:15:01) <-- (may instantiate this module)
51       work.IOD.verilog may have changed because the following files changed:
                        C:\VHDL_temp\Digitizer\Digitizer_vhdl\Digitizer\component\polarfire_syn_comps.v (2023-08-04 14:38:20, 2023-08-05 22:15:47) <-- (module definition)
                        C:\VHDL_temp\Digitizer\Digitizer_vhdl\Digitizer\component\work\Top\Top.v (2023-08-02 15:53:00, 2023-08-05 22:15:01) <-- (may instantiate this module)
181      work.Input_Data_Part.verilog may have changed because the following files changed:
                        C:\VHDL_temp\Digitizer\Digitizer_vhdl\Digitizer\component\work\Top\Top.v (2023-08-02 15:53:00, 2023-08-05 22:15:01) <-- (may instantiate this module)
52       work.LANECTRL.verilog may have changed because the following files changed:
                        C:\VHDL_temp\Digitizer\Digitizer_vhdl\Digitizer\component\polarfire_syn_comps.v (2023-08-04 14:38:20, 2023-08-05 22:15:47) <-- (module definition)
                        C:\VHDL_temp\Digitizer\Digitizer_vhdl\Digitizer\component\work\Top\Top.v (2023-08-02 15:53:00, 2023-08-05 22:15:01) <-- (may instantiate this module)
53       work.LANERST.verilog may have changed because the following files changed:
                        C:\VHDL_temp\Digitizer\Digitizer_vhdl\Digitizer\component\polarfire_syn_comps.v (2023-08-04 14:38:20, 2023-08-05 22:15:47) <-- (module definition)
                        C:\VHDL_temp\Digitizer\Digitizer_vhdl\Digitizer\component\work\Top\Top.v (2023-08-02 15:53:00, 2023-08-05 22:15:01) <-- (may instantiate this module)
54       work.OSC_RC160MHZ.verilog may have changed because the following files changed:
                        C:\VHDL_temp\Digitizer\Digitizer_vhdl\Digitizer\component\polarfire_syn_comps.v (2023-08-04 14:38:20, 2023-08-05 22:15:47) <-- (module definition)
                        C:\VHDL_temp\Digitizer\Digitizer_vhdl\Digitizer\component\work\Top\Top.v (2023-08-02 15:53:00, 2023-08-05 22:15:01) <-- (may instantiate this module)
55       work.OSC_RC200MHZ.verilog may have changed because the following files changed:
                        C:\VHDL_temp\Digitizer\Digitizer_vhdl\Digitizer\component\polarfire_syn_comps.v (2023-08-04 14:38:20, 2023-08-05 22:15:47) <-- (module definition)
                        C:\VHDL_temp\Digitizer\Digitizer_vhdl\Digitizer\component\work\Top\Top.v (2023-08-02 15:53:00, 2023-08-05 22:15:01) <-- (may instantiate this module)
56       work.OSC_RC2MHZ.verilog may have changed because the following files changed:
                        C:\VHDL_temp\Digitizer\Digitizer_vhdl\Digitizer\component\polarfire_syn_comps.v (2023-08-04 14:38:20, 2023-08-05 22:15:47) <-- (module definition)
                        C:\VHDL_temp\Digitizer\Digitizer_vhdl\Digitizer\component\work\Top\Top.v (2023-08-02 15:53:00, 2023-08-05 22:15:01) <-- (may instantiate this module)
57       work.PCIE.verilog may have changed because the following files changed:
                        C:\VHDL_temp\Digitizer\Digitizer_vhdl\Digitizer\component\polarfire_syn_comps.v (2023-08-04 14:38:20, 2023-08-05 22:15:47) <-- (module definition)
                        C:\VHDL_temp\Digitizer\Digitizer_vhdl\Digitizer\component\work\Top\Top.v (2023-08-02 15:53:00, 2023-08-05 22:15:01) <-- (may instantiate this module)
58       work.PCIE_COMMON.verilog may have changed because the following files changed:
                        C:\VHDL_temp\Digitizer\Digitizer_vhdl\Digitizer\component\polarfire_syn_comps.v (2023-08-04 14:38:20, 2023-08-05 22:15:47) <-- (module definition)
                        C:\VHDL_temp\Digitizer\Digitizer_vhdl\Digitizer\component\work\Top\Top.v (2023-08-02 15:53:00, 2023-08-05 22:15:01) <-- (may instantiate this module)
59       work.PFSOC_SCSM.verilog may have changed because the following files changed:
                        C:\VHDL_temp\Digitizer\Digitizer_vhdl\Digitizer\component\polarfire_syn_comps.v (2023-08-04 14:38:20, 2023-08-05 22:15:47) <-- (module definition)
                        C:\VHDL_temp\Digitizer\Digitizer_vhdl\Digitizer\component\work\Top\Top.v (2023-08-02 15:53:00, 2023-08-05 22:15:01) <-- (may instantiate this module)
60       work.PF_CCC_C0.verilog may have changed because the following files changed:
                        C:\VHDL_temp\Digitizer\Digitizer_vhdl\Digitizer\component\work\Top\Top.v (2023-08-02 15:53:00, 2023-08-05 22:15:01) <-- (may instantiate this module)
61       work.PF_CCC_C0_PF_CCC_C0_0_PF_CCC.verilog may have changed because the following files changed:
                        C:\VHDL_temp\Digitizer\Digitizer_vhdl\Digitizer\component\work\Top\Top.v (2023-08-02 15:53:00, 2023-08-05 22:15:01) <-- (may instantiate this module)
194      work.PF_DPSRAM_C5.verilog may have changed because the following files changed:
                        C:\VHDL_temp\Digitizer\Digitizer_vhdl\Digitizer\component\work\Top\Top.v (2023-08-02 15:53:00, 2023-08-05 22:15:01) <-- (may instantiate this module)
195      work.PF_DPSRAM_C5_PF_DPSRAM_C5_0_PF_DPSRAM.verilog may have changed because the following files changed:
                        C:\VHDL_temp\Digitizer\Digitizer_vhdl\Digitizer\component\work\Top\Top.v (2023-08-02 15:53:00, 2023-08-05 22:15:01) <-- (may instantiate this module)
196      work.PF_DPSRAM_C7.verilog may have changed because the following files changed:
                        C:\VHDL_temp\Digitizer\Digitizer_vhdl\Digitizer\component\work\Top\Top.v (2023-08-02 15:53:00, 2023-08-05 22:15:01) <-- (may instantiate this module)
197      work.PF_DPSRAM_C7_PF_DPSRAM_C7_0_PF_DPSRAM.verilog may have changed because the following files changed:
                        C:\VHDL_temp\Digitizer\Digitizer_vhdl\Digitizer\component\work\Top\Top.v (2023-08-02 15:53:00, 2023-08-05 22:15:01) <-- (may instantiate this module)
198      work.PF_DPSRAM_C8_Event_Status.verilog may have changed because the following files changed:
                        C:\VHDL_temp\Digitizer\Digitizer_vhdl\Digitizer\component\work\Top\Top.v (2023-08-02 15:53:00, 2023-08-05 22:15:01) <-- (may instantiate this module)
199      work.PF_DPSRAM_C8_Event_Status_PF_DPSRAM_C8_Event_Status_0_PF_DPSRAM.verilog may have changed because the following files changed:
                        C:\VHDL_temp\Digitizer\Digitizer_vhdl\Digitizer\component\work\Top\Top.v (2023-08-02 15:53:00, 2023-08-05 22:15:01) <-- (may instantiate this module)
62       work.PF_INIT_MONITOR_C0.verilog may have changed because the following files changed:
                        C:\VHDL_temp\Digitizer\Digitizer_vhdl\Digitizer\component\work\Top\Top.v (2023-08-02 15:53:00, 2023-08-05 22:15:01) <-- (may instantiate this module)
63       work.PF_INIT_MONITOR_C0_PF_INIT_MONITOR_C0_0_PF_INIT_MONITOR.verilog may have changed because the following files changed:
                        C:\VHDL_temp\Digitizer\Digitizer_vhdl\Digitizer\component\work\Top\Top.v (2023-08-02 15:53:00, 2023-08-05 22:15:01) <-- (may instantiate this module)
64       work.PF_OSC_C0.verilog may have changed because the following files changed:
                        C:\VHDL_temp\Digitizer\Digitizer_vhdl\Digitizer\component\work\Top\Top.v (2023-08-02 15:53:00, 2023-08-05 22:15:01) <-- (may instantiate this module)
65       work.PF_OSC_C0_PF_OSC_C0_0_PF_OSC.verilog may have changed because the following files changed:
                        C:\VHDL_temp\Digitizer\Digitizer_vhdl\Digitizer\component\work\Top\Top.v (2023-08-02 15:53:00, 2023-08-05 22:15:01) <-- (may instantiate this module)
66       work.PF_SPI.verilog may have changed because the following files changed:
                        C:\VHDL_temp\Digitizer\Digitizer_vhdl\Digitizer\component\polarfire_syn_comps.v (2023-08-04 14:38:20, 2023-08-05 22:15:47) <-- (module definition)
                        C:\VHDL_temp\Digitizer\Digitizer_vhdl\Digitizer\component\work\Top\Top.v (2023-08-02 15:53:00, 2023-08-05 22:15:01) <-- (may instantiate this module)
67       work.PLL.verilog may have changed because the following files changed:
                        C:\VHDL_temp\Digitizer\Digitizer_vhdl\Digitizer\component\polarfire_syn_comps.v (2023-08-04 14:38:20, 2023-08-05 22:15:47) <-- (module definition)
                        C:\VHDL_temp\Digitizer\Digitizer_vhdl\Digitizer\component\work\Top\Top.v (2023-08-02 15:53:00, 2023-08-05 22:15:01) <-- (may instantiate this module)
68       work.QUADRST.verilog may have changed because the following files changed:
                        C:\VHDL_temp\Digitizer\Digitizer_vhdl\Digitizer\component\polarfire_syn_comps.v (2023-08-04 14:38:20, 2023-08-05 22:15:47) <-- (module definition)
                        C:\VHDL_temp\Digitizer\Digitizer_vhdl\Digitizer\component\work\Top\Top.v (2023-08-02 15:53:00, 2023-08-05 22:15:01) <-- (may instantiate this module)
69       work.QUADRST_PCIE.verilog may have changed because the following files changed:
                        C:\VHDL_temp\Digitizer\Digitizer_vhdl\Digitizer\component\polarfire_syn_comps.v (2023-08-04 14:38:20, 2023-08-05 22:15:47) <-- (module definition)
                        C:\VHDL_temp\Digitizer\Digitizer_vhdl\Digitizer\component\work\Top\Top.v (2023-08-02 15:53:00, 2023-08-05 22:15:01) <-- (may instantiate this module)
70       work.SCB.verilog may have changed because the following files changed:
                        C:\VHDL_temp\Digitizer\Digitizer_vhdl\Digitizer\component\polarfire_syn_comps.v (2023-08-04 14:38:20, 2023-08-05 22:15:47) <-- (module definition)
                        C:\VHDL_temp\Digitizer\Digitizer_vhdl\Digitizer\component\work\Top\Top.v (2023-08-02 15:53:00, 2023-08-05 22:15:01) <-- (may instantiate this module)
221      work.SPI_LMX.verilog may have changed because the following files changed:
                        C:\VHDL_temp\Digitizer\Digitizer_vhdl\Digitizer\component\work\Controler\Controler.v (2023-08-03 21:41:55, 2023-08-05 22:13:43) <-- (may instantiate this module)
                        C:\VHDL_temp\Digitizer\Digitizer_vhdl\Digitizer\component\work\Top\Top.v (2023-08-02 15:53:00, 2023-08-05 22:15:01) <-- (may instantiate this module)
71       work.SYSCTRL_RESET_STATUS.verilog may have changed because the following files changed:
                        C:\VHDL_temp\Digitizer\Digitizer_vhdl\Digitizer\component\polarfire_syn_comps.v (2023-08-04 14:38:20, 2023-08-05 22:15:47) <-- (module definition)
                        C:\VHDL_temp\Digitizer\Digitizer_vhdl\Digitizer\component\work\Top\Top.v (2023-08-02 15:53:00, 2023-08-05 22:15:01) <-- (may instantiate this module)
72       work.SYSRESET.verilog may have changed because the following files changed:
                        C:\VHDL_temp\Digitizer\Digitizer_vhdl\Digitizer\component\polarfire_syn_comps.v (2023-08-04 14:38:20, 2023-08-05 22:15:47) <-- (module definition)
                        C:\VHDL_temp\Digitizer\Digitizer_vhdl\Digitizer\component\work\Top\Top.v (2023-08-02 15:53:00, 2023-08-05 22:15:01) <-- (may instantiate this module)
73       work.SYS_SERVICES.verilog may have changed because the following files changed:
                        C:\VHDL_temp\Digitizer\Digitizer_vhdl\Digitizer\component\polarfire_syn_comps.v (2023-08-04 14:38:20, 2023-08-05 22:15:47) <-- (module definition)
                        C:\VHDL_temp\Digitizer\Digitizer_vhdl\Digitizer\component\work\Top\Top.v (2023-08-02 15:53:00, 2023-08-05 22:15:01) <-- (may instantiate this module)
200      work.Sample_RAM_Block.verilog may have changed because the following files changed:
                        C:\VHDL_temp\Digitizer\Digitizer_vhdl\Digitizer\component\work\Top\Top.v (2023-08-02 15:53:00, 2023-08-05 22:15:01) <-- (may instantiate this module)
74       work.TAMPER.verilog may have changed because the following files changed:
                        C:\VHDL_temp\Digitizer\Digitizer_vhdl\Digitizer\component\polarfire_syn_comps.v (2023-08-04 14:38:20, 2023-08-05 22:15:47) <-- (module definition)
                        C:\VHDL_temp\Digitizer\Digitizer_vhdl\Digitizer\component\work\Top\Top.v (2023-08-02 15:53:00, 2023-08-05 22:15:01) <-- (may instantiate this module)
75       work.TVS.verilog may have changed because the following files changed:
                        C:\VHDL_temp\Digitizer\Digitizer_vhdl\Digitizer\component\polarfire_syn_comps.v (2023-08-04 14:38:20, 2023-08-05 22:15:47) <-- (module definition)
                        C:\VHDL_temp\Digitizer\Digitizer_vhdl\Digitizer\component\work\Top\Top.v (2023-08-02 15:53:00, 2023-08-05 22:15:01) <-- (may instantiate this module)
76       work.TX_PLL.verilog may have changed because the following files changed:
                        C:\VHDL_temp\Digitizer\Digitizer_vhdl\Digitizer\component\polarfire_syn_comps.v (2023-08-04 14:38:20, 2023-08-05 22:15:47) <-- (module definition)
                        C:\VHDL_temp\Digitizer\Digitizer_vhdl\Digitizer\component\work\Top\Top.v (2023-08-02 15:53:00, 2023-08-05 22:15:01) <-- (may instantiate this module)
77       work.Top.verilog may have changed because the following files changed:
                        C:\VHDL_temp\Digitizer\Digitizer_vhdl\Digitizer\component\work\Top\Top.v (2023-08-02 15:53:00, 2023-08-05 22:15:01) <-- (module definition)
182      work.Trigger_Top_Part.verilog may have changed because the following files changed:
                        C:\VHDL_temp\Digitizer\Digitizer_vhdl\Digitizer\component\work\Top\Top.v (2023-08-02 15:53:00, 2023-08-05 22:15:01) <-- (may instantiate this module)
105      work.UART_Protocol.verilog may have changed because the following files changed:
                        C:\VHDL_temp\Digitizer\Digitizer_vhdl\Digitizer\component\work\Top\Top.v (2023-08-02 15:53:00, 2023-08-05 22:15:01) <-- (may instantiate this module)
78       work.UPROM.verilog may have changed because the following files changed:
                        C:\VHDL_temp\Digitizer\Digitizer_vhdl\Digitizer\component\polarfire_syn_comps.v (2023-08-04 14:38:20, 2023-08-05 22:15:47) <-- (module definition)
                        C:\VHDL_temp\Digitizer\Digitizer_vhdl\Digitizer\component\work\Top\Top.v (2023-08-02 15:53:00, 2023-08-05 22:15:01) <-- (may instantiate this module)
246      work.USB_3_Protocol.verilog may have changed because the following files changed:
                        C:\VHDL_temp\Digitizer\Digitizer_vhdl\Digitizer\component\work\Top\Top.v (2023-08-02 15:53:00, 2023-08-05 22:15:01) <-- (may instantiate this module)
79       work.USPI.verilog may have changed because the following files changed:
                        C:\VHDL_temp\Digitizer\Digitizer_vhdl\Digitizer\component\polarfire_syn_comps.v (2023-08-04 14:38:20, 2023-08-05 22:15:47) <-- (module definition)
                        C:\VHDL_temp\Digitizer\Digitizer_vhdl\Digitizer\component\work\Top\Top.v (2023-08-02 15:53:00, 2023-08-05 22:15:01) <-- (may instantiate this module)
80       work.VOLTAGEDETECT.verilog may have changed because the following files changed:
                        C:\VHDL_temp\Digitizer\Digitizer_vhdl\Digitizer\component\polarfire_syn_comps.v (2023-08-04 14:38:20, 2023-08-05 22:15:47) <-- (module definition)
                        C:\VHDL_temp\Digitizer\Digitizer_vhdl\Digitizer\component\work\Top\Top.v (2023-08-02 15:53:00, 2023-08-05 22:15:01) <-- (may instantiate this module)
81       work.VREFBANKDYN.verilog may have changed because the following files changed:
                        C:\VHDL_temp\Digitizer\Digitizer_vhdl\Digitizer\component\polarfire_syn_comps.v (2023-08-04 14:38:20, 2023-08-05 22:15:47) <-- (module definition)
                        C:\VHDL_temp\Digitizer\Digitizer_vhdl\Digitizer\component\work\Top\Top.v (2023-08-02 15:53:00, 2023-08-05 22:15:01) <-- (may instantiate this module)
82       work.VREFCTRL.verilog may have changed because the following files changed:
                        C:\VHDL_temp\Digitizer\Digitizer_vhdl\Digitizer\component\polarfire_syn_comps.v (2023-08-04 14:38:20, 2023-08-05 22:15:47) <-- (module definition)
                        C:\VHDL_temp\Digitizer\Digitizer_vhdl\Digitizer\component\work\Top\Top.v (2023-08-02 15:53:00, 2023-08-05 22:15:01) <-- (may instantiate this module)
83       work.XCVR.verilog may have changed because the following files changed:
                        C:\VHDL_temp\Digitizer\Digitizer_vhdl\Digitizer\component\polarfire_syn_comps.v (2023-08-04 14:38:20, 2023-08-05 22:15:47) <-- (module definition)
                        C:\VHDL_temp\Digitizer\Digitizer_vhdl\Digitizer\component\work\Top\Top.v (2023-08-02 15:53:00, 2023-08-05 22:15:01) <-- (may instantiate this module)
84       work.XCVR_64B6XB.verilog may have changed because the following files changed:
                        C:\VHDL_temp\Digitizer\Digitizer_vhdl\Digitizer\component\polarfire_syn_comps.v (2023-08-04 14:38:20, 2023-08-05 22:15:47) <-- (module definition)
                        C:\VHDL_temp\Digitizer\Digitizer_vhdl\Digitizer\component\work\Top\Top.v (2023-08-02 15:53:00, 2023-08-05 22:15:01) <-- (may instantiate this module)
85       work.XCVR_8B10B.verilog may have changed because the following files changed:
                        C:\VHDL_temp\Digitizer\Digitizer_vhdl\Digitizer\component\polarfire_syn_comps.v (2023-08-04 14:38:20, 2023-08-05 22:15:47) <-- (module definition)
                        C:\VHDL_temp\Digitizer\Digitizer_vhdl\Digitizer\component\work\Top\Top.v (2023-08-02 15:53:00, 2023-08-05 22:15:01) <-- (may instantiate this module)
86       work.XCVR_APB_LINK.verilog may have changed because the following files changed:
                        C:\VHDL_temp\Digitizer\Digitizer_vhdl\Digitizer\component\polarfire_syn_comps.v (2023-08-04 14:38:20, 2023-08-05 22:15:47) <-- (module definition)
                        C:\VHDL_temp\Digitizer\Digitizer_vhdl\Digitizer\component\work\Top\Top.v (2023-08-02 15:53:00, 2023-08-05 22:15:01) <-- (may instantiate this module)
87       work.XCVR_APB_LINK_V.verilog may have changed because the following files changed:
                        C:\VHDL_temp\Digitizer\Digitizer_vhdl\Digitizer\component\polarfire_syn_comps.v (2023-08-04 14:38:20, 2023-08-05 22:15:47) <-- (module definition)
                        C:\VHDL_temp\Digitizer\Digitizer_vhdl\Digitizer\component\work\Top\Top.v (2023-08-02 15:53:00, 2023-08-05 22:15:01) <-- (may instantiate this module)
88       work.XCVR_APB_LINK_V2.verilog may have changed because the following files changed:
                        C:\VHDL_temp\Digitizer\Digitizer_vhdl\Digitizer\component\polarfire_syn_comps.v (2023-08-04 14:38:20, 2023-08-05 22:15:47) <-- (module definition)
                        C:\VHDL_temp\Digitizer\Digitizer_vhdl\Digitizer\component\work\Top\Top.v (2023-08-02 15:53:00, 2023-08-05 22:15:01) <-- (may instantiate this module)
89       work.XCVR_DUAL_PCS.verilog may have changed because the following files changed:
                        C:\VHDL_temp\Digitizer\Digitizer_vhdl\Digitizer\component\polarfire_syn_comps.v (2023-08-04 14:38:20, 2023-08-05 22:15:47) <-- (module definition)
                        C:\VHDL_temp\Digitizer\Digitizer_vhdl\Digitizer\component\work\Top\Top.v (2023-08-02 15:53:00, 2023-08-05 22:15:01) <-- (may instantiate this module)
90       work.XCVR_PIPE.verilog may have changed because the following files changed:
                        C:\VHDL_temp\Digitizer\Digitizer_vhdl\Digitizer\component\polarfire_syn_comps.v (2023-08-04 14:38:20, 2023-08-05 22:15:47) <-- (module definition)
                        C:\VHDL_temp\Digitizer\Digitizer_vhdl\Digitizer\component\work\Top\Top.v (2023-08-02 15:53:00, 2023-08-05 22:15:01) <-- (may instantiate this module)
91       work.XCVR_PIPE_AXI0.verilog may have changed because the following files changed:
                        C:\VHDL_temp\Digitizer\Digitizer_vhdl\Digitizer\component\polarfire_syn_comps.v (2023-08-04 14:38:20, 2023-08-05 22:15:47) <-- (module definition)
                        C:\VHDL_temp\Digitizer\Digitizer_vhdl\Digitizer\component\work\Top\Top.v (2023-08-02 15:53:00, 2023-08-05 22:15:01) <-- (may instantiate this module)
92       work.XCVR_PIPE_AXI1.verilog may have changed because the following files changed:
                        C:\VHDL_temp\Digitizer\Digitizer_vhdl\Digitizer\component\polarfire_syn_comps.v (2023-08-04 14:38:20, 2023-08-05 22:15:47) <-- (module definition)
                        C:\VHDL_temp\Digitizer\Digitizer_vhdl\Digitizer\component\work\Top\Top.v (2023-08-02 15:53:00, 2023-08-05 22:15:01) <-- (may instantiate this module)
93       work.XCVR_PMA.verilog may have changed because the following files changed:
                        C:\VHDL_temp\Digitizer\Digitizer_vhdl\Digitizer\component\polarfire_syn_comps.v (2023-08-04 14:38:20, 2023-08-05 22:15:47) <-- (module definition)
                        C:\VHDL_temp\Digitizer\Digitizer_vhdl\Digitizer\component\work\Top\Top.v (2023-08-02 15:53:00, 2023-08-05 22:15:01) <-- (may instantiate this module)
94       work.XCVR_REF_CLK.verilog may have changed because the following files changed:
                        C:\VHDL_temp\Digitizer\Digitizer_vhdl\Digitizer\component\polarfire_syn_comps.v (2023-08-04 14:38:20, 2023-08-05 22:15:47) <-- (module definition)
                        C:\VHDL_temp\Digitizer\Digitizer_vhdl\Digitizer\component\work\Top\Top.v (2023-08-02 15:53:00, 2023-08-05 22:15:01) <-- (may instantiate this module)
95       work.XCVR_REF_CLK_N.verilog may have changed because the following files changed:
                        C:\VHDL_temp\Digitizer\Digitizer_vhdl\Digitizer\component\polarfire_syn_comps.v (2023-08-04 14:38:20, 2023-08-05 22:15:47) <-- (module definition)
                        C:\VHDL_temp\Digitizer\Digitizer_vhdl\Digitizer\component\work\Top\Top.v (2023-08-02 15:53:00, 2023-08-05 22:15:01) <-- (may instantiate this module)
96       work.XCVR_REF_CLK_P.verilog may have changed because the following files changed:
                        C:\VHDL_temp\Digitizer\Digitizer_vhdl\Digitizer\component\polarfire_syn_comps.v (2023-08-04 14:38:20, 2023-08-05 22:15:47) <-- (module definition)
                        C:\VHDL_temp\Digitizer\Digitizer_vhdl\Digitizer\component\work\Top\Top.v (2023-08-02 15:53:00, 2023-08-05 22:15:01) <-- (may instantiate this module)
97       work.XCVR_TEST.verilog may have changed because the following files changed:
                        C:\VHDL_temp\Digitizer\Digitizer_vhdl\Digitizer\component\polarfire_syn_comps.v (2023-08-04 14:38:20, 2023-08-05 22:15:47) <-- (module definition)
                        C:\VHDL_temp\Digitizer\Digitizer_vhdl\Digitizer\component\work\Top\Top.v (2023-08-02 15:53:00, 2023-08-05 22:15:01) <-- (may instantiate this module)
98       work.XCVR_VV.verilog may have changed because the following files changed:
                        C:\VHDL_temp\Digitizer\Digitizer_vhdl\Digitizer\component\polarfire_syn_comps.v (2023-08-04 14:38:20, 2023-08-05 22:15:47) <-- (module definition)
                        C:\VHDL_temp\Digitizer\Digitizer_vhdl\Digitizer\component\work\Top\Top.v (2023-08-02 15:53:00, 2023-08-05 22:15:01) <-- (may instantiate this module)
122      work.adi_spi.rtl may have changed because the following files changed:
                        C:\VHDL_temp\Digitizer\Digitizer_vhdl\Digitizer\component\work\Controler\Controler.v (2023-08-03 21:41:55, 2023-08-05 22:13:43) <-- (may instantiate this module)
                        C:\VHDL_temp\Digitizer\Digitizer_vhdl\Digitizer\component\work\Top\Top.v (2023-08-02 15:53:00, 2023-08-05 22:15:01) <-- (may instantiate this module)
118      work.answer_encoder.rtl may have changed because the following files changed:
                        C:\VHDL_temp\Digitizer\Digitizer_vhdl\Digitizer\component\work\Controler\Controler.v (2023-08-03 21:41:55, 2023-08-05 22:13:43) <-- (may instantiate this module)
                        C:\VHDL_temp\Digitizer\Digitizer_vhdl\Digitizer\component\work\Top\Top.v (2023-08-02 15:53:00, 2023-08-05 22:15:01) <-- (may instantiate this module)
                        C:\VHDL_temp\Digitizer\Digitizer_vhdl\Digitizer\hdl\Answer_Encoder.vhd (2023-08-02 15:32:54, 2023-08-05 22:06:46) <-- (architecture and entity definition)
120      work.command_decoder.rtl may have changed because the following files changed:
                        C:\VHDL_temp\Digitizer\Digitizer_vhdl\Digitizer\component\work\Controler\Controler.v (2023-08-03 21:41:55, 2023-08-05 22:13:43) <-- (may instantiate this module)
                        C:\VHDL_temp\Digitizer\Digitizer_vhdl\Digitizer\component\work\Top\Top.v (2023-08-02 15:53:00, 2023-08-05 22:15:01) <-- (may instantiate this module)
                        C:\VHDL_temp\Digitizer\Digitizer_vhdl\Digitizer\hdl\Command_Decoder.vhd (2023-08-02 15:23:13, 2023-08-05 22:03:27) <-- (architecture and entity definition)
134      work.communication_anw_mux.rtl may have changed because the following files changed:
                        C:\VHDL_temp\Digitizer\Digitizer_vhdl\Digitizer\component\work\Controler\Controler.v (2023-08-03 21:41:55, 2023-08-05 22:13:43) <-- (may instantiate this module)
                        C:\VHDL_temp\Digitizer\Digitizer_vhdl\Digitizer\component\work\Top\Top.v (2023-08-02 15:53:00, 2023-08-05 22:15:01) <-- (may instantiate this module)
207      work.communication_builder.rtl may have changed because the following files changed:
                        C:\VHDL_temp\Digitizer\Digitizer_vhdl\Digitizer\component\work\Top\Top.v (2023-08-02 15:53:00, 2023-08-05 22:15:01) <-- (may instantiate this module)
106      work.communication_cmd_mux.rtl may have changed because the following files changed:
                        C:\VHDL_temp\Digitizer\Digitizer_vhdl\Digitizer\component\work\Controler\Controler.v (2023-08-03 21:41:55, 2023-08-05 22:13:43) <-- (may instantiate this module)
                        C:\VHDL_temp\Digitizer\Digitizer_vhdl\Digitizer\component\work\Top\Top.v (2023-08-02 15:53:00, 2023-08-05 22:15:01) <-- (may instantiate this module)
209      work.communication_tx_arbiter.rtl may have changed because the following files changed:
                        C:\VHDL_temp\Digitizer\Digitizer_vhdl\Digitizer\component\work\Top\Top.v (2023-08-02 15:53:00, 2023-08-05 22:15:01) <-- (may instantiate this module)
201      work.fifos_reader.rtl may have changed because the following files changed:
                        C:\VHDL_temp\Digitizer\Digitizer_vhdl\Digitizer\component\work\Top\Top.v (2023-08-02 15:53:00, 2023-08-05 22:15:01) <-- (may instantiate this module)
247      work.ft601_fifo_interface.rtl_ft601_fifo_interface may have changed because the following files changed:
                        C:\VHDL_temp\Digitizer\Digitizer_vhdl\Digitizer\component\work\Top\Top.v (2023-08-02 15:53:00, 2023-08-05 22:15:01) <-- (may instantiate this module)
249      work.ftdi_to_fifo_interface.rtl may have changed because the following files changed:
                        C:\VHDL_temp\Digitizer\Digitizer_vhdl\Digitizer\component\work\Top\Top.v (2023-08-02 15:53:00, 2023-08-05 22:15:01) <-- (may instantiate this module)
251      work.gpio_controler.rtl may have changed because the following files changed:
                        C:\VHDL_temp\Digitizer\Digitizer_vhdl\Digitizer\component\work\Controler\Controler.v (2023-08-03 21:41:55, 2023-08-05 22:13:43) <-- (may instantiate this module)
                        C:\VHDL_temp\Digitizer\Digitizer_vhdl\Digitizer\component\work\Top\Top.v (2023-08-02 15:53:00, 2023-08-05 22:15:01) <-- (may instantiate this module)
158      work.mko.rtl may have changed because the following files changed:
                        C:\VHDL_temp\Digitizer\Digitizer_vhdl\Digitizer\component\work\Top\Top.v (2023-08-02 15:53:00, 2023-08-05 22:15:01) <-- (may instantiate this module)
136      work.registers.rtl may have changed because the following files changed:
                        C:\VHDL_temp\Digitizer\Digitizer_vhdl\Digitizer\component\work\Controler\Controler.v (2023-08-03 21:41:55, 2023-08-05 22:13:43) <-- (may instantiate this module)
                        C:\VHDL_temp\Digitizer\Digitizer_vhdl\Digitizer\component\work\Top\Top.v (2023-08-02 15:53:00, 2023-08-05 22:15:01) <-- (may instantiate this module)
253      work.reset_controler.rtl may have changed because the following files changed:
                        C:\VHDL_temp\Digitizer\Digitizer_vhdl\Digitizer\component\work\Controler\Controler.v (2023-08-03 21:41:55, 2023-08-05 22:13:43) <-- (may instantiate this module)
                        C:\VHDL_temp\Digitizer\Digitizer_vhdl\Digitizer\component\work\Top\Top.v (2023-08-02 15:53:00, 2023-08-05 22:15:01) <-- (may instantiate this module)
                        C:\VHDL_temp\Digitizer\Digitizer_vhdl\Digitizer\hdl\Reset_Controler.vhd (N/A, 2023-08-05 19:59:44) <-- (architecture and entity definition)
203      work.sample_ram_block_decoder.rtl may have changed because the following files changed:
                        C:\VHDL_temp\Digitizer\Digitizer_vhdl\Digitizer\component\work\Top\Top.v (2023-08-02 15:53:00, 2023-08-05 22:15:01) <-- (may instantiate this module)
205      work.sample_ram_block_mux.rtl may have changed because the following files changed:
                        C:\VHDL_temp\Digitizer\Digitizer_vhdl\Digitizer\component\work\Top\Top.v (2023-08-02 15:53:00, 2023-08-05 22:15:01) <-- (may instantiate this module)
222      work.spi_interface.rtl may have changed because the following files changed:
                        C:\VHDL_temp\Digitizer\Digitizer_vhdl\Digitizer\component\work\Controler\Controler.v (2023-08-03 21:41:55, 2023-08-05 22:13:43) <-- (may instantiate this module)
                        C:\VHDL_temp\Digitizer\Digitizer_vhdl\Digitizer\component\work\Top\Top.v (2023-08-02 15:53:00, 2023-08-05 22:15:01) <-- (may instantiate this module)
224      work.spi_master.behavioural may have changed because the following files changed:
                        C:\VHDL_temp\Digitizer\Digitizer_vhdl\Digitizer\component\work\Controler\Controler.v (2023-08-03 21:41:55, 2023-08-05 22:13:43) <-- (may instantiate this module)
                        C:\VHDL_temp\Digitizer\Digitizer_vhdl\Digitizer\component\work\Top\Top.v (2023-08-02 15:53:00, 2023-08-05 22:15:01) <-- (may instantiate this module)
99       work.synchronizer.arch may have changed because the following files changed:
                        C:\VHDL_temp\Digitizer\Digitizer_vhdl\Digitizer\component\work\Top\Top.v (2023-08-02 15:53:00, 2023-08-05 22:15:01) <-- (may instantiate this module)
183      work.test_generator.rtl may have changed because the following files changed:
                        C:\VHDL_temp\Digitizer\Digitizer_vhdl\Digitizer\component\work\Top\Top.v (2023-08-02 15:53:00, 2023-08-05 22:15:01) <-- (may instantiate this module)
185      work.trigger_control.rtl may have changed because the following files changed:
                        C:\VHDL_temp\Digitizer\Digitizer_vhdl\Digitizer\component\work\Top\Top.v (2023-08-02 15:53:00, 2023-08-05 22:15:01) <-- (may instantiate this module)
187      work.trigger_main.rtl may have changed because the following files changed:
                        C:\VHDL_temp\Digitizer\Digitizer_vhdl\Digitizer\component\work\Top\Top.v (2023-08-02 15:53:00, 2023-08-05 22:15:01) <-- (may instantiate this module)
189      work.trigger_unit.rtl may have changed because the following files changed:
                        C:\VHDL_temp\Digitizer\Digitizer_vhdl\Digitizer\component\work\Top\Top.v (2023-08-02 15:53:00, 2023-08-05 22:15:01) <-- (may instantiate this module)
101      work.uart_rx_protocol.rtl may have changed because the following files changed:
                        C:\VHDL_temp\Digitizer\Digitizer_vhdl\Digitizer\component\work\Top\Top.v (2023-08-02 15:53:00, 2023-08-05 22:15:01) <-- (may instantiate this module)
103      work.uart_tx_protocol.rtl may have changed because the following files changed:
                        C:\VHDL_temp\Digitizer\Digitizer_vhdl\Digitizer\component\work\Top\Top.v (2023-08-02 15:53:00, 2023-08-05 22:15:01) <-- (may instantiate this module)

*******************************************************************
Unmodified files: 147
FID:  path (timestamp)
0        C:\Microsemi\Libero_SoC_v2022.1\SynplifyPro\lib\generic\acg5.v (2022-03-10 08:59:56)
1        C:\Microsemi\Libero_SoC_v2022.1\SynplifyPro\lib\vhd2008\arith.vhd (2022-03-10 08:59:58)
2        C:\Microsemi\Libero_SoC_v2022.1\SynplifyPro\lib\vhd2008\location.map (2022-03-10 08:59:58)
3        C:\Microsemi\Libero_SoC_v2022.1\SynplifyPro\lib\vhd2008\numeric.vhd (2022-03-10 08:59:58)
4        C:\Microsemi\Libero_SoC_v2022.1\SynplifyPro\lib\vhd2008\std.vhd (2022-03-10 08:59:58)
5        C:\Microsemi\Libero_SoC_v2022.1\SynplifyPro\lib\vhd2008\std1164.vhd (2022-03-10 08:59:58)
6        C:\Microsemi\Libero_SoC_v2022.1\SynplifyPro\lib\vhd2008\std_textio.vhd (2022-03-10 08:59:58)
7        C:\Microsemi\Libero_SoC_v2022.1\SynplifyPro\lib\vhd2008\unsigned.vhd (2022-03-10 08:59:58)
8        C:\Microsemi\Libero_SoC_v2022.1\SynplifyPro\lib\vhd\hyperents.vhd (2022-03-10 08:59:58)
9        C:\Microsemi\Libero_SoC_v2022.1\SynplifyPro\lib\vhd\snps_haps_pkg.vhd (2022-03-10 08:59:58)
10       C:\Microsemi\Libero_SoC_v2022.1\SynplifyPro\lib\vhd\umr_capim.vhd (2022-03-10 08:59:58)
11       C:\Microsemi\Libero_SoC_v2022.1\SynplifyPro\lib\vlog\hypermods.v (2022-03-10 08:59:58)
12       C:\Microsemi\Libero_SoC_v2022.1\SynplifyPro\lib\vlog\scemi_objects.v (2022-03-10 08:59:58)
13       C:\Microsemi\Libero_SoC_v2022.1\SynplifyPro\lib\vlog\scemi_pipes.svh (2022-03-10 08:59:58)
14       C:\Microsemi\Libero_SoC_v2022.1\SynplifyPro\lib\vlog\umr_capim.v (2022-03-10 08:59:58)
187      C:\VHDL_temp\Digitizer\Digitizer_vhdl\Digitizer\component\work\COREFIFO_C0\COREFIFO_C0.v (2023-05-17 11:27:24)
188      C:\VHDL_temp\Digitizer\Digitizer_vhdl\Digitizer\component\work\COREFIFO_C0\COREFIFO_C0_0\rtl\vlog\core\COREFIFO.v (2023-05-17 11:27:24)
189      C:\VHDL_temp\Digitizer\Digitizer_vhdl\Digitizer\component\work\COREFIFO_C0\COREFIFO_C0_0\rtl\vlog\core\COREFIFO_C0_COREFIFO_C0_0_LSRAM_top.v (2023-05-17 11:27:24)
190      C:\VHDL_temp\Digitizer\Digitizer_vhdl\Digitizer\component\work\COREFIFO_C0\COREFIFO_C0_0\rtl\vlog\core\COREFIFO_C0_COREFIFO_C0_0_ram_wrapper.v (2023-05-17 11:27:24)
191      C:\VHDL_temp\Digitizer\Digitizer_vhdl\Digitizer\component\work\COREFIFO_C0\COREFIFO_C0_0\rtl\vlog\core\corefifo_NstagesSync.v (2023-05-17 11:27:24)
192      C:\VHDL_temp\Digitizer\Digitizer_vhdl\Digitizer\component\work\COREFIFO_C0\COREFIFO_C0_0\rtl\vlog\core\corefifo_async.v (2023-05-17 11:27:24)
193      C:\VHDL_temp\Digitizer\Digitizer_vhdl\Digitizer\component\work\COREFIFO_C0\COREFIFO_C0_0\rtl\vlog\core\corefifo_fwft.v (2023-05-17 11:27:24)
194      C:\VHDL_temp\Digitizer\Digitizer_vhdl\Digitizer\component\work\COREFIFO_C0\COREFIFO_C0_0\rtl\vlog\core\corefifo_grayToBinConv.v (2023-05-17 11:27:24)
195      C:\VHDL_temp\Digitizer\Digitizer_vhdl\Digitizer\component\work\COREFIFO_C0\COREFIFO_C0_0\rtl\vlog\core\corefifo_sync.v (2023-05-17 11:27:24)
196      C:\VHDL_temp\Digitizer\Digitizer_vhdl\Digitizer\component\work\COREFIFO_C0\COREFIFO_C0_0\rtl\vlog\core\corefifo_sync_scntr.v (2023-05-17 11:27:24)
197      C:\VHDL_temp\Digitizer\Digitizer_vhdl\Digitizer\component\work\COREFIFO_C1\COREFIFO_C1.v (2023-02-10 16:01:52)
198      C:\VHDL_temp\Digitizer\Digitizer_vhdl\Digitizer\component\work\COREFIFO_C1\COREFIFO_C1_0\rtl\vlog\core\COREFIFO.v (2023-02-10 16:01:52)
199      C:\VHDL_temp\Digitizer\Digitizer_vhdl\Digitizer\component\work\COREFIFO_C1\COREFIFO_C1_0\rtl\vlog\core\COREFIFO_C1_COREFIFO_C1_0_LSRAM_top.v (2023-02-10 16:01:52)
200      C:\VHDL_temp\Digitizer\Digitizer_vhdl\Digitizer\component\work\COREFIFO_C1\COREFIFO_C1_0\rtl\vlog\core\COREFIFO_C1_COREFIFO_C1_0_ram_wrapper.v (2023-02-10 16:01:51)
201      C:\VHDL_temp\Digitizer\Digitizer_vhdl\Digitizer\component\work\COREFIFO_C1\COREFIFO_C1_0\rtl\vlog\core\corefifo_NstagesSync.v (2023-02-10 16:01:52)
202      C:\VHDL_temp\Digitizer\Digitizer_vhdl\Digitizer\component\work\COREFIFO_C1\COREFIFO_C1_0\rtl\vlog\core\corefifo_async.v (2023-02-10 16:01:52)
203      C:\VHDL_temp\Digitizer\Digitizer_vhdl\Digitizer\component\work\COREFIFO_C1\COREFIFO_C1_0\rtl\vlog\core\corefifo_fwft.v (2023-02-10 16:01:52)
204      C:\VHDL_temp\Digitizer\Digitizer_vhdl\Digitizer\component\work\COREFIFO_C1\COREFIFO_C1_0\rtl\vlog\core\corefifo_grayToBinConv.v (2023-02-10 16:01:52)
205      C:\VHDL_temp\Digitizer\Digitizer_vhdl\Digitizer\component\work\COREFIFO_C1\COREFIFO_C1_0\rtl\vlog\core\corefifo_sync.v (2023-02-10 16:01:52)
206      C:\VHDL_temp\Digitizer\Digitizer_vhdl\Digitizer\component\work\COREFIFO_C1\COREFIFO_C1_0\rtl\vlog\core\corefifo_sync_scntr.v (2023-02-10 16:01:52)
207      C:\VHDL_temp\Digitizer\Digitizer_vhdl\Digitizer\component\work\COREFIFO_C3\COREFIFO_C3.v (2023-02-13 13:59:17)
208      C:\VHDL_temp\Digitizer\Digitizer_vhdl\Digitizer\component\work\COREFIFO_C3\COREFIFO_C3_0\rtl\vlog\core\COREFIFO.v (2023-02-13 13:59:17)
209      C:\VHDL_temp\Digitizer\Digitizer_vhdl\Digitizer\component\work\COREFIFO_C3\COREFIFO_C3_0\rtl\vlog\core\COREFIFO_C3_COREFIFO_C3_0_LSRAM_top.v (2023-02-13 13:59:17)
210      C:\VHDL_temp\Digitizer\Digitizer_vhdl\Digitizer\component\work\COREFIFO_C3\COREFIFO_C3_0\rtl\vlog\core\COREFIFO_C3_COREFIFO_C3_0_ram_wrapper.v (2023-02-13 13:59:16)
211      C:\VHDL_temp\Digitizer\Digitizer_vhdl\Digitizer\component\work\COREFIFO_C3\COREFIFO_C3_0\rtl\vlog\core\corefifo_NstagesSync.v (2023-02-13 13:59:17)
212      C:\VHDL_temp\Digitizer\Digitizer_vhdl\Digitizer\component\work\COREFIFO_C3\COREFIFO_C3_0\rtl\vlog\core\corefifo_async.v (2023-02-13 13:59:17)
213      C:\VHDL_temp\Digitizer\Digitizer_vhdl\Digitizer\component\work\COREFIFO_C3\COREFIFO_C3_0\rtl\vlog\core\corefifo_fwft.v (2023-02-13 13:59:17)
214      C:\VHDL_temp\Digitizer\Digitizer_vhdl\Digitizer\component\work\COREFIFO_C3\COREFIFO_C3_0\rtl\vlog\core\corefifo_grayToBinConv.v (2023-02-13 13:59:17)
215      C:\VHDL_temp\Digitizer\Digitizer_vhdl\Digitizer\component\work\COREFIFO_C3\COREFIFO_C3_0\rtl\vlog\core\corefifo_sync.v (2023-02-13 13:59:17)
216      C:\VHDL_temp\Digitizer\Digitizer_vhdl\Digitizer\component\work\COREFIFO_C3\COREFIFO_C3_0\rtl\vlog\core\corefifo_sync_scntr.v (2023-02-13 13:59:17)
217      C:\VHDL_temp\Digitizer\Digitizer_vhdl\Digitizer\component\work\COREFIFO_C4\COREFIFO_C4.v (2023-05-15 20:42:31)
218      C:\VHDL_temp\Digitizer\Digitizer_vhdl\Digitizer\component\work\COREFIFO_C4\COREFIFO_C4_0\rtl\vlog\core\COREFIFO.v (2023-05-15 20:42:31)
219      C:\VHDL_temp\Digitizer\Digitizer_vhdl\Digitizer\component\work\COREFIFO_C4\COREFIFO_C4_0\rtl\vlog\core\COREFIFO_C4_COREFIFO_C4_0_LSRAM_top.v (2023-05-15 20:42:31)
220      C:\VHDL_temp\Digitizer\Digitizer_vhdl\Digitizer\component\work\COREFIFO_C4\COREFIFO_C4_0\rtl\vlog\core\COREFIFO_C4_COREFIFO_C4_0_ram_wrapper.v (2023-05-15 20:42:31)
221      C:\VHDL_temp\Digitizer\Digitizer_vhdl\Digitizer\component\work\COREFIFO_C4\COREFIFO_C4_0\rtl\vlog\core\corefifo_NstagesSync.v (2023-05-15 20:42:31)
222      C:\VHDL_temp\Digitizer\Digitizer_vhdl\Digitizer\component\work\COREFIFO_C4\COREFIFO_C4_0\rtl\vlog\core\corefifo_async.v (2023-05-15 20:42:31)
223      C:\VHDL_temp\Digitizer\Digitizer_vhdl\Digitizer\component\work\COREFIFO_C4\COREFIFO_C4_0\rtl\vlog\core\corefifo_fwft.v (2023-05-15 20:42:31)
224      C:\VHDL_temp\Digitizer\Digitizer_vhdl\Digitizer\component\work\COREFIFO_C4\COREFIFO_C4_0\rtl\vlog\core\corefifo_grayToBinConv.v (2023-05-15 20:42:31)
225      C:\VHDL_temp\Digitizer\Digitizer_vhdl\Digitizer\component\work\COREFIFO_C4\COREFIFO_C4_0\rtl\vlog\core\corefifo_sync.v (2023-05-15 20:42:31)
226      C:\VHDL_temp\Digitizer\Digitizer_vhdl\Digitizer\component\work\COREFIFO_C4\COREFIFO_C4_0\rtl\vlog\core\corefifo_sync_scntr.v (2023-05-15 20:42:31)
227      C:\VHDL_temp\Digitizer\Digitizer_vhdl\Digitizer\component\work\COREFIFO_C5\COREFIFO_C5.v (2023-05-15 20:43:25)
228      C:\VHDL_temp\Digitizer\Digitizer_vhdl\Digitizer\component\work\COREFIFO_C5\COREFIFO_C5_0\rtl\vlog\core\COREFIFO.v (2023-05-15 20:43:25)
229      C:\VHDL_temp\Digitizer\Digitizer_vhdl\Digitizer\component\work\COREFIFO_C5\COREFIFO_C5_0\rtl\vlog\core\COREFIFO_C5_COREFIFO_C5_0_LSRAM_top.v (2023-05-15 20:43:25)
230      C:\VHDL_temp\Digitizer\Digitizer_vhdl\Digitizer\component\work\COREFIFO_C5\COREFIFO_C5_0\rtl\vlog\core\COREFIFO_C5_COREFIFO_C5_0_ram_wrapper.v (2023-05-15 20:43:24)
231      C:\VHDL_temp\Digitizer\Digitizer_vhdl\Digitizer\component\work\COREFIFO_C5\COREFIFO_C5_0\rtl\vlog\core\corefifo_NstagesSync.v (2023-05-15 20:43:25)
232      C:\VHDL_temp\Digitizer\Digitizer_vhdl\Digitizer\component\work\COREFIFO_C5\COREFIFO_C5_0\rtl\vlog\core\corefifo_async.v (2023-05-15 20:43:25)
233      C:\VHDL_temp\Digitizer\Digitizer_vhdl\Digitizer\component\work\COREFIFO_C5\COREFIFO_C5_0\rtl\vlog\core\corefifo_fwft.v (2023-05-15 20:43:25)
234      C:\VHDL_temp\Digitizer\Digitizer_vhdl\Digitizer\component\work\COREFIFO_C5\COREFIFO_C5_0\rtl\vlog\core\corefifo_grayToBinConv.v (2023-05-15 20:43:25)
235      C:\VHDL_temp\Digitizer\Digitizer_vhdl\Digitizer\component\work\COREFIFO_C5\COREFIFO_C5_0\rtl\vlog\core\corefifo_sync.v (2023-05-15 20:43:25)
236      C:\VHDL_temp\Digitizer\Digitizer_vhdl\Digitizer\component\work\COREFIFO_C5\COREFIFO_C5_0\rtl\vlog\core\corefifo_sync_scntr.v (2023-05-15 20:43:25)
288      C:\VHDL_temp\Digitizer\Digitizer_vhdl\Digitizer\component\work\COREFIFO_C6\COREFIFO_C6.v (2023-07-15 13:44:30)
289      C:\VHDL_temp\Digitizer\Digitizer_vhdl\Digitizer\component\work\COREFIFO_C6\COREFIFO_C6_0\rtl\vlog\core\COREFIFO.v (2023-07-15 13:44:30)
290      C:\VHDL_temp\Digitizer\Digitizer_vhdl\Digitizer\component\work\COREFIFO_C6\COREFIFO_C6_0\rtl\vlog\core\COREFIFO_C6_COREFIFO_C6_0_LSRAM_top.v (2023-07-15 13:44:30)
291      C:\VHDL_temp\Digitizer\Digitizer_vhdl\Digitizer\component\work\COREFIFO_C6\COREFIFO_C6_0\rtl\vlog\core\COREFIFO_C6_COREFIFO_C6_0_ram_wrapper.v (2023-07-15 13:44:30)
292      C:\VHDL_temp\Digitizer\Digitizer_vhdl\Digitizer\component\work\COREFIFO_C6\COREFIFO_C6_0\rtl\vlog\core\corefifo_NstagesSync.v (2023-07-15 13:44:30)
293      C:\VHDL_temp\Digitizer\Digitizer_vhdl\Digitizer\component\work\COREFIFO_C6\COREFIFO_C6_0\rtl\vlog\core\corefifo_async.v (2023-07-15 13:44:30)
294      C:\VHDL_temp\Digitizer\Digitizer_vhdl\Digitizer\component\work\COREFIFO_C6\COREFIFO_C6_0\rtl\vlog\core\corefifo_fwft.v (2023-07-15 13:44:30)
295      C:\VHDL_temp\Digitizer\Digitizer_vhdl\Digitizer\component\work\COREFIFO_C6\COREFIFO_C6_0\rtl\vlog\core\corefifo_grayToBinConv.v (2023-07-15 13:44:30)
296      C:\VHDL_temp\Digitizer\Digitizer_vhdl\Digitizer\component\work\COREFIFO_C6\COREFIFO_C6_0\rtl\vlog\core\corefifo_sync.v (2023-07-15 13:44:30)
297      C:\VHDL_temp\Digitizer\Digitizer_vhdl\Digitizer\component\work\COREFIFO_C6\COREFIFO_C6_0\rtl\vlog\core\corefifo_sync_scntr.v (2023-07-15 13:44:30)
301      C:\VHDL_temp\Digitizer\Digitizer_vhdl\Digitizer\component\work\COREFIFO_C7\COREFIFO_C7.v (2023-08-01 20:32:25)
302      C:\VHDL_temp\Digitizer\Digitizer_vhdl\Digitizer\component\work\COREFIFO_C7\COREFIFO_C7_0\rtl\vlog\core\COREFIFO.v (2023-08-01 20:32:25)
303      C:\VHDL_temp\Digitizer\Digitizer_vhdl\Digitizer\component\work\COREFIFO_C7\COREFIFO_C7_0\rtl\vlog\core\COREFIFO_C7_COREFIFO_C7_0_LSRAM_top.v (2023-08-01 20:32:25)
304      C:\VHDL_temp\Digitizer\Digitizer_vhdl\Digitizer\component\work\COREFIFO_C7\COREFIFO_C7_0\rtl\vlog\core\COREFIFO_C7_COREFIFO_C7_0_ram_wrapper.v (2023-08-01 20:32:24)
305      C:\VHDL_temp\Digitizer\Digitizer_vhdl\Digitizer\component\work\COREFIFO_C7\COREFIFO_C7_0\rtl\vlog\core\corefifo_NstagesSync.v (2023-08-01 20:32:25)
306      C:\VHDL_temp\Digitizer\Digitizer_vhdl\Digitizer\component\work\COREFIFO_C7\COREFIFO_C7_0\rtl\vlog\core\corefifo_async.v (2023-08-01 20:32:25)
307      C:\VHDL_temp\Digitizer\Digitizer_vhdl\Digitizer\component\work\COREFIFO_C7\COREFIFO_C7_0\rtl\vlog\core\corefifo_fwft.v (2023-08-01 20:32:25)
308      C:\VHDL_temp\Digitizer\Digitizer_vhdl\Digitizer\component\work\COREFIFO_C7\COREFIFO_C7_0\rtl\vlog\core\corefifo_grayToBinConv.v (2023-08-01 20:32:25)
309      C:\VHDL_temp\Digitizer\Digitizer_vhdl\Digitizer\component\work\COREFIFO_C7\COREFIFO_C7_0\rtl\vlog\core\corefifo_sync.v (2023-08-01 20:32:25)
310      C:\VHDL_temp\Digitizer\Digitizer_vhdl\Digitizer\component\work\COREFIFO_C7\COREFIFO_C7_0\rtl\vlog\core\corefifo_sync_scntr.v (2023-08-01 20:32:25)
311      C:\VHDL_temp\Digitizer\Digitizer_vhdl\Digitizer\component\work\COREFIFO_C8\COREFIFO_C8.v (2023-08-01 20:33:14)
312      C:\VHDL_temp\Digitizer\Digitizer_vhdl\Digitizer\component\work\COREFIFO_C8\COREFIFO_C8_0\rtl\vlog\core\COREFIFO.v (2023-08-01 20:33:14)
313      C:\VHDL_temp\Digitizer\Digitizer_vhdl\Digitizer\component\work\COREFIFO_C8\COREFIFO_C8_0\rtl\vlog\core\COREFIFO_C8_COREFIFO_C8_0_LSRAM_top.v (2023-08-01 20:33:14)
314      C:\VHDL_temp\Digitizer\Digitizer_vhdl\Digitizer\component\work\COREFIFO_C8\COREFIFO_C8_0\rtl\vlog\core\COREFIFO_C8_COREFIFO_C8_0_ram_wrapper.v (2023-08-01 20:33:13)
315      C:\VHDL_temp\Digitizer\Digitizer_vhdl\Digitizer\component\work\COREFIFO_C8\COREFIFO_C8_0\rtl\vlog\core\corefifo_NstagesSync.v (2023-08-01 20:33:14)
316      C:\VHDL_temp\Digitizer\Digitizer_vhdl\Digitizer\component\work\COREFIFO_C8\COREFIFO_C8_0\rtl\vlog\core\corefifo_async.v (2023-08-01 20:33:14)
317      C:\VHDL_temp\Digitizer\Digitizer_vhdl\Digitizer\component\work\COREFIFO_C8\COREFIFO_C8_0\rtl\vlog\core\corefifo_fwft.v (2023-08-01 20:33:14)
318      C:\VHDL_temp\Digitizer\Digitizer_vhdl\Digitizer\component\work\COREFIFO_C8\COREFIFO_C8_0\rtl\vlog\core\corefifo_grayToBinConv.v (2023-08-01 20:33:14)
319      C:\VHDL_temp\Digitizer\Digitizer_vhdl\Digitizer\component\work\COREFIFO_C8\COREFIFO_C8_0\rtl\vlog\core\corefifo_sync.v (2023-08-01 20:33:14)
320      C:\VHDL_temp\Digitizer\Digitizer_vhdl\Digitizer\component\work\COREFIFO_C8\COREFIFO_C8_0\rtl\vlog\core\corefifo_sync_scntr.v (2023-08-01 20:33:14)
237      C:\VHDL_temp\Digitizer\Digitizer_vhdl\Digitizer\component\work\CORERESET_PF_C0\CORERESET_PF_C0.v (2023-02-08 09:56:01)
238      C:\VHDL_temp\Digitizer\Digitizer_vhdl\Digitizer\component\work\CORERESET_PF_C0\CORERESET_PF_C0_0\core\corereset_pf.v (2023-02-08 09:56:01)
239      C:\VHDL_temp\Digitizer\Digitizer_vhdl\Digitizer\component\work\COREUART_C0\COREUART_C0.v (2023-02-08 10:06:39)
240      C:\VHDL_temp\Digitizer\Digitizer_vhdl\Digitizer\component\work\COREUART_C0\COREUART_C0_0\rtl\vlog\core\Clock_gen.v (2023-02-08 10:06:39)
241      C:\VHDL_temp\Digitizer\Digitizer_vhdl\Digitizer\component\work\COREUART_C0\COREUART_C0_0\rtl\vlog\core\CoreUART.v (2023-02-08 10:06:39)
242      C:\VHDL_temp\Digitizer\Digitizer_vhdl\Digitizer\component\work\COREUART_C0\COREUART_C0_0\rtl\vlog\core\Rx_async.v (2023-02-08 10:06:39)
243      C:\VHDL_temp\Digitizer\Digitizer_vhdl\Digitizer\component\work\COREUART_C0\COREUART_C0_0\rtl\vlog\core\Tx_async.v (2023-02-08 10:06:39)
244      C:\VHDL_temp\Digitizer\Digitizer_vhdl\Digitizer\component\work\COREUART_C0\COREUART_C0_0\rtl\vlog\core\fifo_256x8_54sxa.v (2023-02-08 10:06:39)
245      C:\VHDL_temp\Digitizer\Digitizer_vhdl\Digitizer\component\work\Clock_Reset\Clock_Reset.v (2023-07-24 20:59:03)
247      C:\VHDL_temp\Digitizer\Digitizer_vhdl\Digitizer\component\work\Data_Block\Data_Block.v (2023-07-28 18:31:56)
248      C:\VHDL_temp\Digitizer\Digitizer_vhdl\Digitizer\component\work\Event_Info_RAM_Block\Event_Info_RAM_Block.v (2023-05-09 12:31:52)
249      C:\VHDL_temp\Digitizer\Digitizer_vhdl\Digitizer\component\work\Input_Data_Part\Input_Data_Part.v (2023-05-15 20:43:50)
250      C:\VHDL_temp\Digitizer\Digitizer_vhdl\Digitizer\component\work\PF_CCC_C0\PF_CCC_C0.v (2023-05-16 14:47:16)
251      C:\VHDL_temp\Digitizer\Digitizer_vhdl\Digitizer\component\work\PF_CCC_C0\PF_CCC_C0_0\PF_CCC_C0_PF_CCC_C0_0_PF_CCC.v (2023-05-16 14:47:16)
252      C:\VHDL_temp\Digitizer\Digitizer_vhdl\Digitizer\component\work\PF_DPSRAM_C5\PF_DPSRAM_C5.v (2023-05-09 13:35:52)
253      C:\VHDL_temp\Digitizer\Digitizer_vhdl\Digitizer\component\work\PF_DPSRAM_C5\PF_DPSRAM_C5_0\PF_DPSRAM_C5_PF_DPSRAM_C5_0_PF_DPSRAM.v (2023-05-09 13:35:52)
254      C:\VHDL_temp\Digitizer\Digitizer_vhdl\Digitizer\component\work\PF_DPSRAM_C7\PF_DPSRAM_C7.v (2023-05-09 12:31:38)
255      C:\VHDL_temp\Digitizer\Digitizer_vhdl\Digitizer\component\work\PF_DPSRAM_C7\PF_DPSRAM_C7_0\PF_DPSRAM_C7_PF_DPSRAM_C7_0_PF_DPSRAM.v (2023-05-09 12:31:38)
256      C:\VHDL_temp\Digitizer\Digitizer_vhdl\Digitizer\component\work\PF_DPSRAM_C8_Event_Status\PF_DPSRAM_C8_Event_Status.v (2023-05-09 12:28:17)
257      C:\VHDL_temp\Digitizer\Digitizer_vhdl\Digitizer\component\work\PF_DPSRAM_C8_Event_Status\PF_DPSRAM_C8_Event_Status_0\PF_DPSRAM_C8_Event_Status_PF_DPSRAM_C8_Event_Status_0_PF_DPSRAM.v (2023-05-09 12:28:17)
258      C:\VHDL_temp\Digitizer\Digitizer_vhdl\Digitizer\component\work\PF_INIT_MONITOR_C0\PF_INIT_MONITOR_C0.v (2023-02-08 09:55:38)
259      C:\VHDL_temp\Digitizer\Digitizer_vhdl\Digitizer\component\work\PF_INIT_MONITOR_C0\PF_INIT_MONITOR_C0_0\PF_INIT_MONITOR_C0_PF_INIT_MONITOR_C0_0_PF_INIT_MONITOR.v (2023-02-08 09:55:38)
260      C:\VHDL_temp\Digitizer\Digitizer_vhdl\Digitizer\component\work\PF_OSC_C0\PF_OSC_C0.v (2023-02-08 09:57:17)
261      C:\VHDL_temp\Digitizer\Digitizer_vhdl\Digitizer\component\work\PF_OSC_C0\PF_OSC_C0_0\PF_OSC_C0_PF_OSC_C0_0_PF_OSC.v (2023-02-08 09:57:17)
298      C:\VHDL_temp\Digitizer\Digitizer_vhdl\Digitizer\component\work\SPI_LMX\SPI_LMX.v (2023-07-26 09:17:17)
262      C:\VHDL_temp\Digitizer\Digitizer_vhdl\Digitizer\component\work\Sample_RAM_Block\Sample_RAM_Block.v (2023-05-18 09:40:00)
264      C:\VHDL_temp\Digitizer\Digitizer_vhdl\Digitizer\component\work\Trigger_Top_Part\Trigger_Top_Part.v (2023-05-15 20:43:41)
265      C:\VHDL_temp\Digitizer\Digitizer_vhdl\Digitizer\component\work\UART_Protocol\UART_Protocol.v (2023-08-02 15:01:33)
321      C:\VHDL_temp\Digitizer\Digitizer_vhdl\Digitizer\component\work\USB_3_Protocol\USB_3_Protocol.v (2023-08-01 21:05:55)
266      C:\VHDL_temp\Digitizer\Digitizer_vhdl\Digitizer\hdl\ADI_SPI.vhd (2023-08-02 15:50:33)
269      C:\VHDL_temp\Digitizer\Digitizer_vhdl\Digitizer\hdl\Communication_ANW_MUX.vhd (2023-03-02 22:22:42)
270      C:\VHDL_temp\Digitizer\Digitizer_vhdl\Digitizer\hdl\Communication_Builder.vhd (2023-07-28 18:31:56)
271      C:\VHDL_temp\Digitizer\Digitizer_vhdl\Digitizer\hdl\Communication_CMD_MUX.vhd (2023-03-03 22:48:50)
272      C:\VHDL_temp\Digitizer\Digitizer_vhdl\Digitizer\hdl\Communication_TX_Arbiter.vhd (2023-05-17 16:52:58)
273      C:\VHDL_temp\Digitizer\Digitizer_vhdl\Digitizer\hdl\FIFOs_Reader.vhd (2023-05-18 10:07:17)
274      C:\VHDL_temp\Digitizer\Digitizer_vhdl\Digitizer\hdl\REGISTERS.vhd (2023-03-03 22:47:28)
299      C:\VHDL_temp\Digitizer\Digitizer_vhdl\Digitizer\hdl\SPI_interface.vhd (2023-07-25 16:50:30)
275      C:\VHDL_temp\Digitizer\Digitizer_vhdl\Digitizer\hdl\Sample_RAM_Block_Decoder.vhd (2023-05-09 13:57:09)
276      C:\VHDL_temp\Digitizer\Digitizer_vhdl\Digitizer\hdl\Sample_RAM_Block_MUX.vhd (2023-05-09 14:31:32)
277      C:\VHDL_temp\Digitizer\Digitizer_vhdl\Digitizer\hdl\Synchronizer.vhd (2023-02-08 10:04:48)
279      C:\VHDL_temp\Digitizer\Digitizer_vhdl\Digitizer\hdl\Test_Generator.vhd (2023-04-11 16:00:47)
280      C:\VHDL_temp\Digitizer\Digitizer_vhdl\Digitizer\hdl\Trigger_Control.vhd (2023-04-09 16:56:31)
281      C:\VHDL_temp\Digitizer\Digitizer_vhdl\Digitizer\hdl\Trigger_Main.vhd (2023-04-08 21:04:48)
282      C:\VHDL_temp\Digitizer\Digitizer_vhdl\Digitizer\hdl\Trigger_Unit.vhd (2023-04-11 16:00:43)
283      C:\VHDL_temp\Digitizer\Digitizer_vhdl\Digitizer\hdl\UART_RX_Protocol.vhd (2023-04-17 09:37:55)
284      C:\VHDL_temp\Digitizer\Digitizer_vhdl\Digitizer\hdl\UART_TX_Protocol.vhd (2023-03-03 22:44:54)
286      C:\VHDL_temp\Digitizer\Digitizer_vhdl\Digitizer\hdl\cmd_table_trigger.vhd (2023-07-27 21:08:34)
322      C:\VHDL_temp\Digitizer\Digitizer_vhdl\Digitizer\hdl\ft601_fifo_interface.vhd (2023-08-01 21:08:39)
323      C:\VHDL_temp\Digitizer\Digitizer_vhdl\Digitizer\hdl\ftdi_to_fifo_interface.vhd (2023-08-01 20:28:24)
324      C:\VHDL_temp\Digitizer\Digitizer_vhdl\Digitizer\hdl\gpio_controler.vhd (2023-08-04 14:37:51)
287      C:\VHDL_temp\Digitizer\Digitizer_vhdl\Digitizer\hdl\mko.vhd (2023-03-02 15:16:32)
300      C:\VHDL_temp\Digitizer\Digitizer_vhdl\Digitizer\hdl\spi_master.vhd (2023-07-25 16:50:30)

*******************************************************************
Unchanged modules: 0
MID:  lib.cell.view
