1692801271 -16:34:31 -0 -Client create_ipc, start a new server process in mode B !
1692801271 -16:34:31 -0 -Server started !?
1692801271 -16:34:31 -0 -client create_ipc modus B, open client jtagapi_c::g_pmC !
1692801271 -16:34:31 -0 -second timeout[ms] for myJTAGClient: long: -15000
1692801271 -16:34:31 -0 -Check for server mode B !
1692801271 -16:34:31 -0 -check JTAG-clients (JTAG-server is in standalone mode): no JTAG-clients found !

1692801271 -16:34:31 -0 -Use a new started server process, switch to mode B !
1692801271 -16:34:31 -0 -Use a new started server process in mode B (exit after ends last connection)!
1692801271 -16:34:31 -0 -use a started server process in mode: not standalone
1692801383 -16:36:23 -0 -Check for server mode B !
1692801383 -16:36:23 -0 -check JTAG-clients (JTAG-server is not in standalone mode):
---- JTAG-client 0 ------
 JTAG handle: 0x03645738, shared used: 1
 has connected: yes, with cabletype: 11 (ACTEL_BUILTINJTAG)
 portnum is: 0, speed is: 0, portname is: usb
 error if any: none.


1692801383 -16:36:23 -0 -Use a new started server process, switch to mode B !
1692801383 -16:36:23 -0 -Use a new started server process in mode B (exit after ends last connection)!
1692801383 -16:36:23 -0 -Client can use_ipc, use same running client & server (types) !
1692801427 -16:37:07 -0 -Check for server mode B !
1692801427 -16:37:07 -0 -check JTAG-clients (JTAG-server is not in standalone mode):
---- JTAG-client 0 ------
 JTAG handle: 0x03645738, shared used: 1
 has connected: yes, with cabletype: 11 (ACTEL_BUILTINJTAG)
 portnum is: 0, speed is: 0, portname is: usb
 error if any: none.


1692801427 -16:37:07 -0 -Use a new started server process, switch to mode B !
1692801427 -16:37:07 -0 -Use a new started server process in mode B (exit after ends last connection)!
1692801427 -16:37:07 -0 -Client can use_ipc, use same running client & server (types) !
1692801501 -16:38:21 -0 -Check for server mode B !
1692801501 -16:38:21 -0 -check JTAG-clients (JTAG-server is not in standalone mode):
---- JTAG-client 0 ------
 JTAG handle: 0x03645738, shared used: 1
 has connected: yes, with cabletype: 11 (ACTEL_BUILTINJTAG)
 portnum is: 0, speed is: 0, portname is: usb
 error if any: none.


1692801501 -16:38:21 -0 -Use a new started server process, switch to mode B !
1692801501 -16:38:21 -0 -Use a new started server process in mode B (exit after ends last connection)!
1692801501 -16:38:21 -0 -Client can use_ipc, use same running client & server (types) !
1692801706 -16:41:46 -0 -Check for server mode B !
1692801706 -16:41:46 -0 -check JTAG-clients (JTAG-server is not in standalone mode):
---- JTAG-client 0 ------
 JTAG handle: 0x03645738, shared used: 1
 has connected: yes, with cabletype: 11 (ACTEL_BUILTINJTAG)
 portnum is: 0, speed is: 0, portname is: usb
 error if any: none.


1692801706 -16:41:46 -0 -Use a new started server process, switch to mode B !
1692801706 -16:41:46 -0 -Use a new started server process in mode B (exit after ends last connection)!
1692801706 -16:41:46 -0 -Client can use_ipc, use same running client & server (types) !
1692801724 -16:42:04 -0 -Call shutdown_connection_and_server !
1692801724 -16:42:04 -0 -Call comlinkhw->close() !
1692801724 -16:42:04 -0 -Client jtagexit (server shutdown if last connection, running in mode B) !
1692801724 -16:42:04 -0 -Client shutdown (jtagapi_c::g_pmC == NULL) !
