argv 1 -product
argv 3 Top_syn.prj
argv 1 -product
argv 3 Top_syn.prj
argv 1 -product
argv 3 Top_syn.prj
argv 1 -product
argv 3 Top_syn.prj
argv 1 -product
argv 3 Top_syn.prj
argv 1 -product
argv 3 Top_syn.prj
argv 1 -product
argv 3 Top_syn.prj
argv 1 -product
argv 3 Top_syn.prj
argv 1 C:\Microsemi\Libero_SoC_v2022.1\SynplifyPro\lib
argv 2 -tsl
argv 4 -idb
argv 6 -prj
argv 8 -curimpl
argv 10 -product
argv 1 C:\Microsemi\Libero_SoC_v2022.1\SynplifyPro\lib
argv 2 -tsl
argv 4 -idb
argv 6 -prj
argv 8 -curimpl
argv 10 -product
argv 1 -product
argv 3 Top_syn.prj
argv 1 -product
argv 3 Top_syn.prj
argv 1 -product
argv 3 Top_syn.prj
argv 1 -product
argv 3 Top_syn.prj
argv 1 -product
argv 3 -tsl
argv 5 -idb
argv 7 -synplify_install
argv 9 -synplify_tool
argv 11 -log
argv 12 C:/VHDL_temp/Digitizer/Digitizer_vhdl/Digitizer/synthesis/identify_debug/synlog/Top_identify_compile.log
argv 13 -family
argv 14 PolarFire
argv 15 -prj
argv 17 -curimpl
argv 19 -dbgimpl
argv 20 identify_debug
argv 21 -fver
argv 23 -idc
argv 25 -f
argv 27 -jobname
argv 29 -ppid
argv 1 -product
argv 3 Top_syn.prj
argv 1 -product
argv 3 Top_syn.prj
argv 1 C:\Microsemi\Libero_SoC_v2022.1\SynplifyPro\lib
argv 2 -tsl
argv 4 -idb
argv 6 -prj
argv 8 -curimpl
argv 10 -product
argv 1 C:\Microsemi\Libero_SoC_v2022.1\SynplifyPro\lib
argv 2 -tsl
argv 4 -idb
argv 6 -prj
argv 8 -curimpl
argv 10 -product
argv 1 -product
argv 3 -tsl
argv 5 -idb
argv 7 -synplify_install
argv 9 -synplify_tool
argv 11 -log
argv 12 C:/VHDL_temp/Digitizer/Digitizer_vhdl/Digitizer/synthesis/identify_debug/synlog/Top_identify_compile.log
argv 13 -family
argv 14 POLARFIRE
argv 15 -prj
argv 17 -curimpl
argv 19 -dbgimpl
argv 20 identify_debug
argv 21 -fver
argv 23 -idc
argv 25 -f
argv 27 -jobname
argv 29 -ppid
argv 1 -product
argv 3 Top_syn.prj
argv 1 -product
argv 3 Top_syn.prj
argv 1 -product
argv 3 Top_syn.prj
argv 1 -product
argv 3 Top_syn.prj
argv 1 -product
argv 3 Top_syn.prj
argv 1 -product
argv 3 Top_syn.prj
argv 1 C:\Microsemi\Libero_SoC_v2022.1\SynplifyPro\lib
argv 2 -tsl
argv 4 -idb
argv 6 -prj
argv 8 -curimpl
argv 10 -product
argv 1 -product
argv 3 Top_syn.prj
argv 1 -product
argv 3 Top_syn.prj
argv 1 -product
argv 3 -tsl
argv 5 -idb
argv 7 -synplify_install
argv 9 -synplify_tool
argv 11 -log
argv 12 C:/VHDL_temp/Digitizer/Digitizer_vhdl/Digitizer/synthesis/identify_debug/synlog/Top_identify_compile.log
argv 13 -family
argv 14 PolarFire
argv 15 -prj
argv 17 -curimpl
argv 19 -dbgimpl
argv 20 identify_debug
argv 21 -fver
argv 23 -idc
argv 25 -f
argv 27 -jobname
argv 29 -ppid
argv 1 -product
argv 3 -tsl
argv 5 -idb
argv 7 -synplify_install
argv 9 -synplify_tool
argv 11 -log
argv 12 C:/VHDL_temp/Digitizer/Digitizer_vhdl/Digitizer/synthesis/identify_debug/synlog/Top_identify_compile.log
argv 13 -family
argv 14 PolarFire
argv 15 -prj
argv 17 -curimpl
argv 19 -dbgimpl
argv 20 identify_debug
argv 21 -fver
argv 23 -idc
argv 25 -f
argv 27 -jobname
argv 29 -ppid
argv 1 -product
argv 3 -tsl
argv 5 -idb
argv 7 -synplify_install
argv 9 -synplify_tool
argv 11 -log
argv 12 C:/VHDL_temp/Digitizer/Digitizer_vhdl/Digitizer/synthesis/identify_debug/synlog/Top_identify_compile.log
argv 13 -family
argv 14 PolarFire
argv 15 -prj
argv 17 -curimpl
argv 19 -dbgimpl
argv 20 identify_debug
argv 21 -fver
argv 23 -idc
argv 25 -f
argv 27 -jobname
argv 29 -ppid
argv 1 -product
argv 3 -tsl
argv 5 -idb
argv 7 -synplify_install
argv 9 -synplify_tool
argv 11 -log
argv 12 C:/VHDL_temp/Digitizer/Digitizer_vhdl/Digitizer/synthesis/identify_debug/synlog/Top_identify_compile.log
argv 13 -family
argv 14 PolarFire
argv 15 -prj
argv 17 -curimpl
argv 19 -dbgimpl
argv 20 identify_debug
argv 21 -fver
argv 23 -idc
argv 25 -f
argv 27 -jobname
argv 29 -ppid
argv 1 -product
argv 3 -tsl
argv 5 -idb
argv 7 -synplify_install
argv 9 -synplify_tool
argv 11 -log
argv 12 C:/VHDL_temp/Digitizer/Digitizer_vhdl/Digitizer/synthesis/identify_debug/synlog/Top_identify_compile.log
argv 13 -family
argv 14 PolarFire
argv 15 -prj
argv 17 -curimpl
argv 19 -dbgimpl
argv 20 identify_debug
argv 21 -fver
argv 23 -idc
argv 25 -f
argv 27 -jobname
argv 29 -ppid
argv 1 -product
argv 3 -tsl
argv 5 -idb
argv 7 -synplify_install
argv 9 -synplify_tool
argv 11 -log
argv 12 C:/VHDL_temp/Digitizer/Digitizer_vhdl/Digitizer/synthesis/identify_debug/synlog/Top_identify_compile.log
argv 13 -family
argv 14 PolarFire
argv 15 -prj
argv 17 -curimpl
argv 19 -dbgimpl
argv 20 identify_debug
argv 21 -fver
argv 23 -idc
argv 25 -f
argv 27 -jobname
argv 29 -ppid
argv 1 -product
argv 3 -tsl
argv 5 -idb
argv 7 -synplify_install
argv 9 -synplify_tool
argv 11 -log
argv 12 C:/VHDL_temp/Digitizer/Digitizer_vhdl/Digitizer/synthesis/identify_debug/synlog/Top_identify_compile.log
argv 13 -family
argv 14 PolarFire
argv 15 -prj
argv 17 -curimpl
argv 19 -dbgimpl
argv 20 identify_debug
argv 21 -fver
argv 23 -idc
argv 25 -f
argv 27 -jobname
argv 29 -ppid
argv 1 -product
argv 3 -tsl
argv 5 -idb
argv 7 -synplify_install
argv 9 -synplify_tool
argv 11 -log
argv 12 C:/VHDL_temp/Digitizer/Digitizer_vhdl/Digitizer/synthesis/identify_debug/synlog/Top_identify_compile.log
argv 13 -family
argv 14 PolarFire
argv 15 -prj
argv 17 -curimpl
argv 19 -dbgimpl
argv 20 identify_debug
argv 21 -fver
argv 23 -idc
argv 25 -f
argv 27 -jobname
argv 29 -ppid
argv 1 -product
argv 3 -tsl
argv 5 -idb
argv 7 -synplify_install
argv 9 -synplify_tool
argv 11 -log
argv 12 C:/VHDL_temp/Digitizer/Digitizer_vhdl/Digitizer/synthesis/identify_debug/synlog/Top_identify_compile.log
argv 13 -family
argv 14 PolarFire
argv 15 -prj
argv 17 -curimpl
argv 19 -dbgimpl
argv 20 identify_debug
argv 21 -fver
argv 23 -idc
argv 25 -f
argv 27 -jobname
argv 29 -ppid
argv 1 -product
argv 3 -tsl
argv 5 -idb
argv 7 -synplify_install
argv 9 -synplify_tool
argv 11 -log
argv 12 C:/VHDL_temp/Digitizer/Digitizer_vhdl/Digitizer/synthesis/identify_debug/synlog/Top_identify_compile.log
argv 13 -family
argv 14 PolarFire
argv 15 -prj
argv 17 -curimpl
argv 19 -dbgimpl
argv 20 identify_debug
argv 21 -fver
argv 23 -idc
argv 25 -f
argv 27 -jobname
argv 29 -ppid
argv 1 -product
argv 3 -tsl
argv 5 -idb
argv 7 -synplify_install
argv 9 -synplify_tool
argv 11 -log
argv 12 C:/VHDL_temp/Digitizer/Digitizer_vhdl/Digitizer/synthesis/identify_debug/synlog/Top_identify_compile.log
argv 13 -family
argv 14 PolarFire
argv 15 -prj
argv 17 -curimpl
argv 19 -dbgimpl
argv 20 identify_debug
argv 21 -fver
argv 23 -idc
argv 25 -f
argv 27 -jobname
argv 29 -ppid
argv 1 -product
argv 3 -tsl
argv 5 -idb
argv 7 -synplify_install
argv 9 -synplify_tool
argv 11 -log
argv 12 C:/VHDL_temp/Digitizer/Digitizer_vhdl/Digitizer/synthesis/identify_debug/synlog/Top_identify_compile.log
argv 13 -family
argv 14 POLARFIRE
argv 15 -prj
argv 17 -curimpl
argv 19 -dbgimpl
argv 20 identify_debug
argv 21 -fver
argv 23 -idc
argv 25 -f
argv 27 -jobname
argv 29 -ppid
argv 1 -product
argv 3 -tsl
argv 5 -idb
argv 7 -synplify_install
argv 9 -synplify_tool
argv 11 -log
argv 12 C:/VHDL_temp/Digitizer/Digitizer_vhdl/Digitizer/synthesis/identify_debug/synlog/Top_identify_compile.log
argv 13 -family
argv 14 POLARFIRE
argv 15 -prj
argv 17 -curimpl
argv 19 -dbgimpl
argv 20 identify_debug
argv 21 -fver
argv 23 -idc
argv 25 -f
argv 27 -jobname
argv 29 -ppid
argv 1 -product
argv 3 -tsl
argv 5 -idb
argv 7 -synplify_install
argv 9 -synplify_tool
argv 11 -log
argv 12 C:/VHDL_temp/Digitizer/Digitizer_vhdl/Digitizer/synthesis/identify_debug/synlog/Top_identify_compile.log
argv 13 -family
argv 14 PolarFire
argv 15 -prj
argv 17 -curimpl
argv 19 -dbgimpl
argv 20 identify_debug
argv 21 -fver
argv 23 -idc
argv 25 -f
argv 27 -jobname
argv 29 -ppid
argv 1 -product
argv 3 -tsl
argv 5 -idb
argv 7 -synplify_install
argv 9 -synplify_tool
argv 11 -log
argv 12 C:/VHDL_temp/Digitizer/Digitizer_vhdl/Digitizer/synthesis/identify_debug_1/synlog/Top_identify_compile.log
argv 13 -family
argv 14 POLARFIRE
argv 15 -prj
argv 17 -curimpl
argv 19 -dbgimpl
argv 20 identify_debug
argv 21 -dbgimpl
argv 22 identify_debug_1
argv 23 -fver
argv 25 -idc
argv 27 -f
argv 29 -jobname
argv 31 -ppid
