Software Version: 2022.1.0.10
Programmer 'E2002F2N83' : JTAG TCK / SPI SCK frequency = 1 MHz
programmer 'E2002F2N83' : FlashPro5
Opened 'C:\VHDL_temp\Digitizer\Digitizer_vhdl\Digitizer\designer\Top\Top_fp\Top.pro'
The 'open_project' command succeeded.
Info: Programming is already enabled for device 'MPF300TS_ES'.
The 'enable_device' command succeeded.
PPD file 'C:/VHDL_temp/Digitizer/Digitizer_vhdl/Digitizer/designer/Top/Top.ppd' has been loaded successfully.
DESIGN : Top;  CHECKSUM : 6938;  PDB_VERSION : 1.0
The 'set_programming_file' command succeeded.
The 'set_programming_action' command succeeded.
programmer 'E2002F2N83' : Scan Chain...
Programmer 'E2002F2N83' : JTAG TCK / SPI SCK frequency = 1 MHz
programmer 'E2002F2N83' : Check Chain...
programmer 'E2002F2N83' : Scan and Check Chain PASSED.
programmer 'E2002F2N83' : device 'MPF300TS_ES' : Executing action PROGRAM
Programmer 'E2002F2N83' : JTAG TCK / SPI SCK frequency = 4 MHz
programmer 'E2002F2N83' : device 'MPF300TS_ES' : EXPORT Algo_version[16] = 0002
programmer 'E2002F2N83' : device 'MPF300TS_ES' : EXPORT IDCODE[32] = 2f8131cf
programmer 'E2002F2N83' : device 'MPF300TS_ES' : EXPORT ISC_ENABLE_RESULT[32] = 00000000
programmer 'E2002F2N83' : device 'MPF300TS_ES' : EXPORT CRCERR[1] = 0
programmer 'E2002F2N83' : device 'MPF300TS_ES' : Programming Mode: JTAG
programmer 'E2002F2N83' : device 'MPF300TS_ES' : Programming FPGA Array and sNVM...
programmer 'E2002F2N83' : device 'MPF300TS_ES' : EXPORT BITS component bitstream digest[256] = e628346f15f57b0bb57f2a9a7ba39a841126caa067b4873fa03d218c2fd0001c
programmer 'E2002F2N83' : device 'MPF300TS_ES' : EXPORT Fabric component bitstream digest[256] = 19c4278643c1eac049d18e59b7262a825d45be990a62668586e6faf6ebbd8d8d
programmer 'E2002F2N83' : device 'MPF300TS_ES' : EXPORT sNVM component bitstream digest[256] = 4ee0f0a8323434f535d1776b991cf9c2bc1fcc38d3b13a2f51de202d9d4bd541
programmer 'E2002F2N83' : device 'MPF300TS_ES' : EXPORT EOB component bitstream digest[256] = 9e191214926be62b07824afb645901a2b4e7d38e234c92309024c3c079077e36
programmer 'E2002F2N83' : device 'MPF300TS_ES' : ===================================================================================
programmer 'E2002F2N83' : device 'MPF300TS_ES' : EXPORT DSN[128] = 7e94eb664b0484855f3a8c7ab2ab88a8
programmer 'E2002F2N83' : device 'MPF300TS_ES' : ===================================================================================
programmer 'E2002F2N83' : device 'MPF300TS_ES' : Finished: Wed Feb  7 23:39:22 2024 (Elapsed time 00:01:30)
programmer 'E2002F2N83' : device 'MPF300TS_ES' : Executing action PROGRAM PASSED.
programmer 'E2002F2N83' : Chain programming PASSED.
Chain Programming Finished: Wed Feb  7 23:39:22 2024 (Elapsed time 00:01:30)

                        o - o - o - o - o - o

The 'run_selected_actions' command succeeded.
Project saved.
The 'save_project' command succeeded.
Project closed.
The 'close_project' command succeeded.
The Execute Script command succeeded.
