Resource Usage Report for Top 

Mapping to part: mpf300tfcg1152-1
Cell usage:
CLKINT          5 uses
INIT            1 use
INV             14 uses
OR2             2 uses
OR4             144 uses
OSC_RC160MHZ    1 use
PLL             1 use
CFG1           63 uses
CFG2           475 uses
CFG3           708 uses
CFG4           1305 uses

Carry cells:
ARI1            1941 uses - used for arithmetic functions
ARI1            10 uses - used for Wide-Mux implementation
Total ARI1      1951 uses


Sequential Cells: 
SLE            3820 uses

DSP Blocks:    0 of 924 (0%)

I/O ports: 17
I/O primitives: 17
BIBUF          1 use
INBUF          2 uses
OUTBUF         14 uses


Global Clock Buffers: 5

Total LUTs:    4502

Extra resources required for RAM and MACC_PA interface logic during P&R:

RAM64X12 Interface Logic : SLEs = 0; LUTs = 0;
RAM1K20  Interface Logic : SLEs = 24876; LUTs = 24876;
MACC_PA     Interface Logic : SLEs = 0; LUTs = 0;
MACC_PA_BC_ROM     Interface Logic : SLEs = 0; LUTs = 0;

Total number of SLEs after P&R:  3820 + 0 + 24876 + 0 = 28696;
Total number of LUTs after P&R:  4502 + 0 + 24876 + 0 = 29378;

