Resource Usage Report for Top 

Mapping to part: mpf300tfcg1152-1
Cell usage:
CLKINT          10 uses
INIT            1 use
INV             18 uses
OR2             2 uses
OR4             192 uses
OSC_RC160MHZ    1 use
PLL             1 use
UJTAG           1 use
CFG1           95 uses
CFG2           1030 uses
CFG3           1688 uses
CFG4           3881 uses

Carry cells:
ARI1            2592 uses - used for arithmetic functions
ARI1            106 uses - used for Wide-Mux implementation
Total ARI1      2698 uses


Sequential Cells: 
SLE            9014 uses

DSP Blocks:    0 of 924 (0%)

I/O ports: 120
I/O primitives: 107
BIBUF          34 uses
INBUF          21 uses
INBUF_DIFF     1 use
OUTBUF         41 uses
OUTBUF_DIFF    4 uses
TRIBUFF        6 uses


Global Clock Buffers: 10

Total LUTs:    9392

Extra resources required for RAM and MACC_PA interface logic during P&R:

RAM64X12 Interface Logic : SLEs = 0; LUTs = 0;
RAM1K20  Interface Logic : SLEs = 32400; LUTs = 32400;
MACC_PA     Interface Logic : SLEs = 0; LUTs = 0;
MACC_PA_BC_ROM     Interface Logic : SLEs = 0; LUTs = 0;

Total number of SLEs after P&R:  9014 + 0 + 32400 + 0 = 41414;
Total number of LUTs after P&R:  9392 + 0 + 32400 + 0 = 41792;

